[12:13:57.382] INFO - Eliminando anteriores archivos (data/, players/)
[12:13:57.391] INFO - API endpoint https://api.laligafantasymarca.com/api/v3/player
[12:13:57.391] INFO - API endpoint market-values https://api.laligafantasymarca.com/api/v3/player/ID_JUGADOR/market-value
[12:13:58.086] ERROR - Jugador 52 [NO ENCONTRADO]
[12:13:58.218] ERROR - Jugador 57 [NO ENCONTRADO]
[12:13:58.234] ERROR - Jugador 56 [out_of_league]
[12:13:58.244] ERROR - Jugador 54 [NO ENCONTRADO]
[12:13:58.620] ERROR - Jugador 61 [NO ENCONTRADO]
[12:13:58.695] ERROR - Jugador 60 [NO ENCONTRADO]
[12:13:58.782] INFO - Escribiendo historial market-value del jugador 55 (63 values)
[12:13:58.783] INFO - Jugador 55 almacenado correctamente
[12:13:58.858] INFO - Escribiendo historial market-value del jugador 53 (63 values)
[12:13:58.859] INFO - Jugador 53 almacenado correctamente
[12:13:58.890] INFO - Escribiendo historial market-value del jugador 59 (63 values)
[12:13:58.891] INFO - Jugador 59 almacenado correctamente
[12:13:58.895] ERROR - Jugador 63 [NO ENCONTRADO]
[12:13:58.917] INFO - Escribiendo historial market-value del jugador 58 (63 values)
[12:13:58.918] INFO - Jugador 58 almacenado correctamente
[12:13:59.030] ERROR - Jugador 64 [NO ENCONTRADO]
[12:13:59.333] ERROR - Jugador 66 [NO ENCONTRADO]
[12:13:59.419] INFO - Escribiendo historial market-value del jugador 62 (63 values)
[12:13:59.420] INFO - Jugador 62 almacenado correctamente
[12:13:59.436] ERROR - Jugador 71 [NO ENCONTRADO]
[12:13:59.474] ERROR - Jugador 69 [NO ENCONTRADO]
[12:13:59.507] ERROR - Jugador 70 [NO ENCONTRADO]
[12:13:59.811] INFO - Escribiendo historial market-value del jugador 65 (63 values)
[12:13:59.812] INFO - Jugador 65 almacenado correctamente
[12:13:59.905] INFO - Escribiendo historial market-value del jugador 67 (63 values)
[12:13:59.907] INFO - Jugador 67 almacenado correctamente
[12:14:00.058] INFO - Escribiendo historial market-value del jugador 68 (65 values)
[12:14:00.059] INFO - Jugador 68 almacenado correctamente
[12:14:00.084] ERROR - Jugador 76 [NO ENCONTRADO]
[12:14:00.352] INFO - Escribiendo historial market-value del jugador 72 (34 values)
[12:14:00.353] INFO - Jugador 72 almacenado correctamente
[12:14:00.420] INFO - Escribiendo historial market-value del jugador 73 (65 values)
[12:14:00.421] INFO - Jugador 73 almacenado correctamente
[12:14:00.552] INFO - Escribiendo historial market-value del jugador 74 (34 values)
[12:14:00.553] INFO - Jugador 74 almacenado correctamente
[12:14:00.607] INFO - Escribiendo historial market-value del jugador 75 (18 values)
[12:14:00.608] INFO - Jugador 75 almacenado correctamente
[12:14:00.667] ERROR - Jugador 79 [NO ENCONTRADO]
[12:14:00.674] ERROR - Jugador 80 [out_of_league]
[12:14:00.949] ERROR - Jugador 81 [out_of_league]
[12:14:00.995] INFO - Escribiendo historial market-value del jugador 77 (65 values)
[12:14:00.997] INFO - Jugador 77 almacenado correctamente
[12:14:01.022] INFO - Escribiendo historial market-value del jugador 78 (20 values)
[12:14:01.022] INFO - Jugador 78 almacenado correctamente
[12:14:01.089] ERROR - Jugador 83 [NO ENCONTRADO]
[12:14:01.166] ERROR - Jugador 84 [NO ENCONTRADO]
[12:14:01.231] ERROR - Jugador 85 [NO ENCONTRADO]
[12:14:01.254] ERROR - Jugador 86 [out_of_league]
[12:14:01.342] ERROR - Jugador 87 [NO ENCONTRADO]
[12:14:01.443] ERROR - Jugador 89 [NO ENCONTRADO]
[12:14:01.510] INFO - Escribiendo historial market-value del jugador 82 (22 values)
[12:14:01.511] INFO - Jugador 82 almacenado correctamente
[12:14:01.564] ERROR - Jugador 88 [NO ENCONTRADO]
[12:14:01.898] ERROR - Jugador 94 [NO ENCONTRADO]
[12:14:02.027] ERROR - Jugador 95 [NO ENCONTRADO]
[12:14:02.093] ERROR - Jugador 96 [NO ENCONTRADO]
[12:14:02.117] ERROR - Jugador 97 [out_of_league]
[12:14:02.150] INFO - Escribiendo historial market-value del jugador 91 (65 values)
[12:14:02.151] INFO - Jugador 91 almacenado correctamente
[12:14:02.227] INFO - Escribiendo historial market-value del jugador 90 (51 values)
[12:14:02.228] INFO - Jugador 90 almacenado correctamente
[12:14:02.255] INFO - Escribiendo historial market-value del jugador 92 (34 values)
[12:14:02.256] INFO - Jugador 92 almacenado correctamente
[12:14:02.293] ERROR - Jugador 98 [NO ENCONTRADO]
[12:14:02.398] INFO - Escribiendo historial market-value del jugador 93 (63 values)
[12:14:02.399] INFO - Jugador 93 almacenado correctamente
[12:14:02.426] ERROR - Jugador 99 [NO ENCONTRADO]
[12:14:02.558] ERROR - Jugador 101 [NO ENCONTRADO]
[12:14:02.587] ERROR - Jugador 102 [NO ENCONTRADO]
[12:14:02.663] ERROR - Jugador 100 [NO ENCONTRADO]
[12:14:02.752] ERROR - Jugador 105 [NO ENCONTRADO]
[12:14:02.803] ERROR - Jugador 103 [NO ENCONTRADO]
[12:14:02.845] ERROR - Jugador 107 [NO ENCONTRADO]
[12:14:02.856] ERROR - Jugador 104 [NO ENCONTRADO]
[12:14:02.953] ERROR - Jugador 106 [NO ENCONTRADO]
[12:14:03.099] ERROR - Jugador 108 [NO ENCONTRADO]
[12:14:03.142] ERROR - Jugador 109 [NO ENCONTRADO]
[12:14:03.184] ERROR - Jugador 111 [NO ENCONTRADO]
[12:14:03.223] ERROR - Jugador 110 [NO ENCONTRADO]
[12:14:03.224] ERROR - Jugador 112 [NO ENCONTRADO]
[12:14:03.394] ERROR - Jugador 113 [NO ENCONTRADO]
[12:14:03.418] ERROR - Jugador 114 [NO ENCONTRADO]
[12:14:03.503] ERROR - Jugador 115 [NO ENCONTRADO]
[12:14:03.729] ERROR - Jugador 117 [NO ENCONTRADO]
[12:14:03.790] ERROR - Jugador 120 [NO ENCONTRADO]
[12:14:03.812] ERROR - Jugador 119 [NO ENCONTRADO]
[12:14:03.861] ERROR - Jugador 118 [out_of_league]
[12:14:03.974] ERROR - Jugador 122 [NO ENCONTRADO]
[12:14:04.048] ERROR - Jugador 123 [NO ENCONTRADO]
[12:14:04.084] ERROR - Jugador 116 [NO ENCONTRADO]
[12:14:04.246] ERROR - Jugador 125 [NO ENCONTRADO]
[12:14:04.253] ERROR - Jugador 124 [NO ENCONTRADO]
[12:14:04.325] INFO - Escribiendo historial market-value del jugador 121 (22 values)
[12:14:04.326] INFO - Jugador 121 almacenado correctamente
[12:14:04.366] ERROR - Jugador 126 [NO ENCONTRADO]
[12:14:04.542] ERROR - Jugador 128 [NO ENCONTRADO]
[12:14:04.687] ERROR - Jugador 130 [NO ENCONTRADO]
[12:14:04.690] ERROR - Jugador 129 [NO ENCONTRADO]
[12:14:04.711] INFO - Escribiendo historial market-value del jugador 127 (65 values)
[12:14:04.712] INFO - Jugador 127 almacenado correctamente
[12:14:04.793] ERROR - Jugador 134 [NO ENCONTRADO]
[12:14:04.820] ERROR - Jugador 131 [NO ENCONTRADO]
[12:14:04.863] ERROR - Jugador 132 [NO ENCONTRADO]
[12:14:04.910] ERROR - Jugador 133 [NO ENCONTRADO]
[12:14:04.989] ERROR - Jugador 135 [NO ENCONTRADO]
[12:14:05.276] ERROR - Jugador 137 [NO ENCONTRADO]
[12:14:05.294] ERROR - Jugador 136 [NO ENCONTRADO]
[12:14:05.319] ERROR - Jugador 138 [NO ENCONTRADO]
[12:14:05.345] ERROR - Jugador 139 [NO ENCONTRADO]
[12:14:05.391] ERROR - Jugador 142 [NO ENCONTRADO]
[12:14:05.436] ERROR - Jugador 141 [NO ENCONTRADO]
[12:14:05.536] ERROR - Jugador 143 [NO ENCONTRADO]
[12:14:05.748] ERROR - Jugador 145 [NO ENCONTRADO]
[12:14:05.795] INFO - Escribiendo historial market-value del jugador 140 (65 values)
[12:14:05.796] INFO - Jugador 140 almacenado correctamente
[12:14:05.821] ERROR - Jugador 144 [NO ENCONTRADO]
[12:14:05.889] ERROR - Jugador 147 [NO ENCONTRADO]
[12:14:05.989] ERROR - Jugador 149 [NO ENCONTRADO]
[12:14:06.282] INFO - Escribiendo historial market-value del jugador 146 (65 values)
[12:14:06.282] INFO - Jugador 146 almacenado correctamente
[12:14:06.295] ERROR - Jugador 151 [NO ENCONTRADO]
[12:14:06.377] ERROR - Jugador 152 [NO ENCONTRADO]
[12:14:06.419] INFO - Escribiendo historial market-value del jugador 148 (65 values)
[12:14:06.420] INFO - Jugador 148 almacenado correctamente
[12:14:06.429] ERROR - Jugador 154 [NO ENCONTRADO]
[12:14:06.475] ERROR - Jugador 153 [NO ENCONTRADO]
[12:14:06.506] INFO - Escribiendo historial market-value del jugador 150 (65 values)
[12:14:06.507] INFO - Jugador 150 almacenado correctamente
[12:14:06.560] ERROR - Jugador 155 [NO ENCONTRADO]
[12:14:06.829] ERROR - Jugador 156 [NO ENCONTRADO]
[12:14:06.844] ERROR - Jugador 160 [NO ENCONTRADO]
[12:14:06.881] ERROR - Jugador 157 [NO ENCONTRADO]
[12:14:06.908] ERROR - Jugador 161 [NO ENCONTRADO]
[12:14:06.916] ERROR - Jugador 158 [NO ENCONTRADO]
[12:14:07.057] ERROR - Jugador 162 [NO ENCONTRADO]
[12:14:07.090] ERROR - Jugador 163 [NO ENCONTRADO]
[12:14:07.246] ERROR - Jugador 164 [NO ENCONTRADO]
[12:14:07.390] ERROR - Jugador 166 [out_of_league]
[12:14:07.421] ERROR - Jugador 165 [NO ENCONTRADO]
[12:14:07.499] ERROR - Jugador 167 [NO ENCONTRADO]
[12:14:07.510] ERROR - Jugador 168 [NO ENCONTRADO]
[12:14:07.530] INFO - Escribiendo historial market-value del jugador 159 (65 values)
[12:14:07.531] INFO - Jugador 159 almacenado correctamente
[12:14:07.656] ERROR - Jugador 169 [NO ENCONTRADO]
[12:14:07.664] ERROR - Jugador 170 [NO ENCONTRADO]
[12:14:07.820] ERROR - Jugador 171 [NO ENCONTRADO]
[12:14:07.860] ERROR - Jugador 173 [NO ENCONTRADO]
[12:14:07.915] ERROR - Jugador 172 [NO ENCONTRADO]
[12:14:07.931] ERROR - Jugador 174 [NO ENCONTRADO]
[12:14:07.936] ERROR - Jugador 175 [NO ENCONTRADO]
[12:14:08.080] ERROR - Jugador 176 [NO ENCONTRADO]
[12:14:08.085] ERROR - Jugador 178 [NO ENCONTRADO]
[12:14:08.216] ERROR - Jugador 179 [NO ENCONTRADO]
[12:14:08.219] ERROR - Jugador 177 [NO ENCONTRADO]
[12:14:08.283] ERROR - Jugador 180 [NO ENCONTRADO]
[12:14:08.361] ERROR - Jugador 183 [NO ENCONTRADO]
[12:14:08.490] ERROR - Jugador 181 [NO ENCONTRADO]
[12:14:08.522] ERROR - Jugador 185 [NO ENCONTRADO]
[12:14:08.544] ERROR - Jugador 182 [NO ENCONTRADO]
[12:14:08.651] ERROR - Jugador 186 [NO ENCONTRADO]
[12:14:08.788] ERROR - Jugador 187 [NO ENCONTRADO]
[12:14:08.833] ERROR - Jugador 188 [NO ENCONTRADO]
[12:14:08.904] ERROR - Jugador 190 [NO ENCONTRADO]
[12:14:08.971] ERROR - Jugador 189 [NO ENCONTRADO]
[12:14:08.977] INFO - Escribiendo historial market-value del jugador 184 (65 values)
[12:14:08.978] INFO - Jugador 184 almacenado correctamente
[12:14:09.084] ERROR - Jugador 191 [NO ENCONTRADO]
[12:14:09.251] ERROR - Jugador 194 [NO ENCONTRADO]
[12:14:09.322] ERROR - Jugador 196 [NO ENCONTRADO]
[12:14:09.386] ERROR - Jugador 195 [NO ENCONTRADO]
[12:14:09.396] ERROR - Jugador 197 [out_of_league]
[12:14:09.400] ERROR - Jugador 198 [NO ENCONTRADO]
[12:14:09.523] ERROR - Jugador 199 [NO ENCONTRADO]
[12:14:09.543] INFO - Escribiendo historial market-value del jugador 193 (65 values)
[12:14:09.544] INFO - Jugador 193 almacenado correctamente
[12:14:09.718] INFO - Escribiendo historial market-value del jugador 192 (65 values)
[12:14:09.720] INFO - Jugador 192 almacenado correctamente
[12:14:09.788] ERROR - Jugador 201 [NO ENCONTRADO]
[12:14:09.836] ERROR - Jugador 203 [NO ENCONTRADO]
[12:14:09.942] ERROR - Jugador 205 [NO ENCONTRADO]
[12:14:09.975] ERROR - Jugador 202 [NO ENCONTRADO]
[12:14:09.987] ERROR - Jugador 206 [NO ENCONTRADO]
[12:14:10.218] INFO - Escribiendo historial market-value del jugador 200 (25 values)
[12:14:10.219] INFO - Jugador 200 almacenado correctamente
[12:14:10.303] ERROR - Jugador 207 [NO ENCONTRADO]
[12:14:10.339] ERROR - Jugador 208 [NO ENCONTRADO]
[12:14:10.362] ERROR - Jugador 210 [NO ENCONTRADO]
[12:14:10.377] ERROR - Jugador 209 [NO ENCONTRADO]
[12:14:10.415] ERROR - Jugador 212 [NO ENCONTRADO]
[12:14:10.628] ERROR - Jugador 211 [NO ENCONTRADO]
[12:14:10.644] ERROR - Jugador 213 [NO ENCONTRADO]
[12:14:10.701] ERROR - Jugador 214 [NO ENCONTRADO]
[12:14:10.811] INFO - Escribiendo historial market-value del jugador 204 (65 values)
[12:14:10.812] INFO - Jugador 204 almacenado correctamente
[12:14:10.820] ERROR - Jugador 217 [out_of_league]
[12:14:10.907] ERROR - Jugador 218 [NO ENCONTRADO]
[12:14:10.911] ERROR - Jugador 216 [NO ENCONTRADO]
[12:14:11.092] ERROR - Jugador 220 [NO ENCONTRADO]
[12:14:11.097] ERROR - Jugador 219 [NO ENCONTRADO]
[12:14:11.235] ERROR - Jugador 222 [NO ENCONTRADO]
[12:14:11.263] ERROR - Jugador 221 [NO ENCONTRADO]
[12:14:11.426] ERROR - Jugador 223 [NO ENCONTRADO]
[12:14:11.508] INFO - Escribiendo historial market-value del jugador 215 (65 values)
[12:14:11.509] INFO - Jugador 215 almacenado correctamente
[12:14:11.516] ERROR - Jugador 224 [NO ENCONTRADO]
[12:14:11.539] ERROR - Jugador 227 [NO ENCONTRADO]
[12:14:11.544] ERROR - Jugador 225 [NO ENCONTRADO]
[12:14:11.663] ERROR - Jugador 229 [NO ENCONTRADO]
[12:14:11.700] ERROR - Jugador 226 [NO ENCONTRADO]
[12:14:11.764] ERROR - Jugador 228 [NO ENCONTRADO]
[12:14:11.987] ERROR - Jugador 234 [NO ENCONTRADO]
[12:14:12.006] ERROR - Jugador 232 [NO ENCONTRADO]
[12:14:12.077] ERROR - Jugador 235 [NO ENCONTRADO]
[12:14:12.115] ERROR - Jugador 236 [out_of_league]
[12:14:12.137] ERROR - Jugador 233 [NO ENCONTRADO]
[12:14:12.211] ERROR - Jugador 237 [NO ENCONTRADO]
[12:14:12.392] INFO - Escribiendo historial market-value del jugador 231 (65 values)
[12:14:12.395] INFO - Jugador 231 almacenado correctamente
[12:14:12.527] ERROR - Jugador 241 [NO ENCONTRADO]
[12:14:12.537] ERROR - Jugador 242 [NO ENCONTRADO]
[12:14:12.583] ERROR - Jugador 239 [NO ENCONTRADO]
[12:14:12.623] INFO - Escribiendo historial market-value del jugador 230 (65 values)
[12:14:12.624] INFO - Jugador 230 almacenado correctamente
[12:14:12.840] ERROR - Jugador 244 [NO ENCONTRADO]
[12:14:12.958] ERROR - Jugador 246 [out_of_league]
[12:14:12.997] INFO - Escribiendo historial market-value del jugador 238 (22 values)
[12:14:12.997] INFO - Jugador 238 almacenado correctamente
[12:14:13.077] INFO - Escribiendo historial market-value del jugador 240 (65 values)
[12:14:13.078] INFO - Jugador 240 almacenado correctamente
[12:14:13.084] ERROR - Jugador 248 [out_of_league]
[12:14:13.090] INFO - Escribiendo historial market-value del jugador 243 (65 values)
[12:14:13.091] INFO - Jugador 243 almacenado correctamente
[12:14:13.376] ERROR - Jugador 249 [NO ENCONTRADO]
[12:14:13.408] INFO - Escribiendo historial market-value del jugador 245 (36 values)
[12:14:13.409] INFO - Jugador 245 almacenado correctamente
[12:14:13.411] ERROR - Jugador 251 [NO ENCONTRADO]
[12:14:13.525] ERROR - Jugador 250 [NO ENCONTRADO]
[12:14:13.564] ERROR - Jugador 253 [NO ENCONTRADO]
[12:14:13.664] ERROR - Jugador 252 [NO ENCONTRADO]
[12:14:13.683] ERROR - Jugador 254 [NO ENCONTRADO]
[12:14:13.758] INFO - Escribiendo historial market-value del jugador 247 (65 values)
[12:14:13.760] INFO - Jugador 247 almacenado correctamente
[12:14:13.850] ERROR - Jugador 256 [NO ENCONTRADO]
[12:14:13.918] ERROR - Jugador 258 [NO ENCONTRADO]
[12:14:14.119] ERROR - Jugador 261 [NO ENCONTRADO]
[12:14:14.336] ERROR - Jugador 262 [NO ENCONTRADO]
[12:14:14.420] ERROR - Jugador 263 [NO ENCONTRADO]
[12:14:14.427] INFO - Escribiendo historial market-value del jugador 257 (37 values)
[12:14:14.428] INFO - Jugador 257 almacenado correctamente
[12:14:14.521] INFO - Escribiendo historial market-value del jugador 255 (65 values)
[12:14:14.523] INFO - Jugador 255 almacenado correctamente
[12:14:14.542] INFO - Escribiendo historial market-value del jugador 259 (65 values)
[12:14:14.543] INFO - Jugador 259 almacenado correctamente
[12:14:14.783] ERROR - Jugador 266 [NO ENCONTRADO]
[12:14:14.811] INFO - Escribiendo historial market-value del jugador 260 (65 values)
[12:14:14.812] INFO - Jugador 260 almacenado correctamente
[12:14:14.864] ERROR - Jugador 267 [NO ENCONTRADO]
[12:14:14.866] ERROR - Jugador 268 [out_of_league]
[12:14:14.958] INFO - Escribiendo historial market-value del jugador 264 (65 values)
[12:14:14.959] INFO - Jugador 264 almacenado correctamente
[12:14:15.004] ERROR - Jugador 269 [NO ENCONTRADO]
[12:14:15.186] INFO - Escribiendo historial market-value del jugador 265 (65 values)
[12:14:15.187] INFO - Jugador 265 almacenado correctamente
[12:14:15.261] ERROR - Jugador 272 [NO ENCONTRADO]
[12:14:15.300] ERROR - Jugador 273 [NO ENCONTRADO]
[12:14:15.372] ERROR - Jugador 271 [out_of_league]
[12:14:15.584] ERROR - Jugador 276 [NO ENCONTRADO]
[12:14:15.591] INFO - Escribiendo historial market-value del jugador 270 (65 values)
[12:14:15.592] INFO - Jugador 270 almacenado correctamente
[12:14:15.738] ERROR - Jugador 277 [NO ENCONTRADO]
[12:14:15.742] INFO - Escribiendo historial market-value del jugador 275 (65 values)
[12:14:15.743] INFO - Jugador 275 almacenado correctamente
[12:14:15.756] ERROR - Jugador 280 [NO ENCONTRADO]
[12:14:15.819] ERROR - Jugador 278 [NO ENCONTRADO]
[12:14:15.841] INFO - Escribiendo historial market-value del jugador 274 (65 values)
[12:14:15.842] INFO - Jugador 274 almacenado correctamente
[12:14:15.851] ERROR - Jugador 279 [NO ENCONTRADO]
[12:14:16.034] ERROR - Jugador 281 [NO ENCONTRADO]
[12:14:16.091] ERROR - Jugador 282 [NO ENCONTRADO]
[12:14:16.262] ERROR - Jugador 286 [NO ENCONTRADO]
[12:14:16.334] ERROR - Jugador 283 [NO ENCONTRADO]
[12:14:16.348] ERROR - Jugador 285 [NO ENCONTRADO]
[12:14:16.462] ERROR - Jugador 287 [NO ENCONTRADO]
[12:14:16.500] ERROR - Jugador 288 [NO ENCONTRADO]
[12:14:16.576] ERROR - Jugador 289 [NO ENCONTRADO]
[12:14:16.590] ERROR - Jugador 290 [NO ENCONTRADO]
[12:14:16.781] ERROR - Jugador 292 [NO ENCONTRADO]
[12:14:16.801] ERROR - Jugador 291 [NO ENCONTRADO]
[12:14:16.883] ERROR - Jugador 295 [NO ENCONTRADO]
[12:14:16.922] ERROR - Jugador 293 [NO ENCONTRADO]
[12:14:16.961] INFO - Escribiendo historial market-value del jugador 284 (55 values)
[12:14:16.963] INFO - Jugador 284 almacenado correctamente
[12:14:17.263] ERROR - Jugador 297 [NO ENCONTRADO]
[12:14:17.339] ERROR - Jugador 301 [out_of_league]
[12:14:17.372] ERROR - Jugador 299 [NO ENCONTRADO]
[12:14:17.421] INFO - Escribiendo historial market-value del jugador 294 (10 values)
[12:14:17.423] INFO - Jugador 294 almacenado correctamente
[12:14:17.717] INFO - Escribiendo historial market-value del jugador 296 (65 values)
[12:14:17.718] INFO - Jugador 296 almacenado correctamente
[12:14:17.749] ERROR - Jugador 304 [NO ENCONTRADO]
[12:14:17.786] ERROR - Jugador 305 [NO ENCONTRADO]
[12:14:17.838] INFO - Escribiendo historial market-value del jugador 300 (65 values)
[12:14:17.839] INFO - Jugador 300 almacenado correctamente
[12:14:17.948] INFO - Escribiendo historial market-value del jugador 298 (65 values)
[12:14:17.949] INFO - Jugador 298 almacenado correctamente
[12:14:17.968] ERROR - Jugador 306 [out_of_league]
[12:14:18.054] INFO - Escribiendo historial market-value del jugador 302 (65 values)
[12:14:18.055] INFO - Jugador 302 almacenado correctamente
[12:14:18.264] ERROR - Jugador 307 [out_of_league]
[12:14:18.313] ERROR - Jugador 308 [NO ENCONTRADO]
[12:14:18.354] ERROR - Jugador 309 [NO ENCONTRADO]
[12:14:18.389] ERROR - Jugador 312 [NO ENCONTRADO]
[12:14:18.397] ERROR - Jugador 303 [NO ENCONTRADO]
[12:14:18.416] ERROR - Jugador 311 [NO ENCONTRADO]
[12:14:18.628] ERROR - Jugador 313 [NO ENCONTRADO]
[12:14:18.664] INFO - Escribiendo historial market-value del jugador 310 (65 values)
[12:14:18.665] INFO - Jugador 310 almacenado correctamente
[12:14:18.703] ERROR - Jugador 314 [NO ENCONTRADO]
[12:14:18.768] ERROR - Jugador 316 [NO ENCONTRADO]
[12:14:18.856] ERROR - Jugador 319 [NO ENCONTRADO]
[12:14:18.866] ERROR - Jugador 315 [NO ENCONTRADO]
[12:14:18.972] ERROR - Jugador 318 [NO ENCONTRADO]
[12:14:18.987] ERROR - Jugador 317 [NO ENCONTRADO]
[12:14:19.052] ERROR - Jugador 320 [NO ENCONTRADO]
[12:14:19.226] ERROR - Jugador 321 [NO ENCONTRADO]
[12:14:19.265] ERROR - Jugador 322 [NO ENCONTRADO]
[12:14:19.369] ERROR - Jugador 326 [NO ENCONTRADO]
[12:14:19.389] ERROR - Jugador 327 [NO ENCONTRADO]
[12:14:19.433] ERROR - Jugador 324 [NO ENCONTRADO]
[12:14:19.448] ERROR - Jugador 325 [NO ENCONTRADO]
[12:14:19.472] ERROR - Jugador 328 [NO ENCONTRADO]
[12:14:19.541] ERROR - Jugador 323 [NO ENCONTRADO]
[12:14:19.628] ERROR - Jugador 329 [NO ENCONTRADO]
[12:14:19.694] ERROR - Jugador 330 [NO ENCONTRADO]
[12:14:19.787] ERROR - Jugador 331 [NO ENCONTRADO]
[12:14:19.862] ERROR - Jugador 332 [NO ENCONTRADO]
[12:14:19.908] ERROR - Jugador 335 [NO ENCONTRADO]
[12:14:19.918] ERROR - Jugador 334 [NO ENCONTRADO]
[12:14:20.017] ERROR - Jugador 333 [NO ENCONTRADO]
[12:14:20.086] ERROR - Jugador 336 [NO ENCONTRADO]
[12:14:20.176] ERROR - Jugador 339 [NO ENCONTRADO]
[12:14:20.246] ERROR - Jugador 340 [NO ENCONTRADO]
[12:14:20.259] ERROR - Jugador 338 [NO ENCONTRADO]
[12:14:20.329] ERROR - Jugador 342 [NO ENCONTRADO]
[12:14:20.337] ERROR - Jugador 341 [out_of_league]
[12:14:20.348] ERROR - Jugador 337 [NO ENCONTRADO]
[12:14:20.548] ERROR - Jugador 343 [NO ENCONTRADO]
[12:14:20.621] ERROR - Jugador 345 [NO ENCONTRADO]
[12:14:20.660] ERROR - Jugador 346 [NO ENCONTRADO]
[12:14:20.789] ERROR - Jugador 349 [NO ENCONTRADO]
[12:14:20.804] ERROR - Jugador 350 [NO ENCONTRADO]
[12:14:20.835] ERROR - Jugador 347 [NO ENCONTRADO]
[12:14:20.916] ERROR - Jugador 348 [out_of_league]
[12:14:20.927] INFO - Escribiendo historial market-value del jugador 344 (65 values)
[12:14:20.928] INFO - Jugador 344 almacenado correctamente
[12:14:20.983] ERROR - Jugador 351 [NO ENCONTRADO]
[12:14:21.088] ERROR - Jugador 353 [NO ENCONTRADO]
[12:14:21.100] ERROR - Jugador 352 [NO ENCONTRADO]
[12:14:21.240] ERROR - Jugador 355 [NO ENCONTRADO]
[12:14:21.358] ERROR - Jugador 358 [NO ENCONTRADO]
[12:14:21.377] ERROR - Jugador 354 [NO ENCONTRADO]
[12:14:21.495] ERROR - Jugador 357 [NO ENCONTRADO]
[12:14:21.522] ERROR - Jugador 359 [NO ENCONTRADO]
[12:14:21.526] ERROR - Jugador 361 [NO ENCONTRADO]
[12:14:21.666] INFO - Escribiendo historial market-value del jugador 356 (65 values)
[12:14:21.667] INFO - Jugador 356 almacenado correctamente
[12:14:21.762] ERROR - Jugador 362 [NO ENCONTRADO]
[12:14:21.808] ERROR - Jugador 363 [NO ENCONTRADO]
[12:14:21.816] ERROR - Jugador 364 [NO ENCONTRADO]
[12:14:21.909] ERROR - Jugador 365 [out_of_league]
[12:14:22.091] ERROR - Jugador 368 [NO ENCONTRADO]
[12:14:22.095] ERROR - Jugador 366 [NO ENCONTRADO]
[12:14:22.108] ERROR - Jugador 367 [NO ENCONTRADO]
[12:14:22.208] INFO - Escribiendo historial market-value del jugador 360 (65 values)
[12:14:22.209] INFO - Jugador 360 almacenado correctamente
[12:14:22.240] ERROR - Jugador 371 [NO ENCONTRADO]
[12:14:22.300] ERROR - Jugador 369 [NO ENCONTRADO]
[12:14:22.373] ERROR - Jugador 370 [NO ENCONTRADO]
[12:14:22.514] ERROR - Jugador 372 [NO ENCONTRADO]
[12:14:22.558] ERROR - Jugador 373 [NO ENCONTRADO]
[12:14:22.571] ERROR - Jugador 375 [NO ENCONTRADO]
[12:14:22.693] ERROR - Jugador 374 [NO ENCONTRADO]
[12:14:22.719] ERROR - Jugador 378 [NO ENCONTRADO]
[12:14:22.745] ERROR - Jugador 376 [NO ENCONTRADO]
[12:14:22.778] ERROR - Jugador 377 [NO ENCONTRADO]
[12:14:22.786] ERROR - Jugador 379 [NO ENCONTRADO]
[12:14:23.017] ERROR - Jugador 381 [NO ENCONTRADO]
[12:14:23.090] ERROR - Jugador 380 [NO ENCONTRADO]
[12:14:23.144] ERROR - Jugador 384 [NO ENCONTRADO]
[12:14:23.166] ERROR - Jugador 385 [NO ENCONTRADO]
[12:14:23.170] ERROR - Jugador 382 [NO ENCONTRADO]
[12:14:23.229] ERROR - Jugador 383 [NO ENCONTRADO]
[12:14:23.247] ERROR - Jugador 387 [NO ENCONTRADO]
[12:14:23.372] ERROR - Jugador 386 [NO ENCONTRADO]
[12:14:23.494] ERROR - Jugador 389 [NO ENCONTRADO]
[12:14:23.581] ERROR - Jugador 388 [NO ENCONTRADO]
[12:14:23.622] ERROR - Jugador 392 [NO ENCONTRADO]
[12:14:23.652] ERROR - Jugador 393 [NO ENCONTRADO]
[12:14:23.691] ERROR - Jugador 390 [NO ENCONTRADO]
[12:14:23.740] ERROR - Jugador 391 [NO ENCONTRADO]
[12:14:23.804] ERROR - Jugador 394 [NO ENCONTRADO]
[12:14:23.809] ERROR - Jugador 395 [NO ENCONTRADO]
[12:14:24.021] ERROR - Jugador 398 [NO ENCONTRADO]
[12:14:24.050] ERROR - Jugador 396 [NO ENCONTRADO]
[12:14:24.098] ERROR - Jugador 400 [NO ENCONTRADO]
[12:14:24.118] ERROR - Jugador 397 [NO ENCONTRADO]
[12:14:24.128] ERROR - Jugador 401 [NO ENCONTRADO]
[12:14:24.216] ERROR - Jugador 399 [NO ENCONTRADO]
[12:14:24.257] ERROR - Jugador 402 [NO ENCONTRADO]
[12:14:24.394] ERROR - Jugador 403 [NO ENCONTRADO]
[12:14:24.462] ERROR - Jugador 404 [NO ENCONTRADO]
[12:14:24.474] ERROR - Jugador 405 [NO ENCONTRADO]
[12:14:24.632] ERROR - Jugador 409 [NO ENCONTRADO]
[12:14:24.675] ERROR - Jugador 407 [NO ENCONTRADO]
[12:14:24.691] ERROR - Jugador 410 [NO ENCONTRADO]
[12:14:24.712] ERROR - Jugador 406 [NO ENCONTRADO]
[12:14:24.735] ERROR - Jugador 408 [NO ENCONTRADO]
[12:14:24.940] ERROR - Jugador 411 [NO ENCONTRADO]
[12:14:25.058] ERROR - Jugador 413 [NO ENCONTRADO]
[12:14:25.156] ERROR - Jugador 417 [NO ENCONTRADO]
[12:14:25.161] ERROR - Jugador 416 [NO ENCONTRADO]
[12:14:25.178] ERROR - Jugador 418 [NO ENCONTRADO]
[12:14:25.183] ERROR - Jugador 414 [NO ENCONTRADO]
[12:14:25.311] ERROR - Jugador 415 [out_of_league]
[12:14:25.394] ERROR - Jugador 412 [NO ENCONTRADO]
[12:14:25.422] ERROR - Jugador 419 [NO ENCONTRADO]
[12:14:25.461] ERROR - Jugador 420 [NO ENCONTRADO]
[12:14:25.688] ERROR - Jugador 424 [NO ENCONTRADO]
[12:14:25.706] ERROR - Jugador 425 [NO ENCONTRADO]
[12:14:25.752] ERROR - Jugador 422 [NO ENCONTRADO]
[12:14:25.782] ERROR - Jugador 421 [NO ENCONTRADO]
[12:14:25.807] ERROR - Jugador 423 [NO ENCONTRADO]
[12:14:25.827] ERROR - Jugador 426 [NO ENCONTRADO]
[12:14:25.882] ERROR - Jugador 427 [NO ENCONTRADO]
[12:14:26.054] ERROR - Jugador 428 [NO ENCONTRADO]
[12:14:26.085] ERROR - Jugador 429 [NO ENCONTRADO]
[12:14:26.202] ERROR - Jugador 432 [NO ENCONTRADO]
[12:14:26.227] ERROR - Jugador 433 [NO ENCONTRADO]
[12:14:26.267] ERROR - Jugador 430 [NO ENCONTRADO]
[12:14:26.291] ERROR - Jugador 431 [NO ENCONTRADO]
[12:14:26.313] ERROR - Jugador 435 [NO ENCONTRADO]
[12:14:26.386] ERROR - Jugador 434 [NO ENCONTRADO]
[12:14:26.449] ERROR - Jugador 436 [NO ENCONTRADO]
[12:14:26.622] ERROR - Jugador 438 [NO ENCONTRADO]
[12:14:26.658] ERROR - Jugador 437 [NO ENCONTRADO]
[12:14:26.667] ERROR - Jugador 439 [NO ENCONTRADO]
[12:14:26.677] ERROR - Jugador 440 [NO ENCONTRADO]
[12:14:26.793] ERROR - Jugador 443 [NO ENCONTRADO]
[12:14:26.860] ERROR - Jugador 442 [NO ENCONTRADO]
[12:14:26.864] ERROR - Jugador 441 [NO ENCONTRADO]
[12:14:27.006] ERROR - Jugador 444 [NO ENCONTRADO]
[12:14:27.023] ERROR - Jugador 445 [NO ENCONTRADO]
[12:14:27.126] ERROR - Jugador 446 [NO ENCONTRADO]
[12:14:27.157] ERROR - Jugador 447 [NO ENCONTRADO]
[12:14:27.217] ERROR - Jugador 449 [NO ENCONTRADO]
[12:14:27.285] ERROR - Jugador 448 [NO ENCONTRADO]
[12:14:27.427] ERROR - Jugador 452 [NO ENCONTRADO]
[12:14:27.469] ERROR - Jugador 451 [NO ENCONTRADO]
[12:14:27.491] ERROR - Jugador 450 [NO ENCONTRADO]
[12:14:27.491] ERROR - Jugador 453 [NO ENCONTRADO]
[12:14:27.545] ERROR - Jugador 454 [NO ENCONTRADO]
[12:14:27.559] ERROR - Jugador 455 [NO ENCONTRADO]
[12:14:27.638] ERROR - Jugador 456 [NO ENCONTRADO]
[12:14:27.690] ERROR - Jugador 457 [NO ENCONTRADO]
[12:14:27.905] ERROR - Jugador 458 [NO ENCONTRADO]
[12:14:27.939] ERROR - Jugador 460 [NO ENCONTRADO]
[12:14:27.982] ERROR - Jugador 461 [NO ENCONTRADO]
[12:14:28.043] ERROR - Jugador 459 [NO ENCONTRADO]
[12:14:28.050] ERROR - Jugador 464 [NO ENCONTRADO]
[12:14:28.112] ERROR - Jugador 463 [NO ENCONTRADO]
[12:14:28.113] ERROR - Jugador 462 [NO ENCONTRADO]
[12:14:28.293] ERROR - Jugador 465 [NO ENCONTRADO]
[12:14:28.370] ERROR - Jugador 467 [NO ENCONTRADO]
[12:14:28.450] ERROR - Jugador 466 [NO ENCONTRADO]
[12:14:28.454] ERROR - Jugador 470 [NO ENCONTRADO]
[12:14:28.470] ERROR - Jugador 469 [NO ENCONTRADO]
[12:14:28.573] ERROR - Jugador 471 [NO ENCONTRADO]
[12:14:28.696] ERROR - Jugador 472 [NO ENCONTRADO]
[12:14:28.727] ERROR - Jugador 468 [NO ENCONTRADO]
[12:14:28.867] ERROR - Jugador 473 [NO ENCONTRADO]
[12:14:28.913] ERROR - Jugador 474 [NO ENCONTRADO]
[12:14:28.917] ERROR - Jugador 477 [NO ENCONTRADO]
[12:14:28.929] ERROR - Jugador 476 [NO ENCONTRADO]
[12:14:29.017] ERROR - Jugador 475 [NO ENCONTRADO]
[12:14:29.111] ERROR - Jugador 479 [NO ENCONTRADO]
[12:14:29.173] ERROR - Jugador 480 [NO ENCONTRADO]
[12:14:29.249] ERROR - Jugador 481 [NO ENCONTRADO]
[12:14:29.369] ERROR - Jugador 482 [NO ENCONTRADO]
[12:14:29.411] ERROR - Jugador 484 [NO ENCONTRADO]
[12:14:29.440] ERROR - Jugador 485 [NO ENCONTRADO]
[12:14:29.513] ERROR - Jugador 483 [NO ENCONTRADO]
[12:14:29.628] INFO - Escribiendo historial market-value del jugador 478 (22 values)
[12:14:29.629] INFO - Jugador 478 almacenado correctamente
[12:14:29.636] ERROR - Jugador 486 [NO ENCONTRADO]
[12:14:29.660] ERROR - Jugador 488 [NO ENCONTRADO]
[12:14:29.766] ERROR - Jugador 487 [NO ENCONTRADO]
[12:14:29.789] ERROR - Jugador 489 [NO ENCONTRADO]
[12:14:29.903] ERROR - Jugador 490 [NO ENCONTRADO]
[12:14:29.941] ERROR - Jugador 492 [NO ENCONTRADO]
[12:14:30.068] ERROR - Jugador 491 [NO ENCONTRADO]
[12:14:30.111] ERROR - Jugador 494 [NO ENCONTRADO]
[12:14:30.112] ERROR - Jugador 493 [NO ENCONTRADO]
[12:14:30.185] ERROR - Jugador 496 [NO ENCONTRADO]
[12:14:30.201] ERROR - Jugador 497 [NO ENCONTRADO]
[12:14:30.315] ERROR - Jugador 498 [NO ENCONTRADO]
[12:14:30.373] ERROR - Jugador 499 [NO ENCONTRADO]
[12:14:30.434] ERROR - Jugador 495 [NO ENCONTRADO]
[12:14:30.458] ERROR - Jugador 500 [NO ENCONTRADO]
[12:14:30.566] ERROR - Jugador 501 [NO ENCONTRADO]
[12:14:30.582] ERROR - Jugador 502 [NO ENCONTRADO]
[12:14:30.618] ERROR - Jugador 503 [NO ENCONTRADO]
[12:14:30.618] ERROR - Jugador 504 [NO ENCONTRADO]
[12:14:30.731] ERROR - Jugador 505 [NO ENCONTRADO]
[12:14:30.791] ERROR - Jugador 506 [NO ENCONTRADO]
[12:14:30.886] ERROR - Jugador 507 [NO ENCONTRADO]
[12:14:30.898] ERROR - Jugador 508 [NO ENCONTRADO]
[12:14:30.989] ERROR - Jugador 509 [NO ENCONTRADO]
[12:14:31.036] ERROR - Jugador 510 [NO ENCONTRADO]
[12:14:31.053] ERROR - Jugador 511 [NO ENCONTRADO]
[12:14:31.080] ERROR - Jugador 512 [NO ENCONTRADO]
[12:14:31.124] ERROR - Jugador 513 [NO ENCONTRADO]
[12:14:31.306] ERROR - Jugador 515 [NO ENCONTRADO]
[12:14:31.348] ERROR - Jugador 514 [NO ENCONTRADO]
[12:14:31.353] ERROR - Jugador 516 [NO ENCONTRADO]
[12:14:31.415] ERROR - Jugador 517 [NO ENCONTRADO]
[12:14:31.451] ERROR - Jugador 518 [NO ENCONTRADO]
[12:14:31.461] ERROR - Jugador 519 [NO ENCONTRADO]
[12:14:31.540] ERROR - Jugador 521 [NO ENCONTRADO]
[12:14:31.659] ERROR - Jugador 520 [NO ENCONTRADO]
[12:14:31.708] ERROR - Jugador 522 [NO ENCONTRADO]
[12:14:31.787] ERROR - Jugador 524 [NO ENCONTRADO]
[12:14:31.801] ERROR - Jugador 523 [NO ENCONTRADO]
[12:14:31.827] ERROR - Jugador 525 [NO ENCONTRADO]
[12:14:31.887] ERROR - Jugador 527 [NO ENCONTRADO]
[12:14:31.998] ERROR - Jugador 526 [NO ENCONTRADO]
[12:14:32.067] ERROR - Jugador 529 [NO ENCONTRADO]
[12:14:32.104] ERROR - Jugador 528 [NO ENCONTRADO]
[12:14:32.117] ERROR - Jugador 530 [NO ENCONTRADO]
[12:14:32.218] ERROR - Jugador 531 [NO ENCONTRADO]
[12:14:32.235] ERROR - Jugador 532 [NO ENCONTRADO]
[12:14:32.257] ERROR - Jugador 533 [NO ENCONTRADO]
[12:14:32.441] ERROR - Jugador 534 [NO ENCONTRADO]
[12:14:32.446] ERROR - Jugador 535 [NO ENCONTRADO]
[12:14:32.540] ERROR - Jugador 537 [NO ENCONTRADO]
[12:14:32.668] ERROR - Jugador 536 [NO ENCONTRADO]
[12:14:32.685] ERROR - Jugador 538 [NO ENCONTRADO]
[12:14:32.697] ERROR - Jugador 540 [NO ENCONTRADO]
[12:14:32.764] ERROR - Jugador 539 [NO ENCONTRADO]
[12:14:32.841] ERROR - Jugador 541 [out_of_league]
[12:14:32.938] ERROR - Jugador 542 [NO ENCONTRADO]
[12:14:33.056] ERROR - Jugador 543 [NO ENCONTRADO]
[12:14:33.129] ERROR - Jugador 545 [NO ENCONTRADO]
[12:14:33.217] ERROR - Jugador 546 [NO ENCONTRADO]
[12:14:33.264] ERROR - Jugador 549 [NO ENCONTRADO]
[12:14:33.346] ERROR - Jugador 548 [NO ENCONTRADO]
[12:14:33.461] INFO - Escribiendo historial market-value del jugador 544 (63 values)
[12:14:33.462] INFO - Jugador 544 almacenado correctamente
[12:14:33.485] ERROR - Jugador 551 [NO ENCONTRADO]
[12:14:33.499] ERROR - Jugador 550 [NO ENCONTRADO]
[12:14:33.526] ERROR - Jugador 552 [NO ENCONTRADO]
[12:14:33.662] ERROR - Jugador 553 [NO ENCONTRADO]
[12:14:33.777] ERROR - Jugador 555 [NO ENCONTRADO]
[12:14:33.805] INFO - Escribiendo historial market-value del jugador 547 (65 values)
[12:14:33.806] INFO - Jugador 547 almacenado correctamente
[12:14:33.842] ERROR - Jugador 554 [NO ENCONTRADO]
[12:14:33.906] ERROR - Jugador 556 [NO ENCONTRADO]
[12:14:34.204] ERROR - Jugador 560 [NO ENCONTRADO]
[12:14:34.260] ERROR - Jugador 563 [NO ENCONTRADO]
[12:14:34.312] ERROR - Jugador 561 [NO ENCONTRADO]
[12:14:34.367] ERROR - Jugador 562 [NO ENCONTRADO]
[12:14:34.430] ERROR - Jugador 564 [NO ENCONTRADO]
[12:14:34.488] INFO - Escribiendo historial market-value del jugador 558 (65 values)
[12:14:34.490] INFO - Jugador 558 almacenado correctamente
[12:14:34.536] INFO - Escribiendo historial market-value del jugador 559 (65 values)
[12:14:34.538] INFO - Jugador 559 almacenado correctamente
[12:14:34.584] INFO - Escribiendo historial market-value del jugador 557 (65 values)
[12:14:34.585] INFO - Jugador 557 almacenado correctamente
[12:14:34.744] ERROR - Jugador 565 [NO ENCONTRADO]
[12:14:34.834] ERROR - Jugador 569 [NO ENCONTRADO]
[12:14:34.917] ERROR - Jugador 570 [NO ENCONTRADO]
[12:14:34.973] ERROR - Jugador 568 [NO ENCONTRADO]
[12:14:34.987] ERROR - Jugador 572 [NO ENCONTRADO]
[12:14:35.114] ERROR - Jugador 571 [NO ENCONTRADO]
[12:14:35.126] INFO - Escribiendo historial market-value del jugador 567 (65 values)
[12:14:35.127] INFO - Jugador 567 almacenado correctamente
[12:14:35.219] INFO - Escribiendo historial market-value del jugador 566 (63 values)
[12:14:35.220] INFO - Jugador 566 almacenado correctamente
[12:14:35.308] ERROR - Jugador 573 [NO ENCONTRADO]
[12:14:35.393] ERROR - Jugador 576 [NO ENCONTRADO]
[12:14:35.399] ERROR - Jugador 577 [NO ENCONTRADO]
[12:14:35.468] ERROR - Jugador 575 [NO ENCONTRADO]
[12:14:35.548] ERROR - Jugador 579 [NO ENCONTRADO]
[12:14:35.553] ERROR - Jugador 578 [NO ENCONTRADO]
[12:14:35.656] ERROR - Jugador 580 [NO ENCONTRADO]
[12:14:35.823] INFO - Escribiendo historial market-value del jugador 574 (65 values)
[12:14:35.825] INFO - Jugador 574 almacenado correctamente
[12:14:35.862] ERROR - Jugador 582 [NO ENCONTRADO]
[12:14:35.890] ERROR - Jugador 583 [NO ENCONTRADO]
[12:14:35.893] ERROR - Jugador 584 [NO ENCONTRADO]
[12:14:35.995] ERROR - Jugador 585 [NO ENCONTRADO]
[12:14:36.078] ERROR - Jugador 587 [NO ENCONTRADO]
[12:14:36.119] ERROR - Jugador 586 [NO ENCONTRADO]
[12:14:36.157] INFO - Escribiendo historial market-value del jugador 581 (65 values)
[12:14:36.159] INFO - Jugador 581 almacenado correctamente
[12:14:36.222] ERROR - Jugador 588 [NO ENCONTRADO]
[12:14:36.337] ERROR - Jugador 591 [NO ENCONTRADO]
[12:14:36.398] ERROR - Jugador 592 [NO ENCONTRADO]
[12:14:36.431] ERROR - Jugador 589 [NO ENCONTRADO]
[12:14:36.567] ERROR - Jugador 594 [NO ENCONTRADO]
[12:14:36.593] ERROR - Jugador 593 [NO ENCONTRADO]
[12:14:36.600] ERROR - Jugador 590 [NO ENCONTRADO]
[12:14:36.621] ERROR - Jugador 596 [NO ENCONTRADO]
[12:14:36.719] ERROR - Jugador 595 [NO ENCONTRADO]
[12:14:36.747] ERROR - Jugador 597 [NO ENCONTRADO]
[12:14:36.878] ERROR - Jugador 599 [NO ENCONTRADO]
[12:14:36.991] ERROR - Jugador 598 [NO ENCONTRADO]
[12:14:36.995] ERROR - Jugador 600 [NO ENCONTRADO]
[12:14:37.015] ERROR - Jugador 601 [NO ENCONTRADO]
[12:14:37.049] ERROR - Jugador 602 [NO ENCONTRADO]
[12:14:37.120] ERROR - Jugador 604 [NO ENCONTRADO]
[12:14:37.201] ERROR - Jugador 603 [NO ENCONTRADO]
[12:14:37.287] ERROR - Jugador 605 [NO ENCONTRADO]
[12:14:37.295] ERROR - Jugador 606 [NO ENCONTRADO]
[12:14:37.455] ERROR - Jugador 607 [NO ENCONTRADO]
[12:14:37.461] ERROR - Jugador 608 [out_of_league]
[12:14:37.478] ERROR - Jugador 609 [NO ENCONTRADO]
[12:14:37.485] ERROR - Jugador 610 [NO ENCONTRADO]
[12:14:37.548] ERROR - Jugador 611 [NO ENCONTRADO]
[12:14:37.639] ERROR - Jugador 612 [NO ENCONTRADO]
[12:14:37.746] ERROR - Jugador 614 [NO ENCONTRADO]
[12:14:37.757] ERROR - Jugador 613 [NO ENCONTRADO]
[12:14:37.891] ERROR - Jugador 616 [NO ENCONTRADO]
[12:14:37.917] ERROR - Jugador 617 [NO ENCONTRADO]
[12:14:37.996] ERROR - Jugador 618 [NO ENCONTRADO]
[12:14:38.002] ERROR - Jugador 619 [NO ENCONTRADO]
[12:14:38.018] ERROR - Jugador 615 [NO ENCONTRADO]
[12:14:38.069] ERROR - Jugador 620 [NO ENCONTRADO]
[12:14:38.196] ERROR - Jugador 622 [NO ENCONTRADO]
[12:14:38.213] ERROR - Jugador 621 [NO ENCONTRADO]
[12:14:38.306] ERROR - Jugador 623 [NO ENCONTRADO]
[12:14:38.457] ERROR - Jugador 624 [NO ENCONTRADO]
[12:14:38.474] ERROR - Jugador 626 [NO ENCONTRADO]
[12:14:38.495] ERROR - Jugador 625 [NO ENCONTRADO]
[12:14:38.499] ERROR - Jugador 628 [NO ENCONTRADO]
[12:14:38.612] ERROR - Jugador 629 [NO ENCONTRADO]
[12:14:38.645] ERROR - Jugador 627 [NO ENCONTRADO]
[12:14:38.671] ERROR - Jugador 630 [NO ENCONTRADO]
[12:14:38.918] ERROR - Jugador 631 [NO ENCONTRADO]
[12:14:38.925] ERROR - Jugador 632 [NO ENCONTRADO]
[12:14:38.968] ERROR - Jugador 634 [NO ENCONTRADO]
[12:14:39.018] ERROR - Jugador 636 [NO ENCONTRADO]
[12:14:39.023] ERROR - Jugador 635 [NO ENCONTRADO]
[12:14:39.077] ERROR - Jugador 638 [NO ENCONTRADO]
[12:14:39.081] ERROR - Jugador 633 [NO ENCONTRADO]
[12:14:39.350] ERROR - Jugador 639 [NO ENCONTRADO]
[12:14:39.373] ERROR - Jugador 640 [NO ENCONTRADO]
[12:14:39.470] ERROR - Jugador 643 [NO ENCONTRADO]
[12:14:39.537] ERROR - Jugador 641 [NO ENCONTRADO]
[12:14:39.624] INFO - Escribiendo historial market-value del jugador 637 (65 values)
[12:14:39.627] INFO - Jugador 637 almacenado correctamente
[12:14:39.818] ERROR - Jugador 646 [NO ENCONTRADO]
[12:14:39.951] ERROR - Jugador 647 [NO ENCONTRADO]
[12:14:40.038] INFO - Escribiendo historial market-value del jugador 642 (22 values)
[12:14:40.039] INFO - Jugador 642 almacenado correctamente
[12:14:40.052] ERROR - Jugador 650 [out_of_league]
[12:14:40.158] INFO - Escribiendo historial market-value del jugador 645 (65 values)
[12:14:40.159] INFO - Jugador 645 almacenado correctamente
[12:14:40.169] INFO - Escribiendo historial market-value del jugador 644 (65 values)
[12:14:40.170] INFO - Jugador 644 almacenado correctamente
[12:14:40.237] ERROR - Jugador 648 [NO ENCONTRADO]
[12:14:40.496] INFO - Escribiendo historial market-value del jugador 649 (65 values)
[12:14:40.498] INFO - Jugador 649 almacenado correctamente
[12:14:40.502] ERROR - Jugador 654 [NO ENCONTRADO]
[12:14:40.520] ERROR - Jugador 653 [NO ENCONTRADO]
[12:14:40.577] ERROR - Jugador 655 [NO ENCONTRADO]
[12:14:40.615] ERROR - Jugador 656 [NO ENCONTRADO]
[12:14:40.687] INFO - Escribiendo historial market-value del jugador 651 (65 values)
[12:14:40.688] INFO - Jugador 651 almacenado correctamente
[12:14:40.709] ERROR - Jugador 657 [NO ENCONTRADO]
[12:14:40.805] INFO - Escribiendo historial market-value del jugador 652 (22 values)
[12:14:40.806] INFO - Jugador 652 almacenado correctamente
[12:14:40.976] ERROR - Jugador 659 [NO ENCONTRADO]
[12:14:40.985] ERROR - Jugador 660 [NO ENCONTRADO]
[12:14:41.015] ERROR - Jugador 658 [NO ENCONTRADO]
[12:14:41.033] ERROR - Jugador 662 [NO ENCONTRADO]
[12:14:41.101] ERROR - Jugador 663 [NO ENCONTRADO]
[12:14:41.215] ERROR - Jugador 661 [NO ENCONTRADO]
[12:14:41.304] ERROR - Jugador 664 [out_of_league]
[12:14:41.471] ERROR - Jugador 669 [NO ENCONTRADO]
[12:14:41.553] ERROR - Jugador 667 [NO ENCONTRADO]
[12:14:41.627] ERROR - Jugador 668 [NO ENCONTRADO]
[12:14:41.632] ERROR - Jugador 670 [NO ENCONTRADO]
[12:14:41.638] ERROR - Jugador 671 [NO ENCONTRADO]
[12:14:41.703] ERROR - Jugador 672 [NO ENCONTRADO]
[12:14:41.800] INFO - Escribiendo historial market-value del jugador 666 (63 values)
[12:14:41.801] INFO - Jugador 666 almacenado correctamente
[12:14:41.943] ERROR - Jugador 674 [NO ENCONTRADO]
[12:14:41.973] INFO - Escribiendo historial market-value del jugador 665 (65 values)
[12:14:41.974] INFO - Jugador 665 almacenado correctamente
[12:14:42.076] ERROR - Jugador 676 [NO ENCONTRADO]
[12:14:42.091] ERROR - Jugador 675 [out_of_league]
[12:14:42.112] ERROR - Jugador 677 [NO ENCONTRADO]
[12:14:42.130] ERROR - Jugador 678 [NO ENCONTRADO]
[12:14:42.219] ERROR - Jugador 679 [NO ENCONTRADO]
[12:14:42.372] INFO - Escribiendo historial market-value del jugador 673 (65 values)
[12:14:42.373] INFO - Jugador 673 almacenado correctamente
[12:14:42.488] ERROR - Jugador 682 [NO ENCONTRADO]
[12:14:42.568] ERROR - Jugador 684 [NO ENCONTRADO]
[12:14:42.593] ERROR - Jugador 685 [NO ENCONTRADO]
[12:14:42.626] ERROR - Jugador 686 [NO ENCONTRADO]
[12:14:42.921] INFO - Escribiendo historial market-value del jugador 680 (65 values)
[12:14:42.923] INFO - Jugador 680 almacenado correctamente
[12:14:42.962] ERROR - Jugador 687 [NO ENCONTRADO]
[12:14:43.003] ERROR - Jugador 689 [NO ENCONTRADO]
[12:14:43.031] INFO - Escribiendo historial market-value del jugador 683 (65 values)
[12:14:43.033] INFO - Jugador 683 almacenado correctamente
[12:14:43.062] ERROR - Jugador 691 [NO ENCONTRADO]
[12:14:43.063] ERROR - Jugador 690 [NO ENCONTRADO]
[12:14:43.071] ERROR - Jugador 688 [NO ENCONTRADO]
[12:14:43.090] INFO - Escribiendo historial market-value del jugador 681 (65 values)
[12:14:43.090] INFO - Jugador 681 almacenado correctamente
[12:14:43.406] ERROR - Jugador 693 [NO ENCONTRADO]
[12:14:43.417] ERROR - Jugador 694 [NO ENCONTRADO]
[12:14:43.424] ERROR - Jugador 695 [NO ENCONTRADO]
[12:14:43.490] ERROR - Jugador 692 [NO ENCONTRADO]
[12:14:43.529] ERROR - Jugador 697 [NO ENCONTRADO]
[12:14:43.550] ERROR - Jugador 698 [NO ENCONTRADO]
[12:14:43.561] ERROR - Jugador 696 [NO ENCONTRADO]
[12:14:43.695] ERROR - Jugador 699 [NO ENCONTRADO]
[12:14:43.863] ERROR - Jugador 702 [NO ENCONTRADO]
[12:14:43.883] ERROR - Jugador 703 [NO ENCONTRADO]
[12:14:43.968] ERROR - Jugador 700 [NO ENCONTRADO]
[12:14:43.974] ERROR - Jugador 706 [NO ENCONTRADO]
[12:14:43.978] ERROR - Jugador 705 [NO ENCONTRADO]
[12:14:44.107] ERROR - Jugador 704 [out_of_league]
[12:14:44.249] ERROR - Jugador 707 [NO ENCONTRADO]
[12:14:44.254] ERROR - Jugador 708 [NO ENCONTRADO]
[12:14:44.429] ERROR - Jugador 712 [NO ENCONTRADO]
[12:14:44.432] ERROR - Jugador 709 [NO ENCONTRADO]
[12:14:44.548] ERROR - Jugador 713 [NO ENCONTRADO]
[12:14:44.587] ERROR - Jugador 711 [NO ENCONTRADO]
[12:14:44.592] ERROR - Jugador 710 [NO ENCONTRADO]
[12:14:44.599] INFO - Escribiendo historial market-value del jugador 701 (65 values)
[12:14:44.600] INFO - Jugador 701 almacenado correctamente
[12:14:44.822] ERROR - Jugador 714 [NO ENCONTRADO]
[12:14:44.872] ERROR - Jugador 717 [NO ENCONTRADO]
[12:14:44.879] ERROR - Jugador 716 [NO ENCONTRADO]
[12:14:44.960] ERROR - Jugador 718 [NO ENCONTRADO]
[12:14:45.064] ERROR - Jugador 720 [NO ENCONTRADO]
[12:14:45.097] ERROR - Jugador 719 [NO ENCONTRADO]
[12:14:45.207] ERROR - Jugador 721 [NO ENCONTRADO]
[12:14:45.249] ERROR - Jugador 722 [NO ENCONTRADO]
[12:14:45.267] INFO - Escribiendo historial market-value del jugador 715 (65 values)
[12:14:45.267] INFO - Jugador 715 almacenado correctamente
[12:14:45.348] ERROR - Jugador 724 [NO ENCONTRADO]
[12:14:45.373] ERROR - Jugador 725 [NO ENCONTRADO]
[12:14:45.456] ERROR - Jugador 723 [NO ENCONTRADO]
[12:14:45.484] ERROR - Jugador 726 [NO ENCONTRADO]
[12:14:45.610] ERROR - Jugador 728 [NO ENCONTRADO]
[12:14:45.664] ERROR - Jugador 729 [NO ENCONTRADO]
[12:14:45.706] ERROR - Jugador 730 [NO ENCONTRADO]
[12:14:45.744] ERROR - Jugador 731 [NO ENCONTRADO]
[12:14:45.779] ERROR - Jugador 732 [NO ENCONTRADO]
[12:14:45.889] ERROR - Jugador 733 [NO ENCONTRADO]
[12:14:45.917] ERROR - Jugador 734 [NO ENCONTRADO]
[12:14:45.927] ERROR - Jugador 727 [NO ENCONTRADO]
[12:14:46.007] ERROR - Jugador 735 [NO ENCONTRADO]
[12:14:46.144] ERROR - Jugador 736 [NO ENCONTRADO]
[12:14:46.149] ERROR - Jugador 737 [NO ENCONTRADO]
[12:14:46.194] ERROR - Jugador 738 [NO ENCONTRADO]
[12:14:46.212] ERROR - Jugador 739 [NO ENCONTRADO]
[12:14:46.311] ERROR - Jugador 740 [NO ENCONTRADO]
[12:14:46.451] ERROR - Jugador 743 [NO ENCONTRADO]
[12:14:46.468] ERROR - Jugador 741 [NO ENCONTRADO]
[12:14:46.621] ERROR - Jugador 744 [NO ENCONTRADO]
[12:14:46.707] ERROR - Jugador 746 [NO ENCONTRADO]
[12:14:46.711] ERROR - Jugador 747 [NO ENCONTRADO]
[12:14:46.730] ERROR - Jugador 748 [NO ENCONTRADO]
[12:14:46.760] ERROR - Jugador 745 [NO ENCONTRADO]
[12:14:46.952] ERROR - Jugador 750 [NO ENCONTRADO]
[12:14:47.023] ERROR - Jugador 749 [NO ENCONTRADO]
[12:14:47.161] ERROR - Jugador 751 [NO ENCONTRADO]
[12:14:47.174] ERROR - Jugador 753 [NO ENCONTRADO]
[12:14:47.179] ERROR - Jugador 752 [NO ENCONTRADO]
[12:14:47.183] INFO - Escribiendo historial market-value del jugador 742 (65 values)
[12:14:47.184] INFO - Jugador 742 almacenado correctamente
[12:14:47.193] ERROR - Jugador 754 [NO ENCONTRADO]
[12:14:47.360] ERROR - Jugador 755 [NO ENCONTRADO]
[12:14:47.431] ERROR - Jugador 756 [NO ENCONTRADO]
[12:14:47.484] ERROR - Jugador 757 [NO ENCONTRADO]
[12:14:47.593] ERROR - Jugador 758 [NO ENCONTRADO]
[12:14:47.642] ERROR - Jugador 761 [NO ENCONTRADO]
[12:14:47.705] ERROR - Jugador 760 [NO ENCONTRADO]
[12:14:47.731] ERROR - Jugador 759 [NO ENCONTRADO]
[12:14:47.767] ERROR - Jugador 763 [NO ENCONTRADO]
[12:14:47.850] ERROR - Jugador 762 [NO ENCONTRADO]
[12:14:47.896] ERROR - Jugador 764 [NO ENCONTRADO]
[12:14:47.929] ERROR - Jugador 765 [NO ENCONTRADO]
[12:14:48.046] ERROR - Jugador 767 [NO ENCONTRADO]
[12:14:48.169] ERROR - Jugador 769 [NO ENCONTRADO]
[12:14:48.251] ERROR - Jugador 771 [NO ENCONTRADO]
[12:14:48.316] ERROR - Jugador 770 [NO ENCONTRADO]
[12:14:48.363] ERROR - Jugador 773 [NO ENCONTRADO]
[12:14:48.434] INFO - Escribiendo historial market-value del jugador 766 (65 values)
[12:14:48.435] INFO - Jugador 766 almacenado correctamente
[12:14:48.442] ERROR - Jugador 772 [NO ENCONTRADO]
[12:14:48.564] INFO - Escribiendo historial market-value del jugador 768 (65 values)
[12:14:48.566] INFO - Jugador 768 almacenado correctamente
[12:14:48.609] ERROR - Jugador 775 [out_of_league]
[12:14:48.802] ERROR - Jugador 778 [NO ENCONTRADO]
[12:14:48.808] ERROR - Jugador 776 [NO ENCONTRADO]
[12:14:48.820] ERROR - Jugador 774 [NO ENCONTRADO]
[12:14:48.845] ERROR - Jugador 777 [NO ENCONTRADO]
[12:14:48.891] ERROR - Jugador 780 [NO ENCONTRADO]
[12:14:49.015] ERROR - Jugador 779 [NO ENCONTRADO]
[12:14:49.062] ERROR - Jugador 782 [NO ENCONTRADO]
[12:14:49.113] ERROR - Jugador 781 [NO ENCONTRADO]
[12:14:49.287] ERROR - Jugador 783 [NO ENCONTRADO]
[12:14:49.327] ERROR - Jugador 785 [NO ENCONTRADO]
[12:14:49.338] ERROR - Jugador 787 [NO ENCONTRADO]
[12:14:49.403] ERROR - Jugador 784 [NO ENCONTRADO]
[12:14:49.547] ERROR - Jugador 788 [NO ENCONTRADO]
[12:14:49.566] ERROR - Jugador 789 [NO ENCONTRADO]
[12:14:49.628] ERROR - Jugador 790 [NO ENCONTRADO]
[12:14:49.700] ERROR - Jugador 791 [NO ENCONTRADO]
[12:14:49.799] ERROR - Jugador 792 [NO ENCONTRADO]
[12:14:49.843] INFO - Escribiendo historial market-value del jugador 786 (65 values)
[12:14:49.843] INFO - Jugador 786 almacenado correctamente
[12:14:49.856] ERROR - Jugador 793 [NO ENCONTRADO]
[12:14:50.016] ERROR - Jugador 794 [NO ENCONTRADO]
[12:14:50.039] ERROR - Jugador 796 [NO ENCONTRADO]
[12:14:50.069] ERROR - Jugador 797 [NO ENCONTRADO]
[12:14:50.111] ERROR - Jugador 798 [NO ENCONTRADO]
[12:14:50.206] ERROR - Jugador 799 [NO ENCONTRADO]
[12:14:50.230] ERROR - Jugador 795 [NO ENCONTRADO]
[12:14:50.331] ERROR - Jugador 800 [NO ENCONTRADO]
[12:14:50.394] ERROR - Jugador 802 [NO ENCONTRADO]
[12:14:50.485] ERROR - Jugador 803 [NO ENCONTRADO]
[12:14:50.622] ERROR - Jugador 804 [NO ENCONTRADO]
[12:14:50.645] ERROR - Jugador 806 [NO ENCONTRADO]
[12:14:50.665] ERROR - Jugador 805 [NO ENCONTRADO]
[12:14:50.763] INFO - Escribiendo historial market-value del jugador 801 (65 values)
[12:14:50.764] INFO - Jugador 801 almacenado correctamente
[12:14:50.777] ERROR - Jugador 808 [NO ENCONTRADO]
[12:14:50.787] ERROR - Jugador 807 [NO ENCONTRADO]
[12:14:50.815] ERROR - Jugador 809 [NO ENCONTRADO]
[12:14:50.897] ERROR - Jugador 810 [NO ENCONTRADO]
[12:14:51.057] ERROR - Jugador 811 [NO ENCONTRADO]
[12:14:51.088] ERROR - Jugador 812 [NO ENCONTRADO]
[12:14:51.098] ERROR - Jugador 813 [NO ENCONTRADO]
[12:14:51.199] ERROR - Jugador 814 [NO ENCONTRADO]
[12:14:51.203] ERROR - Jugador 815 [NO ENCONTRADO]
[12:14:51.234] ERROR - Jugador 816 [NO ENCONTRADO]
[12:14:51.254] ERROR - Jugador 817 [NO ENCONTRADO]
[12:14:51.464] ERROR - Jugador 818 [NO ENCONTRADO]
[12:14:51.498] ERROR - Jugador 819 [NO ENCONTRADO]
[12:14:51.525] ERROR - Jugador 821 [NO ENCONTRADO]
[12:14:51.532] ERROR - Jugador 820 [NO ENCONTRADO]
[12:14:51.608] ERROR - Jugador 822 [NO ENCONTRADO]
[12:14:51.638] ERROR - Jugador 823 [NO ENCONTRADO]
[12:14:51.652] ERROR - Jugador 824 [NO ENCONTRADO]
[12:14:51.706] ERROR - Jugador 825 [NO ENCONTRADO]
[12:14:51.924] ERROR - Jugador 826 [NO ENCONTRADO]
[12:14:51.943] ERROR - Jugador 827 [NO ENCONTRADO]
[12:14:51.968] ERROR - Jugador 828 [NO ENCONTRADO]
[12:14:51.971] ERROR - Jugador 829 [NO ENCONTRADO]
[12:14:51.994] ERROR - Jugador 830 [NO ENCONTRADO]
[12:14:52.034] ERROR - Jugador 831 [NO ENCONTRADO]
[12:14:52.166] ERROR - Jugador 833 [NO ENCONTRADO]
[12:14:52.191] ERROR - Jugador 832 [NO ENCONTRADO]
[12:14:52.352] ERROR - Jugador 834 [NO ENCONTRADO]
[12:14:52.428] ERROR - Jugador 835 [NO ENCONTRADO]
[12:14:52.473] ERROR - Jugador 839 [NO ENCONTRADO]
[12:14:52.485] ERROR - Jugador 838 [NO ENCONTRADO]
[12:14:52.490] ERROR - Jugador 836 [NO ENCONTRADO]
[12:14:52.631] ERROR - Jugador 837 [NO ENCONTRADO]
[12:14:52.636] ERROR - Jugador 840 [NO ENCONTRADO]
[12:14:52.658] ERROR - Jugador 841 [NO ENCONTRADO]
[12:14:52.753] ERROR - Jugador 842 [NO ENCONTRADO]
[12:14:52.924] ERROR - Jugador 844 [NO ENCONTRADO]
[12:14:52.946] ERROR - Jugador 843 [NO ENCONTRADO]
[12:14:52.951] ERROR - Jugador 846 [NO ENCONTRADO]
[12:14:52.958] ERROR - Jugador 845 [NO ENCONTRADO]
[12:14:53.043] ERROR - Jugador 848 [NO ENCONTRADO]
[12:14:53.101] ERROR - Jugador 849 [NO ENCONTRADO]
[12:14:53.206] ERROR - Jugador 847 [NO ENCONTRADO]
[12:14:53.422] ERROR - Jugador 854 [NO ENCONTRADO]
[12:14:53.429] ERROR - Jugador 852 [NO ENCONTRADO]
[12:14:53.461] ERROR - Jugador 855 [out_of_league]
[12:14:53.465] ERROR - Jugador 851 [NO ENCONTRADO]
[12:14:53.812] ERROR - Jugador 857 [NO ENCONTRADO]
[12:14:53.901] INFO - Escribiendo historial market-value del jugador 853 (65 values)
[12:14:53.902] INFO - Jugador 853 almacenado correctamente
[12:14:53.924] INFO - Escribiendo historial market-value del jugador 850 (65 values)
[12:14:53.925] INFO - Jugador 850 almacenado correctamente
[12:14:53.925] ERROR - Jugador 858 [NO ENCONTRADO]
[12:14:53.936] ERROR - Jugador 861 [NO ENCONTRADO]
[12:14:53.942] ERROR - Jugador 860 [NO ENCONTRADO]
[12:14:53.952] INFO - Escribiendo historial market-value del jugador 856 (65 values)
[12:14:53.953] INFO - Jugador 856 almacenado correctamente
[12:14:54.233] ERROR - Jugador 862 [NO ENCONTRADO]
[12:14:54.309] ERROR - Jugador 863 [NO ENCONTRADO]
[12:14:54.427] ERROR - Jugador 865 [NO ENCONTRADO]
[12:14:54.450] ERROR - Jugador 866 [NO ENCONTRADO]
[12:14:54.459] ERROR - Jugador 868 [NO ENCONTRADO]
[12:14:54.461] ERROR - Jugador 864 [NO ENCONTRADO]
[12:14:54.511] INFO - Escribiendo historial market-value del jugador 859 (65 values)
[12:14:54.512] INFO - Jugador 859 almacenado correctamente
[12:14:54.584] ERROR - Jugador 867 [NO ENCONTRADO]
[12:14:54.700] ERROR - Jugador 869 [NO ENCONTRADO]
[12:14:54.754] ERROR - Jugador 870 [NO ENCONTRADO]
[12:14:54.828] ERROR - Jugador 871 [NO ENCONTRADO]
[12:14:54.960] ERROR - Jugador 872 [NO ENCONTRADO]
[12:14:54.976] ERROR - Jugador 875 [NO ENCONTRADO]
[12:14:55.144] ERROR - Jugador 877 [NO ENCONTRADO]
[12:14:55.227] ERROR - Jugador 878 [NO ENCONTRADO]
[12:14:55.257] ERROR - Jugador 879 [NO ENCONTRADO]
[12:14:55.385] ERROR - Jugador 881 [NO ENCONTRADO]
[12:14:55.409] ERROR - Jugador 880 [NO ENCONTRADO]
[12:14:55.494] INFO - Escribiendo historial market-value del jugador 873 (65 values)
[12:14:55.495] INFO - Jugador 873 almacenado correctamente
[12:14:55.592] INFO - Escribiendo historial market-value del jugador 876 (65 values)
[12:14:55.593] INFO - Jugador 876 almacenado correctamente
[12:14:55.645] ERROR - Jugador 883 [NO ENCONTRADO]
[12:14:55.656] ERROR - Jugador 884 [NO ENCONTRADO]
[12:14:55.773] ERROR - Jugador 885 [NO ENCONTRADO]
[12:14:55.899] ERROR - Jugador 887 [NO ENCONTRADO]
[12:14:56.046] ERROR - Jugador 888 [NO ENCONTRADO]
[12:14:56.085] ERROR - Jugador 890 [NO ENCONTRADO]
[12:14:56.098] INFO - Escribiendo historial market-value del jugador 882 (65 values)
[12:14:56.099] INFO - Jugador 882 almacenado correctamente
[12:14:56.170] ERROR - Jugador 891 [NO ENCONTRADO]
[12:14:56.242] INFO - Escribiendo historial market-value del jugador 886 (65 values)
[12:14:56.243] INFO - Jugador 886 almacenado correctamente
[12:14:56.351] ERROR - Jugador 892 [NO ENCONTRADO]
[12:14:56.433] ERROR - Jugador 893 [NO ENCONTRADO]
[12:14:56.534] ERROR - Jugador 895 [NO ENCONTRADO]
[12:14:56.576] ERROR - Jugador 896 [NO ENCONTRADO]
[12:14:56.634] INFO - Escribiendo historial market-value del jugador 889 (65 values)
[12:14:56.635] INFO - Jugador 889 almacenado correctamente
[12:14:56.670] ERROR - Jugador 897 [NO ENCONTRADO]
[12:14:57.019] ERROR - Jugador 899 [NO ENCONTRADO]
[12:14:57.047] ERROR - Jugador 902 [NO ENCONTRADO]
[12:14:57.087] ERROR - Jugador 903 [NO ENCONTRADO]
[12:14:57.112] INFO - Escribiendo historial market-value del jugador 894 (27 values)
[12:14:57.113] INFO - Jugador 894 almacenado correctamente
[12:14:57.121] ERROR - Jugador 900 [NO ENCONTRADO]
[12:14:57.345] INFO - Escribiendo historial market-value del jugador 898 (20 values)
[12:14:57.346] INFO - Jugador 898 almacenado correctamente
[12:14:57.410] ERROR - Jugador 904 [NO ENCONTRADO]
[12:14:57.455] ERROR - Jugador 905 [out_of_league]
[12:14:57.500] ERROR - Jugador 906 [NO ENCONTRADO]
[12:14:57.601] INFO - Escribiendo historial market-value del jugador 901 (65 values)
[12:14:57.601] INFO - Jugador 901 almacenado correctamente
[12:14:57.747] ERROR - Jugador 907 [NO ENCONTRADO]
[12:14:57.778] ERROR - Jugador 909 [NO ENCONTRADO]
[12:14:57.824] ERROR - Jugador 910 [NO ENCONTRADO]
[12:14:58.007] INFO - Escribiendo historial market-value del jugador 908 (65 values)
[12:14:58.008] INFO - Jugador 908 almacenado correctamente
[12:14:58.068] ERROR - Jugador 913 [NO ENCONTRADO]
[12:14:58.089] ERROR - Jugador 912 [out_of_league]
[12:14:58.198] ERROR - Jugador 915 [NO ENCONTRADO]
[12:14:58.290] ERROR - Jugador 914 [NO ENCONTRADO]
[12:14:58.377] ERROR - Jugador 916 [NO ENCONTRADO]
[12:14:58.482] ERROR - Jugador 919 [NO ENCONTRADO]
[12:14:58.501] ERROR - Jugador 917 [NO ENCONTRADO]
[12:14:58.689] ERROR - Jugador 921 [NO ENCONTRADO]
[12:14:58.750] ERROR - Jugador 920 [NO ENCONTRADO]
[12:14:58.770] ERROR - Jugador 922 [NO ENCONTRADO]
[12:14:58.871] ERROR - Jugador 923 [NO ENCONTRADO]
[12:14:58.937] ERROR - Jugador 924 [NO ENCONTRADO]
[12:14:59.069] INFO - Escribiendo historial market-value del jugador 918 (63 values)
[12:14:59.070] INFO - Jugador 918 almacenado correctamente
[12:14:59.341] ERROR - Jugador 911 [NO ENCONTRADO]
[12:14:59.343] CRITICAL - ('Connection aborted.', ConnectionResetError(104, 'Connection reset by peer'))
Traceback (most recent call last):
  File "/opt/hostedtoolcache/Python/3.9.19/x64/lib/python3.9/site-packages/urllib3/connectionpool.py", line 716, in urlopen
    httplib_response = self._make_request(
  File "/opt/hostedtoolcache/Python/3.9.19/x64/lib/python3.9/site-packages/urllib3/connectionpool.py", line 404, in _make_request
    self._validate_conn(conn)
  File "/opt/hostedtoolcache/Python/3.9.19/x64/lib/python3.9/site-packages/urllib3/connectionpool.py", line 1061, in _validate_conn
    conn.connect()
  File "/opt/hostedtoolcache/Python/3.9.19/x64/lib/python3.9/site-packages/urllib3/connection.py", line 419, in connect
    self.sock = ssl_wrap_socket(
  File "/opt/hostedtoolcache/Python/3.9.19/x64/lib/python3.9/site-packages/urllib3/util/ssl_.py", line 458, in ssl_wrap_socket
    ssl_sock = _ssl_wrap_socket_impl(
  File "/opt/hostedtoolcache/Python/3.9.19/x64/lib/python3.9/site-packages/urllib3/util/ssl_.py", line 502, in _ssl_wrap_socket_impl
    return ssl_context.wrap_socket(sock, server_hostname=server_hostname)
  File "/opt/hostedtoolcache/Python/3.9.19/x64/lib/python3.9/ssl.py", line 501, in wrap_socket
    return self.sslsocket_class._create(
  File "/opt/hostedtoolcache/Python/3.9.19/x64/lib/python3.9/ssl.py", line 1074, in _create
    self.do_handshake()
  File "/opt/hostedtoolcache/Python/3.9.19/x64/lib/python3.9/ssl.py", line 1343, in do_handshake
    self._sslobj.do_handshake()
ConnectionResetError: [Errno 104] Connection reset by peer

During handling of the above exception, another exception occurred:

Traceback (most recent call last):
  File "/opt/hostedtoolcache/Python/3.9.19/x64/lib/python3.9/site-packages/requests/adapters.py", line 489, in send
    resp = conn.urlopen(
  File "/opt/hostedtoolcache/Python/3.9.19/x64/lib/python3.9/site-packages/urllib3/connectionpool.py", line 802, in urlopen
    retries = retries.increment(
  File "/opt/hostedtoolcache/Python/3.9.19/x64/lib/python3.9/site-packages/urllib3/util/retry.py", line 552, in increment
    raise six.reraise(type(error), error, _stacktrace)
  File "/opt/hostedtoolcache/Python/3.9.19/x64/lib/python3.9/site-packages/urllib3/packages/six.py", line 769, in reraise
    raise value.with_traceback(tb)
  File "/opt/hostedtoolcache/Python/3.9.19/x64/lib/python3.9/site-packages/urllib3/connectionpool.py", line 716, in urlopen
    httplib_response = self._make_request(
  File "/opt/hostedtoolcache/Python/3.9.19/x64/lib/python3.9/site-packages/urllib3/connectionpool.py", line 404, in _make_request
    self._validate_conn(conn)
  File "/opt/hostedtoolcache/Python/3.9.19/x64/lib/python3.9/site-packages/urllib3/connectionpool.py", line 1061, in _validate_conn
    conn.connect()
  File "/opt/hostedtoolcache/Python/3.9.19/x64/lib/python3.9/site-packages/urllib3/connection.py", line 419, in connect
    self.sock = ssl_wrap_socket(
  File "/opt/hostedtoolcache/Python/3.9.19/x64/lib/python3.9/site-packages/urllib3/util/ssl_.py", line 458, in ssl_wrap_socket
    ssl_sock = _ssl_wrap_socket_impl(
  File "/opt/hostedtoolcache/Python/3.9.19/x64/lib/python3.9/site-packages/urllib3/util/ssl_.py", line 502, in _ssl_wrap_socket_impl
    return ssl_context.wrap_socket(sock, server_hostname=server_hostname)
  File "/opt/hostedtoolcache/Python/3.9.19/x64/lib/python3.9/ssl.py", line 501, in wrap_socket
    return self.sslsocket_class._create(
  File "/opt/hostedtoolcache/Python/3.9.19/x64/lib/python3.9/ssl.py", line 1074, in _create
    self.do_handshake()
  File "/opt/hostedtoolcache/Python/3.9.19/x64/lib/python3.9/ssl.py", line 1343, in do_handshake
    self._sslobj.do_handshake()
urllib3.exceptions.ProtocolError: ('Connection aborted.', ConnectionResetError(104, 'Connection reset by peer'))

During handling of the above exception, another exception occurred:

Traceback (most recent call last):
  File "<string>", line 215, in main
  File "/opt/hostedtoolcache/Python/3.9.19/x64/lib/python3.9/concurrent/futures/_base.py", line 609, in result_iterator
    yield fs.pop().result()
  File "/opt/hostedtoolcache/Python/3.9.19/x64/lib/python3.9/concurrent/futures/_base.py", line 446, in result
    return self.__get_result()
  File "/opt/hostedtoolcache/Python/3.9.19/x64/lib/python3.9/concurrent/futures/_base.py", line 391, in __get_result
    raise self._exception
  File "/opt/hostedtoolcache/Python/3.9.19/x64/lib/python3.9/concurrent/futures/thread.py", line 58, in run
    result = self.fn(*self.args, **self.kwargs)
  File "<string>", line 171, in multithread_scrape_player_aux
  File "/opt/hostedtoolcache/Python/3.9.19/x64/lib/python3.9/site-packages/requests/api.py", line 73, in get
    return request("get", url, params=params, **kwargs)
  File "/opt/hostedtoolcache/Python/3.9.19/x64/lib/python3.9/site-packages/requests/api.py", line 59, in request
    return session.request(method=method, url=url, **kwargs)
  File "/opt/hostedtoolcache/Python/3.9.19/x64/lib/python3.9/site-packages/requests/sessions.py", line 587, in request
    resp = self.send(prep, **send_kwargs)
  File "/opt/hostedtoolcache/Python/3.9.19/x64/lib/python3.9/site-packages/requests/sessions.py", line 701, in send
    r = adapter.send(request, **kwargs)
  File "/opt/hostedtoolcache/Python/3.9.19/x64/lib/python3.9/site-packages/requests/adapters.py", line 547, in send
    raise ConnectionError(err, request=request)
requests.exceptions.ConnectionError: ('Connection aborted.', ConnectionResetError(104, 'Connection reset by peer'))
