[00:31:11.493] INFO - Eliminando anteriores archivos (data/, players/)
[00:31:11.514] INFO - API endpoint https://api.laligafantasymarca.com/api/v3/player
[00:31:11.514] INFO - API endpoint market-values https://api.laligafantasymarca.com/api/v3/player/ID_JUGADOR/market-value
[00:31:12.018] ERROR - Jugador 57 [NO ENCONTRADO]
[00:31:12.032] ERROR - Jugador 54 [NO ENCONTRADO]
[00:31:12.044] ERROR - Jugador 52 [NO ENCONTRADO]
[00:31:12.366] ERROR - Jugador 60 [NO ENCONTRADO]
[00:31:12.398] ERROR - Jugador 61 [out_of_league]
[00:31:12.419] INFO - Escribiendo historial market-value del jugador 59 (321 values)
[00:31:12.421] INFO - Jugador 59 almacenado correctamente
[00:31:12.455] INFO - Escribiendo historial market-value del jugador 55 (321 values)
[00:31:12.458] INFO - Jugador 55 almacenado correctamente
[00:31:12.510] INFO - Escribiendo historial market-value del jugador 56 (321 values)
[00:31:12.517] INFO - Jugador 56 almacenado correctamente
[00:31:12.528] INFO - Escribiendo historial market-value del jugador 53 (321 values)
[00:31:12.534] INFO - Escribiendo historial market-value del jugador 58 (321 values)
[00:31:12.539] INFO - Jugador 53 almacenado correctamente
[00:31:12.545] INFO - Jugador 58 almacenado correctamente
[00:31:12.684] ERROR - Jugador 63 [NO ENCONTRADO]
[00:31:12.722] ERROR - Jugador 64 [NO ENCONTRADO]
[00:31:12.774] ERROR - Jugador 66 [NO ENCONTRADO]
[00:31:12.896] INFO - Escribiendo historial market-value del jugador 62 (321 values)
[00:31:12.901] INFO - Jugador 62 almacenado correctamente
[00:31:12.908] ERROR - Jugador 69 [NO ENCONTRADO]
[00:31:13.007] ERROR - Jugador 70 [NO ENCONTRADO]
[00:31:13.060] ERROR - Jugador 71 [out_of_league]
[00:31:13.237] INFO - Escribiendo historial market-value del jugador 65 (321 values)
[00:31:13.241] INFO - Jugador 65 almacenado correctamente
[00:31:13.368] INFO - Escribiendo historial market-value del jugador 67 (321 values)
[00:31:13.373] INFO - Jugador 67 almacenado correctamente
[00:31:13.386] INFO - Escribiendo historial market-value del jugador 68 (321 values)
[00:31:13.389] ERROR - Jugador 76 [NO ENCONTRADO]
[00:31:13.394] INFO - Jugador 68 almacenado correctamente
[00:31:13.560] INFO - Escribiendo historial market-value del jugador 72 (314 values)
[00:31:13.565] INFO - Jugador 72 almacenado correctamente
[00:31:13.693] INFO - Escribiendo historial market-value del jugador 74 (321 values)
[00:31:13.697] INFO - Jugador 74 almacenado correctamente
[00:31:13.728] INFO - Escribiendo historial market-value del jugador 73 (314 values)
[00:31:13.732] INFO - Jugador 73 almacenado correctamente
[00:31:13.756] ERROR - Jugador 79 [out_of_league]
[00:31:13.788] INFO - Escribiendo historial market-value del jugador 75 (269 values)
[00:31:13.792] INFO - Jugador 75 almacenado correctamente
[00:31:13.985] INFO - Escribiendo historial market-value del jugador 77 (321 values)
[00:31:13.989] INFO - Jugador 77 almacenado correctamente
[00:31:14.058] ERROR - Jugador 83 [NO ENCONTRADO]
[00:31:14.094] ERROR - Jugador 84 [out_of_league]
[00:31:14.108] ERROR - Jugador 85 [NO ENCONTRADO]
[00:31:14.181] INFO - Escribiendo historial market-value del jugador 80 (321 values)
[00:31:14.184] INFO - Escribiendo historial market-value del jugador 78 (293 values)
[00:31:14.187] INFO - Jugador 80 almacenado correctamente
[00:31:14.195] INFO - Jugador 78 almacenado correctamente
[00:31:14.353] INFO - Escribiendo historial market-value del jugador 81 (321 values)
[00:31:14.357] INFO - Jugador 81 almacenado correctamente
[00:31:14.379] ERROR - Jugador 87 [NO ENCONTRADO]
[00:31:14.430] ERROR - Jugador 88 [NO ENCONTRADO]
[00:31:14.434] ERROR - Jugador 89 [NO ENCONTRADO]
[00:31:14.484] INFO - Escribiendo historial market-value del jugador 82 (321 values)
[00:31:14.489] INFO - Jugador 82 almacenado correctamente
[00:31:14.783] INFO - Escribiendo historial market-value del jugador 86 (314 values)
[00:31:14.791] INFO - Jugador 86 almacenado correctamente
[00:31:14.799] ERROR - Jugador 95 [out_of_league]
[00:31:14.802] ERROR - Jugador 94 [out_of_league]
[00:31:14.807] ERROR - Jugador 96 [NO ENCONTRADO]
[00:31:15.006] INFO - Escribiendo historial market-value del jugador 91 (321 values)
[00:31:15.010] INFO - Jugador 91 almacenado correctamente
[00:31:15.024] INFO - Escribiendo historial market-value del jugador 90 (314 values)
[00:31:15.029] INFO - Jugador 90 almacenado correctamente
[00:31:15.180] ERROR - Jugador 98 [out_of_league]
[00:31:15.183] INFO - Escribiendo historial market-value del jugador 92 (321 values)
[00:31:15.188] INFO - Jugador 92 almacenado correctamente
[00:31:15.201] ERROR - Jugador 100 [NO ENCONTRADO]
[00:31:15.208] ERROR - Jugador 99 [out_of_league]
[00:31:15.218] INFO - Escribiendo historial market-value del jugador 93 (321 values)
[00:31:15.222] INFO - Jugador 93 almacenado correctamente
[00:31:15.336] ERROR - Jugador 101 [NO ENCONTRADO]
[00:31:15.429] ERROR - Jugador 102 [out_of_league]
[00:31:15.518] ERROR - Jugador 103 [NO ENCONTRADO]
[00:31:15.542] ERROR - Jugador 104 [NO ENCONTRADO]
[00:31:15.569] ERROR - Jugador 106 [NO ENCONTRADO]
[00:31:15.569] ERROR - Jugador 105 [NO ENCONTRADO]
[00:31:15.599] ERROR - Jugador 107 [out_of_league]
[00:31:15.603] INFO - Escribiendo historial market-value del jugador 97 (291 values)
[00:31:15.607] INFO - Jugador 97 almacenado correctamente
[00:31:15.660] ERROR - Jugador 108 [NO ENCONTRADO]
[00:31:15.761] ERROR - Jugador 109 [out_of_league]
[00:31:15.840] ERROR - Jugador 110 [NO ENCONTRADO]
[00:31:15.873] ERROR - Jugador 111 [out_of_league]
[00:31:15.901] ERROR - Jugador 113 [NO ENCONTRADO]
[00:31:15.921] ERROR - Jugador 112 [out_of_league]
[00:31:15.954] ERROR - Jugador 115 [out_of_league]
[00:31:15.954] ERROR - Jugador 114 [out_of_league]
[00:31:15.981] ERROR - Jugador 116 [NO ENCONTRADO]
[00:31:16.082] ERROR - Jugador 117 [NO ENCONTRADO]
[00:31:16.212] ERROR - Jugador 119 [out_of_league]
[00:31:16.235] ERROR - Jugador 120 [NO ENCONTRADO]
[00:31:16.305] ERROR - Jugador 123 [NO ENCONTRADO]
[00:31:16.308] ERROR - Jugador 122 [out_of_league]
[00:31:16.376] ERROR - Jugador 124 [out_of_league]
[00:31:16.424] ERROR - Jugador 125 [out_of_league]
[00:31:16.543] ERROR - Jugador 126 [NO ENCONTRADO]
[00:31:16.605] INFO - Escribiendo historial market-value del jugador 118 (321 values)
[00:31:16.609] INFO - Jugador 118 almacenado correctamente
[00:31:16.613] INFO - Escribiendo historial market-value del jugador 121 (273 values)
[00:31:16.615] INFO - Jugador 121 almacenado correctamente
[00:31:16.647] ERROR - Jugador 129 [NO ENCONTRADO]
[00:31:16.664] ERROR - Jugador 128 [out_of_league]
[00:31:16.696] ERROR - Jugador 130 [NO ENCONTRADO]
[00:31:16.753] ERROR - Jugador 131 [out_of_league]
[00:31:16.894] ERROR - Jugador 132 [out_of_league]
[00:31:16.955] ERROR - Jugador 133 [out_of_league]
[00:31:16.958] ERROR - Jugador 134 [NO ENCONTRADO]
[00:31:17.018] INFO - Escribiendo historial market-value del jugador 127 (321 values)
[00:31:17.022] INFO - Jugador 127 almacenado correctamente
[00:31:17.026] ERROR - Jugador 137 [NO ENCONTRADO]
[00:31:17.055] ERROR - Jugador 136 [out_of_league]
[00:31:17.086] ERROR - Jugador 138 [out_of_league]
[00:31:17.218] ERROR - Jugador 139 [NO ENCONTRADO]
[00:31:17.289] ERROR - Jugador 141 [NO ENCONTRADO]
[00:31:17.362] ERROR - Jugador 142 [NO ENCONTRADO]
[00:31:17.379] ERROR - Jugador 143 [out_of_league]
[00:31:17.402] ERROR - Jugador 144 [NO ENCONTRADO]
[00:31:17.412] INFO - Escribiendo historial market-value del jugador 135 (151 values)
[00:31:17.414] INFO - Jugador 135 almacenado correctamente
[00:31:17.423] ERROR - Jugador 145 [NO ENCONTRADO]
[00:31:17.622] ERROR - Jugador 147 [out_of_league]
[00:31:17.695] ERROR - Jugador 149 [NO ENCONTRADO]
[00:31:17.772] ERROR - Jugador 152 [NO ENCONTRADO]
[00:31:17.776] ERROR - Jugador 151 [NO ENCONTRADO]
[00:31:17.785] INFO - Escribiendo historial market-value del jugador 140 (321 values)
[00:31:17.790] INFO - Jugador 140 almacenado correctamente
[00:31:17.944] ERROR - Jugador 153 [NO ENCONTRADO]
[00:31:18.001] INFO - Escribiendo historial market-value del jugador 146 (300 values)
[00:31:18.006] INFO - Jugador 146 almacenado correctamente
[00:31:18.012] ERROR - Jugador 154 [NO ENCONTRADO]
[00:31:18.131] ERROR - Jugador 155 [NO ENCONTRADO]
[00:31:18.135] ERROR - Jugador 156 [NO ENCONTRADO]
[00:31:18.138] ERROR - Jugador 157 [NO ENCONTRADO]
[00:31:18.175] INFO - Escribiendo historial market-value del jugador 148 (321 values)
[00:31:18.180] INFO - Jugador 148 almacenado correctamente
[00:31:18.194] INFO - Escribiendo historial market-value del jugador 150 (321 values)
[00:31:18.198] INFO - Jugador 150 almacenado correctamente
[00:31:18.270] ERROR - Jugador 158 [NO ENCONTRADO]
[00:31:18.485] ERROR - Jugador 163 [NO ENCONTRADO]
[00:31:18.487] ERROR - Jugador 161 [NO ENCONTRADO]
[00:31:18.490] ERROR - Jugador 162 [NO ENCONTRADO]
[00:31:18.519] ERROR - Jugador 164 [NO ENCONTRADO]
[00:31:18.532] ERROR - Jugador 165 [NO ENCONTRADO]
[00:31:18.806] INFO - Escribiendo historial market-value del jugador 160 (267 values)
[00:31:18.810] INFO - Jugador 160 almacenado correctamente
[00:31:18.852] ERROR - Jugador 168 [NO ENCONTRADO]
[00:31:18.861] ERROR - Jugador 169 [NO ENCONTRADO]
[00:31:18.875] ERROR - Jugador 167 [NO ENCONTRADO]
[00:31:18.878] INFO - Escribiendo historial market-value del jugador 159 (321 values)
[00:31:18.883] INFO - Jugador 159 almacenado correctamente
[00:31:18.889] ERROR - Jugador 170 [NO ENCONTRADO]
[00:31:18.892] ERROR - Jugador 171 [NO ENCONTRADO]
[00:31:19.039] INFO - Escribiendo historial market-value del jugador 166 (321 values)
[00:31:19.046] INFO - Jugador 166 almacenado correctamente
[00:31:19.135] ERROR - Jugador 172 [NO ENCONTRADO]
[00:31:19.176] ERROR - Jugador 173 [NO ENCONTRADO]
[00:31:19.225] ERROR - Jugador 174 [NO ENCONTRADO]
[00:31:19.249] ERROR - Jugador 176 [NO ENCONTRADO]
[00:31:19.254] ERROR - Jugador 175 [NO ENCONTRADO]
[00:31:19.258] ERROR - Jugador 178 [NO ENCONTRADO]
[00:31:19.275] ERROR - Jugador 177 [NO ENCONTRADO]
[00:31:19.448] ERROR - Jugador 179 [out_of_league]
[00:31:19.467] ERROR - Jugador 180 [NO ENCONTRADO]
[00:31:19.495] ERROR - Jugador 181 [NO ENCONTRADO]
[00:31:19.539] ERROR - Jugador 182 [NO ENCONTRADO]
[00:31:19.591] ERROR - Jugador 183 [NO ENCONTRADO]
[00:31:19.617] ERROR - Jugador 186 [NO ENCONTRADO]
[00:31:19.623] ERROR - Jugador 185 [NO ENCONTRADO]
[00:31:19.790] ERROR - Jugador 188 [NO ENCONTRADO]
[00:31:19.811] ERROR - Jugador 189 [NO ENCONTRADO]
[00:31:19.848] ERROR - Jugador 187 [out_of_league]
[00:31:19.867] ERROR - Jugador 190 [out_of_league]
[00:31:19.907] ERROR - Jugador 191 [NO ENCONTRADO]
[00:31:20.089] INFO - Escribiendo historial market-value del jugador 184 (321 values)
[00:31:20.094] INFO - Jugador 184 almacenado correctamente
[00:31:20.115] ERROR - Jugador 194 [NO ENCONTRADO]
[00:31:20.126] ERROR - Jugador 195 [NO ENCONTRADO]
[00:31:20.176] ERROR - Jugador 196 [NO ENCONTRADO]
[00:31:20.226] ERROR - Jugador 198 [NO ENCONTRADO]
[00:31:20.323] INFO - Escribiendo historial market-value del jugador 193 (274 values)
[00:31:20.326] INFO - Jugador 193 almacenado correctamente
[00:31:20.397] INFO - Escribiendo historial market-value del jugador 192 (321 values)
[00:31:20.402] INFO - Jugador 192 almacenado correctamente
[00:31:20.418] ERROR - Jugador 199 [NO ENCONTRADO]
[00:31:20.468] ERROR - Jugador 201 [out_of_league]
[00:31:20.487] ERROR - Jugador 202 [NO ENCONTRADO]
[00:31:20.557] ERROR - Jugador 203 [NO ENCONTRADO]
[00:31:20.690] INFO - Escribiendo historial market-value del jugador 197 (321 values)
[00:31:20.697] INFO - Jugador 197 almacenado correctamente
[00:31:20.731] ERROR - Jugador 205 [NO ENCONTRADO]
[00:31:20.743] ERROR - Jugador 206 [NO ENCONTRADO]
[00:31:20.807] ERROR - Jugador 208 [NO ENCONTRADO]
[00:31:20.828] ERROR - Jugador 207 [out_of_league]
[00:31:20.873] ERROR - Jugador 209 [NO ENCONTRADO]
[00:31:20.925] INFO - Escribiendo historial market-value del jugador 200 (321 values)
[00:31:20.932] INFO - Jugador 200 almacenado correctamente
[00:31:21.014] ERROR - Jugador 210 [NO ENCONTRADO]
[00:31:21.072] ERROR - Jugador 211 [out_of_league]
[00:31:21.087] ERROR - Jugador 212 [out_of_league]
[00:31:21.122] INFO - Escribiendo historial market-value del jugador 204 (321 values)
[00:31:21.129] INFO - Jugador 204 almacenado correctamente
[00:31:21.148] ERROR - Jugador 214 [NO ENCONTRADO]
[00:31:21.152] ERROR - Jugador 213 [out_of_league]
[00:31:21.268] ERROR - Jugador 216 [out_of_league]
[00:31:21.409] ERROR - Jugador 219 [NO ENCONTRADO]
[00:31:21.415] ERROR - Jugador 218 [out_of_league]
[00:31:21.465] ERROR - Jugador 220 [NO ENCONTRADO]
[00:31:21.485] ERROR - Jugador 221 [NO ENCONTRADO]
[00:31:21.590] ERROR - Jugador 223 [NO ENCONTRADO]
[00:31:21.595] INFO - Escribiendo historial market-value del jugador 215 (85 values)
[00:31:21.597] INFO - Jugador 215 almacenado correctamente
[00:31:21.754] ERROR - Jugador 225 [NO ENCONTRADO]
[00:31:21.762] ERROR - Jugador 224 [out_of_league]
[00:31:21.814] ERROR - Jugador 226 [out_of_league]
[00:31:21.821] ERROR - Jugador 227 [NO ENCONTRADO]
[00:31:21.826] INFO - Escribiendo historial market-value del jugador 217 (321 values)
[00:31:21.831] INFO - Jugador 217 almacenado correctamente
[00:31:21.913] INFO - Escribiendo historial market-value del jugador 222 (321 values)
[00:31:21.919] INFO - Jugador 222 almacenado correctamente
[00:31:21.993] ERROR - Jugador 229 [NO ENCONTRADO]
[00:31:22.166] ERROR - Jugador 232 [out_of_league]
[00:31:22.175] ERROR - Jugador 233 [NO ENCONTRADO]
[00:31:22.178] ERROR - Jugador 234 [NO ENCONTRADO]
[00:31:22.254] ERROR - Jugador 235 [out_of_league]
[00:31:22.372] INFO - Escribiendo historial market-value del jugador 228 (321 values)
[00:31:22.376] INFO - Jugador 228 almacenado correctamente
[00:31:22.448] INFO - Escribiendo historial market-value del jugador 230 (321 values)
[00:31:22.450] INFO - Jugador 230 almacenado correctamente
[00:31:22.497] ERROR - Jugador 237 [NO ENCONTRADO]
[00:31:22.534] ERROR - Jugador 239 [NO ENCONTRADO]
[00:31:22.557] INFO - Escribiendo historial market-value del jugador 231 (321 values)
[00:31:22.561] INFO - Jugador 231 almacenado correctamente
[00:31:22.696] ERROR - Jugador 241 [NO ENCONTRADO]
[00:31:22.770] INFO - Escribiendo historial market-value del jugador 236 (275 values)
[00:31:22.774] INFO - Jugador 236 almacenado correctamente
[00:31:22.783] ERROR - Jugador 242 [out_of_league]
[00:31:22.867] ERROR - Jugador 244 [out_of_league]
[00:31:22.955] INFO - Escribiendo historial market-value del jugador 238 (290 values)
[00:31:22.961] INFO - Jugador 238 almacenado correctamente
[00:31:23.058] INFO - Escribiendo historial market-value del jugador 240 (321 values)
[00:31:23.063] INFO - Jugador 240 almacenado correctamente
[00:31:23.195] ERROR - Jugador 249 [NO ENCONTRADO]
[00:31:23.309] INFO - Escribiendo historial market-value del jugador 243 (321 values)
[00:31:23.316] INFO - Jugador 243 almacenado correctamente
[00:31:23.322] ERROR - Jugador 250 [out_of_league]
[00:31:23.361] INFO - Escribiendo historial market-value del jugador 245 (321 values)
[00:31:23.366] INFO - Jugador 245 almacenado correctamente
[00:31:23.388] ERROR - Jugador 251 [NO ENCONTRADO]
[00:31:23.517] INFO - Escribiendo historial market-value del jugador 246 (321 values)
[00:31:23.522] INFO - Jugador 246 almacenado correctamente
[00:31:23.539] ERROR - Jugador 252 [NO ENCONTRADO]
[00:31:23.548] INFO - Escribiendo historial market-value del jugador 248 (262 values)
[00:31:23.550] INFO - Jugador 248 almacenado correctamente
[00:31:23.566] INFO - Escribiendo historial market-value del jugador 247 (321 values)
[00:31:23.570] INFO - Jugador 247 almacenado correctamente
[00:31:23.651] ERROR - Jugador 254 [NO ENCONTRADO]
[00:31:23.652] ERROR - Jugador 253 [NO ENCONTRADO]
[00:31:23.705] ERROR - Jugador 256 [NO ENCONTRADO]
[00:31:23.991] ERROR - Jugador 262 [NO ENCONTRADO]
[00:31:23.995] ERROR - Jugador 261 [NO ENCONTRADO]
[00:31:24.021] ERROR - Jugador 263 [NO ENCONTRADO]
[00:31:24.139] INFO - Escribiendo historial market-value del jugador 255 (321 values)
[00:31:24.146] INFO - Jugador 255 almacenado correctamente
[00:31:24.345] INFO - Escribiendo historial market-value del jugador 260 (321 values)
[00:31:24.349] INFO - Jugador 260 almacenado correctamente
[00:31:24.380] INFO - Escribiendo historial market-value del jugador 257 (321 values)
[00:31:24.384] INFO - Jugador 257 almacenado correctamente
[00:31:24.386] INFO - Escribiendo historial market-value del jugador 259 (321 values)
[00:31:24.392] INFO - Jugador 259 almacenado correctamente
[00:31:24.410] INFO - Escribiendo historial market-value del jugador 258 (307 values)
[00:31:24.412] ERROR - Jugador 266 [out_of_league]
[00:31:24.418] INFO - Jugador 258 almacenado correctamente
[00:31:24.483] ERROR - Jugador 267 [NO ENCONTRADO]
[00:31:24.753] ERROR - Jugador 269 [out_of_league]
[00:31:24.764] ERROR - Jugador 272 [NO ENCONTRADO]
[00:31:24.808] ERROR - Jugador 273 [NO ENCONTRADO]
[00:31:24.835] INFO - Escribiendo historial market-value del jugador 264 (321 values)
[00:31:24.842] INFO - Jugador 264 almacenado correctamente
[00:31:24.862] INFO - Escribiendo historial market-value del jugador 265 (321 values)
[00:31:24.877] INFO - Jugador 265 almacenado correctamente
[00:31:25.095] INFO - Escribiendo historial market-value del jugador 268 (268 values)
[00:31:25.098] INFO - Jugador 268 almacenado correctamente
[00:31:25.132] ERROR - Jugador 276 [NO ENCONTRADO]
[00:31:25.160] ERROR - Jugador 277 [NO ENCONTRADO]
[00:31:25.225] INFO - Escribiendo historial market-value del jugador 271 (321 values)
[00:31:25.233] ERROR - Jugador 278 [NO ENCONTRADO]
[00:31:25.234] INFO - Jugador 271 almacenado correctamente
[00:31:25.245] INFO - Escribiendo historial market-value del jugador 270 (307 values)
[00:31:25.252] INFO - Jugador 270 almacenado correctamente
[00:31:25.414] ERROR - Jugador 279 [NO ENCONTRADO]
[00:31:25.469] ERROR - Jugador 280 [NO ENCONTRADO]
[00:31:25.478] ERROR - Jugador 281 [NO ENCONTRADO]
[00:31:25.603] ERROR - Jugador 282 [NO ENCONTRADO]
[00:31:25.618] INFO - Escribiendo historial market-value del jugador 275 (293 values)
[00:31:25.623] INFO - Jugador 275 almacenado correctamente
[00:31:25.629] ERROR - Jugador 283 [out_of_league]
[00:31:25.634] INFO - Escribiendo historial market-value del jugador 274 (321 values)
[00:31:25.638] INFO - Jugador 274 almacenado correctamente
[00:31:25.730] ERROR - Jugador 285 [NO ENCONTRADO]
[00:31:25.800] ERROR - Jugador 286 [NO ENCONTRADO]
[00:31:25.812] ERROR - Jugador 287 [NO ENCONTRADO]
[00:31:25.928] ERROR - Jugador 288 [NO ENCONTRADO]
[00:31:25.965] ERROR - Jugador 289 [NO ENCONTRADO]
[00:31:25.974] ERROR - Jugador 290 [NO ENCONTRADO]
[00:31:25.978] ERROR - Jugador 291 [NO ENCONTRADO]
[00:31:26.052] ERROR - Jugador 292 [NO ENCONTRADO]
[00:31:26.086] INFO - Escribiendo historial market-value del jugador 284 (314 values)
[00:31:26.092] INFO - Jugador 284 almacenado correctamente
[00:31:26.142] ERROR - Jugador 293 [out_of_league]
[00:31:26.248] ERROR - Jugador 295 [NO ENCONTRADO]
[00:31:26.320] ERROR - Jugador 297 [NO ENCONTRADO]
[00:31:26.380] ERROR - Jugador 299 [out_of_league]
[00:31:26.602] INFO - Escribiendo historial market-value del jugador 294 (293 values)
[00:31:26.606] INFO - Jugador 294 almacenado correctamente
[00:31:26.657] ERROR - Jugador 303 [NO ENCONTRADO]
[00:31:26.722] ERROR - Jugador 304 [out_of_league]
[00:31:26.747] INFO - Escribiendo historial market-value del jugador 296 (321 values)
[00:31:26.751] INFO - Jugador 296 almacenado correctamente
[00:31:26.804] INFO - Escribiendo historial market-value del jugador 298 (321 values)
[00:31:26.808] INFO - Jugador 298 almacenado correctamente
[00:31:26.819] INFO - Escribiendo historial market-value del jugador 300 (321 values)
[00:31:26.822] INFO - Jugador 300 almacenado correctamente
[00:31:26.906] INFO - Escribiendo historial market-value del jugador 301 (321 values)
[00:31:26.910] INFO - Jugador 301 almacenado correctamente
[00:31:26.940] ERROR - Jugador 305 [out_of_league]
[00:31:27.008] INFO - Escribiendo historial market-value del jugador 302 (321 values)
[00:31:27.012] INFO - Jugador 302 almacenado correctamente
[00:31:27.087] ERROR - Jugador 308 [out_of_league]
[00:31:27.152] ERROR - Jugador 309 [out_of_league]
[00:31:27.256] ERROR - Jugador 311 [out_of_league]
[00:31:27.280] ERROR - Jugador 312 [out_of_league]
[00:31:27.346] ERROR - Jugador 313 [out_of_league]
[00:31:27.378] INFO - Escribiendo historial market-value del jugador 306 (127 values)
[00:31:27.382] INFO - Jugador 306 almacenado correctamente
[00:31:27.417] ERROR - Jugador 314 [NO ENCONTRADO]
[00:31:27.449] INFO - Escribiendo historial market-value del jugador 307 (321 values)
[00:31:27.452] INFO - Jugador 307 almacenado correctamente
[00:31:27.478] ERROR - Jugador 315 [NO ENCONTRADO]
[00:31:27.589] ERROR - Jugador 316 [NO ENCONTRADO]
[00:31:27.630] INFO - Escribiendo historial market-value del jugador 310 (321 values)
[00:31:27.634] INFO - Jugador 310 almacenado correctamente
[00:31:27.638] ERROR - Jugador 317 [out_of_league]
[00:31:27.663] ERROR - Jugador 318 [NO ENCONTRADO]
[00:31:27.725] ERROR - Jugador 319 [out_of_league]
[00:31:27.752] ERROR - Jugador 320 [NO ENCONTRADO]
[00:31:27.777] ERROR - Jugador 321 [NO ENCONTRADO]
[00:31:27.797] ERROR - Jugador 322 [NO ENCONTRADO]
[00:31:27.903] ERROR - Jugador 323 [NO ENCONTRADO]
[00:31:27.982] ERROR - Jugador 324 [NO ENCONTRADO]
[00:31:27.983] ERROR - Jugador 325 [NO ENCONTRADO]
[00:31:27.992] ERROR - Jugador 326 [NO ENCONTRADO]
[00:31:28.039] ERROR - Jugador 327 [NO ENCONTRADO]
[00:31:28.080] ERROR - Jugador 328 [NO ENCONTRADO]
[00:31:28.098] ERROR - Jugador 329 [NO ENCONTRADO]
[00:31:28.117] ERROR - Jugador 330 [NO ENCONTRADO]
[00:31:28.223] ERROR - Jugador 331 [NO ENCONTRADO]
[00:31:28.336] ERROR - Jugador 332 [NO ENCONTRADO]
[00:31:28.343] ERROR - Jugador 333 [NO ENCONTRADO]
[00:31:28.359] ERROR - Jugador 335 [NO ENCONTRADO]
[00:31:28.362] ERROR - Jugador 334 [out_of_league]
[00:31:28.405] ERROR - Jugador 336 [NO ENCONTRADO]
[00:31:28.418] ERROR - Jugador 337 [NO ENCONTRADO]
[00:31:28.437] ERROR - Jugador 338 [NO ENCONTRADO]
[00:31:28.552] ERROR - Jugador 339 [out_of_league]
[00:31:28.675] ERROR - Jugador 340 [NO ENCONTRADO]
[00:31:28.712] ERROR - Jugador 342 [NO ENCONTRADO]
[00:31:28.726] ERROR - Jugador 343 [out_of_league]
[00:31:28.755] ERROR - Jugador 345 [NO ENCONTRADO]
[00:31:28.783] ERROR - Jugador 346 [out_of_league]
[00:31:28.868] ERROR - Jugador 347 [NO ENCONTRADO]
[00:31:29.032] ERROR - Jugador 349 [NO ENCONTRADO]
[00:31:29.065] ERROR - Jugador 350 [out_of_league]
[00:31:29.071] ERROR - Jugador 351 [NO ENCONTRADO]
[00:31:29.105] ERROR - Jugador 352 [NO ENCONTRADO]
[00:31:29.157] INFO - Escribiendo historial market-value del jugador 341 (307 values)
[00:31:29.161] INFO - Escribiendo historial market-value del jugador 344 (321 values)
[00:31:29.169] INFO - Jugador 341 almacenado correctamente
[00:31:29.170] INFO - Jugador 344 almacenado correctamente
[00:31:29.195] ERROR - Jugador 353 [out_of_league]
[00:31:29.355] ERROR - Jugador 354 [NO ENCONTRADO]
[00:31:29.398] ERROR - Jugador 355 [NO ENCONTRADO]
[00:31:29.442] ERROR - Jugador 357 [out_of_league]
[00:31:29.473] INFO - Escribiendo historial market-value del jugador 348 (321 values)
[00:31:29.478] INFO - Jugador 348 almacenado correctamente
[00:31:29.512] ERROR - Jugador 358 [NO ENCONTRADO]
[00:31:29.519] ERROR - Jugador 359 [NO ENCONTRADO]
[00:31:29.674] ERROR - Jugador 361 [NO ENCONTRADO]
[00:31:29.719] ERROR - Jugador 362 [out_of_league]
[00:31:29.783] ERROR - Jugador 363 [NO ENCONTRADO]
[00:31:29.788] ERROR - Jugador 364 [NO ENCONTRADO]
[00:31:29.881] INFO - Escribiendo historial market-value del jugador 356 (321 values)
[00:31:29.884] ERROR - Jugador 366 [out_of_league]
[00:31:29.893] INFO - Jugador 356 almacenado correctamente
[00:31:29.986] INFO - Escribiendo historial market-value del jugador 360 (321 values)
[00:31:29.992] INFO - Jugador 360 almacenado correctamente
[00:31:30.019] ERROR - Jugador 367 [out_of_league]
[00:31:30.066] ERROR - Jugador 368 [out_of_league]
[00:31:30.127] ERROR - Jugador 370 [NO ENCONTRADO]
[00:31:30.139] ERROR - Jugador 369 [out_of_league]
[00:31:30.229] ERROR - Jugador 371 [out_of_league]
[00:31:30.232] ERROR - Jugador 372 [NO ENCONTRADO]
[00:31:30.318] ERROR - Jugador 373 [NO ENCONTRADO]
[00:31:30.364] INFO - Escribiendo historial market-value del jugador 365 (321 values)
[00:31:30.367] ERROR - Jugador 374 [out_of_league]
[00:31:30.373] INFO - Jugador 365 almacenado correctamente
[00:31:30.378] ERROR - Jugador 375 [NO ENCONTRADO]
[00:31:30.465] ERROR - Jugador 376 [NO ENCONTRADO]
[00:31:30.470] ERROR - Jugador 377 [NO ENCONTRADO]
[00:31:30.566] ERROR - Jugador 379 [NO ENCONTRADO]
[00:31:30.597] ERROR - Jugador 378 [out_of_league]
[00:31:30.629] ERROR - Jugador 380 [NO ENCONTRADO]
[00:31:30.710] ERROR - Jugador 381 [NO ENCONTRADO]
[00:31:30.724] ERROR - Jugador 382 [NO ENCONTRADO]
[00:31:30.729] ERROR - Jugador 383 [NO ENCONTRADO]
[00:31:30.799] ERROR - Jugador 384 [NO ENCONTRADO]
[00:31:30.809] ERROR - Jugador 385 [NO ENCONTRADO]
[00:31:30.871] ERROR - Jugador 386 [NO ENCONTRADO]
[00:31:30.929] ERROR - Jugador 387 [out_of_league]
[00:31:30.948] ERROR - Jugador 388 [NO ENCONTRADO]
[00:31:31.039] ERROR - Jugador 389 [NO ENCONTRADO]
[00:31:31.070] ERROR - Jugador 390 [NO ENCONTRADO]
[00:31:31.074] ERROR - Jugador 391 [NO ENCONTRADO]
[00:31:31.125] ERROR - Jugador 392 [NO ENCONTRADO]
[00:31:31.137] ERROR - Jugador 393 [NO ENCONTRADO]
[00:31:31.180] ERROR - Jugador 394 [NO ENCONTRADO]
[00:31:31.256] ERROR - Jugador 395 [NO ENCONTRADO]
[00:31:31.275] ERROR - Jugador 396 [NO ENCONTRADO]
[00:31:31.367] ERROR - Jugador 397 [NO ENCONTRADO]
[00:31:31.401] ERROR - Jugador 399 [NO ENCONTRADO]
[00:31:31.403] ERROR - Jugador 398 [NO ENCONTRADO]
[00:31:31.445] ERROR - Jugador 400 [NO ENCONTRADO]
[00:31:31.466] ERROR - Jugador 401 [NO ENCONTRADO]
[00:31:31.499] ERROR - Jugador 402 [NO ENCONTRADO]
[00:31:31.579] ERROR - Jugador 403 [NO ENCONTRADO]
[00:31:31.598] ERROR - Jugador 404 [NO ENCONTRADO]
[00:31:31.689] ERROR - Jugador 405 [NO ENCONTRADO]
[00:31:31.731] ERROR - Jugador 407 [NO ENCONTRADO]
[00:31:31.742] ERROR - Jugador 406 [NO ENCONTRADO]
[00:31:31.769] ERROR - Jugador 408 [NO ENCONTRADO]
[00:31:31.793] ERROR - Jugador 409 [NO ENCONTRADO]
[00:31:31.818] ERROR - Jugador 410 [NO ENCONTRADO]
[00:31:31.902] ERROR - Jugador 411 [NO ENCONTRADO]
[00:31:31.925] ERROR - Jugador 412 [NO ENCONTRADO]
[00:31:32.014] ERROR - Jugador 413 [NO ENCONTRADO]
[00:31:32.053] ERROR - Jugador 414 [NO ENCONTRADO]
[00:31:32.089] ERROR - Jugador 416 [NO ENCONTRADO]
[00:31:32.112] ERROR - Jugador 417 [NO ENCONTRADO]
[00:31:32.140] ERROR - Jugador 418 [NO ENCONTRADO]
[00:31:32.225] ERROR - Jugador 419 [NO ENCONTRADO]
[00:31:32.245] ERROR - Jugador 420 [NO ENCONTRADO]
[00:31:32.330] ERROR - Jugador 421 [NO ENCONTRADO]
[00:31:32.376] ERROR - Jugador 422 [NO ENCONTRADO]
[00:31:32.416] ERROR - Jugador 423 [NO ENCONTRADO]
[00:31:32.433] ERROR - Jugador 424 [NO ENCONTRADO]
[00:31:32.459] ERROR - Jugador 425 [NO ENCONTRADO]
[00:31:32.508] INFO - Escribiendo historial market-value del jugador 415 (321 values)
[00:31:32.514] INFO - Jugador 415 almacenado correctamente
[00:31:32.545] ERROR - Jugador 426 [NO ENCONTRADO]
[00:31:32.562] ERROR - Jugador 427 [NO ENCONTRADO]
[00:31:32.647] ERROR - Jugador 428 [NO ENCONTRADO]
[00:31:32.694] ERROR - Jugador 429 [NO ENCONTRADO]
[00:31:32.750] ERROR - Jugador 430 [NO ENCONTRADO]
[00:31:32.765] ERROR - Jugador 431 [NO ENCONTRADO]
[00:31:32.779] ERROR - Jugador 432 [NO ENCONTRADO]
[00:31:32.835] ERROR - Jugador 433 [NO ENCONTRADO]
[00:31:32.871] ERROR - Jugador 434 [NO ENCONTRADO]
[00:31:32.885] ERROR - Jugador 435 [NO ENCONTRADO]
[00:31:32.966] ERROR - Jugador 436 [NO ENCONTRADO]
[00:31:33.014] ERROR - Jugador 437 [NO ENCONTRADO]
[00:31:33.090] ERROR - Jugador 438 [NO ENCONTRADO]
[00:31:33.101] ERROR - Jugador 439 [NO ENCONTRADO]
[00:31:33.114] ERROR - Jugador 440 [NO ENCONTRADO]
[00:31:33.152] ERROR - Jugador 441 [NO ENCONTRADO]
[00:31:33.199] ERROR - Jugador 442 [NO ENCONTRADO]
[00:31:33.217] ERROR - Jugador 443 [NO ENCONTRADO]
[00:31:33.283] ERROR - Jugador 444 [NO ENCONTRADO]
[00:31:33.332] ERROR - Jugador 445 [NO ENCONTRADO]
[00:31:33.439] ERROR - Jugador 446 [NO ENCONTRADO]
[00:31:33.447] ERROR - Jugador 448 [NO ENCONTRADO]
[00:31:33.449] ERROR - Jugador 447 [NO ENCONTRADO]
[00:31:33.466] ERROR - Jugador 449 [NO ENCONTRADO]
[00:31:33.524] ERROR - Jugador 450 [NO ENCONTRADO]
[00:31:33.545] ERROR - Jugador 451 [NO ENCONTRADO]
[00:31:33.595] ERROR - Jugador 452 [NO ENCONTRADO]
[00:31:33.659] ERROR - Jugador 453 [NO ENCONTRADO]
[00:31:33.794] ERROR - Jugador 454 [NO ENCONTRADO]
[00:31:33.811] ERROR - Jugador 455 [NO ENCONTRADO]
[00:31:33.814] ERROR - Jugador 456 [NO ENCONTRADO]
[00:31:33.817] ERROR - Jugador 457 [NO ENCONTRADO]
[00:31:33.843] ERROR - Jugador 458 [NO ENCONTRADO]
[00:31:33.876] ERROR - Jugador 459 [NO ENCONTRADO]
[00:31:33.914] ERROR - Jugador 460 [NO ENCONTRADO]
[00:31:33.975] ERROR - Jugador 461 [NO ENCONTRADO]
[00:31:34.128] ERROR - Jugador 462 [NO ENCONTRADO]
[00:31:34.175] ERROR - Jugador 463 [NO ENCONTRADO]
[00:31:34.179] ERROR - Jugador 465 [NO ENCONTRADO]
[00:31:34.183] ERROR - Jugador 464 [NO ENCONTRADO]
[00:31:34.199] ERROR - Jugador 466 [NO ENCONTRADO]
[00:31:34.208] ERROR - Jugador 467 [NO ENCONTRADO]
[00:31:34.234] ERROR - Jugador 468 [NO ENCONTRADO]
[00:31:34.302] ERROR - Jugador 469 [NO ENCONTRADO]
[00:31:34.445] ERROR - Jugador 470 [NO ENCONTRADO]
[00:31:34.541] ERROR - Jugador 472 [NO ENCONTRADO]
[00:31:34.554] ERROR - Jugador 471 [NO ENCONTRADO]
[00:31:34.565] ERROR - Jugador 474 [NO ENCONTRADO]
[00:31:34.568] ERROR - Jugador 473 [NO ENCONTRADO]
[00:31:34.575] ERROR - Jugador 475 [NO ENCONTRADO]
[00:31:34.580] ERROR - Jugador 476 [NO ENCONTRADO]
[00:31:34.617] ERROR - Jugador 477 [NO ENCONTRADO]
[00:31:34.884] ERROR - Jugador 479 [NO ENCONTRADO]
[00:31:34.938] ERROR - Jugador 483 [NO ENCONTRADO]
[00:31:34.946] ERROR - Jugador 482 [NO ENCONTRADO]
[00:31:34.949] ERROR - Jugador 481 [NO ENCONTRADO]
[00:31:34.953] ERROR - Jugador 480 [NO ENCONTRADO]
[00:31:34.963] ERROR - Jugador 484 [NO ENCONTRADO]
[00:31:34.965] ERROR - Jugador 485 [NO ENCONTRADO]
[00:31:35.203] ERROR - Jugador 486 [NO ENCONTRADO]
[00:31:35.203] INFO - Escribiendo historial market-value del jugador 478 (321 values)
[00:31:35.210] INFO - Jugador 478 almacenado correctamente
[00:31:35.279] ERROR - Jugador 487 [NO ENCONTRADO]
[00:31:35.313] ERROR - Jugador 489 [NO ENCONTRADO]
[00:31:35.333] ERROR - Jugador 490 [NO ENCONTRADO]
[00:31:35.343] ERROR - Jugador 492 [NO ENCONTRADO]
[00:31:35.346] ERROR - Jugador 488 [NO ENCONTRADO]
[00:31:35.351] ERROR - Jugador 491 [NO ENCONTRADO]
[00:31:35.537] ERROR - Jugador 493 [NO ENCONTRADO]
[00:31:35.544] ERROR - Jugador 494 [NO ENCONTRADO]
[00:31:35.599] ERROR - Jugador 495 [NO ENCONTRADO]
[00:31:35.632] ERROR - Jugador 496 [NO ENCONTRADO]
[00:31:35.675] ERROR - Jugador 497 [NO ENCONTRADO]
[00:31:35.697] ERROR - Jugador 500 [NO ENCONTRADO]
[00:31:35.705] ERROR - Jugador 499 [NO ENCONTRADO]
[00:31:35.715] ERROR - Jugador 498 [NO ENCONTRADO]
[00:31:35.860] ERROR - Jugador 501 [NO ENCONTRADO]
[00:31:35.864] ERROR - Jugador 502 [NO ENCONTRADO]
[00:31:35.925] ERROR - Jugador 503 [NO ENCONTRADO]
[00:31:35.953] ERROR - Jugador 504 [NO ENCONTRADO]
[00:31:35.989] ERROR - Jugador 505 [NO ENCONTRADO]
[00:31:36.038] ERROR - Jugador 506 [NO ENCONTRADO]
[00:31:36.051] ERROR - Jugador 507 [NO ENCONTRADO]
[00:31:36.055] ERROR - Jugador 508 [NO ENCONTRADO]
[00:31:36.192] ERROR - Jugador 509 [NO ENCONTRADO]
[00:31:36.193] ERROR - Jugador 510 [NO ENCONTRADO]
[00:31:36.243] ERROR - Jugador 511 [NO ENCONTRADO]
[00:31:36.272] ERROR - Jugador 512 [NO ENCONTRADO]
[00:31:36.326] ERROR - Jugador 513 [NO ENCONTRADO]
[00:31:36.366] ERROR - Jugador 514 [NO ENCONTRADO]
[00:31:36.388] ERROR - Jugador 516 [NO ENCONTRADO]
[00:31:36.402] ERROR - Jugador 515 [NO ENCONTRADO]
[00:31:36.528] ERROR - Jugador 518 [NO ENCONTRADO]
[00:31:36.531] ERROR - Jugador 517 [NO ENCONTRADO]
[00:31:36.557] ERROR - Jugador 519 [NO ENCONTRADO]
[00:31:36.594] ERROR - Jugador 520 [NO ENCONTRADO]
[00:31:36.647] ERROR - Jugador 521 [NO ENCONTRADO]
[00:31:36.680] ERROR - Jugador 522 [NO ENCONTRADO]
[00:31:36.713] ERROR - Jugador 523 [NO ENCONTRADO]
[00:31:36.721] ERROR - Jugador 524 [NO ENCONTRADO]
[00:31:36.870] ERROR - Jugador 526 [NO ENCONTRADO]
[00:31:36.872] ERROR - Jugador 525 [NO ENCONTRADO]
[00:31:36.884] ERROR - Jugador 527 [NO ENCONTRADO]
[00:31:36.914] ERROR - Jugador 528 [NO ENCONTRADO]
[00:31:36.965] ERROR - Jugador 529 [NO ENCONTRADO]
[00:31:37.001] ERROR - Jugador 530 [NO ENCONTRADO]
[00:31:37.050] ERROR - Jugador 531 [NO ENCONTRADO]
[00:31:37.050] ERROR - Jugador 532 [NO ENCONTRADO]
[00:31:37.213] ERROR - Jugador 533 [NO ENCONTRADO]
[00:31:37.231] ERROR - Jugador 535 [NO ENCONTRADO]
[00:31:37.233] ERROR - Jugador 534 [NO ENCONTRADO]
[00:31:37.244] ERROR - Jugador 536 [NO ENCONTRADO]
[00:31:37.296] ERROR - Jugador 537 [out_of_league]
[00:31:37.333] ERROR - Jugador 538 [NO ENCONTRADO]
[00:31:37.397] ERROR - Jugador 539 [out_of_league]
[00:31:37.400] ERROR - Jugador 540 [out_of_league]
[00:31:37.586] ERROR - Jugador 543 [NO ENCONTRADO]
[00:31:37.589] ERROR - Jugador 542 [NO ENCONTRADO]
[00:31:37.621] ERROR - Jugador 545 [NO ENCONTRADO]
[00:31:37.657] ERROR - Jugador 546 [NO ENCONTRADO]
[00:31:37.733] ERROR - Jugador 548 [NO ENCONTRADO]
[00:31:37.927] ERROR - Jugador 549 [NO ENCONTRADO]
[00:31:37.942] ERROR - Jugador 550 [NO ENCONTRADO]
[00:31:37.976] ERROR - Jugador 551 [NO ENCONTRADO]
[00:31:38.010] ERROR - Jugador 552 [NO ENCONTRADO]
[00:31:38.017] INFO - Escribiendo historial market-value del jugador 544 (321 values)
[00:31:38.020] INFO - Escribiendo historial market-value del jugador 541 (310 values)
[00:31:38.025] INFO - Jugador 544 almacenado correctamente
[00:31:38.027] INFO - Jugador 541 almacenado correctamente
[00:31:38.070] ERROR - Jugador 553 [out_of_league]
[00:31:38.091] INFO - Escribiendo historial market-value del jugador 547 (299 values)
[00:31:38.094] INFO - Jugador 547 almacenado correctamente
[00:31:38.268] ERROR - Jugador 554 [NO ENCONTRADO]
[00:31:38.293] ERROR - Jugador 555 [out_of_league]
[00:31:38.298] ERROR - Jugador 556 [NO ENCONTRADO]
[00:31:38.398] ERROR - Jugador 560 [NO ENCONTRADO]
[00:31:38.441] ERROR - Jugador 561 [out_of_league]
[00:31:38.575] ERROR - Jugador 562 [NO ENCONTRADO]
[00:31:38.624] ERROR - Jugador 563 [NO ENCONTRADO]
[00:31:38.654] ERROR - Jugador 564 [out_of_league]
[00:31:38.734] ERROR - Jugador 565 [out_of_league]
[00:31:38.759] INFO - Escribiendo historial market-value del jugador 558 (321 values)
[00:31:38.762] INFO - Jugador 558 almacenado correctamente
[00:31:38.815] INFO - Escribiendo historial market-value del jugador 557 (321 values)
[00:31:38.820] INFO - Jugador 557 almacenado correctamente
[00:31:38.824] INFO - Escribiendo historial market-value del jugador 559 (321 values)
[00:31:38.828] INFO - Jugador 559 almacenado correctamente
[00:31:38.967] ERROR - Jugador 569 [NO ENCONTRADO]
[00:31:38.975] ERROR - Jugador 568 [out_of_league]
[00:31:39.053] ERROR - Jugador 570 [NO ENCONTRADO]
[00:31:39.082] ERROR - Jugador 571 [NO ENCONTRADO]
[00:31:39.148] ERROR - Jugador 572 [NO ENCONTRADO]
[00:31:39.165] ERROR - Jugador 573 [NO ENCONTRADO]
[00:31:39.239] INFO - Escribiendo historial market-value del jugador 566 (321 values)
[00:31:39.247] INFO - Jugador 566 almacenado correctamente
[00:31:39.298] ERROR - Jugador 575 [NO ENCONTRADO]
[00:31:39.356] INFO - Escribiendo historial market-value del jugador 567 (321 values)
[00:31:39.360] INFO - Jugador 567 almacenado correctamente
[00:31:39.395] ERROR - Jugador 576 [out_of_league]
[00:31:39.399] ERROR - Jugador 577 [NO ENCONTRADO]
[00:31:39.477] ERROR - Jugador 578 [NO ENCONTRADO]
[00:31:39.484] ERROR - Jugador 579 [NO ENCONTRADO]
[00:31:39.574] ERROR - Jugador 580 [NO ENCONTRADO]
[00:31:39.681] ERROR - Jugador 582 [NO ENCONTRADO]
[00:31:39.729] ERROR - Jugador 583 [NO ENCONTRADO]
[00:31:39.746] ERROR - Jugador 584 [NO ENCONTRADO]
[00:31:39.763] INFO - Escribiendo historial market-value del jugador 574 (321 values)
[00:31:39.767] INFO - Jugador 574 almacenado correctamente
[00:31:39.810] ERROR - Jugador 585 [NO ENCONTRADO]
[00:31:39.821] ERROR - Jugador 586 [NO ENCONTRADO]
[00:31:39.903] ERROR - Jugador 587 [NO ENCONTRADO]
[00:31:39.998] ERROR - Jugador 588 [NO ENCONTRADO]
[00:31:40.068] ERROR - Jugador 589 [NO ENCONTRADO]
[00:31:40.086] ERROR - Jugador 590 [NO ENCONTRADO]
[00:31:40.104] INFO - Escribiendo historial market-value del jugador 581 (321 values)
[00:31:40.108] ERROR - Jugador 591 [NO ENCONTRADO]
[00:31:40.115] INFO - Jugador 581 almacenado correctamente
[00:31:40.157] ERROR - Jugador 592 [out_of_league]
[00:31:40.228] ERROR - Jugador 594 [NO ENCONTRADO]
[00:31:40.240] ERROR - Jugador 593 [out_of_league]
[00:31:40.330] ERROR - Jugador 595 [NO ENCONTRADO]
[00:31:40.392] ERROR - Jugador 596 [NO ENCONTRADO]
[00:31:40.451] ERROR - Jugador 598 [NO ENCONTRADO]
[00:31:40.454] ERROR - Jugador 599 [NO ENCONTRADO]
[00:31:40.476] ERROR - Jugador 600 [NO ENCONTRADO]
[00:31:40.573] ERROR - Jugador 601 [out_of_league]
[00:31:40.652] ERROR - Jugador 603 [NO ENCONTRADO]
[00:31:40.735] ERROR - Jugador 604 [NO ENCONTRADO]
[00:31:40.786] ERROR - Jugador 605 [NO ENCONTRADO]
[00:31:40.806] ERROR - Jugador 607 [NO ENCONTRADO]
[00:31:40.811] ERROR - Jugador 606 [out_of_league]
[00:31:40.919] INFO - Escribiendo historial market-value del jugador 597 (321 values)
[00:31:40.927] INFO - Jugador 597 almacenado correctamente
[00:31:40.983] ERROR - Jugador 609 [out_of_league]
[00:31:41.020] INFO - Escribiendo historial market-value del jugador 602 (321 values)
[00:31:41.025] INFO - Jugador 602 almacenado correctamente
[00:31:41.051] ERROR - Jugador 610 [NO ENCONTRADO]
[00:31:41.118] ERROR - Jugador 611 [NO ENCONTRADO]
[00:31:41.139] ERROR - Jugador 612 [NO ENCONTRADO]
[00:31:41.154] ERROR - Jugador 613 [NO ENCONTRADO]
[00:31:41.243] ERROR - Jugador 614 [NO ENCONTRADO]
[00:31:41.297] ERROR - Jugador 615 [NO ENCONTRADO]
[00:31:41.362] ERROR - Jugador 616 [NO ENCONTRADO]
[00:31:41.378] INFO - Escribiendo historial market-value del jugador 608 (292 values)
[00:31:41.383] INFO - Jugador 608 almacenado correctamente
[00:31:41.386] ERROR - Jugador 617 [NO ENCONTRADO]
[00:31:41.450] ERROR - Jugador 618 [NO ENCONTRADO]
[00:31:41.464] ERROR - Jugador 619 [NO ENCONTRADO]
[00:31:41.481] ERROR - Jugador 620 [NO ENCONTRADO]
[00:31:41.565] ERROR - Jugador 621 [NO ENCONTRADO]
[00:31:41.618] ERROR - Jugador 622 [NO ENCONTRADO]
[00:31:41.687] ERROR - Jugador 623 [NO ENCONTRADO]
[00:31:41.735] ERROR - Jugador 624 [NO ENCONTRADO]
[00:31:41.738] ERROR - Jugador 625 [NO ENCONTRADO]
[00:31:41.773] ERROR - Jugador 626 [NO ENCONTRADO]
[00:31:41.795] ERROR - Jugador 627 [NO ENCONTRADO]
[00:31:41.820] ERROR - Jugador 628 [NO ENCONTRADO]
[00:31:41.885] ERROR - Jugador 629 [NO ENCONTRADO]
[00:31:41.934] ERROR - Jugador 630 [NO ENCONTRADO]
[00:31:42.004] ERROR - Jugador 631 [NO ENCONTRADO]
[00:31:42.069] ERROR - Jugador 633 [NO ENCONTRADO]
[00:31:42.074] ERROR - Jugador 632 [NO ENCONTRADO]
[00:31:42.105] ERROR - Jugador 634 [NO ENCONTRADO]
[00:31:42.128] ERROR - Jugador 635 [NO ENCONTRADO]
[00:31:42.145] ERROR - Jugador 636 [NO ENCONTRADO]
[00:31:42.246] ERROR - Jugador 638 [NO ENCONTRADO]
[00:31:42.330] ERROR - Jugador 639 [NO ENCONTRADO]
[00:31:42.402] ERROR - Jugador 640 [NO ENCONTRADO]
[00:31:42.409] ERROR - Jugador 641 [NO ENCONTRADO]
[00:31:42.459] ERROR - Jugador 643 [NO ENCONTRADO]
[00:31:42.664] ERROR - Jugador 646 [NO ENCONTRADO]
[00:31:42.676] INFO - Escribiendo historial market-value del jugador 637 (321 values)
[00:31:42.681] INFO - Jugador 637 almacenado correctamente
[00:31:42.744] ERROR - Jugador 647 [NO ENCONTRADO]
[00:31:42.757] ERROR - Jugador 648 [out_of_league]
[00:31:42.921] INFO - Escribiendo historial market-value del jugador 642 (321 values)
[00:31:42.926] INFO - Jugador 642 almacenado correctamente
[00:31:42.930] INFO - Escribiendo historial market-value del jugador 644 (321 values)
[00:31:42.934] INFO - Jugador 644 almacenado correctamente
[00:31:43.039] INFO - Escribiendo historial market-value del jugador 645 (293 values)
[00:31:43.043] INFO - Jugador 645 almacenado correctamente
[00:31:43.106] ERROR - Jugador 653 [out_of_league]
[00:31:43.208] INFO - Escribiendo historial market-value del jugador 649 (293 values)
[00:31:43.214] INFO - Jugador 649 almacenado correctamente
[00:31:43.273] ERROR - Jugador 654 [out_of_league]
[00:31:43.285] ERROR - Jugador 655 [out_of_league]
[00:31:43.363] ERROR - Jugador 656 [NO ENCONTRADO]
[00:31:43.444] ERROR - Jugador 657 [NO ENCONTRADO]
[00:31:43.467] INFO - Escribiendo historial market-value del jugador 651 (321 values)
[00:31:43.470] INFO - Escribiendo historial market-value del jugador 650 (321 values)
[00:31:43.474] INFO - Jugador 651 almacenado correctamente
[00:31:43.479] INFO - Jugador 650 almacenado correctamente
[00:31:43.529] ERROR - Jugador 658 [NO ENCONTRADO]
[00:31:43.535] INFO - Escribiendo historial market-value del jugador 652 (321 values)
[00:31:43.540] INFO - Jugador 652 almacenado correctamente
[00:31:43.601] ERROR - Jugador 659 [NO ENCONTRADO]
[00:31:43.618] ERROR - Jugador 660 [NO ENCONTRADO]
[00:31:43.686] ERROR - Jugador 661 [NO ENCONTRADO]
[00:31:43.761] ERROR - Jugador 662 [NO ENCONTRADO]
[00:31:43.815] ERROR - Jugador 663 [out_of_league]
[00:31:43.918] ERROR - Jugador 667 [NO ENCONTRADO]
[00:31:43.939] ERROR - Jugador 668 [NO ENCONTRADO]
[00:31:44.062] ERROR - Jugador 669 [out_of_league]
[00:31:44.081] ERROR - Jugador 670 [NO ENCONTRADO]
[00:31:44.138] ERROR - Jugador 671 [NO ENCONTRADO]
[00:31:44.222] INFO - Escribiendo historial market-value del jugador 665 (321 values)
[00:31:44.224] INFO - Jugador 665 almacenado correctamente
[00:31:44.257] ERROR - Jugador 672 [NO ENCONTRADO]
[00:31:44.284] INFO - Escribiendo historial market-value del jugador 664 (321 values)
[00:31:44.287] INFO - Jugador 664 almacenado correctamente
[00:31:44.322] INFO - Escribiendo historial market-value del jugador 666 (311 values)
[00:31:44.326] INFO - Jugador 666 almacenado correctamente
[00:31:44.398] ERROR - Jugador 674 [out_of_league]
[00:31:44.470] ERROR - Jugador 676 [out_of_league]
[00:31:44.554] ERROR - Jugador 677 [out_of_league]
[00:31:44.578] ERROR - Jugador 678 [NO ENCONTRADO]
[00:31:44.617] ERROR - Jugador 679 [out_of_league]
[00:31:44.711] INFO - Escribiendo historial market-value del jugador 673 (321 values)
[00:31:44.717] INFO - Jugador 673 almacenado correctamente
[00:31:44.790] ERROR - Jugador 682 [NO ENCONTRADO]
[00:31:44.843] INFO - Escribiendo historial market-value del jugador 675 (321 values)
[00:31:44.847] INFO - Jugador 675 almacenado correctamente
[00:31:44.909] ERROR - Jugador 684 [out_of_league]
[00:31:44.939] ERROR - Jugador 685 [NO ENCONTRADO]
[00:31:45.037] ERROR - Jugador 686 [NO ENCONTRADO]
[00:31:45.093] INFO - Escribiendo historial market-value del jugador 680 (321 values)
[00:31:45.098] INFO - Jugador 680 almacenado correctamente
[00:31:45.139] INFO - Escribiendo historial market-value del jugador 681 (321 values)
[00:31:45.143] INFO - Jugador 681 almacenado correctamente
[00:31:45.147] ERROR - Jugador 687 [out_of_league]
[00:31:45.168] ERROR - Jugador 688 [NO ENCONTRADO]
[00:31:45.232] ERROR - Jugador 689 [NO ENCONTRADO]
[00:31:45.265] ERROR - Jugador 690 [NO ENCONTRADO]
[00:31:45.296] INFO - Escribiendo historial market-value del jugador 683 (296 values)
[00:31:45.299] INFO - Jugador 683 almacenado correctamente
[00:31:45.361] ERROR - Jugador 691 [NO ENCONTRADO]
[00:31:45.416] ERROR - Jugador 692 [NO ENCONTRADO]
[00:31:45.479] ERROR - Jugador 694 [NO ENCONTRADO]
[00:31:45.482] ERROR - Jugador 693 [NO ENCONTRADO]
[00:31:45.515] ERROR - Jugador 695 [out_of_league]
[00:31:45.545] ERROR - Jugador 696 [NO ENCONTRADO]
[00:31:45.578] ERROR - Jugador 697 [NO ENCONTRADO]
[00:31:45.618] ERROR - Jugador 698 [NO ENCONTRADO]
[00:31:45.690] ERROR - Jugador 699 [NO ENCONTRADO]
[00:31:45.760] ERROR - Jugador 700 [out_of_league]
[00:31:45.811] ERROR - Jugador 702 [NO ENCONTRADO]
[00:31:45.838] ERROR - Jugador 703 [NO ENCONTRADO]
[00:31:45.896] ERROR - Jugador 705 [NO ENCONTRADO]
[00:31:45.948] ERROR - Jugador 706 [NO ENCONTRADO]
[00:31:46.012] ERROR - Jugador 707 [NO ENCONTRADO]
[00:31:46.081] ERROR - Jugador 708 [NO ENCONTRADO]
[00:31:46.147] ERROR - Jugador 709 [NO ENCONTRADO]
[00:31:46.150] ERROR - Jugador 710 [NO ENCONTRADO]
[00:31:46.243] ERROR - Jugador 711 [out_of_league]
[00:31:46.247] INFO - Escribiendo historial market-value del jugador 701 (321 values)
[00:31:46.254] INFO - Jugador 701 almacenado correctamente
[00:31:46.271] ERROR - Jugador 712 [NO ENCONTRADO]
[00:31:46.337] ERROR - Jugador 713 [NO ENCONTRADO]
[00:31:46.346] INFO - Escribiendo historial market-value del jugador 704 (306 values)
[00:31:46.351] INFO - Jugador 704 almacenado correctamente
[00:31:46.401] ERROR - Jugador 714 [NO ENCONTRADO]
[00:31:46.482] ERROR - Jugador 716 [NO ENCONTRADO]
[00:31:46.586] ERROR - Jugador 717 [out_of_league]
[00:31:46.611] ERROR - Jugador 719 [NO ENCONTRADO]
[00:31:46.614] ERROR - Jugador 718 [out_of_league]
[00:31:46.689] ERROR - Jugador 720 [NO ENCONTRADO]
[00:31:46.693] ERROR - Jugador 721 [NO ENCONTRADO]
[00:31:46.720] ERROR - Jugador 722 [NO ENCONTRADO]
[00:31:46.825] ERROR - Jugador 723 [NO ENCONTRADO]
[00:31:46.889] INFO - Escribiendo historial market-value del jugador 715 (321 values)
[00:31:46.892] INFO - Jugador 715 almacenado correctamente
[00:31:46.900] ERROR - Jugador 724 [NO ENCONTRADO]
[00:31:46.938] ERROR - Jugador 726 [NO ENCONTRADO]
[00:31:46.945] ERROR - Jugador 725 [NO ENCONTRADO]
[00:31:47.040] ERROR - Jugador 727 [out_of_league]
[00:31:47.048] ERROR - Jugador 728 [out_of_league]
[00:31:47.068] ERROR - Jugador 729 [out_of_league]
[00:31:47.155] ERROR - Jugador 730 [NO ENCONTRADO]
[00:31:47.241] ERROR - Jugador 731 [out_of_league]
[00:31:47.267] ERROR - Jugador 732 [out_of_league]
[00:31:47.279] ERROR - Jugador 733 [NO ENCONTRADO]
[00:31:47.300] ERROR - Jugador 734 [out_of_league]
[00:31:47.379] ERROR - Jugador 735 [NO ENCONTRADO]
[00:31:47.400] ERROR - Jugador 737 [NO ENCONTRADO]
[00:31:47.407] ERROR - Jugador 736 [out_of_league]
[00:31:47.485] ERROR - Jugador 738 [NO ENCONTRADO]
[00:31:47.557] ERROR - Jugador 739 [NO ENCONTRADO]
[00:31:47.613] ERROR - Jugador 740 [NO ENCONTRADO]
[00:31:47.617] ERROR - Jugador 741 [NO ENCONTRADO]
[00:31:47.726] ERROR - Jugador 743 [out_of_league]
[00:31:47.740] ERROR - Jugador 744 [NO ENCONTRADO]
[00:31:47.745] ERROR - Jugador 745 [NO ENCONTRADO]
[00:31:47.813] ERROR - Jugador 746 [NO ENCONTRADO]
[00:31:47.872] ERROR - Jugador 747 [NO ENCONTRADO]
[00:31:47.959] ERROR - Jugador 749 [out_of_league]
[00:31:47.967] ERROR - Jugador 748 [NO ENCONTRADO]
[00:31:48.097] ERROR - Jugador 752 [NO ENCONTRADO]
[00:31:48.106] ERROR - Jugador 750 [out_of_league]
[00:31:48.109] INFO - Escribiendo historial market-value del jugador 742 (321 values)
[00:31:48.113] INFO - Jugador 742 almacenado correctamente
[00:31:48.125] ERROR - Jugador 751 [out_of_league]
[00:31:48.127] ERROR - Jugador 753 [NO ENCONTRADO]
[00:31:48.193] ERROR - Jugador 754 [NO ENCONTRADO]
[00:31:48.289] ERROR - Jugador 755 [NO ENCONTRADO]
[00:31:48.296] ERROR - Jugador 756 [NO ENCONTRADO]
[00:31:48.435] ERROR - Jugador 757 [NO ENCONTRADO]
[00:31:48.471] ERROR - Jugador 758 [NO ENCONTRADO]
[00:31:48.483] ERROR - Jugador 759 [NO ENCONTRADO]
[00:31:48.490] ERROR - Jugador 760 [NO ENCONTRADO]
[00:31:48.492] ERROR - Jugador 761 [NO ENCONTRADO]
[00:31:48.515] ERROR - Jugador 762 [NO ENCONTRADO]
[00:31:48.623] ERROR - Jugador 763 [NO ENCONTRADO]
[00:31:48.627] ERROR - Jugador 764 [NO ENCONTRADO]
[00:31:48.749] ERROR - Jugador 765 [NO ENCONTRADO]
[00:31:48.843] ERROR - Jugador 767 [NO ENCONTRADO]
[00:31:48.852] ERROR - Jugador 769 [NO ENCONTRADO]
[00:31:48.863] ERROR - Jugador 770 [NO ENCONTRADO]
[00:31:48.960] ERROR - Jugador 771 [NO ENCONTRADO]
[00:31:48.964] ERROR - Jugador 772 [NO ENCONTRADO]
[00:31:49.093] ERROR - Jugador 773 [out_of_league]
[00:31:49.174] ERROR - Jugador 774 [NO ENCONTRADO]
[00:31:49.226] ERROR - Jugador 776 [out_of_league]
[00:31:49.251] INFO - Escribiendo historial market-value del jugador 766 (321 values)
[00:31:49.255] INFO - Jugador 766 almacenado correctamente
[00:31:49.302] ERROR - Jugador 777 [NO ENCONTRADO]
[00:31:49.316] ERROR - Jugador 778 [NO ENCONTRADO]
[00:31:49.332] INFO - Escribiendo historial market-value del jugador 768 (321 values)
[00:31:49.339] INFO - Jugador 768 almacenado correctamente
[00:31:49.420] ERROR - Jugador 779 [NO ENCONTRADO]
[00:31:49.491] ERROR - Jugador 780 [NO ENCONTRADO]
[00:31:49.552] ERROR - Jugador 781 [NO ENCONTRADO]
[00:31:49.578] ERROR - Jugador 782 [NO ENCONTRADO]
[00:31:49.650] INFO - Escribiendo historial market-value del jugador 775 (321 values)
[00:31:49.653] INFO - Jugador 775 almacenado correctamente
[00:31:49.663] ERROR - Jugador 783 [out_of_league]
[00:31:49.663] ERROR - Jugador 784 [NO ENCONTRADO]
[00:31:49.669] ERROR - Jugador 785 [NO ENCONTRADO]
[00:31:49.813] ERROR - Jugador 787 [NO ENCONTRADO]
[00:31:49.881] ERROR - Jugador 788 [out_of_league]
[00:31:49.907] ERROR - Jugador 789 [out_of_league]
[00:31:49.999] ERROR - Jugador 790 [NO ENCONTRADO]
[00:31:50.019] ERROR - Jugador 791 [NO ENCONTRADO]
[00:31:50.027] ERROR - Jugador 792 [NO ENCONTRADO]
[00:31:50.059] ERROR - Jugador 793 [out_of_league]
[00:31:50.153] ERROR - Jugador 794 [out_of_league]
[00:31:50.202] INFO - Escribiendo historial market-value del jugador 786 (321 values)
[00:31:50.206] INFO - Jugador 786 almacenado correctamente
[00:31:50.215] ERROR - Jugador 795 [NO ENCONTRADO]
[00:31:50.231] ERROR - Jugador 796 [NO ENCONTRADO]
[00:31:50.325] ERROR - Jugador 797 [NO ENCONTRADO]
[00:31:50.353] ERROR - Jugador 798 [NO ENCONTRADO]
[00:31:50.362] ERROR - Jugador 799 [NO ENCONTRADO]
[00:31:50.382] ERROR - Jugador 800 [NO ENCONTRADO]
[00:31:50.554] ERROR - Jugador 802 [out_of_league]
[00:31:50.557] ERROR - Jugador 803 [NO ENCONTRADO]
[00:31:50.697] ERROR - Jugador 806 [out_of_league]
[00:31:50.715] ERROR - Jugador 807 [out_of_league]
[00:31:50.723] ERROR - Jugador 808 [out_of_league]
[00:31:50.903] ERROR - Jugador 810 [out_of_league]
[00:31:50.946] INFO - Escribiendo historial market-value del jugador 801 (307 values)
[00:31:50.951] INFO - Jugador 801 almacenado correctamente
[00:31:51.024] INFO - Escribiendo historial market-value del jugador 804 (321 values)
[00:31:51.029] INFO - Jugador 804 almacenado correctamente
[00:31:51.041] ERROR - Jugador 811 [NO ENCONTRADO]
[00:31:51.104] INFO - Escribiendo historial market-value del jugador 805 (321 values)
[00:31:51.112] INFO - Jugador 805 almacenado correctamente
[00:31:51.230] ERROR - Jugador 814 [out_of_league]
[00:31:51.286] ERROR - Jugador 815 [out_of_league]
[00:31:51.362] INFO - Escribiendo historial market-value del jugador 809 (314 values)
[00:31:51.366] INFO - Jugador 809 almacenado correctamente
[00:31:51.441] ERROR - Jugador 816 [out_of_league]
[00:31:51.483] ERROR - Jugador 818 [out_of_league]
[00:31:51.507] INFO - Escribiendo historial market-value del jugador 813 (307 values)
[00:31:51.511] INFO - Jugador 813 almacenado correctamente
[00:31:51.522] INFO - Escribiendo historial market-value del jugador 812 (321 values)
[00:31:51.526] INFO - Jugador 812 almacenado correctamente
[00:31:51.552] ERROR - Jugador 819 [NO ENCONTRADO]
[00:31:51.602] ERROR - Jugador 820 [NO ENCONTRADO]
[00:31:51.684] ERROR - Jugador 821 [NO ENCONTRADO]
[00:31:51.782] ERROR - Jugador 822 [out_of_league]
[00:31:51.812] ERROR - Jugador 823 [NO ENCONTRADO]
[00:31:51.851] INFO - Escribiendo historial market-value del jugador 817 (321 values)
[00:31:51.856] INFO - Jugador 817 almacenado correctamente
[00:31:51.865] ERROR - Jugador 824 [NO ENCONTRADO]
[00:31:51.876] ERROR - Jugador 825 [NO ENCONTRADO]
[00:31:51.880] ERROR - Jugador 826 [NO ENCONTRADO]
[00:31:51.925] ERROR - Jugador 827 [NO ENCONTRADO]
[00:31:51.998] ERROR - Jugador 828 [NO ENCONTRADO]
[00:31:52.105] ERROR - Jugador 829 [NO ENCONTRADO]
[00:31:52.134] ERROR - Jugador 830 [NO ENCONTRADO]
[00:31:52.187] ERROR - Jugador 831 [NO ENCONTRADO]
[00:31:52.221] ERROR - Jugador 832 [NO ENCONTRADO]
[00:31:52.230] ERROR - Jugador 834 [NO ENCONTRADO]
[00:31:52.234] ERROR - Jugador 833 [NO ENCONTRADO]
[00:31:52.252] ERROR - Jugador 835 [NO ENCONTRADO]
[00:31:52.321] ERROR - Jugador 836 [NO ENCONTRADO]
[00:31:52.442] ERROR - Jugador 837 [NO ENCONTRADO]
[00:31:52.471] ERROR - Jugador 838 [out_of_league]
[00:31:52.506] ERROR - Jugador 839 [NO ENCONTRADO]
[00:31:52.566] ERROR - Jugador 840 [NO ENCONTRADO]
[00:31:52.597] ERROR - Jugador 841 [out_of_league]
[00:31:52.606] ERROR - Jugador 842 [out_of_league]
[00:31:52.609] ERROR - Jugador 843 [out_of_league]
[00:31:52.651] ERROR - Jugador 844 [out_of_league]
[00:31:52.774] ERROR - Jugador 845 [out_of_league]
[00:31:52.803] ERROR - Jugador 846 [out_of_league]
[00:31:52.830] ERROR - Jugador 847 [NO ENCONTRADO]
[00:31:52.877] ERROR - Jugador 848 [NO ENCONTRADO]
[00:31:52.934] ERROR - Jugador 849 [NO ENCONTRADO]
[00:31:52.962] ERROR - Jugador 851 [out_of_league]
[00:31:52.973] ERROR - Jugador 852 [NO ENCONTRADO]
[00:31:53.118] ERROR - Jugador 854 [NO ENCONTRADO]
[00:31:53.263] ERROR - Jugador 857 [out_of_league]
[00:31:53.309] ERROR - Jugador 858 [out_of_league]
[00:31:53.412] INFO - Escribiendo historial market-value del jugador 850 (321 values)
[00:31:53.419] INFO - Jugador 850 almacenado correctamente
[00:31:53.436] ERROR - Jugador 860 [NO ENCONTRADO]
[00:31:53.505] INFO - Escribiendo historial market-value del jugador 855 (321 values)
[00:31:53.506] INFO - Jugador 855 almacenado correctamente
[00:31:53.528] INFO - Escribiendo historial market-value del jugador 853 (321 values)
[00:31:53.535] INFO - Jugador 853 almacenado correctamente
[00:31:53.582] ERROR - Jugador 861 [NO ENCONTRADO]
[00:31:53.640] ERROR - Jugador 862 [NO ENCONTRADO]
[00:31:53.673] INFO - Escribiendo historial market-value del jugador 856 (321 values)
[00:31:53.677] INFO - Jugador 856 almacenado correctamente
[00:31:53.774] INFO - Escribiendo historial market-value del jugador 859 (310 values)
[00:31:53.779] INFO - Jugador 859 almacenado correctamente
[00:31:53.788] ERROR - Jugador 864 [out_of_league]
[00:31:53.817] ERROR - Jugador 865 [NO ENCONTRADO]
[00:31:53.848] ERROR - Jugador 863 [out_of_league]
[00:31:53.870] ERROR - Jugador 866 [NO ENCONTRADO]
[00:31:53.902] ERROR - Jugador 867 [NO ENCONTRADO]
[00:31:53.978] ERROR - Jugador 868 [out_of_league]
[00:31:54.001] ERROR - Jugador 869 [NO ENCONTRADO]
[00:31:54.114] ERROR - Jugador 870 [out_of_league]
[00:31:54.117] ERROR - Jugador 871 [NO ENCONTRADO]
[00:31:54.134] ERROR - Jugador 872 [NO ENCONTRADO]
[00:31:54.233] ERROR - Jugador 875 [out_of_league]
[00:31:54.342] ERROR - Jugador 877 [out_of_league]
[00:31:54.459] ERROR - Jugador 879 [NO ENCONTRADO]
[00:31:54.465] ERROR - Jugador 878 [NO ENCONTRADO]
[00:31:54.486] ERROR - Jugador 880 [out_of_league]
[00:31:54.573] ERROR - Jugador 881 [out_of_league]
[00:31:54.657] INFO - Escribiendo historial market-value del jugador 873 (321 values)
[00:31:54.660] INFO - Escribiendo historial market-value del jugador 874 (269 values)
[00:31:54.667] INFO - Jugador 873 almacenado correctamente
[00:31:54.671] INFO - Jugador 874 almacenado correctamente
[00:31:54.758] INFO - Escribiendo historial market-value del jugador 876 (321 values)
[00:31:54.763] INFO - Jugador 876 almacenado correctamente
[00:31:54.815] ERROR - Jugador 883 [out_of_league]
[00:31:54.822] ERROR - Jugador 884 [out_of_league]
[00:31:54.833] ERROR - Jugador 885 [out_of_league]
[00:31:55.020] ERROR - Jugador 888 [out_of_league]
[00:31:55.024] ERROR - Jugador 887 [out_of_league]
[00:31:55.119] INFO - Escribiendo historial market-value del jugador 882 (321 values)
[00:31:55.126] INFO - Jugador 882 almacenado correctamente
[00:31:55.137] ERROR - Jugador 890 [NO ENCONTRADO]
[00:31:55.168] ERROR - Jugador 892 [NO ENCONTRADO]
[00:31:55.173] ERROR - Jugador 891 [NO ENCONTRADO]
[00:31:55.361] INFO - Escribiendo historial market-value del jugador 886 (281 values)
[00:31:55.362] ERROR - Jugador 893 [NO ENCONTRADO]
[00:31:55.369] INFO - Jugador 886 almacenado correctamente
[00:31:55.476] ERROR - Jugador 895 [out_of_league]
[00:31:55.480] ERROR - Jugador 896 [out_of_league]
[00:31:55.538] INFO - Escribiendo historial market-value del jugador 889 (321 values)
[00:31:55.542] INFO - Jugador 889 almacenado correctamente
[00:31:55.564] ERROR - Jugador 897 [out_of_league]
[00:31:55.691] ERROR - Jugador 900 [NO ENCONTRADO]
[00:31:55.698] ERROR - Jugador 899 [NO ENCONTRADO]
[00:31:55.834] ERROR - Jugador 902 [out_of_league]
[00:31:55.865] ERROR - Jugador 903 [NO ENCONTRADO]
[00:31:55.868] INFO - Escribiendo historial market-value del jugador 894 (282 values)
[00:31:55.873] INFO - Jugador 894 almacenado correctamente
[00:31:55.897] ERROR - Jugador 904 [out_of_league]
[00:31:55.954] INFO - Escribiendo historial market-value del jugador 898 (321 values)
[00:31:55.958] INFO - Jugador 898 almacenado correctamente
[00:31:56.025] ERROR - Jugador 906 [NO ENCONTRADO]
[00:31:56.150] ERROR - Jugador 907 [NO ENCONTRADO]
[00:31:56.205] ERROR - Jugador 909 [NO ENCONTRADO]
[00:31:56.256] ERROR - Jugador 910 [out_of_league]
[00:31:56.257] INFO - Escribiendo historial market-value del jugador 901 (321 values)
[00:31:56.264] INFO - Jugador 901 almacenado correctamente
[00:31:56.283] ERROR - Jugador 911 [NO ENCONTRADO]
[00:31:56.433] INFO - Escribiendo historial market-value del jugador 905 (321 values)
[00:31:56.436] INFO - Jugador 905 almacenado correctamente
[00:31:56.488] ERROR - Jugador 913 [out_of_league]
[00:31:56.525] ERROR - Jugador 914 [NO ENCONTRADO]
[00:31:56.595] ERROR - Jugador 915 [NO ENCONTRADO]
[00:31:56.607] ERROR - Jugador 916 [NO ENCONTRADO]
[00:31:56.631] ERROR - Jugador 917 [NO ENCONTRADO]
[00:31:56.650] INFO - Escribiendo historial market-value del jugador 908 (321 values)
[00:31:56.655] INFO - Jugador 908 almacenado correctamente
[00:31:56.788] INFO - Escribiendo historial market-value del jugador 912 (321 values)
[00:31:56.791] INFO - Jugador 912 almacenado correctamente
[00:31:56.823] ERROR - Jugador 919 [out_of_league]
[00:31:56.845] ERROR - Jugador 920 [NO ENCONTRADO]
[00:31:56.922] ERROR - Jugador 921 [NO ENCONTRADO]
[00:31:56.944] ERROR - Jugador 922 [out_of_league]
[00:31:56.965] ERROR - Jugador 923 [out_of_league]
[00:31:57.126] ERROR - Jugador 925 [out_of_league]
[00:31:57.138] ERROR - Jugador 926 [NO ENCONTRADO]
[00:31:57.199] INFO - Escribiendo historial market-value del jugador 918 (321 values)
[00:31:57.202] INFO - Jugador 918 almacenado correctamente
[00:31:57.260] ERROR - Jugador 928 [out_of_league]
[00:31:57.268] ERROR - Jugador 929 [NO ENCONTRADO]
[00:31:57.283] ERROR - Jugador 930 [NO ENCONTRADO]
[00:31:57.423] INFO - Escribiendo historial market-value del jugador 924 (261 values)
[00:31:57.427] INFO - Jugador 924 almacenado correctamente
[00:31:57.446] ERROR - Jugador 931 [NO ENCONTRADO]
[00:31:57.461] ERROR - Jugador 932 [NO ENCONTRADO]
[00:31:57.521] ERROR - Jugador 933 [NO ENCONTRADO]
[00:31:57.594] ERROR - Jugador 934 [NO ENCONTRADO]
[00:31:57.611] ERROR - Jugador 935 [NO ENCONTRADO]
[00:31:57.625] ERROR - Jugador 936 [NO ENCONTRADO]
[00:31:57.657] INFO - Escribiendo historial market-value del jugador 927 (321 values)
[00:31:57.661] INFO - Jugador 927 almacenado correctamente
[00:31:57.748] ERROR - Jugador 937 [NO ENCONTRADO]
[00:31:57.790] ERROR - Jugador 938 [out_of_league]
[00:31:57.849] ERROR - Jugador 940 [NO ENCONTRADO]
[00:31:57.916] ERROR - Jugador 941 [NO ENCONTRADO]
[00:31:57.976] ERROR - Jugador 943 [out_of_league]
[00:31:58.071] ERROR - Jugador 945 [NO ENCONTRADO]
[00:31:58.112] ERROR - Jugador 946 [NO ENCONTRADO]
[00:31:58.234] INFO - Escribiendo historial market-value del jugador 939 (291 values)
[00:31:58.238] INFO - Jugador 939 almacenado correctamente
[00:31:58.246] ERROR - Jugador 948 [out_of_league]
[00:31:58.294] ERROR - Jugador 949 [NO ENCONTRADO]
[00:31:58.395] INFO - Escribiendo historial market-value del jugador 944 (321 values)
[00:31:58.398] INFO - Jugador 944 almacenado correctamente
[00:31:58.413] ERROR - Jugador 950 [out_of_league]
[00:31:58.418] INFO - Escribiendo historial market-value del jugador 942 (321 values)
[00:31:58.422] INFO - Jugador 942 almacenado correctamente
[00:31:58.443] ERROR - Jugador 951 [out_of_league]
[00:31:58.585] ERROR - Jugador 952 [out_of_league]
[00:31:58.593] ERROR - Jugador 953 [out_of_league]
[00:31:58.651] ERROR - Jugador 954 [out_of_league]
[00:31:58.655] INFO - Escribiendo historial market-value del jugador 947 (321 values)
[00:31:58.659] INFO - Jugador 947 almacenado correctamente
[00:31:58.744] ERROR - Jugador 956 [NO ENCONTRADO]
[00:31:58.749] ERROR - Jugador 955 [out_of_league]
[00:31:58.772] ERROR - Jugador 957 [NO ENCONTRADO]
[00:31:58.793] ERROR - Jugador 958 [out_of_league]
[00:31:58.921] ERROR - Jugador 960 [NO ENCONTRADO]
[00:31:58.935] ERROR - Jugador 959 [out_of_league]
[00:31:58.986] ERROR - Jugador 962 [NO ENCONTRADO]
[00:31:58.995] ERROR - Jugador 961 [out_of_league]
[00:31:59.089] ERROR - Jugador 964 [NO ENCONTRADO]
[00:31:59.122] ERROR - Jugador 965 [out_of_league]
[00:31:59.255] ERROR - Jugador 967 [NO ENCONTRADO]
[00:31:59.279] ERROR - Jugador 968 [out_of_league]
[00:31:59.317] ERROR - Jugador 970 [NO ENCONTRADO]
[00:31:59.327] ERROR - Jugador 969 [out_of_league]
[00:31:59.407] ERROR - Jugador 971 [NO ENCONTRADO]
[00:31:59.438] ERROR - Jugador 972 [NO ENCONTRADO]
[00:31:59.668] ERROR - Jugador 976 [out_of_league]
[00:31:59.671] ERROR - Jugador 975 [out_of_league]
[00:31:59.999] ERROR - Jugador 979 [NO ENCONTRADO]
[00:32:00.218] INFO - Escribiendo historial market-value del jugador 978 (293 values)
[00:32:00.225] INFO - Jugador 978 almacenado correctamente
[00:32:00.315] ERROR - Jugador 981 [NO ENCONTRADO]
[00:32:00.561] ERROR - Jugador 982 [out_of_league]
[00:32:00.630] ERROR - Jugador 983 [NO ENCONTRADO]
[00:32:00.912] ERROR - Jugador 984 [out_of_league]
[00:32:00.944] ERROR - Jugador 985 [NO ENCONTRADO]
[00:32:01.261] ERROR - Jugador 986 [out_of_league]
[00:32:01.271] ERROR - Jugador 987 [out_of_league]
[00:32:01.615] ERROR - Jugador 989 [out_of_league]
[00:32:01.934] ERROR - Jugador 990 [NO ENCONTRADO]
[00:32:02.734] INFO - Escribiendo historial market-value del jugador 991 (321 values)
[00:32:02.739] INFO - Jugador 991 almacenado correctamente
[00:32:03.055] ERROR - Jugador 992 [NO ENCONTRADO]
[00:32:03.447] ERROR - Jugador 993 [out_of_league]
[00:32:03.770] ERROR - Jugador 994 [NO ENCONTRADO]
[00:32:04.453] INFO - Escribiendo historial market-value del jugador 995 (321 values)
[00:32:04.455] INFO - Jugador 995 almacenado correctamente
[00:32:05.232] INFO - Escribiendo historial market-value del jugador 996 (321 values)
[00:32:05.236] INFO - Jugador 996 almacenado correctamente
[00:32:05.564] ERROR - Jugador 997 [NO ENCONTRADO]
[00:32:05.885] ERROR - Jugador 998 [NO ENCONTRADO]
[00:32:06.206] ERROR - Jugador 999 [NO ENCONTRADO]
[00:32:06.556] ERROR - Jugador 1000 [out_of_league]
[00:32:28.693] ERROR - Jugador 1002 [NO ENCONTRADO]
[00:32:28.995] WARNING - requests.exceptions.ReadTimeout (Tiempo de espera agotado para request 963)
Traceback (most recent call last):
  File "/opt/hostedtoolcache/Python/3.9.19/x64/lib/python3.9/site-packages/urllib3/connectionpool.py", line 467, in _make_request
    six.raise_from(e, None)
  File "<string>", line 3, in raise_from
  File "/opt/hostedtoolcache/Python/3.9.19/x64/lib/python3.9/site-packages/urllib3/connectionpool.py", line 462, in _make_request
    httplib_response = conn.getresponse()
  File "/opt/hostedtoolcache/Python/3.9.19/x64/lib/python3.9/http/client.py", line 1377, in getresponse
    response.begin()
  File "/opt/hostedtoolcache/Python/3.9.19/x64/lib/python3.9/http/client.py", line 320, in begin
    version, status, reason = self._read_status()
  File "/opt/hostedtoolcache/Python/3.9.19/x64/lib/python3.9/http/client.py", line 281, in _read_status
    line = str(self.fp.readline(_MAXLINE + 1), "iso-8859-1")
  File "/opt/hostedtoolcache/Python/3.9.19/x64/lib/python3.9/socket.py", line 704, in readinto
    return self._sock.recv_into(b)
  File "/opt/hostedtoolcache/Python/3.9.19/x64/lib/python3.9/ssl.py", line 1275, in recv_into
    return self.read(nbytes, buffer)
  File "/opt/hostedtoolcache/Python/3.9.19/x64/lib/python3.9/ssl.py", line 1133, in read
    return self._sslobj.read(len, buffer)
socket.timeout: The read operation timed out

During handling of the above exception, another exception occurred:

Traceback (most recent call last):
  File "/opt/hostedtoolcache/Python/3.9.19/x64/lib/python3.9/site-packages/requests/adapters.py", line 489, in send
    resp = conn.urlopen(
  File "/opt/hostedtoolcache/Python/3.9.19/x64/lib/python3.9/site-packages/urllib3/connectionpool.py", line 799, in urlopen
    retries = retries.increment(
  File "/opt/hostedtoolcache/Python/3.9.19/x64/lib/python3.9/site-packages/urllib3/util/retry.py", line 550, in increment
    raise six.reraise(type(error), error, _stacktrace)
  File "/opt/hostedtoolcache/Python/3.9.19/x64/lib/python3.9/site-packages/urllib3/packages/six.py", line 770, in reraise
    raise value
  File "/opt/hostedtoolcache/Python/3.9.19/x64/lib/python3.9/site-packages/urllib3/connectionpool.py", line 715, in urlopen
    httplib_response = self._make_request(
  File "/opt/hostedtoolcache/Python/3.9.19/x64/lib/python3.9/site-packages/urllib3/connectionpool.py", line 469, in _make_request
    self._raise_timeout(err=e, url=url, timeout_value=read_timeout)
  File "/opt/hostedtoolcache/Python/3.9.19/x64/lib/python3.9/site-packages/urllib3/connectionpool.py", line 358, in _raise_timeout
    raise ReadTimeoutError(
urllib3.exceptions.ReadTimeoutError: HTTPSConnectionPool(host='api.laligafantasymarca.com', port=443): Read timed out. (read timeout=30)

During handling of the above exception, another exception occurred:

Traceback (most recent call last):
  File "<string>", line 165, in multithread_scrape_player_aux
  File "/opt/hostedtoolcache/Python/3.9.19/x64/lib/python3.9/site-packages/requests/api.py", line 73, in get
    return request("get", url, params=params, **kwargs)
  File "/opt/hostedtoolcache/Python/3.9.19/x64/lib/python3.9/site-packages/requests/api.py", line 59, in request
    return session.request(method=method, url=url, **kwargs)
  File "/opt/hostedtoolcache/Python/3.9.19/x64/lib/python3.9/site-packages/requests/sessions.py", line 587, in request
    resp = self.send(prep, **send_kwargs)
  File "/opt/hostedtoolcache/Python/3.9.19/x64/lib/python3.9/site-packages/requests/sessions.py", line 701, in send
    r = adapter.send(request, **kwargs)
  File "/opt/hostedtoolcache/Python/3.9.19/x64/lib/python3.9/site-packages/requests/adapters.py", line 578, in send
    raise ReadTimeout(e, request=request)
requests.exceptions.ReadTimeout: HTTPSConnectionPool(host='api.laligafantasymarca.com', port=443): Read timed out. (read timeout=30)
[00:32:29.020] ERROR - Jugador 1003 [NO ENCONTRADO]
[00:32:29.036] WARNING - requests.exceptions.ReadTimeout (Tiempo de espera agotado para request 966)
Traceback (most recent call last):
  File "/opt/hostedtoolcache/Python/3.9.19/x64/lib/python3.9/site-packages/urllib3/connectionpool.py", line 467, in _make_request
    six.raise_from(e, None)
  File "<string>", line 3, in raise_from
  File "/opt/hostedtoolcache/Python/3.9.19/x64/lib/python3.9/site-packages/urllib3/connectionpool.py", line 462, in _make_request
    httplib_response = conn.getresponse()
  File "/opt/hostedtoolcache/Python/3.9.19/x64/lib/python3.9/http/client.py", line 1377, in getresponse
    response.begin()
  File "/opt/hostedtoolcache/Python/3.9.19/x64/lib/python3.9/http/client.py", line 320, in begin
    version, status, reason = self._read_status()
  File "/opt/hostedtoolcache/Python/3.9.19/x64/lib/python3.9/http/client.py", line 281, in _read_status
    line = str(self.fp.readline(_MAXLINE + 1), "iso-8859-1")
  File "/opt/hostedtoolcache/Python/3.9.19/x64/lib/python3.9/socket.py", line 704, in readinto
    return self._sock.recv_into(b)
  File "/opt/hostedtoolcache/Python/3.9.19/x64/lib/python3.9/ssl.py", line 1275, in recv_into
    return self.read(nbytes, buffer)
  File "/opt/hostedtoolcache/Python/3.9.19/x64/lib/python3.9/ssl.py", line 1133, in read
    return self._sslobj.read(len, buffer)
socket.timeout: The read operation timed out

During handling of the above exception, another exception occurred:

Traceback (most recent call last):
  File "/opt/hostedtoolcache/Python/3.9.19/x64/lib/python3.9/site-packages/requests/adapters.py", line 489, in send
    resp = conn.urlopen(
  File "/opt/hostedtoolcache/Python/3.9.19/x64/lib/python3.9/site-packages/urllib3/connectionpool.py", line 799, in urlopen
    retries = retries.increment(
  File "/opt/hostedtoolcache/Python/3.9.19/x64/lib/python3.9/site-packages/urllib3/util/retry.py", line 550, in increment
    raise six.reraise(type(error), error, _stacktrace)
  File "/opt/hostedtoolcache/Python/3.9.19/x64/lib/python3.9/site-packages/urllib3/packages/six.py", line 770, in reraise
    raise value
  File "/opt/hostedtoolcache/Python/3.9.19/x64/lib/python3.9/site-packages/urllib3/connectionpool.py", line 715, in urlopen
    httplib_response = self._make_request(
  File "/opt/hostedtoolcache/Python/3.9.19/x64/lib/python3.9/site-packages/urllib3/connectionpool.py", line 469, in _make_request
    self._raise_timeout(err=e, url=url, timeout_value=read_timeout)
  File "/opt/hostedtoolcache/Python/3.9.19/x64/lib/python3.9/site-packages/urllib3/connectionpool.py", line 358, in _raise_timeout
    raise ReadTimeoutError(
urllib3.exceptions.ReadTimeoutError: HTTPSConnectionPool(host='api.laligafantasymarca.com', port=443): Read timed out. (read timeout=30)

During handling of the above exception, another exception occurred:

Traceback (most recent call last):
  File "<string>", line 165, in multithread_scrape_player_aux
  File "/opt/hostedtoolcache/Python/3.9.19/x64/lib/python3.9/site-packages/requests/api.py", line 73, in get
    return request("get", url, params=params, **kwargs)
  File "/opt/hostedtoolcache/Python/3.9.19/x64/lib/python3.9/site-packages/requests/api.py", line 59, in request
    return session.request(method=method, url=url, **kwargs)
  File "/opt/hostedtoolcache/Python/3.9.19/x64/lib/python3.9/site-packages/requests/sessions.py", line 587, in request
    resp = self.send(prep, **send_kwargs)
  File "/opt/hostedtoolcache/Python/3.9.19/x64/lib/python3.9/site-packages/requests/sessions.py", line 701, in send
    r = adapter.send(request, **kwargs)
  File "/opt/hostedtoolcache/Python/3.9.19/x64/lib/python3.9/site-packages/requests/adapters.py", line 578, in send
    raise ReadTimeout(e, request=request)
requests.exceptions.ReadTimeout: HTTPSConnectionPool(host='api.laligafantasymarca.com', port=443): Read timed out. (read timeout=30)
[00:32:29.430] ERROR - Jugador 1005 [out_of_league]
[00:32:29.450] ERROR - Jugador 1006 [out_of_league]
[00:32:29.494] WARNING - requests.exceptions.ReadTimeout (Tiempo de espera agotado para request 973)
Traceback (most recent call last):
  File "/opt/hostedtoolcache/Python/3.9.19/x64/lib/python3.9/site-packages/urllib3/connectionpool.py", line 467, in _make_request
    six.raise_from(e, None)
  File "<string>", line 3, in raise_from
  File "/opt/hostedtoolcache/Python/3.9.19/x64/lib/python3.9/site-packages/urllib3/connectionpool.py", line 462, in _make_request
    httplib_response = conn.getresponse()
  File "/opt/hostedtoolcache/Python/3.9.19/x64/lib/python3.9/http/client.py", line 1377, in getresponse
    response.begin()
  File "/opt/hostedtoolcache/Python/3.9.19/x64/lib/python3.9/http/client.py", line 320, in begin
    version, status, reason = self._read_status()
  File "/opt/hostedtoolcache/Python/3.9.19/x64/lib/python3.9/http/client.py", line 281, in _read_status
    line = str(self.fp.readline(_MAXLINE + 1), "iso-8859-1")
  File "/opt/hostedtoolcache/Python/3.9.19/x64/lib/python3.9/socket.py", line 704, in readinto
    return self._sock.recv_into(b)
  File "/opt/hostedtoolcache/Python/3.9.19/x64/lib/python3.9/ssl.py", line 1275, in recv_into
    return self.read(nbytes, buffer)
  File "/opt/hostedtoolcache/Python/3.9.19/x64/lib/python3.9/ssl.py", line 1133, in read
    return self._sslobj.read(len, buffer)
socket.timeout: The read operation timed out

During handling of the above exception, another exception occurred:

Traceback (most recent call last):
  File "/opt/hostedtoolcache/Python/3.9.19/x64/lib/python3.9/site-packages/requests/adapters.py", line 489, in send
    resp = conn.urlopen(
  File "/opt/hostedtoolcache/Python/3.9.19/x64/lib/python3.9/site-packages/urllib3/connectionpool.py", line 799, in urlopen
    retries = retries.increment(
  File "/opt/hostedtoolcache/Python/3.9.19/x64/lib/python3.9/site-packages/urllib3/util/retry.py", line 550, in increment
    raise six.reraise(type(error), error, _stacktrace)
  File "/opt/hostedtoolcache/Python/3.9.19/x64/lib/python3.9/site-packages/urllib3/packages/six.py", line 770, in reraise
    raise value
  File "/opt/hostedtoolcache/Python/3.9.19/x64/lib/python3.9/site-packages/urllib3/connectionpool.py", line 715, in urlopen
    httplib_response = self._make_request(
  File "/opt/hostedtoolcache/Python/3.9.19/x64/lib/python3.9/site-packages/urllib3/connectionpool.py", line 469, in _make_request
    self._raise_timeout(err=e, url=url, timeout_value=read_timeout)
  File "/opt/hostedtoolcache/Python/3.9.19/x64/lib/python3.9/site-packages/urllib3/connectionpool.py", line 358, in _raise_timeout
    raise ReadTimeoutError(
urllib3.exceptions.ReadTimeoutError: HTTPSConnectionPool(host='api.laligafantasymarca.com', port=443): Read timed out. (read timeout=30)

During handling of the above exception, another exception occurred:

Traceback (most recent call last):
  File "<string>", line 165, in multithread_scrape_player_aux
  File "/opt/hostedtoolcache/Python/3.9.19/x64/lib/python3.9/site-packages/requests/api.py", line 73, in get
    return request("get", url, params=params, **kwargs)
  File "/opt/hostedtoolcache/Python/3.9.19/x64/lib/python3.9/site-packages/requests/api.py", line 59, in request
    return session.request(method=method, url=url, **kwargs)
  File "/opt/hostedtoolcache/Python/3.9.19/x64/lib/python3.9/site-packages/requests/sessions.py", line 587, in request
    resp = self.send(prep, **send_kwargs)
  File "/opt/hostedtoolcache/Python/3.9.19/x64/lib/python3.9/site-packages/requests/sessions.py", line 701, in send
    r = adapter.send(request, **kwargs)
  File "/opt/hostedtoolcache/Python/3.9.19/x64/lib/python3.9/site-packages/requests/adapters.py", line 578, in send
    raise ReadTimeout(e, request=request)
requests.exceptions.ReadTimeout: HTTPSConnectionPool(host='api.laligafantasymarca.com', port=443): Read timed out. (read timeout=30)
[00:32:29.494] WARNING - requests.exceptions.ReadTimeout (Tiempo de espera agotado para request 974)
Traceback (most recent call last):
  File "/opt/hostedtoolcache/Python/3.9.19/x64/lib/python3.9/site-packages/urllib3/connectionpool.py", line 467, in _make_request
    six.raise_from(e, None)
  File "<string>", line 3, in raise_from
  File "/opt/hostedtoolcache/Python/3.9.19/x64/lib/python3.9/site-packages/urllib3/connectionpool.py", line 462, in _make_request
    httplib_response = conn.getresponse()
  File "/opt/hostedtoolcache/Python/3.9.19/x64/lib/python3.9/http/client.py", line 1377, in getresponse
    response.begin()
  File "/opt/hostedtoolcache/Python/3.9.19/x64/lib/python3.9/http/client.py", line 320, in begin
    version, status, reason = self._read_status()
  File "/opt/hostedtoolcache/Python/3.9.19/x64/lib/python3.9/http/client.py", line 281, in _read_status
    line = str(self.fp.readline(_MAXLINE + 1), "iso-8859-1")
  File "/opt/hostedtoolcache/Python/3.9.19/x64/lib/python3.9/socket.py", line 704, in readinto
    return self._sock.recv_into(b)
  File "/opt/hostedtoolcache/Python/3.9.19/x64/lib/python3.9/ssl.py", line 1275, in recv_into
    return self.read(nbytes, buffer)
  File "/opt/hostedtoolcache/Python/3.9.19/x64/lib/python3.9/ssl.py", line 1133, in read
    return self._sslobj.read(len, buffer)
socket.timeout: The read operation timed out

During handling of the above exception, another exception occurred:

Traceback (most recent call last):
  File "/opt/hostedtoolcache/Python/3.9.19/x64/lib/python3.9/site-packages/requests/adapters.py", line 489, in send
    resp = conn.urlopen(
  File "/opt/hostedtoolcache/Python/3.9.19/x64/lib/python3.9/site-packages/urllib3/connectionpool.py", line 799, in urlopen
    retries = retries.increment(
  File "/opt/hostedtoolcache/Python/3.9.19/x64/lib/python3.9/site-packages/urllib3/util/retry.py", line 550, in increment
    raise six.reraise(type(error), error, _stacktrace)
  File "/opt/hostedtoolcache/Python/3.9.19/x64/lib/python3.9/site-packages/urllib3/packages/six.py", line 770, in reraise
    raise value
  File "/opt/hostedtoolcache/Python/3.9.19/x64/lib/python3.9/site-packages/urllib3/connectionpool.py", line 715, in urlopen
    httplib_response = self._make_request(
  File "/opt/hostedtoolcache/Python/3.9.19/x64/lib/python3.9/site-packages/urllib3/connectionpool.py", line 469, in _make_request
    self._raise_timeout(err=e, url=url, timeout_value=read_timeout)
  File "/opt/hostedtoolcache/Python/3.9.19/x64/lib/python3.9/site-packages/urllib3/connectionpool.py", line 358, in _raise_timeout
    raise ReadTimeoutError(
urllib3.exceptions.ReadTimeoutError: HTTPSConnectionPool(host='api.laligafantasymarca.com', port=443): Read timed out. (read timeout=30)

During handling of the above exception, another exception occurred:

Traceback (most recent call last):
  File "<string>", line 165, in multithread_scrape_player_aux
  File "/opt/hostedtoolcache/Python/3.9.19/x64/lib/python3.9/site-packages/requests/api.py", line 73, in get
    return request("get", url, params=params, **kwargs)
  File "/opt/hostedtoolcache/Python/3.9.19/x64/lib/python3.9/site-packages/requests/api.py", line 59, in request
    return session.request(method=method, url=url, **kwargs)
  File "/opt/hostedtoolcache/Python/3.9.19/x64/lib/python3.9/site-packages/requests/sessions.py", line 587, in request
    resp = self.send(prep, **send_kwargs)
  File "/opt/hostedtoolcache/Python/3.9.19/x64/lib/python3.9/site-packages/requests/sessions.py", line 701, in send
    r = adapter.send(request, **kwargs)
  File "/opt/hostedtoolcache/Python/3.9.19/x64/lib/python3.9/site-packages/requests/adapters.py", line 578, in send
    raise ReadTimeout(e, request=request)
requests.exceptions.ReadTimeout: HTTPSConnectionPool(host='api.laligafantasymarca.com', port=443): Read timed out. (read timeout=30)
[00:32:29.747] ERROR - Jugador 1007 [NO ENCONTRADO]
[00:32:29.805] ERROR - Jugador 1008 [out_of_league]
[00:32:29.838] ERROR - Jugador 1009 [out_of_league]
[00:32:29.889] INFO - Escribiendo historial market-value del jugador 1004 (303 values)
[00:32:29.893] INFO - Jugador 1004 almacenado correctamente
[00:32:30.066] ERROR - Jugador 1011 [NO ENCONTRADO]
[00:32:30.124] ERROR - Jugador 1012 [NO ENCONTRADO]
[00:32:30.172] ERROR - Jugador 1013 [NO ENCONTRADO]
[00:32:30.216] ERROR - Jugador 1014 [NO ENCONTRADO]
[00:32:30.282] INFO - Escribiendo historial market-value del jugador 1010 (267 values)
[00:32:30.289] INFO - Jugador 1010 almacenado correctamente
[00:32:30.345] WARNING - requests.exceptions.ReadTimeout (Tiempo de espera agotado para request 980)
Traceback (most recent call last):
  File "/opt/hostedtoolcache/Python/3.9.19/x64/lib/python3.9/site-packages/urllib3/connectionpool.py", line 467, in _make_request
    six.raise_from(e, None)
  File "<string>", line 3, in raise_from
  File "/opt/hostedtoolcache/Python/3.9.19/x64/lib/python3.9/site-packages/urllib3/connectionpool.py", line 462, in _make_request
    httplib_response = conn.getresponse()
  File "/opt/hostedtoolcache/Python/3.9.19/x64/lib/python3.9/http/client.py", line 1377, in getresponse
    response.begin()
  File "/opt/hostedtoolcache/Python/3.9.19/x64/lib/python3.9/http/client.py", line 320, in begin
    version, status, reason = self._read_status()
  File "/opt/hostedtoolcache/Python/3.9.19/x64/lib/python3.9/http/client.py", line 281, in _read_status
    line = str(self.fp.readline(_MAXLINE + 1), "iso-8859-1")
  File "/opt/hostedtoolcache/Python/3.9.19/x64/lib/python3.9/socket.py", line 704, in readinto
    return self._sock.recv_into(b)
  File "/opt/hostedtoolcache/Python/3.9.19/x64/lib/python3.9/ssl.py", line 1275, in recv_into
    return self.read(nbytes, buffer)
  File "/opt/hostedtoolcache/Python/3.9.19/x64/lib/python3.9/ssl.py", line 1133, in read
    return self._sslobj.read(len, buffer)
socket.timeout: The read operation timed out

During handling of the above exception, another exception occurred:

Traceback (most recent call last):
  File "/opt/hostedtoolcache/Python/3.9.19/x64/lib/python3.9/site-packages/requests/adapters.py", line 489, in send
    resp = conn.urlopen(
  File "/opt/hostedtoolcache/Python/3.9.19/x64/lib/python3.9/site-packages/urllib3/connectionpool.py", line 799, in urlopen
    retries = retries.increment(
  File "/opt/hostedtoolcache/Python/3.9.19/x64/lib/python3.9/site-packages/urllib3/util/retry.py", line 550, in increment
    raise six.reraise(type(error), error, _stacktrace)
  File "/opt/hostedtoolcache/Python/3.9.19/x64/lib/python3.9/site-packages/urllib3/packages/six.py", line 770, in reraise
    raise value
  File "/opt/hostedtoolcache/Python/3.9.19/x64/lib/python3.9/site-packages/urllib3/connectionpool.py", line 715, in urlopen
    httplib_response = self._make_request(
  File "/opt/hostedtoolcache/Python/3.9.19/x64/lib/python3.9/site-packages/urllib3/connectionpool.py", line 469, in _make_request
    self._raise_timeout(err=e, url=url, timeout_value=read_timeout)
  File "/opt/hostedtoolcache/Python/3.9.19/x64/lib/python3.9/site-packages/urllib3/connectionpool.py", line 358, in _raise_timeout
    raise ReadTimeoutError(
urllib3.exceptions.ReadTimeoutError: HTTPSConnectionPool(host='api.laligafantasymarca.com', port=443): Read timed out. (read timeout=30)

During handling of the above exception, another exception occurred:

Traceback (most recent call last):
  File "<string>", line 171, in multithread_scrape_player_aux
  File "/opt/hostedtoolcache/Python/3.9.19/x64/lib/python3.9/site-packages/requests/api.py", line 73, in get
    return request("get", url, params=params, **kwargs)
  File "/opt/hostedtoolcache/Python/3.9.19/x64/lib/python3.9/site-packages/requests/api.py", line 59, in request
    return session.request(method=method, url=url, **kwargs)
  File "/opt/hostedtoolcache/Python/3.9.19/x64/lib/python3.9/site-packages/requests/sessions.py", line 587, in request
    resp = self.send(prep, **send_kwargs)
  File "/opt/hostedtoolcache/Python/3.9.19/x64/lib/python3.9/site-packages/requests/sessions.py", line 701, in send
    r = adapter.send(request, **kwargs)
  File "/opt/hostedtoolcache/Python/3.9.19/x64/lib/python3.9/site-packages/requests/adapters.py", line 578, in send
    raise ReadTimeout(e, request=request)
requests.exceptions.ReadTimeout: HTTPSConnectionPool(host='api.laligafantasymarca.com', port=443): Read timed out. (read timeout=30)
[00:32:30.396] ERROR - Jugador 1015 [out_of_league]
[00:32:30.473] ERROR - Jugador 1016 [out_of_league]
[00:32:30.511] ERROR - Jugador 1017 [out_of_league]
[00:32:30.535] ERROR - Jugador 1018 [NO ENCONTRADO]
[00:32:30.609] ERROR - Jugador 1019 [NO ENCONTRADO]
[00:32:30.673] ERROR - Jugador 1020 [NO ENCONTRADO]
[00:32:30.740] ERROR - Jugador 1021 [out_of_league]
[00:32:30.858] ERROR - Jugador 1023 [out_of_league]
[00:32:31.011] ERROR - Jugador 1026 [out_of_league]
[00:32:31.051] ERROR - Jugador 1027 [NO ENCONTRADO]
[00:32:31.179] ERROR - Jugador 1028 [NO ENCONTRADO]
[00:32:31.235] INFO - Escribiendo historial market-value del jugador 1022 (321 values)
[00:32:31.239] INFO - Jugador 1022 almacenado correctamente
[00:32:31.327] INFO - Escribiendo historial market-value del jugador 1025 (131 values)
[00:32:31.329] INFO - Escribiendo historial market-value del jugador 1024 (281 values)
[00:32:31.330] INFO - Jugador 1025 almacenado correctamente
[00:32:31.339] INFO - Jugador 1024 almacenado correctamente
[00:32:31.388] ERROR - Jugador 1030 [out_of_league]
[00:32:31.513] WARNING - requests.exceptions.ReadTimeout (Tiempo de espera agotado para request 988)
Traceback (most recent call last):
  File "/opt/hostedtoolcache/Python/3.9.19/x64/lib/python3.9/site-packages/urllib3/connectionpool.py", line 467, in _make_request
    six.raise_from(e, None)
  File "<string>", line 3, in raise_from
  File "/opt/hostedtoolcache/Python/3.9.19/x64/lib/python3.9/site-packages/urllib3/connectionpool.py", line 462, in _make_request
    httplib_response = conn.getresponse()
  File "/opt/hostedtoolcache/Python/3.9.19/x64/lib/python3.9/http/client.py", line 1377, in getresponse
    response.begin()
  File "/opt/hostedtoolcache/Python/3.9.19/x64/lib/python3.9/http/client.py", line 320, in begin
    version, status, reason = self._read_status()
  File "/opt/hostedtoolcache/Python/3.9.19/x64/lib/python3.9/http/client.py", line 281, in _read_status
    line = str(self.fp.readline(_MAXLINE + 1), "iso-8859-1")
  File "/opt/hostedtoolcache/Python/3.9.19/x64/lib/python3.9/socket.py", line 704, in readinto
    return self._sock.recv_into(b)
  File "/opt/hostedtoolcache/Python/3.9.19/x64/lib/python3.9/ssl.py", line 1275, in recv_into
    return self.read(nbytes, buffer)
  File "/opt/hostedtoolcache/Python/3.9.19/x64/lib/python3.9/ssl.py", line 1133, in read
    return self._sslobj.read(len, buffer)
socket.timeout: The read operation timed out

During handling of the above exception, another exception occurred:

Traceback (most recent call last):
  File "/opt/hostedtoolcache/Python/3.9.19/x64/lib/python3.9/site-packages/requests/adapters.py", line 489, in send
    resp = conn.urlopen(
  File "/opt/hostedtoolcache/Python/3.9.19/x64/lib/python3.9/site-packages/urllib3/connectionpool.py", line 799, in urlopen
    retries = retries.increment(
  File "/opt/hostedtoolcache/Python/3.9.19/x64/lib/python3.9/site-packages/urllib3/util/retry.py", line 550, in increment
    raise six.reraise(type(error), error, _stacktrace)
  File "/opt/hostedtoolcache/Python/3.9.19/x64/lib/python3.9/site-packages/urllib3/packages/six.py", line 770, in reraise
    raise value
  File "/opt/hostedtoolcache/Python/3.9.19/x64/lib/python3.9/site-packages/urllib3/connectionpool.py", line 715, in urlopen
    httplib_response = self._make_request(
  File "/opt/hostedtoolcache/Python/3.9.19/x64/lib/python3.9/site-packages/urllib3/connectionpool.py", line 469, in _make_request
    self._raise_timeout(err=e, url=url, timeout_value=read_timeout)
  File "/opt/hostedtoolcache/Python/3.9.19/x64/lib/python3.9/site-packages/urllib3/connectionpool.py", line 358, in _raise_timeout
    raise ReadTimeoutError(
urllib3.exceptions.ReadTimeoutError: HTTPSConnectionPool(host='api.laligafantasymarca.com', port=443): Read timed out. (read timeout=30)

During handling of the above exception, another exception occurred:

Traceback (most recent call last):
  File "<string>", line 165, in multithread_scrape_player_aux
  File "/opt/hostedtoolcache/Python/3.9.19/x64/lib/python3.9/site-packages/requests/api.py", line 73, in get
    return request("get", url, params=params, **kwargs)
  File "/opt/hostedtoolcache/Python/3.9.19/x64/lib/python3.9/site-packages/requests/api.py", line 59, in request
    return session.request(method=method, url=url, **kwargs)
  File "/opt/hostedtoolcache/Python/3.9.19/x64/lib/python3.9/site-packages/requests/sessions.py", line 587, in request
    resp = self.send(prep, **send_kwargs)
  File "/opt/hostedtoolcache/Python/3.9.19/x64/lib/python3.9/site-packages/requests/sessions.py", line 701, in send
    r = adapter.send(request, **kwargs)
  File "/opt/hostedtoolcache/Python/3.9.19/x64/lib/python3.9/site-packages/requests/adapters.py", line 578, in send
    raise ReadTimeout(e, request=request)
requests.exceptions.ReadTimeout: HTTPSConnectionPool(host='api.laligafantasymarca.com', port=443): Read timed out. (read timeout=30)
[00:32:31.668] ERROR - Jugador 1034 [NO ENCONTRADO]
[00:32:31.703] ERROR - Jugador 1035 [NO ENCONTRADO]
[00:32:31.790] INFO - Escribiendo historial market-value del jugador 1029 (321 values)
[00:32:31.800] INFO - Jugador 1029 almacenado correctamente
[00:32:31.844] ERROR - Jugador 1036 [out_of_league]
[00:32:31.951] INFO - Escribiendo historial market-value del jugador 1031 (300 values)
[00:32:31.958] INFO - Jugador 1031 almacenado correctamente
[00:32:32.018] ERROR - Jugador 1037 [out_of_league]
[00:32:32.029] INFO - Escribiendo historial market-value del jugador 1032 (321 values)
[00:32:32.033] ERROR - Jugador 1038 [NO ENCONTRADO]
[00:32:32.036] INFO - Jugador 1032 almacenado correctamente
[00:32:32.143] INFO - Escribiendo historial market-value del jugador 1033 (293 values)
[00:32:32.150] INFO - Jugador 1033 almacenado correctamente
[00:32:32.187] ERROR - Jugador 1040 [out_of_league]
[00:32:32.279] ERROR - Jugador 1041 [NO ENCONTRADO]
[00:32:32.374] ERROR - Jugador 1043 [NO ENCONTRADO]
[00:32:32.389] ERROR - Jugador 1044 [out_of_league]
[00:32:32.465] ERROR - Jugador 1045 [NO ENCONTRADO]
[00:32:32.571] INFO - Escribiendo historial market-value del jugador 1039 (321 values)
[00:32:32.578] INFO - Jugador 1039 almacenado correctamente
[00:32:32.614] ERROR - Jugador 1047 [out_of_league]
[00:32:32.708] ERROR - Jugador 1048 [out_of_league]
[00:32:32.808] INFO - Escribiendo historial market-value del jugador 1042 (299 values)
[00:32:32.815] INFO - Jugador 1042 almacenado correctamente
[00:32:32.954] ERROR - Jugador 1052 [out_of_league]
[00:32:32.969] INFO - Escribiendo historial market-value del jugador 1046 (321 values)
[00:32:32.974] INFO - Jugador 1046 almacenado correctamente
[00:32:33.045] ERROR - Jugador 1053 [out_of_league]
[00:32:33.166] INFO - Escribiendo historial market-value del jugador 1049 (321 values)
[00:32:33.172] INFO - Jugador 1049 almacenado correctamente
[00:32:33.178] ERROR - Jugador 1054 [out_of_league]
[00:32:33.235] INFO - Escribiendo historial market-value del jugador 1050 (281 values)
[00:32:33.240] INFO - Jugador 1050 almacenado correctamente
[00:32:33.308] ERROR - Jugador 1055 [out_of_league]
[00:32:33.386] ERROR - Jugador 1057 [out_of_league]
[00:32:33.407] INFO - Escribiendo historial market-value del jugador 1051 (321 values)
[00:32:33.412] INFO - Jugador 1051 almacenado correctamente
[00:32:33.525] ERROR - Jugador 1058 [out_of_league]
[00:32:33.531] ERROR - Jugador 1059 [out_of_league]
[00:32:33.574] ERROR - Jugador 1060 [out_of_league]
[00:32:33.638] ERROR - Jugador 1061 [out_of_league]
[00:32:33.732] ERROR - Jugador 1062 [out_of_league]
[00:32:33.768] INFO - Escribiendo historial market-value del jugador 1056 (292 values)
[00:32:33.772] INFO - Jugador 1056 almacenado correctamente
[00:32:33.884] ERROR - Jugador 1065 [out_of_league]
[00:32:33.908] ERROR - Jugador 1066 [out_of_league]
[00:32:33.976] ERROR - Jugador 1067 [out_of_league]
[00:32:34.070] ERROR - Jugador 1068 [out_of_league]
[00:32:34.224] INFO - Escribiendo historial market-value del jugador 1063 (321 values)
[00:32:34.229] INFO - Jugador 1063 almacenado correctamente
[00:32:34.272] ERROR - Jugador 1071 [out_of_league]
[00:32:34.337] INFO - Escribiendo historial market-value del jugador 1064 (321 values)
[00:32:34.341] INFO - Jugador 1064 almacenado correctamente
[00:32:34.573] ERROR - Jugador 1074 [out_of_league]
[00:32:34.588] INFO - Escribiendo historial market-value del jugador 1069 (321 values)
[00:32:34.593] INFO - Jugador 1069 almacenado correctamente
[00:32:34.621] ERROR - Jugador 1075 [out_of_league]
[00:32:34.661] INFO - Escribiendo historial market-value del jugador 1070 (314 values)
[00:32:34.664] INFO - Jugador 1070 almacenado correctamente
[00:32:34.684] ERROR - Jugador 1076 [out_of_league]
[00:32:34.753] INFO - Escribiendo historial market-value del jugador 1072 (321 values)
[00:32:34.758] INFO - Jugador 1072 almacenado correctamente
[00:32:34.845] INFO - Escribiendo historial market-value del jugador 1073 (321 values)
[00:32:34.849] INFO - Jugador 1073 almacenado correctamente
[00:32:34.916] ERROR - Jugador 1077 [out_of_league]
[00:32:34.930] ERROR - Jugador 1078 [out_of_league]
[00:32:34.943] ERROR - Jugador 1079 [NO ENCONTRADO]
[00:32:34.999] ERROR - Jugador 1080 [out_of_league]
[00:32:35.086] ERROR - Jugador 1082 [NO ENCONTRADO]
[00:32:35.184] ERROR - Jugador 1083 [out_of_league]
[00:32:35.267] ERROR - Jugador 1084 [out_of_league]
[00:32:35.271] ERROR - Jugador 1086 [NO ENCONTRADO]
[00:32:35.274] ERROR - Jugador 1085 [NO ENCONTRADO]
[00:32:35.328] ERROR - Jugador 1087 [out_of_league]
[00:32:35.462] INFO - Escribiendo historial market-value del jugador 1081 (321 values)
[00:32:35.467] INFO - Jugador 1081 almacenado correctamente
[00:32:35.515] ERROR - Jugador 1089 [out_of_league]
[00:32:35.635] ERROR - Jugador 1092 [out_of_league]
[00:32:35.726] ERROR - Jugador 1093 [out_of_league]
[00:32:35.789] ERROR - Jugador 1094 [out_of_league]
[00:32:35.859] ERROR - Jugador 1095 [out_of_league]
[00:32:35.863] INFO - Escribiendo historial market-value del jugador 1088 (321 values)
[00:32:35.868] INFO - Jugador 1088 almacenado correctamente
[00:32:35.991] INFO - Escribiendo historial market-value del jugador 1091 (321 values)
[00:32:35.996] INFO - Jugador 1091 almacenado correctamente
[00:32:36.069] INFO - Escribiendo historial market-value del jugador 1090 (321 values)
[00:32:36.072] INFO - Jugador 1090 almacenado correctamente
[00:32:36.124] ERROR - Jugador 1098 [out_of_league]
[00:32:36.328] ERROR - Jugador 1101 [out_of_league]
[00:32:36.420] ERROR - Jugador 1102 [out_of_league]
[00:32:36.424] INFO - Escribiendo historial market-value del jugador 1096 (299 values)
[00:32:36.429] INFO - Jugador 1096 almacenado correctamente
[00:32:36.484] INFO - Escribiendo historial market-value del jugador 1097 (321 values)
[00:32:36.488] INFO - Jugador 1097 almacenado correctamente
[00:32:36.611] INFO - Escribiendo historial market-value del jugador 1099 (281 values)
[00:32:36.615] INFO - Jugador 1099 almacenado correctamente
[00:32:36.681] ERROR - Jugador 1104 [out_of_league]
[00:32:36.687] INFO - Escribiendo historial market-value del jugador 1100 (321 values)
[00:32:36.692] INFO - Jugador 1100 almacenado correctamente
[00:32:36.750] ERROR - Jugador 1105 [NO ENCONTRADO]
[00:32:36.793] WARNING - requests.exceptions.ReadTimeout (Tiempo de espera agotado para request 1001)
Traceback (most recent call last):
  File "/opt/hostedtoolcache/Python/3.9.19/x64/lib/python3.9/site-packages/urllib3/connectionpool.py", line 467, in _make_request
    six.raise_from(e, None)
  File "<string>", line 3, in raise_from
  File "/opt/hostedtoolcache/Python/3.9.19/x64/lib/python3.9/site-packages/urllib3/connectionpool.py", line 462, in _make_request
    httplib_response = conn.getresponse()
  File "/opt/hostedtoolcache/Python/3.9.19/x64/lib/python3.9/http/client.py", line 1377, in getresponse
    response.begin()
  File "/opt/hostedtoolcache/Python/3.9.19/x64/lib/python3.9/http/client.py", line 320, in begin
    version, status, reason = self._read_status()
  File "/opt/hostedtoolcache/Python/3.9.19/x64/lib/python3.9/http/client.py", line 281, in _read_status
    line = str(self.fp.readline(_MAXLINE + 1), "iso-8859-1")
  File "/opt/hostedtoolcache/Python/3.9.19/x64/lib/python3.9/socket.py", line 704, in readinto
    return self._sock.recv_into(b)
  File "/opt/hostedtoolcache/Python/3.9.19/x64/lib/python3.9/ssl.py", line 1275, in recv_into
    return self.read(nbytes, buffer)
  File "/opt/hostedtoolcache/Python/3.9.19/x64/lib/python3.9/ssl.py", line 1133, in read
    return self._sslobj.read(len, buffer)
socket.timeout: The read operation timed out

During handling of the above exception, another exception occurred:

Traceback (most recent call last):
  File "/opt/hostedtoolcache/Python/3.9.19/x64/lib/python3.9/site-packages/requests/adapters.py", line 489, in send
    resp = conn.urlopen(
  File "/opt/hostedtoolcache/Python/3.9.19/x64/lib/python3.9/site-packages/urllib3/connectionpool.py", line 799, in urlopen
    retries = retries.increment(
  File "/opt/hostedtoolcache/Python/3.9.19/x64/lib/python3.9/site-packages/urllib3/util/retry.py", line 550, in increment
    raise six.reraise(type(error), error, _stacktrace)
  File "/opt/hostedtoolcache/Python/3.9.19/x64/lib/python3.9/site-packages/urllib3/packages/six.py", line 770, in reraise
    raise value
  File "/opt/hostedtoolcache/Python/3.9.19/x64/lib/python3.9/site-packages/urllib3/connectionpool.py", line 715, in urlopen
    httplib_response = self._make_request(
  File "/opt/hostedtoolcache/Python/3.9.19/x64/lib/python3.9/site-packages/urllib3/connectionpool.py", line 469, in _make_request
    self._raise_timeout(err=e, url=url, timeout_value=read_timeout)
  File "/opt/hostedtoolcache/Python/3.9.19/x64/lib/python3.9/site-packages/urllib3/connectionpool.py", line 358, in _raise_timeout
    raise ReadTimeoutError(
urllib3.exceptions.ReadTimeoutError: HTTPSConnectionPool(host='api.laligafantasymarca.com', port=443): Read timed out. (read timeout=30)

During handling of the above exception, another exception occurred:

Traceback (most recent call last):
  File "<string>", line 165, in multithread_scrape_player_aux
  File "/opt/hostedtoolcache/Python/3.9.19/x64/lib/python3.9/site-packages/requests/api.py", line 73, in get
    return request("get", url, params=params, **kwargs)
  File "/opt/hostedtoolcache/Python/3.9.19/x64/lib/python3.9/site-packages/requests/api.py", line 59, in request
    return session.request(method=method, url=url, **kwargs)
  File "/opt/hostedtoolcache/Python/3.9.19/x64/lib/python3.9/site-packages/requests/sessions.py", line 587, in request
    resp = self.send(prep, **send_kwargs)
  File "/opt/hostedtoolcache/Python/3.9.19/x64/lib/python3.9/site-packages/requests/sessions.py", line 701, in send
    r = adapter.send(request, **kwargs)
  File "/opt/hostedtoolcache/Python/3.9.19/x64/lib/python3.9/site-packages/requests/adapters.py", line 578, in send
    raise ReadTimeout(e, request=request)
requests.exceptions.ReadTimeout: HTTPSConnectionPool(host='api.laligafantasymarca.com', port=443): Read timed out. (read timeout=30)
[00:32:36.892] INFO - Escribiendo historial market-value del jugador 1103 (321 values)
[00:32:36.897] INFO - Jugador 1103 almacenado correctamente
[00:32:36.945] ERROR - Jugador 1108 [out_of_league]
[00:32:37.011] ERROR - Jugador 1109 [NO ENCONTRADO]
[00:32:37.042] ERROR - Jugador 1110 [out_of_league]
[00:32:37.066] ERROR - Jugador 1111 [NO ENCONTRADO]
[00:32:37.114] ERROR - Jugador 1112 [NO ENCONTRADO]
[00:32:37.235] ERROR - Jugador 1113 [NO ENCONTRADO]
[00:32:37.238] INFO - Escribiendo historial market-value del jugador 1106 (307 values)
[00:32:37.243] INFO - Jugador 1106 almacenado correctamente
[00:32:37.263] INFO - Escribiendo historial market-value del jugador 1107 (321 values)
[00:32:37.267] INFO - Jugador 1107 almacenado correctamente
[00:32:37.279] ERROR - Jugador 1114 [out_of_league]
[00:32:37.347] ERROR - Jugador 1115 [out_of_league]
[00:32:37.380] ERROR - Jugador 1116 [out_of_league]
[00:32:37.398] ERROR - Jugador 1117 [out_of_league]
[00:32:37.436] ERROR - Jugador 1118 [NO ENCONTRADO]
[00:32:37.575] ERROR - Jugador 1119 [out_of_league]
[00:32:37.596] ERROR - Jugador 1120 [out_of_league]
[00:32:37.634] ERROR - Jugador 1122 [out_of_league]
[00:32:37.722] ERROR - Jugador 1124 [out_of_league]
[00:32:37.735] ERROR - Jugador 1125 [out_of_league]
[00:32:37.750] ERROR - Jugador 1126 [NO ENCONTRADO]
[00:32:37.922] ERROR - Jugador 1128 [NO ENCONTRADO]
[00:32:37.924] ERROR - Jugador 1127 [out_of_league]
[00:32:37.979] ERROR - Jugador 1129 [out_of_league]
[00:32:38.103] INFO - Escribiendo historial market-value del jugador 1121 (321 values)
[00:32:38.107] INFO - Jugador 1121 almacenado correctamente
[00:32:38.130] INFO - Escribiendo historial market-value del jugador 1123 (321 values)
[00:32:38.134] INFO - Jugador 1123 almacenado correctamente
[00:32:38.313] ERROR - Jugador 1135 [out_of_league]
[00:32:38.447] ERROR - Jugador 1136 [out_of_league]
[00:32:38.451] ERROR - Jugador 1137 [NO ENCONTRADO]
[00:32:38.501] INFO - Escribiendo historial market-value del jugador 1130 (321 values)
[00:32:38.505] INFO - Jugador 1130 almacenado correctamente
[00:32:38.528] INFO - Escribiendo historial market-value del jugador 1131 (321 values)
[00:32:38.531] INFO - Jugador 1131 almacenado correctamente
[00:32:38.548] INFO - Escribiendo historial market-value del jugador 1132 (321 values)
[00:32:38.553] INFO - Jugador 1132 almacenado correctamente
[00:32:38.662] ERROR - Jugador 1138 [out_of_league]
[00:32:38.668] INFO - Escribiendo historial market-value del jugador 1133 (321 values)
[00:32:38.672] INFO - Jugador 1133 almacenado correctamente
[00:32:38.686] INFO - Escribiendo historial market-value del jugador 1134 (321 values)
[00:32:38.692] INFO - Jugador 1134 almacenado correctamente
[00:32:38.876] ERROR - Jugador 1141 [NO ENCONTRADO]
[00:32:38.892] ERROR - Jugador 1142 [NO ENCONTRADO]
[00:32:38.916] ERROR - Jugador 1139 [out_of_league]
[00:32:38.920] ERROR - Jugador 1143 [out_of_league]
[00:32:38.930] ERROR - Jugador 1140 [out_of_league]
[00:32:39.052] ERROR - Jugador 1145 [out_of_league]
[00:32:39.057] ERROR - Jugador 1144 [out_of_league]
[00:32:39.270] ERROR - Jugador 1150 [NO ENCONTRADO]
[00:32:39.273] ERROR - Jugador 1149 [NO ENCONTRADO]
[00:32:39.287] ERROR - Jugador 1151 [out_of_league]
[00:32:39.309] ERROR - Jugador 1148 [out_of_league]
[00:32:39.388] ERROR - Jugador 1153 [NO ENCONTRADO]
[00:32:39.409] ERROR - Jugador 1152 [out_of_league]
[00:32:39.487] INFO - Escribiendo historial market-value del jugador 1146 (321 values)
[00:32:39.492] INFO - Jugador 1146 almacenado correctamente
[00:32:39.624] ERROR - Jugador 1154 [out_of_league]
[00:32:39.635] ERROR - Jugador 1156 [NO ENCONTRADO]
[00:32:39.680] INFO - Escribiendo historial market-value del jugador 1147 (321 values)
[00:32:39.684] INFO - Jugador 1147 almacenado correctamente
[00:32:39.725] ERROR - Jugador 1158 [out_of_league]
[00:32:39.821] ERROR - Jugador 1160 [out_of_league]
[00:32:39.974] ERROR - Jugador 1161 [out_of_league]
[00:32:39.995] ERROR - Jugador 1162 [out_of_league]
[00:32:40.087] ERROR - Jugador 1164 [NO ENCONTRADO]
[00:32:40.091] INFO - Escribiendo historial market-value del jugador 1157 (321 values)
[00:32:40.096] INFO - Jugador 1157 almacenado correctamente
[00:32:40.116] INFO - Escribiendo historial market-value del jugador 1155 (321 values)
[00:32:40.120] INFO - Escribiendo historial market-value del jugador 1159 (321 values)
[00:32:40.123] INFO - Jugador 1155 almacenado correctamente
[00:32:40.123] INFO - Jugador 1159 almacenado correctamente
[00:32:40.324] ERROR - Jugador 1167 [out_of_league]
[00:32:40.478] ERROR - Jugador 1170 [NO ENCONTRADO]
[00:32:40.486] INFO - Escribiendo historial market-value del jugador 1163 (321 values)
[00:32:40.491] INFO - Jugador 1163 almacenado correctamente
[00:32:40.495] ERROR - Jugador 1171 [out_of_league]
[00:32:40.586] INFO - Escribiendo historial market-value del jugador 1165 (282 values)
[00:32:40.593] INFO - Jugador 1165 almacenado correctamente
[00:32:40.643] ERROR - Jugador 1172 [NO ENCONTRADO]
[00:32:40.778] INFO - Escribiendo historial market-value del jugador 1166 (300 values)
[00:32:40.783] INFO - Jugador 1166 almacenado correctamente
[00:32:40.809] ERROR - Jugador 1173 [NO ENCONTRADO]
[00:32:40.842] ERROR - Jugador 1175 [out_of_league]
[00:32:40.846] ERROR - Jugador 1174 [out_of_league]
[00:32:40.902] INFO - Escribiendo historial market-value del jugador 1168 (293 values)
[00:32:40.907] INFO - Escribiendo historial market-value del jugador 1169 (321 values)
[00:32:40.910] INFO - Jugador 1168 almacenado correctamente
[00:32:40.919] INFO - Jugador 1169 almacenado correctamente
[00:32:41.099] ERROR - Jugador 1178 [NO ENCONTRADO]
[00:32:41.186] ERROR - Jugador 1180 [out_of_league]
[00:32:41.190] ERROR - Jugador 1181 [out_of_league]
[00:32:41.248] ERROR - Jugador 1182 [out_of_league]
[00:32:41.378] INFO - Escribiendo historial market-value del jugador 1176 (321 values)
[00:32:41.386] INFO - Jugador 1176 almacenado correctamente
[00:32:41.431] INFO - Escribiendo historial market-value del jugador 1177 (321 values)
[00:32:41.436] INFO - Jugador 1177 almacenado correctamente
[00:32:41.535] ERROR - Jugador 1185 [out_of_league]
[00:32:41.603] INFO - Escribiendo historial market-value del jugador 1179 (314 values)
[00:32:41.608] INFO - Jugador 1179 almacenado correctamente
[00:32:41.685] INFO - Escribiendo historial market-value del jugador 1183 (296 values)
[00:32:41.689] INFO - Jugador 1183 almacenado correctamente
[00:32:41.718] ERROR - Jugador 1188 [out_of_league]
[00:32:41.773] ERROR - Jugador 1189 [out_of_league]
[00:32:41.881] INFO - Escribiendo historial market-value del jugador 1184 (321 values)
[00:32:41.886] INFO - Jugador 1184 almacenado correctamente
[00:32:41.968] INFO - Escribiendo historial market-value del jugador 1186 (321 values)
[00:32:41.972] INFO - Jugador 1186 almacenado correctamente
[00:32:42.001] INFO - Escribiendo historial market-value del jugador 1187 (321 values)
[00:32:42.006] INFO - Jugador 1187 almacenado correctamente
[00:32:42.021] ERROR - Jugador 1192 [out_of_league]
[00:32:42.105] ERROR - Jugador 1194 [out_of_league]
[00:32:42.222] ERROR - Jugador 1195 [out_of_league]
[00:32:42.305] ERROR - Jugador 1196 [out_of_league]
[00:32:42.348] INFO - Escribiendo historial market-value del jugador 1190 (321 values)
[00:32:42.352] INFO - Jugador 1190 almacenado correctamente
[00:32:42.374] ERROR - Jugador 1198 [out_of_league]
[00:32:42.400] INFO - Escribiendo historial market-value del jugador 1191 (321 values)
[00:32:42.405] INFO - Jugador 1191 almacenado correctamente
[00:32:42.441] ERROR - Jugador 1199 [out_of_league]
[00:32:42.483] INFO - Escribiendo historial market-value del jugador 1193 (321 values)
[00:32:42.487] INFO - Jugador 1193 almacenado correctamente
[00:32:42.691] ERROR - Jugador 1202 [out_of_league]
[00:32:42.704] ERROR - Jugador 1203 [out_of_league]
[00:32:42.776] ERROR - Jugador 1205 [out_of_league]
[00:32:42.797] INFO - Escribiendo historial market-value del jugador 1197 (321 values)
[00:32:42.801] INFO - Jugador 1197 almacenado correctamente
[00:32:42.833] ERROR - Jugador 1206 [out_of_league]
[00:32:42.995] INFO - Escribiendo historial market-value del jugador 1200 (314 values)
[00:32:42.999] INFO - Jugador 1200 almacenado correctamente
[00:32:43.085] INFO - Escribiendo historial market-value del jugador 1201 (293 values)
[00:32:43.089] INFO - Jugador 1201 almacenado correctamente
[00:32:43.179] INFO - Escribiendo historial market-value del jugador 1204 (321 values)
[00:32:43.183] INFO - Jugador 1204 almacenado correctamente
[00:32:43.190] ERROR - Jugador 1211 [out_of_league]
[00:32:43.360] ERROR - Jugador 1212 [out_of_league]
[00:32:43.405] INFO - Escribiendo historial market-value del jugador 1207 (113 values)
[00:32:43.407] INFO - Jugador 1207 almacenado correctamente
[00:32:43.435] ERROR - Jugador 1213 [out_of_league]
[00:32:43.479] INFO - Escribiendo historial market-value del jugador 1208 (293 values)
[00:32:43.483] INFO - Jugador 1208 almacenado correctamente
[00:32:43.564] INFO - Escribiendo historial market-value del jugador 1210 (153 values)
[00:32:43.567] INFO - Jugador 1210 almacenado correctamente
[00:32:43.571] INFO - Escribiendo historial market-value del jugador 1209 (299 values)
[00:32:43.575] INFO - Jugador 1209 almacenado correctamente
[00:32:43.738] ERROR - Jugador 1217 [out_of_league]
[00:32:43.916] ERROR - Jugador 1220 [out_of_league]
[00:32:44.013] INFO - Escribiendo historial market-value del jugador 1214 (306 values)
[00:32:44.018] INFO - Jugador 1214 almacenado correctamente
[00:32:44.022] INFO - Escribiendo historial market-value del jugador 1215 (321 values)
[00:32:44.029] INFO - Jugador 1215 almacenado correctamente
[00:32:44.153] INFO - Escribiendo historial market-value del jugador 1218 (290 values)
[00:32:44.155] INFO - Escribiendo historial market-value del jugador 1216 (321 values)
[00:32:44.162] INFO - Jugador 1218 almacenado correctamente
[00:32:44.167] INFO - Jugador 1216 almacenado correctamente
[00:32:44.264] ERROR - Jugador 1223 [out_of_league]
[00:32:44.286] INFO - Escribiendo historial market-value del jugador 1219 (321 values)
[00:32:44.293] INFO - Jugador 1219 almacenado correctamente
[00:32:44.312] INFO - Escribiendo historial market-value del jugador 1221 (321 values)
[00:32:44.314] INFO - Jugador 1221 almacenado correctamente
[00:32:44.361] ERROR - Jugador 1224 [out_of_league]
[00:32:44.380] ERROR - Jugador 1225 [out_of_league]
[00:32:44.519] ERROR - Jugador 1226 [out_of_league]
[00:32:44.542] INFO - Escribiendo historial market-value del jugador 1222 (321 values)
[00:32:44.546] INFO - Jugador 1222 almacenado correctamente
[00:32:44.587] ERROR - Jugador 1228 [out_of_league]
[00:32:44.631] ERROR - Jugador 1229 [out_of_league]
[00:32:44.641] ERROR - Jugador 1230 [NO ENCONTRADO]
[00:32:44.708] ERROR - Jugador 1231 [out_of_league]
[00:32:44.717] ERROR - Jugador 1232 [out_of_league]
[00:32:44.860] ERROR - Jugador 1233 [out_of_league]
[00:32:44.888] ERROR - Jugador 1234 [out_of_league]
[00:32:44.915] ERROR - Jugador 1235 [out_of_league]
[00:32:44.985] ERROR - Jugador 1236 [out_of_league]
[00:32:45.001] INFO - Escribiendo historial market-value del jugador 1227 (275 values)
[00:32:45.006] ERROR - Jugador 1237 [out_of_league]
[00:32:45.007] INFO - Jugador 1227 almacenado correctamente
[00:32:45.043] ERROR - Jugador 1238 [out_of_league]
[00:32:45.050] ERROR - Jugador 1239 [out_of_league]
[00:32:45.171] ERROR - Jugador 1240 [NO ENCONTRADO]
[00:32:45.237] ERROR - Jugador 1241 [out_of_league]
[00:32:45.249] ERROR - Jugador 1242 [out_of_league]
[00:32:45.326] ERROR - Jugador 1243 [out_of_league]
[00:32:45.398] ERROR - Jugador 1247 [out_of_league]
[00:32:45.506] ERROR - Jugador 1248 [out_of_league]
[00:32:45.590] ERROR - Jugador 1249 [out_of_league]
[00:32:45.595] ERROR - Jugador 1250 [out_of_league]
[00:32:45.729] ERROR - Jugador 1252 [out_of_league]
[00:32:45.839] INFO - Escribiendo historial market-value del jugador 1245 (321 values)
[00:32:45.844] INFO - Jugador 1245 almacenado correctamente
[00:32:45.849] INFO - Escribiendo historial market-value del jugador 1244 (289 values)
[00:32:45.853] INFO - Jugador 1244 almacenado correctamente
[00:32:45.858] INFO - Escribiendo historial market-value del jugador 1246 (293 values)
[00:32:45.862] INFO - Jugador 1246 almacenado correctamente
[00:32:45.928] ERROR - Jugador 1254 [out_of_league]
[00:32:46.088] INFO - Escribiendo historial market-value del jugador 1251 (292 values)
[00:32:46.093] INFO - Jugador 1251 almacenado correctamente
[00:32:46.212] ERROR - Jugador 1259 [out_of_league]
[00:32:46.215] ERROR - Jugador 1258 [out_of_league]
[00:32:46.218] ERROR - Jugador 1257 [out_of_league]
[00:32:46.307] INFO - Escribiendo historial market-value del jugador 1253 (321 values)
[00:32:46.312] INFO - Jugador 1253 almacenado correctamente
[00:32:46.384] INFO - Escribiendo historial market-value del jugador 1255 (321 values)
[00:32:46.389] INFO - Jugador 1255 almacenado correctamente
[00:32:46.510] INFO - Escribiendo historial market-value del jugador 1256 (321 values)
[00:32:46.516] INFO - Jugador 1256 almacenado correctamente
[00:32:46.569] ERROR - Jugador 1264 [out_of_league]
[00:32:46.581] ERROR - Jugador 1262 [out_of_league]
[00:32:46.739] INFO - Escribiendo historial market-value del jugador 1260 (292 values)
[00:32:46.742] ERROR - Jugador 1266 [out_of_league]
[00:32:46.749] INFO - Jugador 1260 almacenado correctamente
[00:32:46.860] ERROR - Jugador 1267 [out_of_league]
[00:32:46.880] INFO - Escribiendo historial market-value del jugador 1261 (321 values)
[00:32:46.888] INFO - Jugador 1261 almacenado correctamente
[00:32:46.915] ERROR - Jugador 1268 [out_of_league]
[00:32:46.998] INFO - Escribiendo historial market-value del jugador 1263 (293 values)
[00:32:47.002] INFO - Jugador 1263 almacenado correctamente
[00:32:47.110] ERROR - Jugador 1271 [out_of_league]
[00:32:47.118] INFO - Escribiendo historial market-value del jugador 1265 (321 values)
[00:32:47.123] ERROR - Jugador 1270 [out_of_league]
[00:32:47.127] INFO - Jugador 1265 almacenado correctamente
[00:32:47.190] ERROR - Jugador 1272 [out_of_league]
[00:32:47.219] ERROR - Jugador 1273 [out_of_league]
[00:32:47.245] ERROR - Jugador 1274 [out_of_league]
[00:32:47.379] INFO - Escribiendo historial market-value del jugador 1269 (317 values)
[00:32:47.383] INFO - Jugador 1269 almacenado correctamente
[00:32:47.446] ERROR - Jugador 1276 [out_of_league]
[00:32:47.488] ERROR - Jugador 1278 [out_of_league]
[00:32:47.525] ERROR - Jugador 1279 [out_of_league]
[00:32:47.562] ERROR - Jugador 1280 [out_of_league]
[00:32:47.575] ERROR - Jugador 1281 [NO ENCONTRADO]
[00:32:47.713] ERROR - Jugador 1282 [out_of_league]
[00:32:47.744] INFO - Escribiendo historial market-value del jugador 1275 (321 values)
[00:32:47.747] INFO - Jugador 1275 almacenado correctamente
[00:32:47.798] ERROR - Jugador 1283 [out_of_league]
[00:32:47.822] ERROR - Jugador 1284 [out_of_league]
[00:32:47.856] ERROR - Jugador 1285 [out_of_league]
[00:32:47.907] ERROR - Jugador 1286 [out_of_league]
[00:32:47.932] ERROR - Jugador 1287 [out_of_league]
[00:32:47.940] INFO - Escribiendo historial market-value del jugador 1277 (281 values)
[00:32:47.945] INFO - Jugador 1277 almacenado correctamente
[00:32:48.044] ERROR - Jugador 1288 [out_of_league]
[00:32:48.140] ERROR - Jugador 1290 [out_of_league]
[00:32:48.213] ERROR - Jugador 1292 [out_of_league]
[00:32:48.249] ERROR - Jugador 1293 [out_of_league]
[00:32:48.279] ERROR - Jugador 1294 [out_of_league]
[00:32:48.381] ERROR - Jugador 1296 [out_of_league]
[00:32:48.477] ERROR - Jugador 1297 [out_of_league]
[00:32:48.526] INFO - Escribiendo historial market-value del jugador 1289 (303 values)
[00:32:48.531] INFO - Jugador 1289 almacenado correctamente
[00:32:48.551] ERROR - Jugador 1298 [out_of_league]
[00:32:48.585] ERROR - Jugador 1299 [out_of_league]
[00:32:48.626] INFO - Escribiendo historial market-value del jugador 1291 (306 values)
[00:32:48.630] INFO - Jugador 1291 almacenado correctamente
[00:32:48.731] INFO - Escribiendo historial market-value del jugador 1295 (321 values)
[00:32:48.738] INFO - Jugador 1295 almacenado correctamente
[00:32:48.952] ERROR - Jugador 1303 [NO ENCONTRADO]
[00:32:48.984] ERROR - Jugador 1304 [out_of_league]
[00:32:49.053] INFO - Escribiendo historial market-value del jugador 1300 (321 values)
[00:32:49.057] INFO - Jugador 1300 almacenado correctamente
[00:32:49.090] ERROR - Jugador 1307 [out_of_league]
[00:32:49.146] INFO - Escribiendo historial market-value del jugador 1301 (301 values)
[00:32:49.150] INFO - Jugador 1301 almacenado correctamente
[00:32:49.249] INFO - Escribiendo historial market-value del jugador 1302 (292 values)
[00:32:49.253] INFO - Jugador 1302 almacenado correctamente
[00:32:49.328] ERROR - Jugador 1309 [out_of_league]
[00:32:49.414] ERROR - Jugador 1310 [out_of_league]
[00:32:49.441] INFO - Escribiendo historial market-value del jugador 1305 (273 values)
[00:32:49.443] INFO - Escribiendo historial market-value del jugador 1306 (269 values)
[00:32:49.447] ERROR - Jugador 1311 [out_of_league]
[00:32:49.453] INFO - Jugador 1305 almacenado correctamente
[00:32:49.457] INFO - Jugador 1306 almacenado correctamente
[00:32:49.583] ERROR - Jugador 1313 [out_of_league]
[00:32:49.671] ERROR - Jugador 1314 [out_of_league]
[00:32:49.739] ERROR - Jugador 1315 [NO ENCONTRADO]
[00:32:49.742] INFO - Escribiendo historial market-value del jugador 1308 (306 values)
[00:32:49.746] INFO - Jugador 1308 almacenado correctamente
[00:32:49.788] ERROR - Jugador 1316 [out_of_league]
[00:32:49.819] ERROR - Jugador 1317 [out_of_league]
[00:32:49.935] INFO - Escribiendo historial market-value del jugador 1312 (321 values)
[00:32:49.940] INFO - Jugador 1312 almacenado correctamente
[00:32:50.119] ERROR - Jugador 1323 [out_of_league]
[00:32:50.144] ERROR - Jugador 1321 [out_of_league]
[00:32:50.153] ERROR - Jugador 1324 [out_of_league]
[00:32:50.257] INFO - Escribiendo historial market-value del jugador 1318 (321 values)
[00:32:50.264] INFO - Jugador 1318 almacenado correctamente
[00:32:50.352] INFO - Escribiendo historial market-value del jugador 1319 (291 values)
[00:32:50.356] INFO - Jugador 1319 almacenado correctamente
[00:32:50.425] INFO - Escribiendo historial market-value del jugador 1320 (307 values)
[00:32:50.428] INFO - Jugador 1320 almacenado correctamente
[00:32:50.434] ERROR - Jugador 1326 [NO ENCONTRADO]
[00:32:50.508] INFO - Escribiendo historial market-value del jugador 1322 (244 values)
[00:32:50.512] INFO - Jugador 1322 almacenado correctamente
[00:32:50.519] ERROR - Jugador 1328 [out_of_league]
[00:32:50.650] INFO - Escribiendo historial market-value del jugador 1325 (321 values)
[00:32:50.652] INFO - Jugador 1325 almacenado correctamente
[00:32:50.671] ERROR - Jugador 1330 [NO ENCONTRADO]
[00:32:50.782] ERROR - Jugador 1331 [out_of_league]
[00:32:50.847] ERROR - Jugador 1333 [out_of_league]
[00:32:50.858] ERROR - Jugador 1334 [out_of_league]
[00:32:50.924] INFO - Escribiendo historial market-value del jugador 1327 (321 values)
[00:32:50.928] INFO - Jugador 1327 almacenado correctamente
[00:32:50.992] ERROR - Jugador 1335 [out_of_league]
[00:32:51.025] INFO - Escribiendo historial market-value del jugador 1329 (321 values)
[00:32:51.031] ERROR - Jugador 1336 [out_of_league]
[00:32:51.034] INFO - Jugador 1329 almacenado correctamente
[00:32:51.187] ERROR - Jugador 1338 [out_of_league]
[00:32:51.201] ERROR - Jugador 1339 [out_of_league]
[00:32:51.209] INFO - Escribiendo historial market-value del jugador 1332 (321 values)
[00:32:51.214] INFO - Jugador 1332 almacenado correctamente
[00:32:51.271] ERROR - Jugador 1340 [out_of_league]
[00:32:51.330] ERROR - Jugador 1341 [out_of_league]
[00:32:51.362] ERROR - Jugador 1342 [NO ENCONTRADO]
[00:32:51.575] ERROR - Jugador 1346 [out_of_league]
[00:32:51.580] INFO - Escribiendo historial market-value del jugador 1337 (289 values)
[00:32:51.587] INFO - Jugador 1337 almacenado correctamente
[00:32:51.602] ERROR - Jugador 1347 [out_of_league]
[00:32:51.732] ERROR - Jugador 1348 [out_of_league]
[00:32:51.818] INFO - Escribiendo historial market-value del jugador 1343 (292 values)
[00:32:51.822] INFO - Jugador 1343 almacenado correctamente
[00:32:51.911] INFO - Escribiendo historial market-value del jugador 1344 (321 values)
[00:32:51.913] INFO - Jugador 1344 almacenado correctamente
[00:32:52.009] INFO - Escribiendo historial market-value del jugador 1345 (287 values)
[00:32:52.013] INFO - Jugador 1345 almacenado correctamente
[00:32:52.148] INFO - Escribiendo historial market-value del jugador 1349 (321 values)
[00:32:52.158] INFO - Jugador 1349 almacenado correctamente
[00:32:52.176] ERROR - Jugador 1354 [out_of_league]
[00:32:52.254] ERROR - Jugador 1355 [out_of_league]
[00:32:52.303] INFO - Escribiendo historial market-value del jugador 1350 (142 values)
[00:32:52.306] INFO - Jugador 1350 almacenado correctamente
[00:32:52.377] INFO - Escribiendo historial market-value del jugador 1352 (321 values)
[00:32:52.381] INFO - Jugador 1352 almacenado correctamente
[00:32:52.404] INFO - Escribiendo historial market-value del jugador 1351 (321 values)
[00:32:52.408] INFO - Jugador 1351 almacenado correctamente
[00:32:52.498] INFO - Escribiendo historial market-value del jugador 1353 (321 values)
[00:32:52.502] INFO - Jugador 1353 almacenado correctamente
[00:32:52.646] ERROR - Jugador 1360 [out_of_league]
[00:32:52.650] ERROR - Jugador 1359 [out_of_league]
[00:32:52.758] INFO - Escribiendo historial market-value del jugador 1356 (169 values)
[00:32:52.760] INFO - Jugador 1356 almacenado correctamente
[00:32:52.838] ERROR - Jugador 1363 [out_of_league]
[00:32:52.954] INFO - Escribiendo historial market-value del jugador 1358 (321 values)
[00:32:52.958] INFO - Jugador 1358 almacenado correctamente
[00:32:52.995] ERROR - Jugador 1364 [out_of_league]
[00:32:53.000] ERROR - Jugador 1365 [out_of_league]
[00:32:53.003] INFO - Escribiendo historial market-value del jugador 1357 (321 values)
[00:32:53.005] INFO - Jugador 1357 almacenado correctamente
[00:32:53.157] INFO - Escribiendo historial market-value del jugador 1361 (321 values)
[00:32:53.160] INFO - Jugador 1361 almacenado correctamente
[00:32:53.184] INFO - Escribiendo historial market-value del jugador 1362 (141 values)
[00:32:53.185] INFO - Jugador 1362 almacenado correctamente
[00:32:53.357] ERROR - Jugador 1371 [out_of_league]
[00:32:53.362] ERROR - Jugador 1370 [out_of_league]
[00:32:53.490] ERROR - Jugador 1372 [out_of_league]
[00:32:53.548] ERROR - Jugador 1373 [out_of_league]
[00:32:53.552] INFO - Escribiendo historial market-value del jugador 1366 (321 values)
[00:32:53.554] INFO - Jugador 1366 almacenado correctamente
[00:32:53.629] INFO - Escribiendo historial market-value del jugador 1367 (321 values)
[00:32:53.631] INFO - Jugador 1367 almacenado correctamente
[00:32:53.705] ERROR - Jugador 1375 [out_of_league]
[00:32:53.708] ERROR - Jugador 1374 [out_of_league]
[00:32:53.739] INFO - Escribiendo historial market-value del jugador 1368 (321 values)
[00:32:53.743] INFO - Jugador 1368 almacenado correctamente
[00:32:53.784] INFO - Escribiendo historial market-value del jugador 1369 (321 values)
[00:32:53.786] INFO - Jugador 1369 almacenado correctamente
[00:32:53.819] ERROR - Jugador 1376 [out_of_league]
[00:32:53.885] ERROR - Jugador 1377 [out_of_league]
[00:32:53.908] ERROR - Jugador 1378 [out_of_league]
[00:32:54.003] ERROR - Jugador 1379 [out_of_league]
[00:32:54.051] ERROR - Jugador 1381 [out_of_league]
[00:32:54.054] ERROR - Jugador 1380 [out_of_league]
[00:32:54.083] ERROR - Jugador 1382 [out_of_league]
[00:32:54.136] ERROR - Jugador 1383 [out_of_league]
[00:32:54.154] ERROR - Jugador 1384 [out_of_league]
[00:32:54.231] ERROR - Jugador 1385 [out_of_league]
[00:32:54.255] ERROR - Jugador 1386 [out_of_league]
[00:32:54.331] ERROR - Jugador 1387 [out_of_league]
[00:32:54.402] ERROR - Jugador 1389 [out_of_league]
[00:32:54.417] ERROR - Jugador 1390 [out_of_league]
[00:32:54.490] ERROR - Jugador 1391 [out_of_league]
[00:32:54.490] ERROR - Jugador 1392 [out_of_league]
[00:32:54.561] ERROR - Jugador 1393 [out_of_league]
[00:32:54.589] ERROR - Jugador 1394 [out_of_league]
[00:32:54.664] ERROR - Jugador 1395 [out_of_league]
[00:32:54.736] ERROR - Jugador 1396 [out_of_league]
[00:32:54.769] ERROR - Jugador 1397 [out_of_league]
[00:32:54.774] INFO - Escribiendo historial market-value del jugador 1388 (321 values)
[00:32:54.777] INFO - Jugador 1388 almacenado correctamente
[00:32:54.838] ERROR - Jugador 1398 [out_of_league]
[00:32:54.844] ERROR - Jugador 1399 [out_of_league]
[00:32:54.894] ERROR - Jugador 1400 [out_of_league]
[00:32:54.926] ERROR - Jugador 1401 [out_of_league]
[00:32:55.000] ERROR - Jugador 1402 [out_of_league]
[00:32:55.069] ERROR - Jugador 1403 [out_of_league]
[00:32:55.131] ERROR - Jugador 1404 [out_of_league]
[00:32:55.132] ERROR - Jugador 1405 [out_of_league]
[00:32:55.196] ERROR - Jugador 1406 [out_of_league]
[00:32:55.201] ERROR - Jugador 1407 [out_of_league]
[00:32:55.232] ERROR - Jugador 1408 [out_of_league]
[00:32:55.264] ERROR - Jugador 1409 [out_of_league]
[00:32:55.328] ERROR - Jugador 1410 [out_of_league]
[00:32:55.402] ERROR - Jugador 1411 [out_of_league]
[00:32:55.476] ERROR - Jugador 1412 [out_of_league]
[00:32:55.487] ERROR - Jugador 1413 [out_of_league]
[00:32:55.552] ERROR - Jugador 1415 [out_of_league]
[00:32:55.566] ERROR - Jugador 1416 [out_of_league]
[00:32:55.593] ERROR - Jugador 1417 [out_of_league]
[00:32:55.732] ERROR - Jugador 1419 [out_of_league]
[00:32:55.815] ERROR - Jugador 1420 [out_of_league]
[00:32:55.820] ERROR - Jugador 1421 [out_of_league]
[00:32:55.914] ERROR - Jugador 1423 [out_of_league]
[00:32:55.955] INFO - Escribiendo historial market-value del jugador 1414 (321 values)
[00:32:55.959] INFO - Jugador 1414 almacenado correctamente
[00:32:55.994] ERROR - Jugador 1424 [out_of_league]
[00:32:56.067] ERROR - Jugador 1425 [out_of_league]
[00:32:56.092] INFO - Escribiendo historial market-value del jugador 1418 (321 values)
[00:32:56.099] INFO - Jugador 1418 almacenado correctamente
[00:32:56.254] ERROR - Jugador 1428 [out_of_league]
[00:32:56.289] ERROR - Jugador 1429 [out_of_league]
[00:32:56.333] ERROR - Jugador 1430 [out_of_league]
[00:32:56.345] INFO - Escribiendo historial market-value del jugador 1422 (321 values)
[00:32:56.350] INFO - Jugador 1422 almacenado correctamente
[00:32:56.439] ERROR - Jugador 1432 [out_of_league]
[00:32:56.460] ERROR - Jugador 1431 [out_of_league]
[00:32:56.596] ERROR - Jugador 1433 [out_of_league]
[00:32:56.637] INFO - Escribiendo historial market-value del jugador 1426 (321 values)
[00:32:56.642] INFO - Jugador 1426 almacenado correctamente
[00:32:56.651] INFO - Escribiendo historial market-value del jugador 1427 (321 values)
[00:32:56.655] INFO - Jugador 1427 almacenado correctamente
[00:32:56.683] ERROR - Jugador 1435 [out_of_league]
[00:32:56.777] ERROR - Jugador 1437 [out_of_league]
[00:32:56.800] ERROR - Jugador 1438 [out_of_league]
[00:32:56.929] ERROR - Jugador 1439 [out_of_league]
[00:32:56.990] ERROR - Jugador 1440 [out_of_league]
[00:32:57.007] ERROR - Jugador 1441 [out_of_league]
[00:32:57.093] INFO - Escribiendo historial market-value del jugador 1434 (321 values)
[00:32:57.098] INFO - Jugador 1434 almacenado correctamente
[00:32:57.153] INFO - Escribiendo historial market-value del jugador 1436 (321 values)
[00:32:57.157] INFO - Jugador 1436 almacenado correctamente
[00:32:57.190] ERROR - Jugador 1444 [out_of_league]
[00:32:57.258] ERROR - Jugador 1445 [out_of_league]
[00:32:57.380] ERROR - Jugador 1446 [out_of_league]
[00:32:57.432] ERROR - Jugador 1448 [out_of_league]
[00:32:57.462] INFO - Escribiendo historial market-value del jugador 1442 (321 values)
[00:32:57.465] INFO - Jugador 1442 almacenado correctamente
[00:32:57.487] ERROR - Jugador 1449 [out_of_league]
[00:32:57.554] INFO - Escribiendo historial market-value del jugador 1443 (314 values)
[00:32:57.561] INFO - Jugador 1443 almacenado correctamente
[00:32:57.589] ERROR - Jugador 1451 [out_of_league]
[00:32:57.795] INFO - Escribiendo historial market-value del jugador 1447 (321 values)
[00:32:57.800] INFO - Jugador 1447 almacenado correctamente
[00:32:57.810] ERROR - Jugador 1454 [out_of_league]
[00:32:57.826] ERROR - Jugador 1455 [out_of_league]
[00:32:57.883] ERROR - Jugador 1456 [out_of_league]
[00:32:57.905] ERROR - Jugador 1457 [NO ENCONTRADO]
[00:32:57.985] INFO - Escribiendo historial market-value del jugador 1450 (321 values)
[00:32:57.992] INFO - Jugador 1450 almacenado correctamente
[00:32:58.169] ERROR - Jugador 1458 [out_of_league]
[00:32:58.195] ERROR - Jugador 1460 [out_of_league]
[00:32:58.199] INFO - Escribiendo historial market-value del jugador 1452 (314 values)
[00:32:58.204] INFO - Jugador 1452 almacenado correctamente
[00:32:58.231] INFO - Escribiendo historial market-value del jugador 1453 (314 values)
[00:32:58.235] INFO - Jugador 1453 almacenado correctamente
[00:32:58.243] ERROR - Jugador 1461 [out_of_league]
[00:32:58.256] ERROR - Jugador 1462 [out_of_league]
[00:32:58.332] ERROR - Jugador 1463 [out_of_league]
[00:32:58.507] ERROR - Jugador 1464 [out_of_league]
[00:32:58.535] ERROR - Jugador 1465 [out_of_league]
[00:32:58.581] ERROR - Jugador 1466 [out_of_league]
[00:32:58.604] INFO - Escribiendo historial market-value del jugador 1459 (289 values)
[00:32:58.606] INFO - Jugador 1459 almacenado correctamente
[00:32:58.617] ERROR - Jugador 1469 [out_of_league]
[00:32:58.667] ERROR - Jugador 1470 [out_of_league]
[00:32:58.837] ERROR - Jugador 1471 [out_of_league]
[00:32:58.885] ERROR - Jugador 1472 [out_of_league]
[00:32:58.932] ERROR - Jugador 1473 [out_of_league]
[00:32:58.982] INFO - Escribiendo historial market-value del jugador 1467 (52 values)
[00:32:58.983] INFO - Jugador 1467 almacenado correctamente
[00:32:58.992] ERROR - Jugador 1475 [out_of_league]
[00:32:59.054] ERROR - Jugador 1476 [out_of_league]
[00:32:59.081] INFO - Escribiendo historial market-value del jugador 1468 (321 values)
[00:32:59.089] INFO - Jugador 1468 almacenado correctamente
[00:32:59.406] INFO - Escribiendo historial market-value del jugador 1474 (321 values)
[00:32:59.416] INFO - Jugador 1474 almacenado correctamente
[00:32:59.474] ERROR - Jugador 1483 [out_of_league]
[00:32:59.638] INFO - Escribiendo historial market-value del jugador 1478 (321 values)
[00:32:59.642] INFO - Jugador 1478 almacenado correctamente
[00:32:59.651] INFO - Escribiendo historial market-value del jugador 1477 (321 values)
[00:32:59.656] INFO - Jugador 1477 almacenado correctamente
[00:32:59.694] INFO - Escribiendo historial market-value del jugador 1479 (321 values)
[00:32:59.698] INFO - Jugador 1479 almacenado correctamente
[00:32:59.760] INFO - Escribiendo historial market-value del jugador 1480 (321 values)
[00:32:59.766] INFO - Jugador 1480 almacenado correctamente
[00:32:59.792] INFO - Escribiendo historial market-value del jugador 1481 (321 values)
[00:32:59.794] INFO - Jugador 1481 almacenado correctamente
[00:32:59.814] ERROR - Jugador 1485 [out_of_league]
[00:32:59.838] INFO - Escribiendo historial market-value del jugador 1482 (321 values)
[00:32:59.842] INFO - Jugador 1482 almacenado correctamente
[00:33:00.180] ERROR - Jugador 1492 [out_of_league]
[00:33:00.204] INFO - Escribiendo historial market-value del jugador 1484 (321 values)
[00:33:00.209] INFO - Jugador 1484 almacenado correctamente
[00:33:00.408] INFO - Escribiendo historial market-value del jugador 1486 (321 values)
[00:33:00.412] INFO - Jugador 1486 almacenado correctamente
[00:33:00.442] INFO - Escribiendo historial market-value del jugador 1487 (321 values)
[00:33:00.447] INFO - Jugador 1487 almacenado correctamente
[00:33:00.463] INFO - Escribiendo historial market-value del jugador 1488 (321 values)
[00:33:00.467] INFO - Jugador 1488 almacenado correctamente
[00:33:00.550] INFO - Escribiendo historial market-value del jugador 1489 (321 values)
[00:33:00.557] INFO - Jugador 1489 almacenado correctamente
[00:33:00.567] ERROR - Jugador 1494 [out_of_league]
[00:33:00.571] ERROR - Jugador 1493 [out_of_league]
[00:33:00.589] INFO - Escribiendo historial market-value del jugador 1490 (321 values)
[00:33:00.597] INFO - Jugador 1490 almacenado correctamente
[00:33:00.612] INFO - Escribiendo historial market-value del jugador 1491 (321 values)
[00:33:00.616] INFO - Jugador 1491 almacenado correctamente
[00:33:00.921] ERROR - Jugador 1498 [out_of_league]
[00:33:00.934] ERROR - Jugador 1499 [out_of_league]
[00:33:00.940] ERROR - Jugador 1500 [out_of_league]
[00:33:00.967] ERROR - Jugador 1502 [out_of_league]
[00:33:00.969] ERROR - Jugador 1501 [out_of_league]
[00:33:01.192] INFO - Escribiendo historial market-value del jugador 1495 (321 values)
[00:33:01.196] INFO - Jugador 1495 almacenado correctamente
[00:33:01.219] INFO - Escribiendo historial market-value del jugador 1496 (293 values)
[00:33:01.224] INFO - Jugador 1496 almacenado correctamente
[00:33:01.273] ERROR - Jugador 1503 [NO ENCONTRADO]
[00:33:01.280] INFO - Escribiendo historial market-value del jugador 1497 (314 values)
[00:33:01.284] INFO - Jugador 1497 almacenado correctamente
[00:33:01.342] ERROR - Jugador 1506 [out_of_league]
[00:33:01.595] ERROR - Jugador 1508 [out_of_league]
[00:33:01.623] ERROR - Jugador 1510 [out_of_league]
[00:33:01.631] ERROR - Jugador 1511 [out_of_league]
[00:33:01.678] ERROR - Jugador 1512 [out_of_league]
[00:33:01.768] INFO - Escribiendo historial market-value del jugador 1504 (321 values)
[00:33:01.774] INFO - Jugador 1504 almacenado correctamente
[00:33:01.780] INFO - Escribiendo historial market-value del jugador 1505 (321 values)
[00:33:01.788] INFO - Escribiendo historial market-value del jugador 1507 (321 values)
[00:33:01.790] INFO - Jugador 1505 almacenado correctamente
[00:33:01.798] INFO - Jugador 1507 almacenado correctamente
[00:33:02.000] INFO - Escribiendo historial market-value del jugador 1509 (293 values)
[00:33:02.004] INFO - Jugador 1509 almacenado correctamente
[00:33:02.027] ERROR - Jugador 1516 [out_of_league]
[00:33:02.144] ERROR - Jugador 1518 [out_of_league]
[00:33:02.150] ERROR - Jugador 1519 [out_of_league]
[00:33:02.396] INFO - Escribiendo historial market-value del jugador 1513 (321 values)
[00:33:02.398] ERROR - Jugador 1521 [out_of_league]
[00:33:02.403] INFO - Jugador 1513 almacenado correctamente
[00:33:02.418] INFO - Escribiendo historial market-value del jugador 1514 (321 values)
[00:33:02.422] INFO - Jugador 1514 almacenado correctamente
[00:33:02.427] INFO - Escribiendo historial market-value del jugador 1515 (321 values)
[00:33:02.430] INFO - Jugador 1515 almacenado correctamente
[00:33:02.506] ERROR - Jugador 1523 [out_of_league]
[00:33:02.557] INFO - Escribiendo historial market-value del jugador 1517 (321 values)
[00:33:02.564] INFO - Jugador 1517 almacenado correctamente
[00:33:02.788] ERROR - Jugador 1526 [NO ENCONTRADO]
[00:33:02.792] ERROR - Jugador 1527 [out_of_league]
[00:33:02.808] INFO - Escribiendo historial market-value del jugador 1520 (300 values)
[00:33:02.812] INFO - Jugador 1520 almacenado correctamente
[00:33:02.820] ERROR - Jugador 1524 [out_of_league]
[00:33:02.884] ERROR - Jugador 1528 [out_of_league]
[00:33:02.929] INFO - Escribiendo historial market-value del jugador 1522 (321 values)
[00:33:02.936] INFO - Jugador 1522 almacenado correctamente
[00:33:03.178] ERROR - Jugador 1532 [out_of_league]
[00:33:03.186] ERROR - Jugador 1533 [out_of_league]
[00:33:03.206] INFO - Escribiendo historial market-value del jugador 1525 (310 values)
[00:33:03.211] INFO - Jugador 1525 almacenado correctamente
[00:33:03.229] ERROR - Jugador 1534 [out_of_league]
[00:33:03.303] INFO - Escribiendo historial market-value del jugador 1529 (321 values)
[00:33:03.308] INFO - Jugador 1529 almacenado correctamente
[00:33:03.562] ERROR - Jugador 1538 [out_of_league]
[00:33:03.575] ERROR - Jugador 1539 [out_of_league]
[00:33:03.601] INFO - Escribiendo historial market-value del jugador 1531 (314 values)
[00:33:03.605] INFO - Jugador 1531 almacenado correctamente
[00:33:03.609] INFO - Escribiendo historial market-value del jugador 1530 (293 values)
[00:33:03.614] INFO - Jugador 1530 almacenado correctamente
[00:33:03.651] ERROR - Jugador 1540 [out_of_league]
[00:33:03.692] INFO - Escribiendo historial market-value del jugador 1535 (321 values)
[00:33:03.698] INFO - Jugador 1535 almacenado correctamente
[00:33:03.946] INFO - Escribiendo historial market-value del jugador 1536 (321 values)
[00:33:03.950] INFO - Jugador 1536 almacenado correctamente
[00:33:03.970] ERROR - Jugador 1543 [out_of_league]
[00:33:04.009] INFO - Escribiendo historial market-value del jugador 1537 (321 values)
[00:33:04.014] ERROR - Jugador 1545 [out_of_league]
[00:33:04.017] INFO - Jugador 1537 almacenado correctamente
[00:33:04.288] ERROR - Jugador 1547 [out_of_league]
[00:33:04.373] ERROR - Jugador 1548 [out_of_league]
[00:33:04.376] ERROR - Jugador 1549 [out_of_league]
[00:33:04.388] INFO - Escribiendo historial market-value del jugador 1541 (321 values)
[00:33:04.394] ERROR - Jugador 1550 [out_of_league]
[00:33:04.398] INFO - Jugador 1541 almacenado correctamente
[00:33:04.399] INFO - Escribiendo historial market-value del jugador 1542 (321 values)
[00:33:04.409] INFO - Jugador 1542 almacenado correctamente
[00:33:04.438] INFO - Escribiendo historial market-value del jugador 1544 (293 values)
[00:33:04.442] INFO - Jugador 1544 almacenado correctamente
[00:33:04.455] INFO - Escribiendo historial market-value del jugador 1546 (269 values)
[00:33:04.459] INFO - Jugador 1546 almacenado correctamente
[00:33:04.645] ERROR - Jugador 1551 [out_of_league]
[00:33:04.729] ERROR - Jugador 1553 [out_of_league]
[00:33:04.776] ERROR - Jugador 1556 [out_of_league]
[00:33:04.780] ERROR - Jugador 1554 [out_of_league]
[00:33:04.812] ERROR - Jugador 1557 [out_of_league]
[00:33:04.843] ERROR - Jugador 1558 [out_of_league]
[00:33:04.866] ERROR - Jugador 1555 [out_of_league]
[00:33:04.976] ERROR - Jugador 1559 [out_of_league]
[00:33:05.117] ERROR - Jugador 1560 [out_of_league]
[00:33:05.129] ERROR - Jugador 1561 [out_of_league]
[00:33:05.153] ERROR - Jugador 1562 [out_of_league]
[00:33:05.156] INFO - Escribiendo historial market-value del jugador 1552 (285 values)
[00:33:05.159] INFO - Jugador 1552 almacenado correctamente
[00:33:05.169] ERROR - Jugador 1563 [out_of_league]
[00:33:05.197] ERROR - Jugador 1564 [out_of_league]
[00:33:05.307] ERROR - Jugador 1566 [out_of_league]
[00:33:05.461] ERROR - Jugador 1567 [out_of_league]
[00:33:05.543] ERROR - Jugador 1572 [out_of_league]
[00:33:05.613] INFO - Escribiendo historial market-value del jugador 1565 (321 values)
[00:33:05.617] INFO - Jugador 1565 almacenado correctamente
[00:33:05.790] ERROR - Jugador 1574 [out_of_league]
[00:33:05.884] INFO - Escribiendo historial market-value del jugador 1568 (296 values)
[00:33:05.887] INFO - Jugador 1568 almacenado correctamente
[00:33:05.980] INFO - Escribiendo historial market-value del jugador 1569 (261 values)
[00:33:05.985] INFO - Escribiendo historial market-value del jugador 1570 (296 values)
[00:33:05.990] INFO - Jugador 1569 almacenado correctamente
[00:33:05.991] INFO - Jugador 1570 almacenado correctamente
[00:33:06.000] INFO - Escribiendo historial market-value del jugador 1571 (256 values)
[00:33:06.008] INFO - Jugador 1571 almacenado correctamente
[00:33:06.099] INFO - Escribiendo historial market-value del jugador 1573 (297 values)
[00:33:06.107] INFO - Jugador 1573 almacenado correctamente
[00:33:06.234] ERROR - Jugador 1578 [out_of_league]
[00:33:06.360] ERROR - Jugador 1579 [out_of_league]
[00:33:06.369] INFO - Escribiendo historial market-value del jugador 1575 (292 values)
[00:33:06.373] INFO - Jugador 1575 almacenado correctamente
[00:33:06.402] INFO - Escribiendo historial market-value del jugador 1576 (321 values)
[00:33:06.406] INFO - Jugador 1576 almacenado correctamente
[00:33:06.442] ERROR - Jugador 1582 [out_of_league]
[00:33:06.597] INFO - Escribiendo historial market-value del jugador 1577 (321 values)
[00:33:06.601] INFO - Jugador 1577 almacenado correctamente
[00:33:06.694] ERROR - Jugador 1584 [NO ENCONTRADO]
[00:33:06.725] ERROR - Jugador 1585 [out_of_league]
[00:33:06.822] INFO - Escribiendo historial market-value del jugador 1580 (292 values)
[00:33:06.826] INFO - Escribiendo historial market-value del jugador 1581 (293 values)
[00:33:06.836] INFO - Jugador 1580 almacenado correctamente
[00:33:06.836] INFO - Jugador 1581 almacenado correctamente
[00:33:06.949] ERROR - Jugador 1588 [out_of_league]
[00:33:07.013] INFO - Escribiendo historial market-value del jugador 1583 (292 values)
[00:33:07.017] INFO - Jugador 1583 almacenado correctamente
[00:33:07.030] ERROR - Jugador 1589 [out_of_league]
[00:33:07.172] INFO - Escribiendo historial market-value del jugador 1586 (261 values)
[00:33:07.175] INFO - Jugador 1586 almacenado correctamente
[00:33:07.209] ERROR - Jugador 1592 [out_of_league]
[00:33:07.213] ERROR - Jugador 1591 [out_of_league]
[00:33:07.222] INFO - Escribiendo historial market-value del jugador 1587 (321 values)
[00:33:07.226] INFO - Jugador 1587 almacenado correctamente
[00:33:07.447] INFO - Escribiendo historial market-value del jugador 1590 (133 values)
[00:33:07.450] INFO - Jugador 1590 almacenado correctamente
[00:33:07.509] ERROR - Jugador 1596 [out_of_league]
[00:33:07.571] ERROR - Jugador 1598 [out_of_league]
[00:33:07.581] ERROR - Jugador 1599 [out_of_league]
[00:33:07.724] INFO - Escribiendo historial market-value del jugador 1593 (291 values)
[00:33:07.728] INFO - Jugador 1593 almacenado correctamente
[00:33:07.742] INFO - Escribiendo historial market-value del jugador 1595 (278 values)
[00:33:07.744] INFO - Jugador 1595 almacenado correctamente
[00:33:07.778] INFO - Escribiendo historial market-value del jugador 1594 (287 values)
[00:33:07.781] INFO - Jugador 1594 almacenado correctamente
[00:33:07.844] ERROR - Jugador 1601 [out_of_league]
[00:33:07.924] ERROR - Jugador 1602 [out_of_league]
[00:33:07.993] INFO - Escribiendo historial market-value del jugador 1597 (321 values)
[00:33:07.998] INFO - Jugador 1597 almacenado correctamente
[00:33:08.063] ERROR - Jugador 1604 [out_of_league]
[00:33:08.081] ERROR - Jugador 1605 [out_of_league]
[00:33:08.162] ERROR - Jugador 1606 [out_of_league]
[00:33:08.179] ERROR - Jugador 1607 [out_of_league]
[00:33:08.272] ERROR - Jugador 1608 [out_of_league]
[00:33:08.282] INFO - Escribiendo historial market-value del jugador 1600 (321 values)
[00:33:08.285] INFO - Jugador 1600 almacenado correctamente
[00:33:08.349] INFO - Escribiendo historial market-value del jugador 1603 (310 values)
[00:33:08.353] INFO - Jugador 1603 almacenado correctamente
[00:33:08.539] ERROR - Jugador 1612 [out_of_league]
[00:33:08.685] ERROR - Jugador 1616 [out_of_league]
[00:33:08.769] INFO - Escribiendo historial market-value del jugador 1609 (292 values)
[00:33:08.774] INFO - Jugador 1609 almacenado correctamente
[00:33:08.829] INFO - Escribiendo historial market-value del jugador 1610 (292 values)
[00:33:08.836] INFO - Jugador 1610 almacenado correctamente
[00:33:08.859] INFO - Escribiendo historial market-value del jugador 1611 (321 values)
[00:33:08.861] INFO - Jugador 1611 almacenado correctamente
[00:33:08.948] INFO - Escribiendo historial market-value del jugador 1613 (278 values)
[00:33:08.955] INFO - Jugador 1613 almacenado correctamente
[00:33:09.049] INFO - Escribiendo historial market-value del jugador 1614 (321 values)
[00:33:09.056] INFO - Jugador 1614 almacenado correctamente
[00:33:09.077] INFO - Escribiendo historial market-value del jugador 1615 (321 values)
[00:33:09.082] INFO - Jugador 1615 almacenado correctamente
[00:33:09.282] INFO - Escribiendo historial market-value del jugador 1617 (321 values)
[00:33:09.285] INFO - Jugador 1617 almacenado correctamente
[00:33:09.425] ERROR - Jugador 1623 [out_of_league]
[00:33:09.429] INFO - Escribiendo historial market-value del jugador 1618 (180 values)
[00:33:09.431] INFO - Jugador 1618 almacenado correctamente
[00:33:09.522] INFO - Escribiendo historial market-value del jugador 1619 (321 values)
[00:33:09.528] INFO - Jugador 1619 almacenado correctamente
[00:33:09.658] INFO - Escribiendo historial market-value del jugador 1620 (321 values)
[00:33:09.665] INFO - Jugador 1620 almacenado correctamente
[00:33:09.671] INFO - Escribiendo historial market-value del jugador 1621 (321 values)
[00:33:09.676] INFO - Jugador 1621 almacenado correctamente
[00:33:09.701] INFO - Escribiendo historial market-value del jugador 1622 (321 values)
[00:33:09.704] INFO - Jugador 1622 almacenado correctamente
[00:33:09.880] INFO - Escribiendo historial market-value del jugador 1624 (296 values)
[00:33:09.887] INFO - Jugador 1624 almacenado correctamente
[00:33:10.015] ERROR - Jugador 1629 [out_of_league]
[00:33:10.020] ERROR - Jugador 1630 [out_of_league]
[00:33:10.052] INFO - Escribiendo historial market-value del jugador 1625 (272 values)
[00:33:10.056] INFO - Jugador 1625 almacenado correctamente
[00:33:10.062] ERROR - Jugador 1631 [out_of_league]
[00:33:10.171] INFO - Escribiendo historial market-value del jugador 1626 (321 values)
[00:33:10.176] INFO - Jugador 1626 almacenado correctamente
[00:33:10.223] INFO - Escribiendo historial market-value del jugador 1627 (321 values)
[00:33:10.227] INFO - Jugador 1627 almacenado correctamente
[00:33:10.236] ERROR - Jugador 1632 [out_of_league]
[00:33:10.316] INFO - Escribiendo historial market-value del jugador 1628 (321 values)
[00:33:10.320] INFO - Jugador 1628 almacenado correctamente
[00:33:10.365] ERROR - Jugador 1633 [out_of_league]
[00:33:10.372] ERROR - Jugador 1634 [out_of_league]
[00:33:10.405] ERROR - Jugador 1635 [out_of_league]
[00:33:10.412] ERROR - Jugador 1636 [out_of_league]
[00:33:10.522] ERROR - Jugador 1637 [out_of_league]
[00:33:10.704] ERROR - Jugador 1641 [out_of_league]
[00:33:10.758] ERROR - Jugador 1642 [out_of_league]
[00:33:10.763] ERROR - Jugador 1644 [out_of_league]
[00:33:10.913] ERROR - Jugador 1645 [out_of_league]
[00:33:10.973] INFO - Escribiendo historial market-value del jugador 1639 (296 values)
[00:33:10.976] INFO - Jugador 1639 almacenado correctamente
[00:33:11.005] INFO - Escribiendo historial market-value del jugador 1638 (321 values)
[00:33:11.007] INFO - Jugador 1638 almacenado correctamente
[00:33:11.106] INFO - Escribiendo historial market-value del jugador 1640 (321 values)
[00:33:11.110] INFO - Jugador 1640 almacenado correctamente
[00:33:11.118] ERROR - Jugador 1648 [out_of_league]
[00:33:11.182] ERROR - Jugador 1647 [out_of_league]
[00:33:11.208] INFO - Escribiendo historial market-value del jugador 1643 (293 values)
[00:33:11.213] INFO - Jugador 1643 almacenado correctamente
[00:33:11.247] ERROR - Jugador 1649 [out_of_league]
[00:33:11.476] ERROR - Jugador 1653 [out_of_league]
[00:33:11.500] INFO - Escribiendo historial market-value del jugador 1646 (321 values)
[00:33:11.504] INFO - Jugador 1646 almacenado correctamente
[00:33:11.529] ERROR - Jugador 1654 [out_of_league]
[00:33:11.552] ERROR - Jugador 1655 [out_of_league]
[00:33:11.630] ERROR - Jugador 1656 [out_of_league]
[00:33:11.725] INFO - Escribiendo historial market-value del jugador 1651 (275 values)
[00:33:11.728] INFO - Jugador 1651 almacenado correctamente
[00:33:11.754] INFO - Escribiendo historial market-value del jugador 1650 (293 values)
[00:33:11.759] INFO - Jugador 1650 almacenado correctamente
[00:33:11.810] ERROR - Jugador 1657 [out_of_league]
[00:33:11.887] INFO - Escribiendo historial market-value del jugador 1652 (282 values)
[00:33:11.891] INFO - Jugador 1652 almacenado correctamente
[00:33:12.093] ERROR - Jugador 1662 [out_of_league]
[00:33:12.288] INFO - Escribiendo historial market-value del jugador 1658 (321 values)
[00:33:12.293] INFO - Jugador 1658 almacenado correctamente
[00:33:12.317] INFO - Escribiendo historial market-value del jugador 1661 (275 values)
[00:33:12.319] INFO - Jugador 1661 almacenado correctamente
[00:33:12.353] INFO - Escribiendo historial market-value del jugador 1659 (321 values)
[00:33:12.357] INFO - Escribiendo historial market-value del jugador 1660 (321 values)
[00:33:12.360] INFO - Jugador 1659 almacenado correctamente
[00:33:12.366] INFO - Jugador 1660 almacenado correctamente
[00:33:12.429] ERROR - Jugador 1666 [out_of_league]
[00:33:12.467] INFO - Escribiendo historial market-value del jugador 1663 (38 values)
[00:33:12.469] INFO - Jugador 1663 almacenado correctamente
[00:33:12.494] INFO - Escribiendo historial market-value del jugador 1664 (41 values)
[00:33:12.495] INFO - Jugador 1664 almacenado correctamente
[00:33:12.676] INFO - Escribiendo historial market-value del jugador 1665 (282 values)
[00:33:12.683] INFO - Jugador 1665 almacenado correctamente
[00:33:12.720] ERROR - Jugador 1669 [out_of_league]
[00:33:12.768] ERROR - Jugador 1671 [out_of_league]
[00:33:13.016] INFO - Escribiendo historial market-value del jugador 1667 (272 values)
[00:33:13.020] INFO - Jugador 1667 almacenado correctamente
[00:33:13.036] INFO - Escribiendo historial market-value del jugador 1668 (38 values)
[00:33:13.037] INFO - Jugador 1668 almacenado correctamente
[00:33:13.077] INFO - Escribiendo historial market-value del jugador 1670 (41 values)
[00:33:13.078] INFO - Jugador 1670 almacenado correctamente
[00:33:13.101] ERROR - Jugador 1676 [out_of_league]
[00:33:13.249] INFO - Escribiendo historial market-value del jugador 1672 (321 values)
[00:33:13.251] INFO - Jugador 1672 almacenado correctamente
[00:33:13.270] INFO - Escribiendo historial market-value del jugador 1673 (306 values)
[00:33:13.275] INFO - Jugador 1673 almacenado correctamente
[00:33:13.458] INFO - Escribiendo historial market-value del jugador 1674 (306 values)
[00:33:13.461] INFO - Jugador 1674 almacenado correctamente
[00:33:13.506] INFO - Escribiendo historial market-value del jugador 1675 (303 values)
[00:33:13.510] INFO - Jugador 1675 almacenado correctamente
[00:33:13.827] INFO - Escribiendo historial market-value del jugador 1678 (303 values)
[00:33:13.831] INFO - Jugador 1678 almacenado correctamente
[00:33:13.852] INFO - Escribiendo historial market-value del jugador 1677 (303 values)
[00:33:13.857] INFO - Jugador 1677 almacenado correctamente
[00:33:13.875] INFO - Escribiendo historial market-value del jugador 1679 (292 values)
[00:33:13.879] INFO - Jugador 1679 almacenado correctamente
[00:33:13.909] INFO - Escribiendo historial market-value del jugador 1680 (292 values)
[00:33:13.913] INFO - Jugador 1680 almacenado correctamente
[00:33:14.026] INFO - Escribiendo historial market-value del jugador 1681 (292 values)
[00:33:14.031] INFO - Jugador 1681 almacenado correctamente
[00:33:14.059] INFO - Escribiendo historial market-value del jugador 1682 (292 values)
[00:33:14.064] INFO - Jugador 1682 almacenado correctamente
[00:33:14.213] ERROR - Jugador 1685 [out_of_league]
[00:33:14.254] ERROR - Jugador 1686 [out_of_league]
[00:33:14.284] INFO - Escribiendo historial market-value del jugador 1683 (292 values)
[00:33:14.289] INFO - Jugador 1683 almacenado correctamente
[00:33:14.300] INFO - Escribiendo historial market-value del jugador 1684 (292 values)
[00:33:14.304] INFO - Jugador 1684 almacenado correctamente
[00:33:14.667] INFO - Escribiendo historial market-value del jugador 1687 (292 values)
[00:33:14.673] ERROR - Jugador 1693 [out_of_league]
[00:33:14.673] INFO - Jugador 1687 almacenado correctamente
[00:33:14.695] INFO - Escribiendo historial market-value del jugador 1688 (292 values)
[00:33:14.702] INFO - Jugador 1688 almacenado correctamente
[00:33:14.793] INFO - Escribiendo historial market-value del jugador 1689 (292 values)
[00:33:14.799] INFO - Jugador 1689 almacenado correctamente
[00:33:14.835] INFO - Escribiendo historial market-value del jugador 1690 (292 values)
[00:33:14.841] INFO - Jugador 1690 almacenado correctamente
[00:33:14.944] INFO - Escribiendo historial market-value del jugador 1691 (292 values)
[00:33:14.949] INFO - Jugador 1691 almacenado correctamente
[00:33:15.060] INFO - Escribiendo historial market-value del jugador 1692 (292 values)
[00:33:15.065] INFO - Jugador 1692 almacenado correctamente
[00:33:15.083] INFO - Escribiendo historial market-value del jugador 1694 (292 values)
[00:33:15.086] INFO - Jugador 1694 almacenado correctamente
[00:33:15.448] INFO - Escribiendo historial market-value del jugador 1695 (286 values)
[00:33:15.451] INFO - Jugador 1695 almacenado correctamente
[00:33:15.470] INFO - Escribiendo historial market-value del jugador 1696 (286 values)
[00:33:15.474] INFO - Jugador 1696 almacenado correctamente
[00:33:15.518] INFO - Escribiendo historial market-value del jugador 1697 (286 values)
[00:33:15.522] INFO - Jugador 1697 almacenado correctamente
[00:33:15.548] INFO - Escribiendo historial market-value del jugador 1698 (286 values)
[00:33:15.551] INFO - Jugador 1698 almacenado correctamente
[00:33:15.633] INFO - Escribiendo historial market-value del jugador 1699 (286 values)
[00:33:15.637] INFO - Jugador 1699 almacenado correctamente
[00:33:15.717] INFO - Escribiendo historial market-value del jugador 1700 (286 values)
[00:33:15.722] INFO - Jugador 1700 almacenado correctamente
[00:33:15.793] ERROR - Jugador 1703 [out_of_league]
[00:33:15.846] INFO - Escribiendo historial market-value del jugador 1702 (286 values)
[00:33:15.850] ERROR - Jugador 1704 [out_of_league]
[00:33:15.853] INFO - Jugador 1702 almacenado correctamente
[00:33:15.858] INFO - Escribiendo historial market-value del jugador 1701 (286 values)
[00:33:15.863] INFO - Jugador 1701 almacenado correctamente
[00:33:15.925] ERROR - Jugador 1705 [out_of_league]
[00:33:16.343] INFO - Escribiendo historial market-value del jugador 1706 (286 values)
[00:33:16.347] INFO - Jugador 1706 almacenado correctamente
[00:33:16.414] INFO - Escribiendo historial market-value del jugador 1707 (286 values)
[00:33:16.421] INFO - Jugador 1707 almacenado correctamente
[00:33:16.493] INFO - Escribiendo historial market-value del jugador 1708 (286 values)
[00:33:16.497] INFO - Jugador 1708 almacenado correctamente
[00:33:16.546] INFO - Escribiendo historial market-value del jugador 1709 (286 values)
[00:33:16.550] INFO - Jugador 1709 almacenado correctamente
[00:33:16.666] INFO - Escribiendo historial market-value del jugador 1711 (281 values)
[00:33:16.672] INFO - Jugador 1711 almacenado correctamente
[00:33:16.678] INFO - Escribiendo historial market-value del jugador 1713 (281 values)
[00:33:16.680] INFO - Jugador 1713 almacenado correctamente
[00:33:16.691] INFO - Escribiendo historial market-value del jugador 1710 (286 values)
[00:33:16.695] INFO - Jugador 1710 almacenado correctamente
[00:33:16.700] INFO - Escribiendo historial market-value del jugador 1712 (281 values)
[00:33:16.704] INFO - Jugador 1712 almacenado correctamente
[00:33:16.954] ERROR - Jugador 1717 [out_of_league]
[00:33:17.084] ERROR - Jugador 1720 [out_of_league]
[00:33:17.105] ERROR - Jugador 1718 [out_of_league]
[00:33:17.159] INFO - Escribiendo historial market-value del jugador 1714 (279 values)
[00:33:17.163] INFO - Jugador 1714 almacenado correctamente
[00:33:17.214] INFO - Escribiendo historial market-value del jugador 1716 (279 values)
[00:33:17.217] INFO - Jugador 1716 almacenado correctamente
[00:33:17.223] INFO - Escribiendo historial market-value del jugador 1715 (279 values)
[00:33:17.227] INFO - Jugador 1715 almacenado correctamente
[00:33:17.502] INFO - Escribiendo historial market-value del jugador 1719 (274 values)
[00:33:17.507] INFO - Jugador 1719 almacenado correctamente
[00:33:17.514] INFO - Escribiendo historial market-value del jugador 1721 (272 values)
[00:33:17.518] INFO - Jugador 1721 almacenado correctamente
[00:33:17.688] INFO - Escribiendo historial market-value del jugador 1722 (268 values)
[00:33:17.691] INFO - Jugador 1722 almacenado correctamente
[00:33:17.794] INFO - Escribiendo historial market-value del jugador 1724 (268 values)
[00:33:17.797] INFO - Jugador 1724 almacenado correctamente
[00:33:17.858] INFO - Escribiendo historial market-value del jugador 1723 (268 values)
[00:33:17.862] INFO - Jugador 1723 almacenado correctamente
[00:33:17.922] INFO - Escribiendo historial market-value del jugador 1727 (268 values)
[00:33:17.924] INFO - Jugador 1727 almacenado correctamente
[00:33:17.954] INFO - Escribiendo historial market-value del jugador 1725 (268 values)
[00:33:17.958] INFO - Jugador 1725 almacenado correctamente
[00:33:18.003] INFO - Escribiendo historial market-value del jugador 1726 (268 values)
[00:33:18.007] INFO - Jugador 1726 almacenado correctamente
[00:33:18.212] ERROR - Jugador 1732 [out_of_league]
[00:33:18.279] INFO - Escribiendo historial market-value del jugador 1728 (268 values)
[00:33:18.284] INFO - Jugador 1728 almacenado correctamente
[00:33:18.327] INFO - Escribiendo historial market-value del jugador 1729 (268 values)
[00:33:18.331] INFO - Jugador 1729 almacenado correctamente
[00:33:18.473] INFO - Escribiendo historial market-value del jugador 1730 (268 values)
[00:33:18.480] INFO - Jugador 1730 almacenado correctamente
[00:33:18.575] INFO - Escribiendo historial market-value del jugador 1731 (268 values)
[00:33:18.579] INFO - Jugador 1731 almacenado correctamente
[00:33:18.629] INFO - Escribiendo historial market-value del jugador 1733 (268 values)
[00:33:18.630] INFO - Jugador 1733 almacenado correctamente
[00:33:18.690] INFO - Escribiendo historial market-value del jugador 1734 (268 values)
[00:33:18.692] INFO - Jugador 1734 almacenado correctamente
[00:33:18.698] INFO - Escribiendo historial market-value del jugador 1735 (268 values)
[00:33:18.699] INFO - Jugador 1735 almacenado correctamente
[00:33:18.935] INFO - Escribiendo historial market-value del jugador 1736 (268 values)
[00:33:18.940] INFO - Jugador 1736 almacenado correctamente
[00:33:19.066] INFO - Escribiendo historial market-value del jugador 1737 (268 values)
[00:33:19.069] INFO - Jugador 1737 almacenado correctamente
[00:33:19.084] INFO - Escribiendo historial market-value del jugador 1738 (268 values)
[00:33:19.087] INFO - Jugador 1738 almacenado correctamente
[00:33:19.160] INFO - Escribiendo historial market-value del jugador 1739 (268 values)
[00:33:19.161] INFO - Jugador 1739 almacenado correctamente
[00:33:19.268] INFO - Escribiendo historial market-value del jugador 1740 (268 values)
[00:33:19.269] INFO - Jugador 1740 almacenado correctamente
[00:33:19.311] INFO - Escribiendo historial market-value del jugador 1741 (268 values)
[00:33:19.313] INFO - Jugador 1741 almacenado correctamente
[00:33:19.436] INFO - Escribiendo historial market-value del jugador 1742 (268 values)
[00:33:19.439] INFO - Jugador 1742 almacenado correctamente
[00:33:19.465] INFO - Escribiendo historial market-value del jugador 1743 (268 values)
[00:33:19.467] INFO - Jugador 1743 almacenado correctamente
[00:33:19.666] INFO - Escribiendo historial market-value del jugador 1744 (268 values)
[00:33:19.669] INFO - Jugador 1744 almacenado correctamente
[00:33:19.803] INFO - Escribiendo historial market-value del jugador 1746 (268 values)
[00:33:19.806] INFO - Jugador 1746 almacenado correctamente
[00:33:19.851] INFO - Escribiendo historial market-value del jugador 1745 (268 values)
[00:33:19.856] INFO - Jugador 1745 almacenado correctamente
[00:33:19.914] INFO - Escribiendo historial market-value del jugador 1747 (268 values)
[00:33:19.917] INFO - Jugador 1747 almacenado correctamente
[00:33:20.036] INFO - Escribiendo historial market-value del jugador 1749 (268 values)
[00:33:20.039] INFO - Escribiendo historial market-value del jugador 1748 (268 values)
[00:33:20.040] INFO - Jugador 1749 almacenado correctamente
[00:33:20.046] INFO - Jugador 1748 almacenado correctamente
[00:33:20.182] INFO - Escribiendo historial market-value del jugador 1751 (268 values)
[00:33:20.184] INFO - Jugador 1751 almacenado correctamente
[00:33:20.224] INFO - Escribiendo historial market-value del jugador 1750 (268 values)
[00:33:20.228] INFO - Jugador 1750 almacenado correctamente
[00:33:20.475] INFO - Escribiendo historial market-value del jugador 1752 (268 values)
[00:33:20.479] INFO - Jugador 1752 almacenado correctamente
[00:33:20.528] INFO - Escribiendo historial market-value del jugador 1753 (268 values)
[00:33:20.530] INFO - Jugador 1753 almacenado correctamente
[00:33:20.619] INFO - Escribiendo historial market-value del jugador 1755 (268 values)
[00:33:20.622] INFO - Jugador 1755 almacenado correctamente
[00:33:20.636] INFO - Escribiendo historial market-value del jugador 1754 (268 values)
[00:33:20.640] INFO - Jugador 1754 almacenado correctamente
[00:33:20.717] INFO - Escribiendo historial market-value del jugador 1756 (268 values)
[00:33:20.719] INFO - Jugador 1756 almacenado correctamente
[00:33:20.794] INFO - Escribiendo historial market-value del jugador 1757 (268 values)
[00:33:20.797] INFO - Jugador 1757 almacenado correctamente
[00:33:20.955] INFO - Escribiendo historial market-value del jugador 1758 (268 values)
[00:33:20.959] INFO - Jugador 1758 almacenado correctamente
[00:33:21.000] INFO - Escribiendo historial market-value del jugador 1759 (268 values)
[00:33:21.004] INFO - Jugador 1759 almacenado correctamente
[00:33:21.013] ERROR - Jugador 1763 [out_of_league]
[00:33:21.241] INFO - Escribiendo historial market-value del jugador 1760 (268 values)
[00:33:21.245] INFO - Jugador 1760 almacenado correctamente
[00:33:21.257] INFO - Escribiendo historial market-value del jugador 1761 (268 values)
[00:33:21.260] INFO - Jugador 1761 almacenado correctamente
[00:33:21.347] INFO - Escribiendo historial market-value del jugador 1762 (268 values)
[00:33:21.350] INFO - Jugador 1762 almacenado correctamente
[00:33:21.462] INFO - Escribiendo historial market-value del jugador 1764 (268 values)
[00:33:21.466] INFO - Jugador 1764 almacenado correctamente
[00:33:21.538] INFO - Escribiendo historial market-value del jugador 1765 (268 values)
[00:33:21.542] INFO - Jugador 1765 almacenado correctamente
[00:33:21.715] INFO - Escribiendo historial market-value del jugador 1767 (268 values)
[00:33:21.716] INFO - Jugador 1767 almacenado correctamente
[00:33:21.727] INFO - Escribiendo historial market-value del jugador 1766 (268 values)
[00:33:21.730] INFO - Jugador 1766 almacenado correctamente
[00:33:21.749] INFO - Escribiendo historial market-value del jugador 1768 (268 values)
[00:33:21.751] INFO - Jugador 1768 almacenado correctamente
[00:33:21.961] INFO - Escribiendo historial market-value del jugador 1770 (267 values)
[00:33:21.964] INFO - Jugador 1770 almacenado correctamente
[00:33:22.047] INFO - Escribiendo historial market-value del jugador 1769 (268 values)
[00:33:22.051] INFO - Jugador 1769 almacenado correctamente
[00:33:22.123] INFO - Escribiendo historial market-value del jugador 1771 (267 values)
[00:33:22.125] INFO - Jugador 1771 almacenado correctamente
[00:33:22.142] INFO - Escribiendo historial market-value del jugador 1772 (267 values)
[00:33:22.143] INFO - Jugador 1772 almacenado correctamente
[00:33:22.205] INFO - Escribiendo historial market-value del jugador 1773 (267 values)
[00:33:22.206] INFO - Jugador 1773 almacenado correctamente
[00:33:22.503] INFO - Escribiendo historial market-value del jugador 1774 (267 values)
[00:33:22.504] INFO - Escribiendo historial market-value del jugador 1776 (267 values)
[00:33:22.507] INFO - Jugador 1776 almacenado correctamente
[00:33:22.507] INFO - Jugador 1774 almacenado correctamente
[00:33:22.521] INFO - Escribiendo historial market-value del jugador 1775 (267 values)
[00:33:22.525] INFO - Jugador 1775 almacenado correctamente
[00:33:22.659] INFO - Escribiendo historial market-value del jugador 1777 (267 values)
[00:33:22.663] INFO - Jugador 1777 almacenado correctamente
[00:33:22.761] INFO - Escribiendo historial market-value del jugador 1778 (267 values)
[00:33:22.763] INFO - Jugador 1778 almacenado correctamente
[00:33:22.898] INFO - Escribiendo historial market-value del jugador 1779 (267 values)
[00:33:22.901] INFO - Jugador 1779 almacenado correctamente
[00:33:22.943] INFO - Escribiendo historial market-value del jugador 1781 (267 values)
[00:33:22.947] INFO - Jugador 1781 almacenado correctamente
[00:33:22.963] INFO - Escribiendo historial market-value del jugador 1780 (267 values)
[00:33:22.966] INFO - Jugador 1780 almacenado correctamente
[00:33:23.345] INFO - Escribiendo historial market-value del jugador 1782 (267 values)
[00:33:23.349] INFO - Jugador 1782 almacenado correctamente
[00:33:23.353] INFO - Escribiendo historial market-value del jugador 1784 (267 values)
[00:33:23.354] INFO - Escribiendo historial market-value del jugador 1783 (267 values)
[00:33:23.364] INFO - Jugador 1784 almacenado correctamente
[00:33:23.364] INFO - Jugador 1783 almacenado correctamente
[00:33:23.433] INFO - Escribiendo historial market-value del jugador 1785 (267 values)
[00:33:23.440] INFO - Jugador 1785 almacenado correctamente
[00:33:23.514] INFO - Escribiendo historial market-value del jugador 1786 (267 values)
[00:33:23.520] INFO - Jugador 1786 almacenado correctamente
[00:33:23.675] INFO - Escribiendo historial market-value del jugador 1787 (267 values)
[00:33:23.679] INFO - Jugador 1787 almacenado correctamente
[00:33:23.738] INFO - Escribiendo historial market-value del jugador 1788 (267 values)
[00:33:23.741] INFO - Jugador 1788 almacenado correctamente
[00:33:23.787] INFO - Escribiendo historial market-value del jugador 1789 (267 values)
[00:33:23.791] INFO - Jugador 1789 almacenado correctamente
[00:33:24.114] ERROR - Jugador 1796 [out_of_league]
[00:33:24.165] INFO - Escribiendo historial market-value del jugador 1791 (261 values)
[00:33:24.169] INFO - Jugador 1791 almacenado correctamente
[00:33:24.183] INFO - Escribiendo historial market-value del jugador 1790 (261 values)
[00:33:24.188] INFO - Escribiendo historial market-value del jugador 1792 (261 values)
[00:33:24.188] INFO - Jugador 1790 almacenado correctamente
[00:33:24.197] INFO - Jugador 1792 almacenado correctamente
[00:33:24.238] INFO - Escribiendo historial market-value del jugador 1793 (261 values)
[00:33:24.242] INFO - Jugador 1793 almacenado correctamente
[00:33:24.249] INFO - Escribiendo historial market-value del jugador 1794 (261 values)
[00:33:24.252] INFO - Jugador 1794 almacenado correctamente
[00:33:24.421] INFO - Escribiendo historial market-value del jugador 1795 (261 values)
[00:33:24.424] INFO - Jugador 1795 almacenado correctamente
[00:33:24.589] INFO - Escribiendo historial market-value del jugador 1797 (254 values)
[00:33:24.593] INFO - Jugador 1797 almacenado correctamente
[00:33:24.640] ERROR - Jugador 1803 [out_of_league]
[00:33:24.876] INFO - Escribiendo historial market-value del jugador 1798 (245 values)
[00:33:24.880] INFO - Jugador 1798 almacenado correctamente
[00:33:24.949] ERROR - Jugador 1805 [out_of_league]
[00:33:24.974] INFO - Escribiendo historial market-value del jugador 1799 (245 values)
[00:33:24.980] INFO - Jugador 1799 almacenado correctamente
[00:33:24.985] INFO - Escribiendo historial market-value del jugador 1801 (245 values)
[00:33:24.989] INFO - Escribiendo historial market-value del jugador 1800 (245 values)
[00:33:24.991] INFO - Jugador 1801 almacenado correctamente
[00:33:24.999] INFO - Jugador 1800 almacenado correctamente
[00:33:25.015] INFO - Escribiendo historial market-value del jugador 1802 (240 values)
[00:33:25.018] INFO - Jugador 1802 almacenado correctamente
[00:33:25.028] ERROR - Jugador 1806 [out_of_league]
[00:33:25.145] INFO - Escribiendo historial market-value del jugador 1804 (219 values)
[00:33:25.148] INFO - Jugador 1804 almacenado correctamente
[00:33:25.267] ERROR - Jugador 1807 [out_of_league]
[00:33:25.326] ERROR - Jugador 1808 [out_of_league]
[00:33:25.381] ERROR - Jugador 1811 [out_of_league]
[00:33:25.799] INFO - Escribiendo historial market-value del jugador 1810 (153 values)
[00:33:25.802] INFO - Jugador 1810 almacenado correctamente
[00:33:25.806] INFO - Escribiendo historial market-value del jugador 1809 (153 values)
[00:33:25.808] INFO - Escribiendo historial market-value del jugador 1812 (142 values)
[00:33:25.809] INFO - Jugador 1809 almacenado correctamente
[00:33:25.814] INFO - Jugador 1812 almacenado correctamente
[00:33:25.820] INFO - Escribiendo historial market-value del jugador 1813 (142 values)
[00:33:25.823] INFO - Jugador 1813 almacenado correctamente
[00:33:25.850] INFO - Escribiendo historial market-value del jugador 1814 (142 values)
[00:33:25.851] INFO - Jugador 1814 almacenado correctamente
[00:33:25.980] INFO - Escribiendo historial market-value del jugador 1815 (142 values)
[00:33:25.983] INFO - Jugador 1815 almacenado correctamente
[00:33:26.069] INFO - Escribiendo historial market-value del jugador 1816 (142 values)
[00:33:26.071] INFO - Jugador 1816 almacenado correctamente
[00:33:26.101] INFO - Escribiendo historial market-value del jugador 1817 (142 values)
[00:33:26.104] INFO - Jugador 1817 almacenado correctamente
[00:33:26.574] INFO - Escribiendo historial market-value del jugador 1818 (142 values)
[00:33:26.576] INFO - Jugador 1818 almacenado correctamente
[00:33:26.598] INFO - Escribiendo historial market-value del jugador 1819 (133 values)
[00:33:26.600] INFO - Jugador 1819 almacenado correctamente
[00:33:26.604] INFO - Escribiendo historial market-value del jugador 1821 (133 values)
[00:33:26.606] INFO - Jugador 1821 almacenado correctamente
[00:33:26.623] INFO - Escribiendo historial market-value del jugador 1822 (127 values)
[00:33:26.626] INFO - Jugador 1822 almacenado correctamente
[00:33:26.629] INFO - Escribiendo historial market-value del jugador 1820 (133 values)
[00:33:26.632] INFO - Jugador 1820 almacenado correctamente
[00:33:26.695] INFO - Escribiendo historial market-value del jugador 1823 (127 values)
[00:33:26.699] INFO - Jugador 1823 almacenado correctamente
[00:33:26.769] INFO - Escribiendo historial market-value del jugador 1824 (127 values)
[00:33:26.772] INFO - Jugador 1824 almacenado correctamente
[00:33:26.827] INFO - Escribiendo historial market-value del jugador 1825 (127 values)
[00:33:26.829] INFO - Jugador 1825 almacenado correctamente
[00:33:27.276] INFO - Escribiendo historial market-value del jugador 1826 (127 values)
[00:33:27.278] INFO - Jugador 1826 almacenado correctamente
[00:33:27.333] INFO - Escribiendo historial market-value del jugador 1827 (120 values)
[00:33:27.334] INFO - Jugador 1827 almacenado correctamente
[00:33:27.342] INFO - Escribiendo historial market-value del jugador 1828 (120 values)
[00:33:27.344] INFO - Jugador 1828 almacenado correctamente
[00:33:27.388] INFO - Escribiendo historial market-value del jugador 1829 (120 values)
[00:33:27.390] INFO - Jugador 1829 almacenado correctamente
[00:33:27.397] INFO - Escribiendo historial market-value del jugador 1830 (120 values)
[00:33:27.400] INFO - Jugador 1830 almacenado correctamente
[00:33:27.412] INFO - Escribiendo historial market-value del jugador 1831 (120 values)
[00:33:27.414] INFO - Jugador 1831 almacenado correctamente
[00:33:27.493] INFO - Escribiendo historial market-value del jugador 1832 (120 values)
[00:33:27.497] INFO - Jugador 1832 almacenado correctamente
[00:33:27.530] INFO - Escribiendo historial market-value del jugador 1833 (118 values)
[00:33:27.534] INFO - Jugador 1833 almacenado correctamente
[00:33:28.003] INFO - Escribiendo historial market-value del jugador 1834 (118 values)
[00:33:28.007] INFO - Jugador 1834 almacenado correctamente
[00:33:28.037] INFO - Escribiendo historial market-value del jugador 1835 (118 values)
[00:33:28.039] INFO - Jugador 1835 almacenado correctamente
[00:33:28.141] INFO - Escribiendo historial market-value del jugador 1839 (113 values)
[00:33:28.143] INFO - Jugador 1839 almacenado correctamente
[00:33:28.147] INFO - Escribiendo historial market-value del jugador 1838 (113 values)
[00:33:28.150] INFO - Jugador 1838 almacenado correctamente
[00:33:28.171] INFO - Escribiendo historial market-value del jugador 1837 (118 values)
[00:33:28.174] INFO - Jugador 1837 almacenado correctamente
[00:33:28.229] INFO - Escribiendo historial market-value del jugador 1840 (113 values)
[00:33:28.232] INFO - Escribiendo historial market-value del jugador 1841 (113 values)
[00:33:28.232] INFO - Jugador 1840 almacenado correctamente
[00:33:28.236] INFO - Jugador 1841 almacenado correctamente
[00:33:28.705] INFO - Escribiendo historial market-value del jugador 1842 (113 values)
[00:33:28.707] INFO - Jugador 1842 almacenado correctamente
[00:33:28.754] INFO - Escribiendo historial market-value del jugador 1843 (113 values)
[00:33:28.756] INFO - Jugador 1843 almacenado correctamente
[00:33:28.858] INFO - Escribiendo historial market-value del jugador 1844 (113 values)
[00:33:28.861] INFO - Jugador 1844 almacenado correctamente
[00:33:28.959] INFO - Escribiendo historial market-value del jugador 1847 (106 values)
[00:33:28.960] INFO - Escribiendo historial market-value del jugador 1848 (106 values)
[00:33:28.962] INFO - Jugador 1847 almacenado correctamente
[00:33:28.967] INFO - Jugador 1848 almacenado correctamente
[00:33:29.312] ERROR - Jugador 1853 [NO ENCONTRADO]
[00:33:29.407] INFO - Escribiendo historial market-value del jugador 1849 (84 values)
[00:33:29.408] INFO - Jugador 1849 almacenado correctamente
[00:33:29.544] INFO - Escribiendo historial market-value del jugador 1851 (47 values)
[00:33:29.544] INFO - Jugador 1851 almacenado correctamente
[00:33:29.634] ERROR - Jugador 1854 [NO ENCONTRADO]
[00:33:29.866] ERROR - Jugador 1856 [NO ENCONTRADO]
[00:33:29.945] ERROR - Jugador 1857 [NO ENCONTRADO]
[00:33:30.185] ERROR - Jugador 1858 [NO ENCONTRADO]
[00:33:30.270] ERROR - Jugador 1859 [NO ENCONTRADO]
[00:33:30.597] ERROR - Jugador 1861 [NO ENCONTRADO]
[00:33:30.929] ERROR - Jugador 1862 [NO ENCONTRADO]
[00:33:31.252] ERROR - Jugador 1863 [NO ENCONTRADO]
[00:33:31.584] ERROR - Jugador 1864 [NO ENCONTRADO]
[00:33:31.906] ERROR - Jugador 1865 [NO ENCONTRADO]
[00:33:32.235] ERROR - Jugador 1866 [NO ENCONTRADO]
[00:33:32.556] ERROR - Jugador 1867 [NO ENCONTRADO]
[00:33:32.876] ERROR - Jugador 1868 [NO ENCONTRADO]
[00:33:33.052] INFO - Escribiendo historial market-value del jugador 1836 (118 values)
[00:33:33.054] INFO - Jugador 1836 almacenado correctamente
[00:33:33.201] ERROR - Jugador 1869 [NO ENCONTRADO]
[00:33:33.375] ERROR - Jugador 1870 [NO ENCONTRADO]
[00:33:33.518] ERROR - Jugador 1871 [NO ENCONTRADO]
[00:33:33.692] ERROR - Jugador 1872 [NO ENCONTRADO]
[00:33:33.832] ERROR - Jugador 1873 [NO ENCONTRADO]
[00:33:33.876] INFO - Escribiendo historial market-value del jugador 1845 (113 values)
[00:33:33.878] INFO - Jugador 1845 almacenado correctamente
[00:33:33.893] INFO - Escribiendo historial market-value del jugador 1846 (113 values)
[00:33:33.894] INFO - Jugador 1846 almacenado correctamente
[00:33:34.008] ERROR - Jugador 1874 [NO ENCONTRADO]
[00:33:34.151] ERROR - Jugador 1875 [NO ENCONTRADO]
[00:33:34.205] ERROR - Jugador 1876 [NO ENCONTRADO]
[00:33:34.220] ERROR - Jugador 1877 [NO ENCONTRADO]
[00:33:34.332] ERROR - Jugador 1878 [NO ENCONTRADO]
[00:33:34.487] ERROR - Jugador 1879 [NO ENCONTRADO]
[00:33:34.494] INFO - Escribiendo historial market-value del jugador 1850 (65 values)
[00:33:34.494] INFO - Jugador 1850 almacenado correctamente
[00:33:34.526] ERROR - Jugador 1880 [NO ENCONTRADO]
[00:33:34.553] ERROR - Jugador 1881 [NO ENCONTRADO]
[00:33:34.661] ERROR - Jugador 1882 [NO ENCONTRADO]
[00:33:34.677] INFO - Escribiendo historial market-value del jugador 1852 (47 values)
[00:33:34.678] INFO - Jugador 1852 almacenado correctamente
[00:33:34.729] ERROR - Jugador 1855 [NO ENCONTRADO]
[00:33:34.807] ERROR - Jugador 1883 [NO ENCONTRADO]
[00:33:34.823] ERROR - Jugador 1884 [NO ENCONTRADO]
[00:33:34.840] ERROR - Jugador 1885 [NO ENCONTRADO]
[00:33:34.870] ERROR - Jugador 1886 [NO ENCONTRADO]
[00:33:34.981] ERROR - Jugador 1887 [NO ENCONTRADO]
[00:33:34.999] ERROR - Jugador 1888 [NO ENCONTRADO]
[00:33:35.041] ERROR - Jugador 1889 [NO ENCONTRADO]
[00:33:35.133] ERROR - Jugador 1890 [NO ENCONTRADO]
[00:33:35.154] ERROR - Jugador 1891 [NO ENCONTRADO]
[00:33:35.160] ERROR - Jugador 1892 [NO ENCONTRADO]
[00:33:35.190] ERROR - Jugador 1893 [NO ENCONTRADO]
[00:33:35.309] ERROR - Jugador 1894 [NO ENCONTRADO]
[00:33:35.322] ERROR - Jugador 1895 [NO ENCONTRADO]
[00:33:35.368] ERROR - Jugador 1896 [NO ENCONTRADO]
[00:33:35.463] ERROR - Jugador 1897 [NO ENCONTRADO]
[00:33:35.488] ERROR - Jugador 1898 [NO ENCONTRADO]
[00:33:35.496] ERROR - Jugador 1899 [NO ENCONTRADO]
[00:33:35.508] ERROR - Jugador 1860 [NO ENCONTRADO]
[00:33:35.510] INFO - Escribiendo jugadores en data/2_ATM.json
[00:33:35.522] INFO - Escribiendo jugadores en data/3_ATH.json
[00:33:35.531] INFO - Escribiendo jugadores en data/4_BAR.json
[00:33:35.541] INFO - Escribiendo jugadores en data/6_CEL.json
[00:33:35.551] INFO - Escribiendo jugadores en data/14_RAY.json
[00:33:35.560] INFO - Escribiendo jugadores en data/20_VIL.json
[00:33:35.570] INFO - Escribiendo jugadores en data/5_BET.json
[00:33:35.580] INFO - Escribiendo jugadores en data/162_CAD.json
[00:33:35.590] INFO - Escribiendo jugadores en data/16_RSO.json
[00:33:35.600] INFO - Escribiendo jugadores en data/9_GET.json
[00:33:35.609] INFO - Escribiendo jugadores en data/13_OSA.json
[00:33:35.618] INFO - Escribiendo jugadores en data/31_LPA.json
[00:33:35.628] INFO - Escribiendo jugadores en data/1_ALM.json
[00:33:35.637] INFO - Escribiendo jugadores en data/15_RMA.json
[00:33:35.647] INFO - Escribiendo jugadores en data/17_SEV.json
[00:33:35.657] INFO - Escribiendo jugadores en data/21_ALA.json
[00:33:35.668] INFO - Escribiendo jugadores en data/28_GIR.json
[00:33:35.677] INFO - Escribiendo jugadores en data/18_VAL.json
[00:33:35.687] INFO - Escribiendo jugadores en data/33_MLL.json
[00:33:35.697] INFO - Escribiendo jugadores en data/10_GRA.json
[00:33:35.707] INFO - Tiempo de ejecucion total (MM:SS) 02:24
