[12:13:24.240] INFO - Eliminando anteriores archivos (data/, players/)
[12:13:24.250] INFO - API endpoint https://api.laligafantasymarca.com/api/v3/player
[12:13:24.250] INFO - API endpoint market-values https://api.laligafantasymarca.com/api/v3/player/ID_JUGADOR/market-value
[12:13:24.926] ERROR - Jugador 54 [NO ENCONTRADO]
[12:13:24.930] ERROR - Jugador 57 [NO ENCONTRADO]
[12:13:24.945] ERROR - Jugador 56 [out_of_league]
[12:13:25.056] ERROR - Jugador 52 [NO ENCONTRADO]
[12:13:25.392] ERROR - Jugador 61 [NO ENCONTRADO]
[12:13:25.457] ERROR - Jugador 63 [NO ENCONTRADO]
[12:13:25.545] INFO - Escribiendo historial market-value del jugador 59 (74 values)
[12:13:25.546] INFO - Jugador 59 almacenado correctamente
[12:13:25.648] INFO - Escribiendo historial market-value del jugador 53 (74 values)
[12:13:25.649] INFO - Jugador 53 almacenado correctamente
[12:13:25.678] INFO - Escribiendo historial market-value del jugador 55 (74 values)
[12:13:25.679] INFO - Jugador 55 almacenado correctamente
[12:13:25.705] INFO - Escribiendo historial market-value del jugador 58 (74 values)
[12:13:25.706] INFO - Jugador 58 almacenado correctamente
[12:13:25.925] ERROR - Jugador 64 [NO ENCONTRADO]
[12:13:25.954] INFO - Escribiendo historial market-value del jugador 62 (74 values)
[12:13:25.955] INFO - Jugador 62 almacenado correctamente
[12:13:26.072] ERROR - Jugador 60 [NO ENCONTRADO]
[12:13:26.088] ERROR - Jugador 66 [NO ENCONTRADO]
[12:13:26.235] ERROR - Jugador 69 [NO ENCONTRADO]
[12:13:26.462] ERROR - Jugador 70 [NO ENCONTRADO]
[12:13:26.485] ERROR - Jugador 71 [NO ENCONTRADO]
[12:13:26.623] INFO - Escribiendo historial market-value del jugador 67 (74 values)
[12:13:26.624] INFO - Jugador 67 almacenado correctamente
[12:13:26.807] INFO - Escribiendo historial market-value del jugador 68 (76 values)
[12:13:26.808] INFO - Jugador 68 almacenado correctamente
[12:13:27.064] ERROR - Jugador 76 [NO ENCONTRADO]
[12:13:27.259] INFO - Escribiendo historial market-value del jugador 74 (45 values)
[12:13:27.260] INFO - Jugador 74 almacenado correctamente
[12:13:27.270] INFO - Escribiendo historial market-value del jugador 72 (45 values)
[12:13:27.270] INFO - Jugador 72 almacenado correctamente
[12:13:27.278] INFO - Escribiendo historial market-value del jugador 73 (76 values)
[12:13:27.279] INFO - Jugador 73 almacenado correctamente
[12:13:27.418] INFO - Escribiendo historial market-value del jugador 65 (74 values)
[12:13:27.420] INFO - Jugador 65 almacenado correctamente
[12:13:27.648] ERROR - Jugador 79 [NO ENCONTRADO]
[12:13:27.663] INFO - Escribiendo historial market-value del jugador 75 (29 values)
[12:13:27.664] INFO - Jugador 75 almacenado correctamente
[12:13:27.904] ERROR - Jugador 80 [out_of_league]
[12:13:27.909] INFO - Escribiendo historial market-value del jugador 78 (31 values)
[12:13:27.911] INFO - Jugador 78 almacenado correctamente
[12:13:27.938] INFO - Escribiendo historial market-value del jugador 77 (76 values)
[12:13:27.939] INFO - Jugador 77 almacenado correctamente
[12:13:27.987] ERROR - Jugador 83 [NO ENCONTRADO]
[12:13:28.106] ERROR - Jugador 84 [NO ENCONTRADO]
[12:13:28.222] ERROR - Jugador 85 [NO ENCONTRADO]
[12:13:28.373] ERROR - Jugador 81 [out_of_league]
[12:13:28.395] ERROR - Jugador 89 [NO ENCONTRADO]
[12:13:28.489] INFO - Escribiendo historial market-value del jugador 82 (33 values)
[12:13:28.491] INFO - Jugador 82 almacenado correctamente
[12:13:28.518] ERROR - Jugador 86 [out_of_league]
[12:13:28.539] ERROR - Jugador 87 [NO ENCONTRADO]
[12:13:28.544] ERROR - Jugador 88 [NO ENCONTRADO]
[12:13:28.898] ERROR - Jugador 94 [NO ENCONTRADO]
[12:13:28.912] ERROR - Jugador 95 [NO ENCONTRADO]
[12:13:29.005] ERROR - Jugador 97 [out_of_league]
[12:13:29.107] ERROR - Jugador 96 [NO ENCONTRADO]
[12:13:29.149] INFO - Escribiendo historial market-value del jugador 90 (62 values)
[12:13:29.150] INFO - Jugador 90 almacenado correctamente
[12:13:29.182] INFO - Escribiendo historial market-value del jugador 91 (76 values)
[12:13:29.183] INFO - Jugador 91 almacenado correctamente
[12:13:29.371] ERROR - Jugador 98 [NO ENCONTRADO]
[12:13:29.447] ERROR - Jugador 99 [NO ENCONTRADO]
[12:13:29.518] ERROR - Jugador 101 [NO ENCONTRADO]
[12:13:29.568] INFO - Escribiendo historial market-value del jugador 93 (74 values)
[12:13:29.569] INFO - Escribiendo historial market-value del jugador 92 (45 values)
[12:13:29.569] INFO - Jugador 93 almacenado correctamente
[12:13:29.572] INFO - Jugador 92 almacenado correctamente
[12:13:29.584] ERROR - Jugador 100 [NO ENCONTRADO]
[12:13:29.767] ERROR - Jugador 103 [NO ENCONTRADO]
[12:13:29.791] ERROR - Jugador 102 [NO ENCONTRADO]
[12:13:29.819] ERROR - Jugador 104 [NO ENCONTRADO]
[12:13:29.982] ERROR - Jugador 105 [NO ENCONTRADO]
[12:13:30.049] ERROR - Jugador 107 [NO ENCONTRADO]
[12:13:30.055] ERROR - Jugador 106 [NO ENCONTRADO]
[12:13:30.192] ERROR - Jugador 108 [NO ENCONTRADO]
[12:13:30.213] ERROR - Jugador 111 [NO ENCONTRADO]
[12:13:30.214] ERROR - Jugador 109 [NO ENCONTRADO]
[12:13:30.242] ERROR - Jugador 112 [NO ENCONTRADO]
[12:13:30.318] ERROR - Jugador 110 [NO ENCONTRADO]
[12:13:30.497] ERROR - Jugador 114 [NO ENCONTRADO]
[12:13:30.502] ERROR - Jugador 113 [NO ENCONTRADO]
[12:13:30.641] ERROR - Jugador 115 [NO ENCONTRADO]
[12:13:30.735] ERROR - Jugador 116 [NO ENCONTRADO]
[12:13:30.741] ERROR - Jugador 117 [NO ENCONTRADO]
[12:13:30.813] ERROR - Jugador 118 [out_of_league]
[12:13:30.856] ERROR - Jugador 120 [NO ENCONTRADO]
[12:13:30.911] ERROR - Jugador 122 [NO ENCONTRADO]
[12:13:31.105] ERROR - Jugador 119 [NO ENCONTRADO]
[12:13:31.161] ERROR - Jugador 125 [NO ENCONTRADO]
[12:13:31.176] ERROR - Jugador 123 [NO ENCONTRADO]
[12:13:31.321] ERROR - Jugador 124 [NO ENCONTRADO]
[12:13:31.357] ERROR - Jugador 126 [NO ENCONTRADO]
[12:13:31.444] ERROR - Jugador 128 [NO ENCONTRADO]
[12:13:31.579] ERROR - Jugador 130 [NO ENCONTRADO]
[12:13:31.650] ERROR - Jugador 129 [NO ENCONTRADO]
[12:13:31.708] ERROR - Jugador 131 [NO ENCONTRADO]
[12:13:31.823] INFO - Escribiendo historial market-value del jugador 121 (33 values)
[12:13:31.823] INFO - Jugador 121 almacenado correctamente
[12:13:31.827] ERROR - Jugador 132 [NO ENCONTRADO]
[12:13:31.868] ERROR - Jugador 134 [NO ENCONTRADO]
[12:13:31.968] ERROR - Jugador 133 [NO ENCONTRADO]
[12:13:31.979] INFO - Escribiendo historial market-value del jugador 127 (76 values)
[12:13:31.980] INFO - Jugador 127 almacenado correctamente
[12:13:32.007] ERROR - Jugador 135 [NO ENCONTRADO]
[12:13:32.092] ERROR - Jugador 136 [NO ENCONTRADO]
[12:13:32.243] ERROR - Jugador 137 [NO ENCONTRADO]
[12:13:32.292] ERROR - Jugador 138 [NO ENCONTRADO]
[12:13:32.364] ERROR - Jugador 141 [NO ENCONTRADO]
[12:13:32.383] ERROR - Jugador 139 [NO ENCONTRADO]
[12:13:32.415] ERROR - Jugador 143 [NO ENCONTRADO]
[12:13:32.544] ERROR - Jugador 142 [NO ENCONTRADO]
[12:13:32.625] ERROR - Jugador 144 [NO ENCONTRADO]
[12:13:32.702] ERROR - Jugador 145 [NO ENCONTRADO]
[12:13:32.714] INFO - Escribiendo historial market-value del jugador 140 (76 values)
[12:13:32.716] INFO - Jugador 140 almacenado correctamente
[12:13:32.833] ERROR - Jugador 146 [out_of_league]
[12:13:32.839] ERROR - Jugador 149 [NO ENCONTRADO]
[12:13:32.915] ERROR - Jugador 147 [NO ENCONTRADO]
[12:13:33.042] ERROR - Jugador 151 [NO ENCONTRADO]
[12:13:33.134] ERROR - Jugador 152 [NO ENCONTRADO]
[12:13:33.188] INFO - Escribiendo historial market-value del jugador 148 (76 values)
[12:13:33.189] INFO - Jugador 148 almacenado correctamente
[12:13:33.278] ERROR - Jugador 153 [NO ENCONTRADO]
[12:13:33.318] ERROR - Jugador 156 [NO ENCONTRADO]
[12:13:33.390] ERROR - Jugador 155 [NO ENCONTRADO]
[12:13:33.437] ERROR - Jugador 157 [NO ENCONTRADO]
[12:13:33.657] INFO - Escribiendo historial market-value del jugador 150 (76 values)
[12:13:33.658] INFO - Jugador 150 almacenado correctamente
[12:13:33.683] ERROR - Jugador 158 [NO ENCONTRADO]
[12:13:33.807] ERROR - Jugador 160 [NO ENCONTRADO]
[12:13:33.858] ERROR - Jugador 161 [NO ENCONTRADO]
[12:13:33.909] ERROR - Jugador 162 [NO ENCONTRADO]
[12:13:33.982] ERROR - Jugador 163 [NO ENCONTRADO]
[12:13:34.063] ERROR - Jugador 165 [NO ENCONTRADO]
[12:13:34.197] ERROR - Jugador 164 [NO ENCONTRADO]
[12:13:34.269] INFO - Escribiendo historial market-value del jugador 159 (76 values)
[12:13:34.270] INFO - Jugador 159 almacenado correctamente
[12:13:34.323] ERROR - Jugador 168 [NO ENCONTRADO]
[12:13:34.368] ERROR - Jugador 166 [out_of_league]
[12:13:34.390] ERROR - Jugador 154 [NO ENCONTRADO]
[12:13:34.413] ERROR - Jugador 167 [NO ENCONTRADO]
[12:13:34.537] ERROR - Jugador 169 [NO ENCONTRADO]
[12:13:34.574] ERROR - Jugador 170 [NO ENCONTRADO]
[12:13:34.617] ERROR - Jugador 171 [NO ENCONTRADO]
[12:13:34.662] ERROR - Jugador 172 [NO ENCONTRADO]
[12:13:34.713] ERROR - Jugador 173 [NO ENCONTRADO]
[12:13:34.821] ERROR - Jugador 175 [NO ENCONTRADO]
[12:13:34.839] ERROR - Jugador 176 [NO ENCONTRADO]
[12:13:34.913] ERROR - Jugador 174 [NO ENCONTRADO]
[12:13:34.947] ERROR - Jugador 177 [NO ENCONTRADO]
[12:13:35.079] ERROR - Jugador 179 [NO ENCONTRADO]
[12:13:35.090] ERROR - Jugador 180 [NO ENCONTRADO]
[12:13:35.158] ERROR - Jugador 178 [NO ENCONTRADO]
[12:13:35.241] ERROR - Jugador 182 [NO ENCONTRADO]
[12:13:35.358] ERROR - Jugador 181 [NO ENCONTRADO]
[12:13:35.401] ERROR - Jugador 183 [NO ENCONTRADO]
[12:13:35.509] ERROR - Jugador 185 [NO ENCONTRADO]
[12:13:35.553] ERROR - Jugador 188 [NO ENCONTRADO]
[12:13:35.629] ERROR - Jugador 189 [NO ENCONTRADO]
[12:13:35.630] ERROR - Jugador 186 [NO ENCONTRADO]
[12:13:35.662] ERROR - Jugador 187 [NO ENCONTRADO]
[12:13:35.748] ERROR - Jugador 190 [NO ENCONTRADO]
[12:13:35.936] ERROR - Jugador 191 [NO ENCONTRADO]
[12:13:36.049] INFO - Escribiendo historial market-value del jugador 184 (76 values)
[12:13:36.050] INFO - Jugador 184 almacenado correctamente
[12:13:36.058] ERROR - Jugador 195 [NO ENCONTRADO]
[12:13:36.197] ERROR - Jugador 194 [NO ENCONTRADO]
[12:13:36.218] ERROR - Jugador 196 [NO ENCONTRADO]
[12:13:36.311] ERROR - Jugador 197 [out_of_league]
[12:13:36.351] ERROR - Jugador 198 [NO ENCONTRADO]
[12:13:36.529] INFO - Escribiendo historial market-value del jugador 193 (76 values)
[12:13:36.530] INFO - Jugador 193 almacenado correctamente
[12:13:36.607] ERROR - Jugador 202 [NO ENCONTRADO]
[12:13:36.637] INFO - Escribiendo historial market-value del jugador 192 (76 values)
[12:13:36.639] INFO - Jugador 192 almacenado correctamente
[12:13:36.723] ERROR - Jugador 201 [NO ENCONTRADO]
[12:13:36.821] ERROR - Jugador 203 [NO ENCONTRADO]
[12:13:36.879] ERROR - Jugador 199 [NO ENCONTRADO]
[12:13:36.989] ERROR - Jugador 206 [NO ENCONTRADO]
[12:13:37.045] ERROR - Jugador 207 [NO ENCONTRADO]
[12:13:37.119] ERROR - Jugador 205 [NO ENCONTRADO]
[12:13:37.148] INFO - Escribiendo historial market-value del jugador 200 (36 values)
[12:13:37.149] INFO - Jugador 200 almacenado correctamente
[12:13:37.236] ERROR - Jugador 209 [NO ENCONTRADO]
[12:13:37.273] ERROR - Jugador 208 [NO ENCONTRADO]
[12:13:37.288] ERROR - Jugador 210 [NO ENCONTRADO]
[12:13:37.486] INFO - Escribiendo historial market-value del jugador 204 (76 values)
[12:13:37.488] INFO - Jugador 204 almacenado correctamente
[12:13:37.537] ERROR - Jugador 211 [NO ENCONTRADO]
[12:13:37.610] ERROR - Jugador 212 [NO ENCONTRADO]
[12:13:37.668] ERROR - Jugador 213 [NO ENCONTRADO]
[12:13:37.690] ERROR - Jugador 214 [NO ENCONTRADO]
[12:13:37.699] ERROR - Jugador 216 [NO ENCONTRADO]
[12:13:37.710] ERROR - Jugador 217 [out_of_league]
[12:13:38.014] ERROR - Jugador 220 [NO ENCONTRADO]
[12:13:38.048] ERROR - Jugador 221 [NO ENCONTRADO]
[12:13:38.072] ERROR - Jugador 218 [NO ENCONTRADO]
[12:13:38.102] ERROR - Jugador 219 [NO ENCONTRADO]
[12:13:38.129] ERROR - Jugador 222 [NO ENCONTRADO]
[12:13:38.137] ERROR - Jugador 223 [NO ENCONTRADO]
[12:13:38.295] ERROR - Jugador 224 [NO ENCONTRADO]
[12:13:38.324] INFO - Escribiendo historial market-value del jugador 215 (76 values)
[12:13:38.325] INFO - Jugador 215 almacenado correctamente
[12:13:38.410] ERROR - Jugador 225 [NO ENCONTRADO]
[12:13:38.475] ERROR - Jugador 226 [NO ENCONTRADO]
[12:13:38.536] ERROR - Jugador 227 [NO ENCONTRADO]
[12:13:38.557] ERROR - Jugador 229 [NO ENCONTRADO]
[12:13:38.657] ERROR - Jugador 228 [NO ENCONTRADO]
[12:13:38.880] ERROR - Jugador 232 [NO ENCONTRADO]
[12:13:38.966] ERROR - Jugador 233 [NO ENCONTRADO]
[12:13:39.004] ERROR - Jugador 234 [NO ENCONTRADO]
[12:13:39.038] ERROR - Jugador 237 [NO ENCONTRADO]
[12:13:39.096] INFO - Escribiendo historial market-value del jugador 231 (76 values)
[12:13:39.098] INFO - Jugador 231 almacenado correctamente
[12:13:39.118] ERROR - Jugador 235 [NO ENCONTRADO]
[12:13:39.135] INFO - Escribiendo historial market-value del jugador 230 (76 values)
[12:13:39.137] INFO - Jugador 230 almacenado correctamente
[12:13:39.147] ERROR - Jugador 236 [out_of_league]
[12:13:39.393] ERROR - Jugador 239 [NO ENCONTRADO]
[12:13:39.438] ERROR - Jugador 241 [NO ENCONTRADO]
[12:13:39.502] ERROR - Jugador 242 [NO ENCONTRADO]
[12:13:39.724] ERROR - Jugador 244 [NO ENCONTRADO]
[12:13:39.917] ERROR - Jugador 246 [out_of_league]
[12:13:40.004] INFO - Escribiendo historial market-value del jugador 238 (33 values)
[12:13:40.005] INFO - Jugador 238 almacenado correctamente
[12:13:40.026] ERROR - Jugador 248 [out_of_league]
[12:13:40.114] INFO - Escribiendo historial market-value del jugador 245 (47 values)
[12:13:40.116] INFO - Jugador 245 almacenado correctamente
[12:13:40.129] INFO - Escribiendo historial market-value del jugador 240 (76 values)
[12:13:40.130] INFO - Jugador 240 almacenado correctamente
[12:13:40.207] INFO - Escribiendo historial market-value del jugador 243 (76 values)
[12:13:40.208] INFO - Jugador 243 almacenado correctamente
[12:13:40.274] ERROR - Jugador 249 [NO ENCONTRADO]
[12:13:40.329] ERROR - Jugador 250 [NO ENCONTRADO]
[12:13:40.423] ERROR - Jugador 251 [NO ENCONTRADO]
[12:13:40.462] ERROR - Jugador 252 [NO ENCONTRADO]
[12:13:40.520] ERROR - Jugador 253 [NO ENCONTRADO]
[12:13:40.585] INFO - Escribiendo historial market-value del jugador 247 (76 values)
[12:13:40.586] INFO - Jugador 247 almacenado correctamente
[12:13:40.669] ERROR - Jugador 256 [NO ENCONTRADO]
[12:13:40.713] ERROR - Jugador 254 [NO ENCONTRADO]
[12:13:40.980] ERROR - Jugador 258 [NO ENCONTRADO]
[12:13:41.054] INFO - Escribiendo historial market-value del jugador 255 (76 values)
[12:13:41.055] INFO - Jugador 255 almacenado correctamente
[12:13:41.126] ERROR - Jugador 261 [NO ENCONTRADO]
[12:13:41.204] ERROR - Jugador 262 [NO ENCONTRADO]
[12:13:41.237] ERROR - Jugador 263 [NO ENCONTRADO]
[12:13:41.322] INFO - Escribiendo historial market-value del jugador 260 (76 values)
[12:13:41.324] INFO - Jugador 260 almacenado correctamente
[12:13:41.422] INFO - Escribiendo historial market-value del jugador 259 (76 values)
[12:13:41.423] INFO - Jugador 259 almacenado correctamente
[12:13:41.432] INFO - Escribiendo historial market-value del jugador 257 (48 values)
[12:13:41.433] INFO - Jugador 257 almacenado correctamente
[12:13:41.501] ERROR - Jugador 266 [NO ENCONTRADO]
[12:13:41.617] ERROR - Jugador 267 [NO ENCONTRADO]
[12:13:41.736] ERROR - Jugador 269 [NO ENCONTRADO]
[12:13:41.882] ERROR - Jugador 271 [out_of_league]
[12:13:41.945] INFO - Escribiendo historial market-value del jugador 265 (76 values)
[12:13:41.947] INFO - Jugador 265 almacenado correctamente
[12:13:42.086] ERROR - Jugador 273 [NO ENCONTRADO]
[12:13:42.102] INFO - Escribiendo historial market-value del jugador 264 (76 values)
[12:13:42.103] INFO - Jugador 264 almacenado correctamente
[12:13:42.118] ERROR - Jugador 272 [NO ENCONTRADO]
[12:13:42.218] INFO - Escribiendo historial market-value del jugador 268 (43 values)
[12:13:42.218] INFO - Jugador 268 almacenado correctamente
[12:13:42.381] ERROR - Jugador 276 [NO ENCONTRADO]
[12:13:42.486] ERROR - Jugador 277 [NO ENCONTRADO]
[12:13:42.515] INFO - Escribiendo historial market-value del jugador 270 (76 values)
[12:13:42.517] INFO - Jugador 270 almacenado correctamente
[12:13:42.534] ERROR - Jugador 278 [NO ENCONTRADO]
[12:13:42.549] ERROR - Jugador 279 [NO ENCONTRADO]
[12:13:42.648] ERROR - Jugador 280 [NO ENCONTRADO]
[12:13:42.722] INFO - Escribiendo historial market-value del jugador 274 (76 values)
[12:13:42.723] INFO - Jugador 274 almacenado correctamente
[12:13:42.793] ERROR - Jugador 281 [NO ENCONTRADO]
[12:13:42.874] ERROR - Jugador 282 [NO ENCONTRADO]
[12:13:42.917] ERROR - Jugador 283 [NO ENCONTRADO]
[12:13:42.953] INFO - Escribiendo historial market-value del jugador 275 (76 values)
[12:13:42.955] INFO - Jugador 275 almacenado correctamente
[12:13:43.119] ERROR - Jugador 285 [NO ENCONTRADO]
[12:13:43.136] ERROR - Jugador 286 [NO ENCONTRADO]
[12:13:43.196] ERROR - Jugador 288 [NO ENCONTRADO]
[12:13:43.254] ERROR - Jugador 289 [NO ENCONTRADO]
[12:13:43.339] ERROR - Jugador 287 [NO ENCONTRADO]
[12:13:43.380] ERROR - Jugador 291 [NO ENCONTRADO]
[12:13:43.457] ERROR - Jugador 290 [NO ENCONTRADO]
[12:13:43.578] ERROR - Jugador 292 [NO ENCONTRADO]
[12:13:43.649] ERROR - Jugador 295 [NO ENCONTRADO]
[12:13:43.675] INFO - Escribiendo historial market-value del jugador 284 (66 values)
[12:13:43.676] INFO - Jugador 284 almacenado correctamente
[12:13:43.744] ERROR - Jugador 293 [NO ENCONTRADO]
[12:13:43.874] ERROR - Jugador 297 [NO ENCONTRADO]
[12:13:44.111] INFO - Escribiendo historial market-value del jugador 294 (21 values)
[12:13:44.112] INFO - Jugador 294 almacenado correctamente
[12:13:44.126] ERROR - Jugador 299 [NO ENCONTRADO]
[12:13:44.259] ERROR - Jugador 301 [out_of_league]
[12:13:44.463] INFO - Escribiendo historial market-value del jugador 298 (76 values)
[12:13:44.463] INFO - Jugador 298 almacenado correctamente
[12:13:44.507] ERROR - Jugador 303 [NO ENCONTRADO]
[12:13:44.516] INFO - Escribiendo historial market-value del jugador 296 (76 values)
[12:13:44.517] INFO - Jugador 296 almacenado correctamente
[12:13:44.592] ERROR - Jugador 304 [NO ENCONTRADO]
[12:13:44.643] ERROR - Jugador 306 [out_of_league]
[12:13:44.676] INFO - Escribiendo historial market-value del jugador 300 (76 values)
[12:13:44.676] INFO - Jugador 300 almacenado correctamente
[12:13:44.723] ERROR - Jugador 305 [NO ENCONTRADO]
[12:13:44.846] ERROR - Jugador 307 [out_of_league]
[12:13:44.926] ERROR - Jugador 308 [NO ENCONTRADO]
[12:13:44.956] INFO - Escribiendo historial market-value del jugador 302 (76 values)
[12:13:44.957] INFO - Jugador 302 almacenado correctamente
[12:13:45.082] ERROR - Jugador 309 [NO ENCONTRADO]
[12:13:45.096] ERROR - Jugador 312 [NO ENCONTRADO]
[12:13:45.226] ERROR - Jugador 311 [NO ENCONTRADO]
[12:13:45.234] ERROR - Jugador 314 [NO ENCONTRADO]
[12:13:45.269] ERROR - Jugador 313 [NO ENCONTRADO]
[12:13:45.363] ERROR - Jugador 315 [NO ENCONTRADO]
[12:13:45.371] ERROR - Jugador 316 [NO ENCONTRADO]
[12:13:45.530] ERROR - Jugador 317 [NO ENCONTRADO]
[12:13:45.542] ERROR - Jugador 318 [NO ENCONTRADO]
[12:13:45.662] ERROR - Jugador 321 [NO ENCONTRADO]
[12:13:45.664] ERROR - Jugador 319 [NO ENCONTRADO]
[12:13:45.676] ERROR - Jugador 320 [NO ENCONTRADO]
[12:13:45.721] INFO - Escribiendo historial market-value del jugador 310 (76 values)
[12:13:45.722] INFO - Jugador 310 almacenado correctamente
[12:13:45.787] ERROR - Jugador 322 [NO ENCONTRADO]
[12:13:45.935] ERROR - Jugador 323 [NO ENCONTRADO]
[12:13:45.991] ERROR - Jugador 324 [NO ENCONTRADO]
[12:13:46.021] ERROR - Jugador 325 [NO ENCONTRADO]
[12:13:46.100] ERROR - Jugador 326 [NO ENCONTRADO]
[12:13:46.149] ERROR - Jugador 329 [NO ENCONTRADO]
[12:13:46.214] ERROR - Jugador 327 [NO ENCONTRADO]
[12:13:46.247] ERROR - Jugador 328 [NO ENCONTRADO]
[12:13:46.318] ERROR - Jugador 330 [NO ENCONTRADO]
[12:13:46.341] ERROR - Jugador 331 [NO ENCONTRADO]
[12:13:46.406] ERROR - Jugador 333 [NO ENCONTRADO]
[12:13:46.485] ERROR - Jugador 334 [NO ENCONTRADO]
[12:13:46.522] ERROR - Jugador 332 [NO ENCONTRADO]
[12:13:46.714] ERROR - Jugador 338 [NO ENCONTRADO]
[12:13:46.718] ERROR - Jugador 335 [NO ENCONTRADO]
[12:13:46.740] ERROR - Jugador 339 [NO ENCONTRADO]
[12:13:46.780] ERROR - Jugador 337 [NO ENCONTRADO]
[12:13:46.789] ERROR - Jugador 336 [NO ENCONTRADO]
[12:13:46.872] ERROR - Jugador 341 [out_of_league]
[12:13:46.942] ERROR - Jugador 340 [NO ENCONTRADO]
[12:13:47.099] ERROR - Jugador 342 [NO ENCONTRADO]
[12:13:47.179] ERROR - Jugador 343 [NO ENCONTRADO]
[12:13:47.207] ERROR - Jugador 346 [NO ENCONTRADO]
[12:13:47.351] ERROR - Jugador 347 [NO ENCONTRADO]
[12:13:47.405] ERROR - Jugador 348 [out_of_league]
[12:13:47.418] ERROR - Jugador 345 [NO ENCONTRADO]
[12:13:47.471] ERROR - Jugador 350 [NO ENCONTRADO]
[12:13:47.521] ERROR - Jugador 349 [NO ENCONTRADO]
[12:13:47.590] INFO - Escribiendo historial market-value del jugador 344 (76 values)
[12:13:47.591] INFO - Jugador 344 almacenado correctamente
[12:13:47.631] ERROR - Jugador 352 [NO ENCONTRADO]
[12:13:47.762] ERROR - Jugador 353 [NO ENCONTRADO]
[12:13:47.774] ERROR - Jugador 351 [NO ENCONTRADO]
[12:13:48.010] ERROR - Jugador 358 [NO ENCONTRADO]
[12:13:48.011] ERROR - Jugador 355 [NO ENCONTRADO]
[12:13:48.066] ERROR - Jugador 357 [NO ENCONTRADO]
[12:13:48.181] ERROR - Jugador 359 [NO ENCONTRADO]
[12:13:48.390] ERROR - Jugador 354 [NO ENCONTRADO]
[12:13:48.465] INFO - Escribiendo historial market-value del jugador 356 (76 values)
[12:13:48.466] INFO - Jugador 356 almacenado correctamente
[12:13:48.531] ERROR - Jugador 361 [NO ENCONTRADO]
[12:13:48.615] ERROR - Jugador 364 [NO ENCONTRADO]
[12:13:48.620] INFO - Escribiendo historial market-value del jugador 360 (76 values)
[12:13:48.622] INFO - Jugador 360 almacenado correctamente
[12:13:48.633] ERROR - Jugador 362 [NO ENCONTRADO]
[12:13:48.705] ERROR - Jugador 365 [out_of_league]
[12:13:48.793] ERROR - Jugador 366 [NO ENCONTRADO]
[12:13:48.818] ERROR - Jugador 363 [NO ENCONTRADO]
[12:13:48.954] ERROR - Jugador 368 [NO ENCONTRADO]
[12:13:49.090] ERROR - Jugador 370 [NO ENCONTRADO]
[12:13:49.103] ERROR - Jugador 369 [NO ENCONTRADO]
[12:13:49.118] ERROR - Jugador 371 [NO ENCONTRADO]
[12:13:49.183] ERROR - Jugador 367 [NO ENCONTRADO]
[12:13:49.379] ERROR - Jugador 373 [NO ENCONTRADO]
[12:13:49.383] ERROR - Jugador 375 [NO ENCONTRADO]
[12:13:49.394] ERROR - Jugador 374 [NO ENCONTRADO]
[12:13:49.413] ERROR - Jugador 372 [NO ENCONTRADO]
[12:13:49.532] ERROR - Jugador 376 [NO ENCONTRADO]
[12:13:49.679] ERROR - Jugador 377 [NO ENCONTRADO]
[12:13:49.685] ERROR - Jugador 378 [NO ENCONTRADO]
[12:13:49.824] ERROR - Jugador 379 [NO ENCONTRADO]
[12:13:49.830] ERROR - Jugador 380 [NO ENCONTRADO]
[12:13:49.913] ERROR - Jugador 381 [NO ENCONTRADO]
[12:13:49.995] ERROR - Jugador 382 [NO ENCONTRADO]
[12:13:50.002] ERROR - Jugador 383 [NO ENCONTRADO]
[12:13:50.100] ERROR - Jugador 384 [NO ENCONTRADO]
[12:13:50.128] ERROR - Jugador 385 [NO ENCONTRADO]
[12:13:50.132] ERROR - Jugador 386 [NO ENCONTRADO]
[12:13:50.286] ERROR - Jugador 388 [NO ENCONTRADO]
[12:13:50.462] ERROR - Jugador 391 [NO ENCONTRADO]
[12:13:50.558] ERROR - Jugador 394 [NO ENCONTRADO]
[12:13:50.561] ERROR - Jugador 389 [NO ENCONTRADO]
[12:13:50.573] ERROR - Jugador 393 [NO ENCONTRADO]
[12:13:50.583] ERROR - Jugador 390 [NO ENCONTRADO]
[12:13:50.634] ERROR - Jugador 387 [NO ENCONTRADO]
[12:13:50.645] ERROR - Jugador 392 [NO ENCONTRADO]
[12:13:50.854] ERROR - Jugador 395 [NO ENCONTRADO]
[12:13:50.917] ERROR - Jugador 396 [NO ENCONTRADO]
[12:13:51.015] ERROR - Jugador 398 [NO ENCONTRADO]
[12:13:51.055] ERROR - Jugador 399 [NO ENCONTRADO]
[12:13:51.132] ERROR - Jugador 401 [NO ENCONTRADO]
[12:13:51.161] ERROR - Jugador 402 [NO ENCONTRADO]
[12:13:51.184] ERROR - Jugador 400 [NO ENCONTRADO]
[12:13:51.198] ERROR - Jugador 397 [NO ENCONTRADO]
[12:13:51.376] ERROR - Jugador 404 [NO ENCONTRADO]
[12:13:51.440] ERROR - Jugador 405 [NO ENCONTRADO]
[12:13:51.470] ERROR - Jugador 406 [NO ENCONTRADO]
[12:13:51.648] ERROR - Jugador 410 [NO ENCONTRADO]
[12:13:51.673] ERROR - Jugador 407 [NO ENCONTRADO]
[12:13:51.717] ERROR - Jugador 408 [NO ENCONTRADO]
[12:13:51.762] ERROR - Jugador 409 [NO ENCONTRADO]
[12:13:51.872] ERROR - Jugador 412 [NO ENCONTRADO]
[12:13:51.885] ERROR - Jugador 413 [NO ENCONTRADO]
[12:13:51.926] ERROR - Jugador 411 [NO ENCONTRADO]
[12:13:51.963] ERROR - Jugador 403 [NO ENCONTRADO]
[12:13:52.085] ERROR - Jugador 414 [NO ENCONTRADO]
[12:13:52.127] ERROR - Jugador 415 [out_of_league]
[12:13:52.197] ERROR - Jugador 417 [NO ENCONTRADO]
[12:13:52.305] ERROR - Jugador 416 [NO ENCONTRADO]
[12:13:52.367] ERROR - Jugador 418 [NO ENCONTRADO]
[12:13:52.404] ERROR - Jugador 420 [NO ENCONTRADO]
[12:13:52.501] ERROR - Jugador 422 [NO ENCONTRADO]
[12:13:52.526] ERROR - Jugador 419 [NO ENCONTRADO]
[12:13:52.549] ERROR - Jugador 421 [NO ENCONTRADO]
[12:13:52.636] ERROR - Jugador 424 [NO ENCONTRADO]
[12:13:52.719] ERROR - Jugador 423 [NO ENCONTRADO]
[12:13:52.738] ERROR - Jugador 425 [NO ENCONTRADO]
[12:13:52.813] ERROR - Jugador 426 [NO ENCONTRADO]
[12:13:52.874] ERROR - Jugador 427 [NO ENCONTRADO]
[12:13:52.930] ERROR - Jugador 428 [NO ENCONTRADO]
[12:13:53.041] ERROR - Jugador 430 [NO ENCONTRADO]
[12:13:53.183] ERROR - Jugador 433 [NO ENCONTRADO]
[12:13:53.189] ERROR - Jugador 429 [NO ENCONTRADO]
[12:13:53.194] ERROR - Jugador 431 [NO ENCONTRADO]
[12:13:53.279] ERROR - Jugador 435 [NO ENCONTRADO]
[12:13:53.311] ERROR - Jugador 432 [NO ENCONTRADO]
[12:13:53.375] ERROR - Jugador 434 [NO ENCONTRADO]
[12:13:53.497] ERROR - Jugador 436 [NO ENCONTRADO]
[12:13:53.601] ERROR - Jugador 437 [NO ENCONTRADO]
[12:13:53.654] ERROR - Jugador 438 [NO ENCONTRADO]
[12:13:53.661] ERROR - Jugador 439 [NO ENCONTRADO]
[12:13:53.675] ERROR - Jugador 440 [NO ENCONTRADO]
[12:13:53.681] ERROR - Jugador 441 [NO ENCONTRADO]
[12:13:53.973] ERROR - Jugador 444 [NO ENCONTRADO]
[12:13:53.973] ERROR - Jugador 443 [NO ENCONTRADO]
[12:13:54.026] ERROR - Jugador 445 [NO ENCONTRADO]
[12:13:54.132] ERROR - Jugador 448 [NO ENCONTRADO]
[12:13:54.179] ERROR - Jugador 447 [NO ENCONTRADO]
[12:13:54.192] ERROR - Jugador 449 [NO ENCONTRADO]
[12:13:54.249] ERROR - Jugador 446 [NO ENCONTRADO]
[12:13:54.432] ERROR - Jugador 451 [NO ENCONTRADO]
[12:13:54.455] ERROR - Jugador 442 [NO ENCONTRADO]
[12:13:54.483] ERROR - Jugador 452 [NO ENCONTRADO]
[12:13:54.526] ERROR - Jugador 453 [NO ENCONTRADO]
[12:13:54.620] ERROR - Jugador 450 [NO ENCONTRADO]
[12:13:54.633] ERROR - Jugador 454 [NO ENCONTRADO]
[12:13:54.676] ERROR - Jugador 455 [NO ENCONTRADO]
[12:13:54.813] ERROR - Jugador 456 [NO ENCONTRADO]
[12:13:54.934] ERROR - Jugador 459 [NO ENCONTRADO]
[12:13:54.956] ERROR - Jugador 460 [NO ENCONTRADO]
[12:13:55.022] ERROR - Jugador 457 [NO ENCONTRADO]
[12:13:55.085] ERROR - Jugador 458 [NO ENCONTRADO]
[12:13:55.092] ERROR - Jugador 462 [NO ENCONTRADO]
[12:13:55.114] ERROR - Jugador 463 [NO ENCONTRADO]
[12:13:55.129] ERROR - Jugador 461 [NO ENCONTRADO]
[12:13:55.252] ERROR - Jugador 464 [NO ENCONTRADO]
[12:13:55.436] ERROR - Jugador 467 [NO ENCONTRADO]
[12:13:55.524] ERROR - Jugador 469 [NO ENCONTRADO]
[12:13:55.538] ERROR - Jugador 468 [NO ENCONTRADO]
[12:13:55.544] ERROR - Jugador 466 [NO ENCONTRADO]
[12:13:55.584] ERROR - Jugador 470 [NO ENCONTRADO]
[12:13:55.592] ERROR - Jugador 465 [NO ENCONTRADO]
[12:13:55.596] ERROR - Jugador 471 [NO ENCONTRADO]
[12:13:55.674] ERROR - Jugador 472 [NO ENCONTRADO]
[12:13:55.974] ERROR - Jugador 473 [NO ENCONTRADO]
[12:13:55.992] ERROR - Jugador 476 [NO ENCONTRADO]
[12:13:56.020] ERROR - Jugador 475 [NO ENCONTRADO]
[12:13:56.063] ERROR - Jugador 474 [NO ENCONTRADO]
[12:13:56.081] ERROR - Jugador 480 [NO ENCONTRADO]
[12:13:56.203] ERROR - Jugador 479 [NO ENCONTRADO]
[12:13:56.233] ERROR - Jugador 477 [NO ENCONTRADO]
[12:13:56.431] ERROR - Jugador 482 [NO ENCONTRADO]
[12:13:56.451] ERROR - Jugador 483 [NO ENCONTRADO]
[12:13:56.519] ERROR - Jugador 481 [NO ENCONTRADO]
[12:13:56.527] ERROR - Jugador 485 [NO ENCONTRADO]
[12:13:56.622] ERROR - Jugador 486 [NO ENCONTRADO]
[12:13:56.629] ERROR - Jugador 484 [NO ENCONTRADO]
[12:13:56.676] INFO - Escribiendo historial market-value del jugador 478 (33 values)
[12:13:56.677] INFO - Jugador 478 almacenado correctamente
[12:13:56.843] ERROR - Jugador 487 [NO ENCONTRADO]
[12:13:56.874] ERROR - Jugador 488 [NO ENCONTRADO]
[12:13:56.954] ERROR - Jugador 490 [NO ENCONTRADO]
[12:13:57.024] ERROR - Jugador 489 [NO ENCONTRADO]
[12:13:57.100] ERROR - Jugador 493 [NO ENCONTRADO]
[12:13:57.105] ERROR - Jugador 491 [NO ENCONTRADO]
[12:13:57.196] ERROR - Jugador 494 [NO ENCONTRADO]
[12:13:57.236] ERROR - Jugador 492 [NO ENCONTRADO]
[12:13:57.307] ERROR - Jugador 496 [NO ENCONTRADO]
[12:13:57.376] ERROR - Jugador 497 [NO ENCONTRADO]
[12:13:57.425] ERROR - Jugador 495 [NO ENCONTRADO]
[12:13:57.470] ERROR - Jugador 498 [NO ENCONTRADO]
[12:13:57.555] ERROR - Jugador 499 [NO ENCONTRADO]
[12:13:57.611] ERROR - Jugador 501 [NO ENCONTRADO]
[12:13:57.684] ERROR - Jugador 500 [NO ENCONTRADO]
[12:13:57.722] ERROR - Jugador 503 [NO ENCONTRADO]
[12:13:57.814] ERROR - Jugador 502 [NO ENCONTRADO]
[12:13:57.819] ERROR - Jugador 504 [NO ENCONTRADO]
[12:13:57.965] ERROR - Jugador 507 [NO ENCONTRADO]
[12:13:58.002] ERROR - Jugador 505 [NO ENCONTRADO]
[12:13:58.091] ERROR - Jugador 506 [NO ENCONTRADO]
[12:13:58.098] ERROR - Jugador 509 [NO ENCONTRADO]
[12:13:58.125] ERROR - Jugador 510 [NO ENCONTRADO]
[12:13:58.136] ERROR - Jugador 508 [NO ENCONTRADO]
[12:13:58.266] ERROR - Jugador 512 [NO ENCONTRADO]
[12:13:58.273] ERROR - Jugador 511 [NO ENCONTRADO]
[12:13:58.565] ERROR - Jugador 515 [NO ENCONTRADO]
[12:13:58.570] ERROR - Jugador 516 [NO ENCONTRADO]
[12:13:58.583] ERROR - Jugador 514 [NO ENCONTRADO]
[12:13:58.588] ERROR - Jugador 517 [NO ENCONTRADO]
[12:13:58.595] ERROR - Jugador 518 [NO ENCONTRADO]
[12:13:58.745] ERROR - Jugador 519 [NO ENCONTRADO]
[12:13:59.005] ERROR - Jugador 522 [NO ENCONTRADO]
[12:13:59.055] ERROR - Jugador 524 [NO ENCONTRADO]
[12:13:59.080] ERROR - Jugador 521 [NO ENCONTRADO]
[12:13:59.107] ERROR - Jugador 525 [NO ENCONTRADO]
[12:13:59.224] ERROR - Jugador 523 [NO ENCONTRADO]
[12:13:59.224] ERROR - Jugador 513 [NO ENCONTRADO]
[12:13:59.270] ERROR - Jugador 520 [NO ENCONTRADO]
[12:13:59.405] ERROR - Jugador 526 [NO ENCONTRADO]
[12:13:59.415] ERROR - Jugador 527 [NO ENCONTRADO]
[12:13:59.482] ERROR - Jugador 528 [NO ENCONTRADO]
[12:13:59.528] ERROR - Jugador 529 [NO ENCONTRADO]
[12:13:59.541] ERROR - Jugador 530 [NO ENCONTRADO]
[12:13:59.710] ERROR - Jugador 532 [NO ENCONTRADO]
[12:13:59.738] ERROR - Jugador 533 [NO ENCONTRADO]
[12:13:59.818] ERROR - Jugador 531 [NO ENCONTRADO]
[12:13:59.976] ERROR - Jugador 534 [NO ENCONTRADO]
[12:13:59.984] ERROR - Jugador 538 [NO ENCONTRADO]
[12:13:59.996] ERROR - Jugador 535 [NO ENCONTRADO]
[12:14:00.024] ERROR - Jugador 536 [NO ENCONTRADO]
[12:14:00.104] ERROR - Jugador 537 [NO ENCONTRADO]
[12:14:00.194] ERROR - Jugador 540 [NO ENCONTRADO]
[12:14:00.240] ERROR - Jugador 539 [NO ENCONTRADO]
[12:14:00.405] ERROR - Jugador 541 [out_of_league]
[12:14:00.433] ERROR - Jugador 542 [NO ENCONTRADO]
[12:14:00.445] ERROR - Jugador 543 [NO ENCONTRADO]
[12:14:00.519] ERROR - Jugador 546 [NO ENCONTRADO]
[12:14:00.583] ERROR - Jugador 545 [NO ENCONTRADO]
[12:14:00.706] ERROR - Jugador 548 [NO ENCONTRADO]
[12:14:00.905] ERROR - Jugador 550 [NO ENCONTRADO]
[12:14:00.905] ERROR - Jugador 551 [NO ENCONTRADO]
[12:14:00.937] ERROR - Jugador 552 [NO ENCONTRADO]
[12:14:00.971] ERROR - Jugador 549 [NO ENCONTRADO]
[12:14:01.014] ERROR - Jugador 553 [NO ENCONTRADO]
[12:14:01.197] INFO - Escribiendo historial market-value del jugador 544 (74 values)
[12:14:01.198] INFO - Jugador 544 almacenado correctamente
[12:14:01.251] INFO - Escribiendo historial market-value del jugador 547 (76 values)
[12:14:01.255] INFO - Jugador 547 almacenado correctamente
[12:14:01.289] ERROR - Jugador 554 [NO ENCONTRADO]
[12:14:01.342] ERROR - Jugador 555 [NO ENCONTRADO]
[12:14:01.501] ERROR - Jugador 556 [NO ENCONTRADO]
[12:14:01.675] ERROR - Jugador 561 [NO ENCONTRADO]
[12:14:01.694] ERROR - Jugador 562 [NO ENCONTRADO]
[12:14:01.840] ERROR - Jugador 560 [NO ENCONTRADO]
[12:14:01.921] ERROR - Jugador 563 [NO ENCONTRADO]
[12:14:01.944] ERROR - Jugador 564 [NO ENCONTRADO]
[12:14:01.956] INFO - Escribiendo historial market-value del jugador 559 (76 values)
[12:14:01.959] INFO - Jugador 559 almacenado correctamente
[12:14:02.003] INFO - Escribiendo historial market-value del jugador 558 (76 values)
[12:14:02.005] INFO - Jugador 558 almacenado correctamente
[12:14:02.154] ERROR - Jugador 565 [NO ENCONTRADO]
[12:14:02.222] INFO - Escribiendo historial market-value del jugador 557 (76 values)
[12:14:02.224] INFO - Jugador 557 almacenado correctamente
[12:14:02.534] ERROR - Jugador 569 [NO ENCONTRADO]
[12:14:02.559] ERROR - Jugador 571 [NO ENCONTRADO]
[12:14:02.581] ERROR - Jugador 570 [NO ENCONTRADO]
[12:14:02.647] ERROR - Jugador 572 [NO ENCONTRADO]
[12:14:02.794] ERROR - Jugador 573 [NO ENCONTRADO]
[12:14:02.814] INFO - Escribiendo historial market-value del jugador 566 (74 values)
[12:14:02.815] INFO - Jugador 566 almacenado correctamente
[12:14:02.879] ERROR - Jugador 568 [NO ENCONTRADO]
[12:14:02.989] ERROR - Jugador 576 [NO ENCONTRADO]
[12:14:03.060] ERROR - Jugador 577 [NO ENCONTRADO]
[12:14:03.108] ERROR - Jugador 575 [NO ENCONTRADO]
[12:14:03.208] ERROR - Jugador 578 [NO ENCONTRADO]
[12:14:03.246] ERROR - Jugador 579 [NO ENCONTRADO]
[12:14:03.327] ERROR - Jugador 580 [NO ENCONTRADO]
[12:14:03.506] ERROR - Jugador 582 [NO ENCONTRADO]
[12:14:03.546] ERROR - Jugador 583 [NO ENCONTRADO]
[12:14:03.624] ERROR - Jugador 584 [NO ENCONTRADO]
[12:14:03.721] INFO - Escribiendo historial market-value del jugador 567 (76 values)
[12:14:03.721] INFO - Jugador 567 almacenado correctamente
[12:14:03.807] ERROR - Jugador 585 [NO ENCONTRADO]
[12:14:03.814] INFO - Escribiendo historial market-value del jugador 574 (76 values)
[12:14:03.815] INFO - Jugador 574 almacenado correctamente
[12:14:03.918] ERROR - Jugador 586 [NO ENCONTRADO]
[12:14:03.937] ERROR - Jugador 587 [NO ENCONTRADO]
[12:14:03.961] ERROR - Jugador 588 [NO ENCONTRADO]
[12:14:04.026] INFO - Escribiendo historial market-value del jugador 581 (76 values)
[12:14:04.027] INFO - Jugador 581 almacenado correctamente
[12:14:04.084] ERROR - Jugador 589 [NO ENCONTRADO]
[12:14:04.188] ERROR - Jugador 590 [NO ENCONTRADO]
[12:14:04.248] ERROR - Jugador 591 [NO ENCONTRADO]
[12:14:04.265] ERROR - Jugador 592 [NO ENCONTRADO]
[12:14:04.348] ERROR - Jugador 593 [NO ENCONTRADO]
[12:14:04.391] ERROR - Jugador 594 [NO ENCONTRADO]
[12:14:04.487] ERROR - Jugador 596 [NO ENCONTRADO]
[12:14:04.549] ERROR - Jugador 595 [NO ENCONTRADO]
[12:14:04.669] ERROR - Jugador 597 [NO ENCONTRADO]
[12:14:04.700] ERROR - Jugador 600 [NO ENCONTRADO]
[12:14:04.810] ERROR - Jugador 602 [NO ENCONTRADO]
[12:14:04.819] ERROR - Jugador 599 [NO ENCONTRADO]
[12:14:04.889] ERROR - Jugador 598 [NO ENCONTRADO]
[12:14:04.893] ERROR - Jugador 601 [NO ENCONTRADO]
[12:14:04.952] ERROR - Jugador 603 [NO ENCONTRADO]
[12:14:05.107] ERROR - Jugador 605 [NO ENCONTRADO]
[12:14:05.135] ERROR - Jugador 604 [NO ENCONTRADO]
[12:14:05.223] ERROR - Jugador 607 [NO ENCONTRADO]
[12:14:05.263] ERROR - Jugador 608 [out_of_league]
[12:14:05.288] ERROR - Jugador 606 [NO ENCONTRADO]
[12:14:05.360] ERROR - Jugador 610 [NO ENCONTRADO]
[12:14:05.381] ERROR - Jugador 611 [NO ENCONTRADO]
[12:14:05.512] ERROR - Jugador 609 [NO ENCONTRADO]
[12:14:05.560] ERROR - Jugador 612 [NO ENCONTRADO]
[12:14:05.724] ERROR - Jugador 616 [NO ENCONTRADO]
[12:14:05.799] ERROR - Jugador 614 [NO ENCONTRADO]
[12:14:05.808] ERROR - Jugador 617 [NO ENCONTRADO]
[12:14:05.891] ERROR - Jugador 615 [NO ENCONTRADO]
[12:14:05.923] ERROR - Jugador 619 [NO ENCONTRADO]
[12:14:05.978] ERROR - Jugador 620 [NO ENCONTRADO]
[12:14:06.072] ERROR - Jugador 618 [NO ENCONTRADO]
[12:14:06.096] ERROR - Jugador 613 [NO ENCONTRADO]
[12:14:06.164] ERROR - Jugador 621 [NO ENCONTRADO]
[12:14:06.232] ERROR - Jugador 622 [NO ENCONTRADO]
[12:14:06.258] ERROR - Jugador 623 [NO ENCONTRADO]
[12:14:06.340] ERROR - Jugador 624 [NO ENCONTRADO]
[12:14:06.382] ERROR - Jugador 625 [NO ENCONTRADO]
[12:14:06.465] ERROR - Jugador 626 [NO ENCONTRADO]
[12:14:06.520] ERROR - Jugador 627 [NO ENCONTRADO]
[12:14:06.601] ERROR - Jugador 629 [NO ENCONTRADO]
[12:14:06.674] ERROR - Jugador 631 [NO ENCONTRADO]
[12:14:06.751] ERROR - Jugador 632 [NO ENCONTRADO]
[12:14:06.768] ERROR - Jugador 630 [NO ENCONTRADO]
[12:14:06.866] ERROR - Jugador 634 [NO ENCONTRADO]
[12:14:06.937] ERROR - Jugador 633 [NO ENCONTRADO]
[12:14:06.942] ERROR - Jugador 635 [NO ENCONTRADO]
[12:14:06.944] ERROR - Jugador 628 [NO ENCONTRADO]
[12:14:07.117] ERROR - Jugador 636 [NO ENCONTRADO]
[12:14:07.223] ERROR - Jugador 638 [NO ENCONTRADO]
[12:14:07.271] ERROR - Jugador 640 [NO ENCONTRADO]
[12:14:07.289] ERROR - Jugador 639 [NO ENCONTRADO]
[12:14:07.417] ERROR - Jugador 643 [NO ENCONTRADO]
[12:14:07.425] ERROR - Jugador 641 [NO ENCONTRADO]
[12:14:07.687] INFO - Escribiendo historial market-value del jugador 637 (76 values)
[12:14:07.688] INFO - Jugador 637 almacenado correctamente
[12:14:07.720] ERROR - Jugador 647 [NO ENCONTRADO]
[12:14:07.883] ERROR - Jugador 648 [NO ENCONTRADO]
[12:14:07.893] ERROR - Jugador 646 [NO ENCONTRADO]
[12:14:08.175] INFO - Escribiendo historial market-value del jugador 644 (76 values)
[12:14:08.176] INFO - Jugador 644 almacenado correctamente
[12:14:08.185] ERROR - Jugador 650 [out_of_league]
[12:14:08.217] INFO - Escribiendo historial market-value del jugador 645 (76 values)
[12:14:08.218] INFO - Jugador 645 almacenado correctamente
[12:14:08.333] ERROR - Jugador 653 [NO ENCONTRADO]
[12:14:08.619] INFO - Escribiendo historial market-value del jugador 649 (76 values)
[12:14:08.621] INFO - Jugador 649 almacenado correctamente
[12:14:08.647] ERROR - Jugador 654 [NO ENCONTRADO]
[12:14:08.781] ERROR - Jugador 657 [NO ENCONTRADO]
[12:14:08.812] ERROR - Jugador 656 [NO ENCONTRADO]
[12:14:08.848] INFO - Escribiendo historial market-value del jugador 642 (33 values)
[12:14:08.849] INFO - Jugador 642 almacenado correctamente
[12:14:08.856] ERROR - Jugador 655 [NO ENCONTRADO]
[12:14:08.901] INFO - Escribiendo historial market-value del jugador 651 (76 values)
[12:14:08.901] INFO - Jugador 651 almacenado correctamente
[12:14:08.927] INFO - Escribiendo historial market-value del jugador 652 (33 values)
[12:14:08.928] INFO - Jugador 652 almacenado correctamente
[12:14:09.056] ERROR - Jugador 658 [NO ENCONTRADO]
[12:14:09.072] ERROR - Jugador 659 [NO ENCONTRADO]
[12:14:09.243] ERROR - Jugador 661 [NO ENCONTRADO]
[12:14:09.308] ERROR - Jugador 663 [NO ENCONTRADO]
[12:14:09.330] ERROR - Jugador 660 [NO ENCONTRADO]
[12:14:09.349] ERROR - Jugador 662 [NO ENCONTRADO]
[12:14:09.549] ERROR - Jugador 664 [out_of_league]
[12:14:09.716] ERROR - Jugador 669 [NO ENCONTRADO]
[12:14:09.772] ERROR - Jugador 668 [NO ENCONTRADO]
[12:14:09.778] ERROR - Jugador 671 [NO ENCONTRADO]
[12:14:09.782] ERROR - Jugador 667 [NO ENCONTRADO]
[12:14:09.883] ERROR - Jugador 670 [NO ENCONTRADO]
[12:14:09.978] ERROR - Jugador 672 [NO ENCONTRADO]
[12:14:10.214] INFO - Escribiendo historial market-value del jugador 665 (76 values)
[12:14:10.215] INFO - Jugador 665 almacenado correctamente
[12:14:10.278] ERROR - Jugador 674 [NO ENCONTRADO]
[12:14:10.291] ERROR - Jugador 675 [out_of_league]
[12:14:10.417] INFO - Escribiendo historial market-value del jugador 666 (74 values)
[12:14:10.418] INFO - Jugador 666 almacenado correctamente
[12:14:10.448] ERROR - Jugador 677 [NO ENCONTRADO]
[12:14:10.523] ERROR - Jugador 678 [NO ENCONTRADO]
[12:14:10.606] ERROR - Jugador 676 [NO ENCONTRADO]
[12:14:10.668] ERROR - Jugador 679 [NO ENCONTRADO]
[12:14:10.786] ERROR - Jugador 681 [out_of_league]
[12:14:10.933] INFO - Escribiendo historial market-value del jugador 673 (76 values)
[12:14:10.934] INFO - Jugador 673 almacenado correctamente
[12:14:10.941] ERROR - Jugador 684 [NO ENCONTRADO]
[12:14:10.996] ERROR - Jugador 682 [NO ENCONTRADO]
[12:14:11.119] ERROR - Jugador 686 [NO ENCONTRADO]
[12:14:11.193] ERROR - Jugador 685 [NO ENCONTRADO]
[12:14:11.242] ERROR - Jugador 687 [NO ENCONTRADO]
[12:14:11.279] INFO - Escribiendo historial market-value del jugador 680 (76 values)
[12:14:11.281] INFO - Jugador 680 almacenado correctamente
[12:14:11.368] ERROR - Jugador 688 [NO ENCONTRADO]
[12:14:11.426] ERROR - Jugador 690 [NO ENCONTRADO]
[12:14:11.431] INFO - Escribiendo historial market-value del jugador 683 (76 values)
[12:14:11.432] INFO - Jugador 683 almacenado correctamente
[12:14:11.525] ERROR - Jugador 689 [NO ENCONTRADO]
[12:14:11.608] ERROR - Jugador 692 [NO ENCONTRADO]
[12:14:11.694] ERROR - Jugador 693 [NO ENCONTRADO]
[12:14:11.701] ERROR - Jugador 694 [NO ENCONTRADO]
[12:14:11.707] ERROR - Jugador 691 [NO ENCONTRADO]
[12:14:11.766] ERROR - Jugador 695 [NO ENCONTRADO]
[12:14:11.877] ERROR - Jugador 696 [NO ENCONTRADO]
[12:14:12.036] ERROR - Jugador 697 [NO ENCONTRADO]
[12:14:12.139] ERROR - Jugador 700 [NO ENCONTRADO]
[12:14:12.151] ERROR - Jugador 698 [NO ENCONTRADO]
[12:14:12.156] ERROR - Jugador 699 [NO ENCONTRADO]
[12:14:12.157] ERROR - Jugador 702 [NO ENCONTRADO]
[12:14:12.191] ERROR - Jugador 703 [NO ENCONTRADO]
[12:14:12.317] ERROR - Jugador 704 [out_of_league]
[12:14:12.484] ERROR - Jugador 705 [NO ENCONTRADO]
[12:14:12.574] ERROR - Jugador 706 [NO ENCONTRADO]
[12:14:12.605] ERROR - Jugador 708 [NO ENCONTRADO]
[12:14:12.607] ERROR - Jugador 707 [NO ENCONTRADO]
[12:14:12.646] ERROR - Jugador 709 [NO ENCONTRADO]
[12:14:12.681] ERROR - Jugador 710 [NO ENCONTRADO]
[12:14:12.740] ERROR - Jugador 711 [NO ENCONTRADO]
[12:14:12.804] INFO - Escribiendo historial market-value del jugador 701 (76 values)
[12:14:12.805] INFO - Jugador 701 almacenado correctamente
[12:14:12.909] ERROR - Jugador 712 [NO ENCONTRADO]
[12:14:12.994] ERROR - Jugador 713 [NO ENCONTRADO]
[12:14:13.049] ERROR - Jugador 715 [out_of_league]
[12:14:13.053] ERROR - Jugador 714 [NO ENCONTRADO]
[12:14:13.106] ERROR - Jugador 717 [NO ENCONTRADO]
[12:14:13.112] ERROR - Jugador 716 [NO ENCONTRADO]
[12:14:13.199] ERROR - Jugador 718 [NO ENCONTRADO]
[12:14:13.344] ERROR - Jugador 720 [NO ENCONTRADO]
[12:14:13.394] ERROR - Jugador 719 [NO ENCONTRADO]
[12:14:13.412] ERROR - Jugador 721 [NO ENCONTRADO]
[12:14:13.472] ERROR - Jugador 722 [NO ENCONTRADO]
[12:14:13.535] ERROR - Jugador 725 [NO ENCONTRADO]
[12:14:13.630] ERROR - Jugador 723 [NO ENCONTRADO]
[12:14:13.659] ERROR - Jugador 726 [NO ENCONTRADO]
[12:14:13.696] ERROR - Jugador 724 [NO ENCONTRADO]
[12:14:13.884] ERROR - Jugador 730 [NO ENCONTRADO]
[12:14:13.899] ERROR - Jugador 728 [NO ENCONTRADO]
[12:14:13.937] ERROR - Jugador 727 [NO ENCONTRADO]
[12:14:13.944] ERROR - Jugador 731 [NO ENCONTRADO]
[12:14:13.985] ERROR - Jugador 729 [NO ENCONTRADO]
[12:14:14.174] ERROR - Jugador 732 [NO ENCONTRADO]
[12:14:14.184] ERROR - Jugador 733 [NO ENCONTRADO]
[12:14:14.205] ERROR - Jugador 734 [NO ENCONTRADO]
[12:14:14.263] ERROR - Jugador 735 [NO ENCONTRADO]
[12:14:14.346] ERROR - Jugador 736 [NO ENCONTRADO]
[12:14:14.413] ERROR - Jugador 737 [NO ENCONTRADO]
[12:14:14.417] ERROR - Jugador 738 [NO ENCONTRADO]
[12:14:14.551] ERROR - Jugador 739 [NO ENCONTRADO]
[12:14:14.720] ERROR - Jugador 740 [NO ENCONTRADO]
[12:14:14.837] ERROR - Jugador 746 [NO ENCONTRADO]
[12:14:14.850] ERROR - Jugador 743 [NO ENCONTRADO]
[12:14:14.864] ERROR - Jugador 745 [NO ENCONTRADO]
[12:14:14.868] ERROR - Jugador 744 [NO ENCONTRADO]
[12:14:14.939] ERROR - Jugador 747 [NO ENCONTRADO]
[12:14:15.105] INFO - Escribiendo historial market-value del jugador 742 (76 values)
[12:14:15.106] INFO - Jugador 742 almacenado correctamente
[12:14:15.174] ERROR - Jugador 741 [NO ENCONTRADO]
[12:14:15.217] ERROR - Jugador 749 [NO ENCONTRADO]
[12:14:15.290] ERROR - Jugador 748 [NO ENCONTRADO]
[12:14:15.314] ERROR - Jugador 752 [NO ENCONTRADO]
[12:14:15.323] ERROR - Jugador 751 [NO ENCONTRADO]
[12:14:15.352] ERROR - Jugador 753 [NO ENCONTRADO]
[12:14:15.544] ERROR - Jugador 754 [NO ENCONTRADO]
[12:14:15.590] ERROR - Jugador 755 [NO ENCONTRADO]
[12:14:15.606] ERROR - Jugador 756 [NO ENCONTRADO]
[12:14:15.742] ERROR - Jugador 750 [NO ENCONTRADO]
[12:14:15.745] ERROR - Jugador 758 [NO ENCONTRADO]
[12:14:15.779] ERROR - Jugador 759 [NO ENCONTRADO]
[12:14:15.784] ERROR - Jugador 760 [NO ENCONTRADO]
[12:14:15.825] ERROR - Jugador 757 [NO ENCONTRADO]
[12:14:16.072] ERROR - Jugador 762 [NO ENCONTRADO]
[12:14:16.123] ERROR - Jugador 764 [NO ENCONTRADO]
[12:14:16.207] ERROR - Jugador 763 [NO ENCONTRADO]
[12:14:16.213] ERROR - Jugador 765 [NO ENCONTRADO]
[12:14:16.267] ERROR - Jugador 761 [NO ENCONTRADO]
[12:14:16.370] ERROR - Jugador 767 [NO ENCONTRADO]
[12:14:16.506] ERROR - Jugador 769 [NO ENCONTRADO]
[12:14:16.536] ERROR - Jugador 770 [NO ENCONTRADO]
[12:14:16.740] ERROR - Jugador 773 [NO ENCONTRADO]
[12:14:16.749] ERROR - Jugador 771 [NO ENCONTRADO]
[12:14:16.761] ERROR - Jugador 772 [NO ENCONTRADO]
[12:14:16.850] INFO - Escribiendo historial market-value del jugador 766 (76 values)
[12:14:16.851] INFO - Jugador 766 almacenado correctamente
[12:14:16.865] INFO - Escribiendo historial market-value del jugador 768 (76 values)
[12:14:16.867] INFO - Jugador 768 almacenado correctamente
[12:14:16.912] ERROR - Jugador 774 [NO ENCONTRADO]
[12:14:16.984] ERROR - Jugador 776 [NO ENCONTRADO]
[12:14:17.083] ERROR - Jugador 775 [out_of_league]
[12:14:17.200] ERROR - Jugador 779 [NO ENCONTRADO]
[12:14:17.315] ERROR - Jugador 780 [NO ENCONTRADO]
[12:14:17.327] ERROR - Jugador 782 [NO ENCONTRADO]
[12:14:17.349] ERROR - Jugador 778 [NO ENCONTRADO]
[12:14:17.353] ERROR - Jugador 777 [NO ENCONTRADO]
[12:14:17.395] ERROR - Jugador 783 [NO ENCONTRADO]
[12:14:17.438] ERROR - Jugador 781 [NO ENCONTRADO]
[12:14:17.501] ERROR - Jugador 784 [NO ENCONTRADO]
[12:14:17.609] ERROR - Jugador 785 [NO ENCONTRADO]
[12:14:17.803] ERROR - Jugador 789 [NO ENCONTRADO]
[12:14:17.826] ERROR - Jugador 790 [NO ENCONTRADO]
[12:14:17.837] ERROR - Jugador 788 [NO ENCONTRADO]
[12:14:17.848] ERROR - Jugador 791 [NO ENCONTRADO]
[12:14:17.904] ERROR - Jugador 792 [NO ENCONTRADO]
[12:14:17.964] ERROR - Jugador 787 [NO ENCONTRADO]
[12:14:18.047] ERROR - Jugador 793 [NO ENCONTRADO]
[12:14:18.136] INFO - Escribiendo historial market-value del jugador 786 (76 values)
[12:14:18.137] INFO - Jugador 786 almacenado correctamente
[12:14:18.245] ERROR - Jugador 794 [NO ENCONTRADO]
[12:14:18.290] ERROR - Jugador 795 [NO ENCONTRADO]
[12:14:18.295] ERROR - Jugador 796 [NO ENCONTRADO]
[12:14:18.441] ERROR - Jugador 797 [NO ENCONTRADO]
[12:14:18.448] ERROR - Jugador 798 [NO ENCONTRADO]
[12:14:18.477] ERROR - Jugador 800 [NO ENCONTRADO]
[12:14:18.512] ERROR - Jugador 799 [NO ENCONTRADO]
[12:14:18.625] ERROR - Jugador 802 [NO ENCONTRADO]
[12:14:18.754] ERROR - Jugador 804 [NO ENCONTRADO]
[12:14:18.874] ERROR - Jugador 803 [NO ENCONTRADO]
[12:14:18.885] ERROR - Jugador 805 [NO ENCONTRADO]
[12:14:18.912] ERROR - Jugador 807 [NO ENCONTRADO]
[12:14:18.930] ERROR - Jugador 808 [NO ENCONTRADO]
[12:14:19.025] ERROR - Jugador 806 [NO ENCONTRADO]
[12:14:19.052] ERROR - Jugador 809 [NO ENCONTRADO]
[12:14:19.099] INFO - Escribiendo historial market-value del jugador 801 (76 values)
[12:14:19.100] INFO - Jugador 801 almacenado correctamente
[12:14:19.160] ERROR - Jugador 810 [NO ENCONTRADO]
[12:14:19.295] ERROR - Jugador 811 [NO ENCONTRADO]
[12:14:19.315] ERROR - Jugador 812 [NO ENCONTRADO]
[12:14:19.362] ERROR - Jugador 813 [NO ENCONTRADO]
[12:14:19.424] ERROR - Jugador 815 [NO ENCONTRADO]
[12:14:19.497] ERROR - Jugador 814 [NO ENCONTRADO]
[12:14:19.554] ERROR - Jugador 817 [NO ENCONTRADO]
[12:14:19.576] ERROR - Jugador 818 [NO ENCONTRADO]
[12:14:19.618] ERROR - Jugador 816 [NO ENCONTRADO]
[12:14:19.673] ERROR - Jugador 819 [NO ENCONTRADO]
[12:14:19.829] ERROR - Jugador 822 [NO ENCONTRADO]
[12:14:19.880] ERROR - Jugador 820 [NO ENCONTRADO]
[12:14:19.918] ERROR - Jugador 821 [NO ENCONTRADO]
[12:14:19.949] ERROR - Jugador 824 [NO ENCONTRADO]
[12:14:19.981] ERROR - Jugador 825 [NO ENCONTRADO]
[12:14:20.040] ERROR - Jugador 823 [NO ENCONTRADO]
[12:14:20.087] ERROR - Jugador 827 [NO ENCONTRADO]
[12:14:20.209] ERROR - Jugador 828 [NO ENCONTRADO]
[12:14:20.267] ERROR - Jugador 829 [NO ENCONTRADO]
[12:14:20.273] ERROR - Jugador 826 [NO ENCONTRADO]
[12:14:20.317] ERROR - Jugador 830 [NO ENCONTRADO]
[12:14:20.372] ERROR - Jugador 831 [NO ENCONTRADO]
[12:14:20.376] ERROR - Jugador 832 [NO ENCONTRADO]
[12:14:20.529] ERROR - Jugador 834 [NO ENCONTRADO]
[12:14:20.578] ERROR - Jugador 833 [NO ENCONTRADO]
[12:14:20.665] ERROR - Jugador 837 [NO ENCONTRADO]
[12:14:20.713] ERROR - Jugador 838 [NO ENCONTRADO]
[12:14:20.805] ERROR - Jugador 835 [NO ENCONTRADO]
[12:14:20.855] ERROR - Jugador 836 [NO ENCONTRADO]
[12:14:20.866] ERROR - Jugador 840 [NO ENCONTRADO]
[12:14:20.922] ERROR - Jugador 841 [NO ENCONTRADO]
[12:14:20.950] ERROR - Jugador 839 [NO ENCONTRADO]
[12:14:20.960] ERROR - Jugador 842 [NO ENCONTRADO]
[12:14:21.140] ERROR - Jugador 844 [NO ENCONTRADO]
[12:14:21.146] ERROR - Jugador 843 [NO ENCONTRADO]
[12:14:21.226] ERROR - Jugador 845 [NO ENCONTRADO]
[12:14:21.247] ERROR - Jugador 846 [NO ENCONTRADO]
[12:14:21.308] ERROR - Jugador 848 [NO ENCONTRADO]
[12:14:21.382] ERROR - Jugador 849 [NO ENCONTRADO]
[12:14:21.424] ERROR - Jugador 847 [NO ENCONTRADO]
[12:14:21.556] ERROR - Jugador 851 [NO ENCONTRADO]
[12:14:21.564] ERROR - Jugador 852 [NO ENCONTRADO]
[12:14:21.676] ERROR - Jugador 854 [NO ENCONTRADO]
[12:14:21.707] ERROR - Jugador 855 [out_of_league]
[12:14:21.955] ERROR - Jugador 858 [NO ENCONTRADO]
[12:14:21.959] INFO - Escribiendo historial market-value del jugador 850 (76 values)
[12:14:21.960] INFO - Jugador 850 almacenado correctamente
[12:14:21.995] ERROR - Jugador 857 [NO ENCONTRADO]
[12:14:22.091] ERROR - Jugador 860 [NO ENCONTRADO]
[12:14:22.126] INFO - Escribiendo historial market-value del jugador 853 (76 values)
[12:14:22.128] INFO - Jugador 853 almacenado correctamente
[12:14:22.268] ERROR - Jugador 861 [NO ENCONTRADO]
[12:14:22.368] INFO - Escribiendo historial market-value del jugador 856 (76 values)
[12:14:22.370] INFO - Jugador 856 almacenado correctamente
[12:14:22.379] ERROR - Jugador 862 [NO ENCONTRADO]
[12:14:22.411] ERROR - Jugador 863 [NO ENCONTRADO]
[12:14:22.482] ERROR - Jugador 865 [NO ENCONTRADO]
[12:14:22.548] INFO - Escribiendo historial market-value del jugador 859 (76 values)
[12:14:22.549] INFO - Jugador 859 almacenado correctamente
[12:14:22.576] ERROR - Jugador 864 [NO ENCONTRADO]
[12:14:22.659] ERROR - Jugador 867 [NO ENCONTRADO]
[12:14:22.665] ERROR - Jugador 866 [NO ENCONTRADO]
[12:14:22.807] ERROR - Jugador 868 [NO ENCONTRADO]
[12:14:22.812] ERROR - Jugador 869 [NO ENCONTRADO]
[12:14:22.837] ERROR - Jugador 870 [NO ENCONTRADO]
[12:14:22.914] ERROR - Jugador 871 [NO ENCONTRADO]
[12:14:22.968] ERROR - Jugador 872 [NO ENCONTRADO]
[12:14:23.098] ERROR - Jugador 875 [NO ENCONTRADO]
[12:14:23.271] ERROR - Jugador 878 [NO ENCONTRADO]
[12:14:23.299] ERROR - Jugador 879 [NO ENCONTRADO]
[12:14:23.359] ERROR - Jugador 880 [NO ENCONTRADO]
[12:14:23.389] ERROR - Jugador 877 [NO ENCONTRADO]
[12:14:23.423] INFO - Escribiendo historial market-value del jugador 873 (76 values)
[12:14:23.425] INFO - Jugador 873 almacenado correctamente
[12:14:23.676] ERROR - Jugador 881 [NO ENCONTRADO]
[12:14:23.702] INFO - Escribiendo historial market-value del jugador 876 (76 values)
[12:14:23.703] INFO - Jugador 876 almacenado correctamente
[12:14:23.712] ERROR - Jugador 883 [NO ENCONTRADO]
[12:14:23.779] ERROR - Jugador 884 [NO ENCONTRADO]
[12:14:23.805] INFO - Escribiendo historial market-value del jugador 874 (33 values)
[12:14:23.807] INFO - Jugador 874 almacenado correctamente
[12:14:23.811] ERROR - Jugador 885 [NO ENCONTRADO]
[12:14:24.107] ERROR - Jugador 887 [NO ENCONTRADO]
[12:14:24.154] ERROR - Jugador 888 [NO ENCONTRADO]
[12:14:24.182] ERROR - Jugador 890 [NO ENCONTRADO]
[12:14:24.205] ERROR - Jugador 891 [NO ENCONTRADO]
[12:14:24.242] INFO - Escribiendo historial market-value del jugador 886 (76 values)
[12:14:24.243] INFO - Jugador 886 almacenado correctamente
[12:14:24.269] ERROR - Jugador 892 [NO ENCONTRADO]
[12:14:24.275] INFO - Escribiendo historial market-value del jugador 882 (76 values)
[12:14:24.276] INFO - Jugador 882 almacenado correctamente
[12:14:24.506] ERROR - Jugador 893 [NO ENCONTRADO]
[12:14:24.591] ERROR - Jugador 895 [NO ENCONTRADO]
[12:14:24.595] INFO - Escribiendo historial market-value del jugador 889 (76 values)
[12:14:24.597] INFO - Jugador 889 almacenado correctamente
[12:14:24.615] ERROR - Jugador 896 [NO ENCONTRADO]
[12:14:24.632] ERROR - Jugador 897 [NO ENCONTRADO]
[12:14:24.708] ERROR - Jugador 899 [NO ENCONTRADO]
[12:14:25.030] ERROR - Jugador 902 [NO ENCONTRADO]
[12:14:25.053] ERROR - Jugador 900 [NO ENCONTRADO]
[12:14:25.053] ERROR - Jugador 904 [NO ENCONTRADO]
[12:14:25.060] ERROR - Jugador 903 [NO ENCONTRADO]
[12:14:25.148] ERROR - Jugador 905 [out_of_league]
[12:14:25.156] INFO - Escribiendo historial market-value del jugador 898 (31 values)
[12:14:25.157] INFO - Jugador 898 almacenado correctamente
[12:14:25.255] INFO - Escribiendo historial market-value del jugador 894 (38 values)
[12:14:25.257] INFO - Jugador 894 almacenado correctamente
[12:14:25.457] ERROR - Jugador 906 [NO ENCONTRADO]
[12:14:25.463] INFO - Escribiendo historial market-value del jugador 901 (76 values)
[12:14:25.464] INFO - Jugador 901 almacenado correctamente
[12:14:25.529] ERROR - Jugador 907 [NO ENCONTRADO]
[12:14:25.534] ERROR - Jugador 909 [NO ENCONTRADO]
[12:14:25.563] ERROR - Jugador 911 [NO ENCONTRADO]
[12:14:25.698] ERROR - Jugador 910 [NO ENCONTRADO]
[12:14:25.709] ERROR - Jugador 912 [out_of_league]
[12:14:25.861] ERROR - Jugador 913 [NO ENCONTRADO]
[12:14:25.879] ERROR - Jugador 914 [NO ENCONTRADO]
[12:14:25.965] ERROR - Jugador 916 [NO ENCONTRADO]
[12:14:25.990] ERROR - Jugador 915 [NO ENCONTRADO]
[12:14:26.007] ERROR - Jugador 917 [NO ENCONTRADO]
[12:14:26.162] INFO - Escribiendo historial market-value del jugador 908 (76 values)
[12:14:26.163] INFO - Jugador 908 almacenado correctamente
[12:14:26.296] ERROR - Jugador 920 [NO ENCONTRADO]
[12:14:26.301] ERROR - Jugador 921 [NO ENCONTRADO]
[12:14:26.306] ERROR - Jugador 919 [NO ENCONTRADO]
[12:14:26.351] ERROR - Jugador 922 [NO ENCONTRADO]
[12:14:26.430] ERROR - Jugador 923 [NO ENCONTRADO]
[12:14:26.463] ERROR - Jugador 924 [NO ENCONTRADO]
[12:14:26.577] INFO - Escribiendo historial market-value del jugador 918 (74 values)
[12:14:26.578] INFO - Jugador 918 almacenado correctamente
[12:14:26.590] ERROR - Jugador 925 [NO ENCONTRADO]
[12:14:26.713] ERROR - Jugador 926 [NO ENCONTRADO]
[12:14:26.737] ERROR - Jugador 928 [NO ENCONTRADO]
[12:14:26.777] ERROR - Jugador 929 [NO ENCONTRADO]
[12:14:26.841] ERROR - Jugador 930 [NO ENCONTRADO]
[12:14:26.862] ERROR - Jugador 931 [NO ENCONTRADO]
[12:14:27.021] ERROR - Jugador 932 [NO ENCONTRADO]
[12:14:27.104] ERROR - Jugador 934 [NO ENCONTRADO]
[12:14:27.128] ERROR - Jugador 935 [NO ENCONTRADO]
[12:14:27.155] ERROR - Jugador 933 [NO ENCONTRADO]
[12:14:27.228] ERROR - Jugador 936 [NO ENCONTRADO]
[12:14:27.264] ERROR - Jugador 937 [NO ENCONTRADO]
[12:14:27.326] INFO - Escribiendo historial market-value del jugador 927 (45 values)
[12:14:27.327] INFO - Jugador 927 almacenado correctamente
[12:14:27.410] ERROR - Jugador 938 [NO ENCONTRADO]
[12:14:27.521] ERROR - Jugador 941 [NO ENCONTRADO]
[12:14:27.544] ERROR - Jugador 940 [NO ENCONTRADO]
[12:14:27.651] ERROR - Jugador 943 [NO ENCONTRADO]
[12:14:27.774] ERROR - Jugador 945 [NO ENCONTRADO]
[12:14:27.820] ERROR - Jugador 946 [NO ENCONTRADO]
[12:14:27.945] ERROR - Jugador 947 [NO ENCONTRADO]
[12:14:27.963] ERROR - Jugador 948 [NO ENCONTRADO]
[12:14:27.979] INFO - Escribiendo historial market-value del jugador 939 (74 values)
[12:14:27.980] INFO - Jugador 939 almacenado correctamente
[12:14:27.980] INFO - Escribiendo historial market-value del jugador 942 (76 values)
[12:14:27.988] INFO - Jugador 942 almacenado correctamente
[12:14:28.050] ERROR - Jugador 949 [NO ENCONTRADO]
[12:14:28.076] INFO - Escribiendo historial market-value del jugador 944 (76 values)
[12:14:28.077] INFO - Jugador 944 almacenado correctamente
[12:14:28.196] ERROR - Jugador 950 [NO ENCONTRADO]
[12:14:28.344] ERROR - Jugador 952 [NO ENCONTRADO]
[12:14:28.434] ERROR - Jugador 953 [NO ENCONTRADO]
[12:14:28.459] ERROR - Jugador 955 [NO ENCONTRADO]
[12:14:28.482] ERROR - Jugador 956 [NO ENCONTRADO]
[12:14:28.487] ERROR - Jugador 954 [NO ENCONTRADO]
[12:14:28.493] ERROR - Jugador 957 [NO ENCONTRADO]
[12:14:28.608] ERROR - Jugador 958 [NO ENCONTRADO]
[12:14:28.745] ERROR - Jugador 959 [NO ENCONTRADO]
[12:14:28.844] ERROR - Jugador 960 [NO ENCONTRADO]
[12:14:28.883] ERROR - Jugador 961 [NO ENCONTRADO]
[12:14:28.921] ERROR - Jugador 962 [NO ENCONTRADO]
[12:14:28.927] ERROR - Jugador 963 [NO ENCONTRADO]
[12:14:28.949] ERROR - Jugador 964 [NO ENCONTRADO]
[12:14:29.017] ERROR - Jugador 965 [NO ENCONTRADO]
[12:14:29.143] ERROR - Jugador 951 [NO ENCONTRADO]
[12:14:29.173] ERROR - Jugador 966 [NO ENCONTRADO]
[12:14:29.240] ERROR - Jugador 967 [NO ENCONTRADO]
[12:14:29.275] ERROR - Jugador 968 [NO ENCONTRADO]
[12:14:29.369] ERROR - Jugador 969 [NO ENCONTRADO]
[12:14:29.430] ERROR - Jugador 972 [NO ENCONTRADO]
[12:14:29.524] ERROR - Jugador 971 [NO ENCONTRADO]
[12:14:29.571] ERROR - Jugador 970 [NO ENCONTRADO]
[12:14:29.583] ERROR - Jugador 973 [out_of_league]
[12:14:29.596] ERROR - Jugador 974 [NO ENCONTRADO]
[12:14:29.648] ERROR - Jugador 975 [NO ENCONTRADO]
[12:14:29.665] ERROR - Jugador 976 [NO ENCONTRADO]
[12:14:29.796] ERROR - Jugador 977 [NO ENCONTRADO]
[12:14:29.861] ERROR - Jugador 978 [out_of_league]
[12:14:29.930] ERROR - Jugador 979 [NO ENCONTRADO]
[12:14:29.998] ERROR - Jugador 981 [NO ENCONTRADO]
[12:14:30.066] ERROR - Jugador 983 [NO ENCONTRADO]
[12:14:30.070] ERROR - Jugador 984 [NO ENCONTRADO]
[12:14:30.176] ERROR - Jugador 982 [NO ENCONTRADO]
[12:14:30.211] ERROR - Jugador 985 [NO ENCONTRADO]
[12:14:30.329] ERROR - Jugador 987 [NO ENCONTRADO]
[12:14:30.409] ERROR - Jugador 986 [NO ENCONTRADO]
[12:14:30.443] INFO - Escribiendo historial market-value del jugador 980 (28 values)
[12:14:30.444] INFO - Jugador 980 almacenado correctamente
[12:14:30.486] ERROR - Jugador 989 [NO ENCONTRADO]
[12:14:30.629] ERROR - Jugador 990 [NO ENCONTRADO]
[12:14:30.639] ERROR - Jugador 992 [NO ENCONTRADO]
[12:14:30.729] ERROR - Jugador 993 [NO ENCONTRADO]
[12:14:30.839] ERROR - Jugador 994 [NO ENCONTRADO]
[12:14:30.941] ERROR - Jugador 996 [out_of_league]
[12:14:31.064] ERROR - Jugador 997 [NO ENCONTRADO]
[12:14:31.103] INFO - Escribiendo historial market-value del jugador 991 (76 values)
[12:14:31.104] INFO - Jugador 991 almacenado correctamente
[12:14:31.156] ERROR - Jugador 999 [NO ENCONTRADO]
[12:14:31.200] INFO - Escribiendo historial market-value del jugador 988 (76 values)
[12:14:31.201] INFO - Jugador 988 almacenado correctamente
[12:14:31.229] ERROR - Jugador 998 [NO ENCONTRADO]
[12:14:31.297] INFO - Escribiendo historial market-value del jugador 995 (76 values)
[12:14:31.298] INFO - Jugador 995 almacenado correctamente
[12:14:31.337] ERROR - Jugador 1001 [NO ENCONTRADO]
[12:14:31.419] ERROR - Jugador 1000 [NO ENCONTRADO]
[12:14:31.512] ERROR - Jugador 1003 [NO ENCONTRADO]
[12:14:31.587] ERROR - Jugador 1005 [NO ENCONTRADO]
[12:14:31.621] ERROR - Jugador 1002 [NO ENCONTRADO]
[12:14:31.630] ERROR - Jugador 1006 [NO ENCONTRADO]
[12:14:31.729] ERROR - Jugador 1007 [NO ENCONTRADO]
[12:14:31.750] ERROR - Jugador 1008 [NO ENCONTRADO]
[12:14:31.842] ERROR - Jugador 1009 [NO ENCONTRADO]
[12:14:32.036] ERROR - Jugador 1012 [NO ENCONTRADO]
[12:14:32.041] ERROR - Jugador 1013 [NO ENCONTRADO]
[12:14:32.125] ERROR - Jugador 1011 [NO ENCONTRADO]
[12:14:32.145] ERROR - Jugador 1014 [NO ENCONTRADO]
[12:14:32.163] ERROR - Jugador 1015 [NO ENCONTRADO]
[12:14:32.263] INFO - Escribiendo historial market-value del jugador 1004 (76 values)
[12:14:32.265] INFO - Jugador 1004 almacenado correctamente
[12:14:32.275] ERROR - Jugador 1016 [NO ENCONTRADO]
[12:14:32.477] ERROR - Jugador 1018 [NO ENCONTRADO]
[12:14:32.481] ERROR - Jugador 1017 [NO ENCONTRADO]
[12:14:32.531] INFO - Escribiendo historial market-value del jugador 1010 (76 values)
[12:14:32.532] INFO - Jugador 1010 almacenado correctamente
[12:14:32.563] ERROR - Jugador 1019 [NO ENCONTRADO]
[12:14:32.568] ERROR - Jugador 1020 [NO ENCONTRADO]
[12:14:32.584] ERROR - Jugador 1021 [NO ENCONTRADO]
[12:14:32.881] ERROR - Jugador 1023 [NO ENCONTRADO]
[12:14:32.957] ERROR - Jugador 1026 [NO ENCONTRADO]
[12:14:33.020] ERROR - Jugador 1028 [NO ENCONTRADO]
[12:14:33.026] ERROR - Jugador 1027 [NO ENCONTRADO]
[12:14:33.274] ERROR - Jugador 1030 [NO ENCONTRADO]
[12:14:33.291] INFO - Escribiendo historial market-value del jugador 1022 (76 values)
[12:14:33.292] INFO - Jugador 1022 almacenado correctamente
[12:14:33.318] INFO - Escribiendo historial market-value del jugador 1025 (31 values)
[12:14:33.319] INFO - Jugador 1025 almacenado correctamente
[12:14:33.459] INFO - Escribiendo historial market-value del jugador 1024 (76 values)
[12:14:33.460] INFO - Jugador 1024 almacenado correctamente
[12:14:33.682] INFO - Escribiendo historial market-value del jugador 1029 (76 values)
[12:14:33.683] INFO - Jugador 1029 almacenado correctamente
[12:14:33.685] ERROR - Jugador 1034 [NO ENCONTRADO]
[12:14:33.727] ERROR - Jugador 1035 [NO ENCONTRADO]
[12:14:33.740] ERROR - Jugador 1036 [NO ENCONTRADO]
[12:14:33.847] INFO - Escribiendo historial market-value del jugador 1032 (76 values)
[12:14:33.849] INFO - Jugador 1032 almacenado correctamente
[12:14:34.088] INFO - Escribiendo historial market-value del jugador 1031 (76 values)
[12:14:34.089] INFO - Jugador 1031 almacenado correctamente
[12:14:34.142] ERROR - Jugador 1038 [NO ENCONTRADO]
[12:14:34.157] ERROR - Jugador 1037 [NO ENCONTRADO]
[12:14:34.162] ERROR - Jugador 1040 [NO ENCONTRADO]
[12:14:34.162] ERROR - Jugador 1041 [NO ENCONTRADO]
[12:14:34.252] ERROR - Jugador 1042 [out_of_league]
[12:14:34.280] ERROR - Jugador 1039 [out_of_league]
[12:14:34.404] INFO - Escribiendo historial market-value del jugador 1033 (76 values)
[12:14:34.405] INFO - Jugador 1033 almacenado correctamente
[12:14:34.496] ERROR - Jugador 1043 [NO ENCONTRADO]
[12:14:34.598] ERROR - Jugador 1045 [NO ENCONTRADO]
[12:14:34.623] ERROR - Jugador 1047 [NO ENCONTRADO]
[12:14:34.637] ERROR - Jugador 1048 [NO ENCONTRADO]
[12:14:34.716] ERROR - Jugador 1044 [NO ENCONTRADO]
[12:14:34.904] ERROR - Jugador 1051 [NO ENCONTRADO]
[12:14:35.031] ERROR - Jugador 1052 [NO ENCONTRADO]
[12:14:35.104] ERROR - Jugador 1053 [NO ENCONTRADO]
[12:14:35.114] ERROR - Jugador 1054 [NO ENCONTRADO]
[12:14:35.133] INFO - Escribiendo historial market-value del jugador 1049 (38 values)
[12:14:35.134] INFO - Jugador 1049 almacenado correctamente
[12:14:35.230] INFO - Escribiendo historial market-value del jugador 1046 (38 values)
[12:14:35.231] INFO - Jugador 1046 almacenado correctamente
[12:14:35.289] INFO - Escribiendo historial market-value del jugador 1050 (76 values)
[12:14:35.290] INFO - Jugador 1050 almacenado correctamente
[12:14:35.391] ERROR - Jugador 1055 [NO ENCONTRADO]
[12:14:35.415] ERROR - Jugador 1057 [NO ENCONTRADO]
[12:14:35.538] ERROR - Jugador 1059 [NO ENCONTRADO]
[12:14:35.556] ERROR - Jugador 1058 [NO ENCONTRADO]
[12:14:35.581] ERROR - Jugador 1060 [NO ENCONTRADO]
[12:14:35.631] ERROR - Jugador 1061 [NO ENCONTRADO]
[12:14:35.707] ERROR - Jugador 1062 [NO ENCONTRADO]
[12:14:35.837] ERROR - Jugador 1064 [NO ENCONTRADO]
[12:14:35.930] INFO - Escribiendo historial market-value del jugador 1056 (76 values)
[12:14:35.933] INFO - Jugador 1056 almacenado correctamente
[12:14:35.957] ERROR - Jugador 1065 [NO ENCONTRADO]
[12:14:35.975] ERROR - Jugador 1066 [NO ENCONTRADO]
[12:14:35.997] ERROR - Jugador 1067 [NO ENCONTRADO]
[12:14:36.165] ERROR - Jugador 1068 [NO ENCONTRADO]
[12:14:36.250] INFO - Escribiendo historial market-value del jugador 1063 (76 values)
[12:14:36.251] INFO - Jugador 1063 almacenado correctamente
[12:14:36.354] ERROR - Jugador 1071 [NO ENCONTRADO]
[12:14:36.394] ERROR - Jugador 1073 [NO ENCONTRADO]
[12:14:36.425] ERROR - Jugador 1074 [NO ENCONTRADO]
[12:14:36.532] INFO - Escribiendo historial market-value del jugador 1069 (76 values)
[12:14:36.534] INFO - Jugador 1069 almacenado correctamente
[12:14:36.588] ERROR - Jugador 1075 [NO ENCONTRADO]
[12:14:36.699] INFO - Escribiendo historial market-value del jugador 1070 (76 values)
[12:14:36.699] INFO - Jugador 1070 almacenado correctamente
[12:14:36.703] ERROR - Jugador 1076 [NO ENCONTRADO]
[12:14:36.766] ERROR - Jugador 1077 [NO ENCONTRADO]
[12:14:36.811] ERROR - Jugador 1078 [NO ENCONTRADO]
[12:14:36.829] INFO - Escribiendo historial market-value del jugador 1072 (76 values)
[12:14:36.831] INFO - Jugador 1072 almacenado correctamente
[12:14:36.862] ERROR - Jugador 1079 [NO ENCONTRADO]
[12:14:36.956] ERROR - Jugador 1080 [NO ENCONTRADO]
[12:14:37.114] ERROR - Jugador 1083 [NO ENCONTRADO]
[12:14:37.142] ERROR - Jugador 1082 [NO ENCONTRADO]
[12:14:37.247] ERROR - Jugador 1086 [NO ENCONTRADO]
[12:14:37.251] ERROR - Jugador 1085 [NO ENCONTRADO]
[12:14:37.326] ERROR - Jugador 1084 [NO ENCONTRADO]
[12:14:37.407] ERROR - Jugador 1087 [NO ENCONTRADO]
[12:14:37.445] INFO - Escribiendo historial market-value del jugador 1081 (76 values)
[12:14:37.446] INFO - Jugador 1081 almacenado correctamente
[12:14:37.508] ERROR - Jugador 1089 [NO ENCONTRADO]
[12:14:37.679] ERROR - Jugador 1092 [NO ENCONTRADO]
[12:14:37.733] ERROR - Jugador 1093 [NO ENCONTRADO]
[12:14:37.846] ERROR - Jugador 1095 [NO ENCONTRADO]
[12:14:37.952] INFO - Escribiendo historial market-value del jugador 1088 (74 values)
[12:14:37.956] INFO - Jugador 1088 almacenado correctamente
[12:14:37.994] INFO - Escribiendo historial market-value del jugador 1090 (76 values)
[12:14:37.995] INFO - Jugador 1090 almacenado correctamente
[12:14:38.237] INFO - Escribiendo historial market-value del jugador 1091 (31 values)
[12:14:38.238] INFO - Jugador 1091 almacenado correctamente
[12:14:38.241] ERROR - Jugador 1099 [out_of_league]
[12:14:38.276] ERROR - Jugador 1098 [NO ENCONTRADO]
[12:14:38.357] INFO - Escribiendo historial market-value del jugador 1096 (76 values)
[12:14:38.359] INFO - Jugador 1096 almacenado correctamente
[12:14:38.368] ERROR - Jugador 1100 [out_of_league]
[12:14:38.375] ERROR - Jugador 1101 [NO ENCONTRADO]
[12:14:38.495] INFO - Escribiendo historial market-value del jugador 1097 (76 values)
[12:14:38.497] INFO - Jugador 1097 almacenado correctamente
[12:14:38.704] ERROR - Jugador 1104 [NO ENCONTRADO]
[12:14:38.807] ERROR - Jugador 1105 [NO ENCONTRADO]
[12:14:38.819] ERROR - Jugador 1102 [NO ENCONTRADO]
[12:14:38.879] ERROR - Jugador 1108 [NO ENCONTRADO]
[12:14:38.897] ERROR - Jugador 1094 [NO ENCONTRADO]
[12:14:39.141] INFO - Escribiendo historial market-value del jugador 1103 (76 values)
[12:14:39.142] INFO - Jugador 1103 almacenado correctamente
[12:14:39.240] ERROR - Jugador 1111 [NO ENCONTRADO]
[12:14:39.306] ERROR - Jugador 1112 [NO ENCONTRADO]
[12:14:39.323] ERROR - Jugador 1113 [NO ENCONTRADO]
[12:14:39.366] INFO - Escribiendo historial market-value del jugador 1106 (76 values)
[12:14:39.367] INFO - Jugador 1106 almacenado correctamente
[12:14:39.374] ERROR - Jugador 1110 [NO ENCONTRADO]
[12:14:39.443] INFO - Escribiendo historial market-value del jugador 1107 (76 values)
[12:14:39.444] INFO - Jugador 1107 almacenado correctamente
[12:14:39.536] ERROR - Jugador 1114 [NO ENCONTRADO]
[12:14:39.619] ERROR - Jugador 1115 [NO ENCONTRADO]
[12:14:39.678] ERROR - Jugador 1109 [NO ENCONTRADO]
[12:14:39.690] ERROR - Jugador 1116 [NO ENCONTRADO]
[12:14:39.773] ERROR - Jugador 1118 [NO ENCONTRADO]
[12:14:39.786] ERROR - Jugador 1119 [NO ENCONTRADO]
[12:14:39.865] ERROR - Jugador 1120 [NO ENCONTRADO]
[12:14:39.883] ERROR - Jugador 1117 [NO ENCONTRADO]
[12:14:40.024] ERROR - Jugador 1122 [NO ENCONTRADO]
[12:14:40.109] ERROR - Jugador 1124 [NO ENCONTRADO]
[12:14:40.166] ERROR - Jugador 1125 [NO ENCONTRADO]
[12:14:40.200] ERROR - Jugador 1126 [NO ENCONTRADO]
[12:14:40.267] ERROR - Jugador 1127 [NO ENCONTRADO]
[12:14:40.319] ERROR - Jugador 1128 [NO ENCONTRADO]
[12:14:40.470] ERROR - Jugador 1129 [NO ENCONTRADO]
[12:14:40.515] ERROR - Jugador 1131 [out_of_league]
[12:14:40.721] ERROR - Jugador 1135 [NO ENCONTRADO]
[12:14:40.846] INFO - Escribiendo historial market-value del jugador 1130 (33 values)
[12:14:40.847] INFO - Jugador 1130 almacenado correctamente
[12:14:40.903] ERROR - Jugador 1137 [NO ENCONTRADO]
[12:14:41.004] INFO - Escribiendo historial market-value del jugador 1132 (76 values)
[12:14:41.006] INFO - Jugador 1132 almacenado correctamente
[12:14:41.015] ERROR - Jugador 1136 [NO ENCONTRADO]
[12:14:41.030] INFO - Escribiendo historial market-value del jugador 1133 (76 values)
[12:14:41.031] INFO - Jugador 1133 almacenado correctamente
[12:14:41.064] INFO - Escribiendo historial market-value del jugador 1134 (76 values)
[12:14:41.064] INFO - Jugador 1134 almacenado correctamente
[12:14:41.139] INFO - Escribiendo historial market-value del jugador 1121 (76 values)
[12:14:41.141] INFO - Jugador 1121 almacenado correctamente
[12:14:41.154] ERROR - Jugador 1138 [NO ENCONTRADO]
[12:14:41.279] ERROR - Jugador 1139 [NO ENCONTRADO]
[12:14:41.323] ERROR - Jugador 1140 [NO ENCONTRADO]
[12:14:41.442] ERROR - Jugador 1142 [NO ENCONTRADO]
[12:14:41.453] ERROR - Jugador 1141 [NO ENCONTRADO]
[12:14:41.486] ERROR - Jugador 1144 [NO ENCONTRADO]
[12:14:41.494] ERROR - Jugador 1143 [NO ENCONTRADO]
[12:14:41.530] ERROR - Jugador 1145 [NO ENCONTRADO]
[12:14:41.532] CRITICAL - HTTPSConnectionPool(host='api-fantasy.llt-services.com', port=443): Max retries exceeded with url: /api/v3/player/1123 (Caused by NewConnectionError('<urllib3.connection.HTTPSConnection object at 0x7fed38d77340>: Failed to establish a new connection: [Errno 101] Network is unreachable'))
Traceback (most recent call last):
  File "/opt/hostedtoolcache/Python/3.9.19/x64/lib/python3.9/site-packages/urllib3/connection.py", line 174, in _new_conn
    conn = connection.create_connection(
  File "/opt/hostedtoolcache/Python/3.9.19/x64/lib/python3.9/site-packages/urllib3/util/connection.py", line 95, in create_connection
    raise err
  File "/opt/hostedtoolcache/Python/3.9.19/x64/lib/python3.9/site-packages/urllib3/util/connection.py", line 85, in create_connection
    sock.connect(sa)
OSError: [Errno 101] Network is unreachable

During handling of the above exception, another exception occurred:

Traceback (most recent call last):
  File "/opt/hostedtoolcache/Python/3.9.19/x64/lib/python3.9/site-packages/urllib3/connectionpool.py", line 716, in urlopen
    httplib_response = self._make_request(
  File "/opt/hostedtoolcache/Python/3.9.19/x64/lib/python3.9/site-packages/urllib3/connectionpool.py", line 404, in _make_request
    self._validate_conn(conn)
  File "/opt/hostedtoolcache/Python/3.9.19/x64/lib/python3.9/site-packages/urllib3/connectionpool.py", line 1061, in _validate_conn
    conn.connect()
  File "/opt/hostedtoolcache/Python/3.9.19/x64/lib/python3.9/site-packages/urllib3/connection.py", line 363, in connect
    self.sock = conn = self._new_conn()
  File "/opt/hostedtoolcache/Python/3.9.19/x64/lib/python3.9/site-packages/urllib3/connection.py", line 186, in _new_conn
    raise NewConnectionError(
urllib3.exceptions.NewConnectionError: <urllib3.connection.HTTPSConnection object at 0x7fed38d77340>: Failed to establish a new connection: [Errno 101] Network is unreachable

During handling of the above exception, another exception occurred:

Traceback (most recent call last):
  File "/opt/hostedtoolcache/Python/3.9.19/x64/lib/python3.9/site-packages/requests/adapters.py", line 489, in send
    resp = conn.urlopen(
  File "/opt/hostedtoolcache/Python/3.9.19/x64/lib/python3.9/site-packages/urllib3/connectionpool.py", line 802, in urlopen
    retries = retries.increment(
  File "/opt/hostedtoolcache/Python/3.9.19/x64/lib/python3.9/site-packages/urllib3/util/retry.py", line 594, in increment
    raise MaxRetryError(_pool, url, error or ResponseError(cause))
urllib3.exceptions.MaxRetryError: HTTPSConnectionPool(host='api-fantasy.llt-services.com', port=443): Max retries exceeded with url: /api/v3/player/1123 (Caused by NewConnectionError('<urllib3.connection.HTTPSConnection object at 0x7fed38d77340>: Failed to establish a new connection: [Errno 101] Network is unreachable'))

During handling of the above exception, another exception occurred:

Traceback (most recent call last):
  File "<string>", line 215, in main
  File "/opt/hostedtoolcache/Python/3.9.19/x64/lib/python3.9/concurrent/futures/_base.py", line 609, in result_iterator
    yield fs.pop().result()
  File "/opt/hostedtoolcache/Python/3.9.19/x64/lib/python3.9/concurrent/futures/_base.py", line 439, in result
    return self.__get_result()
  File "/opt/hostedtoolcache/Python/3.9.19/x64/lib/python3.9/concurrent/futures/_base.py", line 391, in __get_result
    raise self._exception
  File "/opt/hostedtoolcache/Python/3.9.19/x64/lib/python3.9/concurrent/futures/thread.py", line 58, in run
    result = self.fn(*self.args, **self.kwargs)
  File "<string>", line 165, in multithread_scrape_player_aux
  File "/opt/hostedtoolcache/Python/3.9.19/x64/lib/python3.9/site-packages/requests/api.py", line 73, in get
    return request("get", url, params=params, **kwargs)
  File "/opt/hostedtoolcache/Python/3.9.19/x64/lib/python3.9/site-packages/requests/api.py", line 59, in request
    return session.request(method=method, url=url, **kwargs)
  File "/opt/hostedtoolcache/Python/3.9.19/x64/lib/python3.9/site-packages/requests/sessions.py", line 587, in request
    resp = self.send(prep, **send_kwargs)
  File "/opt/hostedtoolcache/Python/3.9.19/x64/lib/python3.9/site-packages/requests/sessions.py", line 723, in send
    history = [resp for resp in gen]
  File "/opt/hostedtoolcache/Python/3.9.19/x64/lib/python3.9/site-packages/requests/sessions.py", line 723, in <listcomp>
    history = [resp for resp in gen]
  File "/opt/hostedtoolcache/Python/3.9.19/x64/lib/python3.9/site-packages/requests/sessions.py", line 266, in resolve_redirects
    resp = self.send(
  File "/opt/hostedtoolcache/Python/3.9.19/x64/lib/python3.9/site-packages/requests/sessions.py", line 701, in send
    r = adapter.send(request, **kwargs)
  File "/opt/hostedtoolcache/Python/3.9.19/x64/lib/python3.9/site-packages/requests/adapters.py", line 565, in send
    raise ConnectionError(e, request=request)
requests.exceptions.ConnectionError: HTTPSConnectionPool(host='api-fantasy.llt-services.com', port=443): Max retries exceeded with url: /api/v3/player/1123 (Caused by NewConnectionError('<urllib3.connection.HTTPSConnection object at 0x7fed38d77340>: Failed to establish a new connection: [Errno 101] Network is unreachable'))
