[00:39:51.172] INFO - Eliminando anteriores archivos (data/, players/)
[00:39:51.183] INFO - API endpoint https://api.laligafantasymarca.com/api/v3/player
[00:39:51.183] INFO - API endpoint market-values https://api.laligafantasymarca.com/api/v3/player/ID_JUGADOR/market-value
[00:39:52.361] ERROR - Jugador 54 [NO ENCONTRADO]
[00:39:52.391] ERROR - Jugador 56 [out_of_league]
[00:39:52.407] ERROR - Jugador 52 [NO ENCONTRADO]
[00:39:52.430] ERROR - Jugador 57 [NO ENCONTRADO]
[00:39:53.293] ERROR - Jugador 60 [NO ENCONTRADO]
[00:39:53.358] ERROR - Jugador 61 [NO ENCONTRADO]
[00:39:53.418] INFO - Escribiendo historial market-value del jugador 53 (120 values)
[00:39:53.420] INFO - Jugador 53 almacenado correctamente
[00:39:53.446] INFO - Escribiendo historial market-value del jugador 59 (120 values)
[00:39:53.447] INFO - Jugador 59 almacenado correctamente
[00:39:53.450] ERROR - Jugador 63 [NO ENCONTRADO]
[00:39:53.459] INFO - Escribiendo historial market-value del jugador 55 (120 values)
[00:39:53.461] INFO - Jugador 55 almacenado correctamente
[00:39:53.496] INFO - Escribiendo historial market-value del jugador 58 (120 values)
[00:39:53.498] INFO - Jugador 58 almacenado correctamente
[00:39:54.233] ERROR - Jugador 64 [NO ENCONTRADO]
[00:39:54.352] INFO - Escribiendo historial market-value del jugador 62 (120 values)
[00:39:54.353] INFO - Jugador 62 almacenado correctamente
[00:39:54.374] ERROR - Jugador 66 [NO ENCONTRADO]
[00:39:54.449] ERROR - Jugador 70 [NO ENCONTRADO]
[00:39:54.456] ERROR - Jugador 69 [NO ENCONTRADO]
[00:39:55.181] ERROR - Jugador 71 [NO ENCONTRADO]
[00:39:55.298] INFO - Escribiendo historial market-value del jugador 65 (120 values)
[00:39:55.300] INFO - Jugador 65 almacenado correctamente
[00:39:55.453] INFO - Escribiendo historial market-value del jugador 67 (120 values)
[00:39:55.454] INFO - Jugador 67 almacenado correctamente
[00:39:55.462] INFO - Escribiendo historial market-value del jugador 68 (122 values)
[00:39:55.463] INFO - Jugador 68 almacenado correctamente
[00:39:56.129] ERROR - Jugador 76 [NO ENCONTRADO]
[00:39:56.130] INFO - Escribiendo historial market-value del jugador 75 (75 values)
[00:39:56.139] INFO - Jugador 75 almacenado correctamente
[00:39:56.268] INFO - Escribiendo historial market-value del jugador 73 (122 values)
[00:39:56.270] INFO - Jugador 73 almacenado correctamente
[00:39:56.448] ERROR - Jugador 79 [NO ENCONTRADO]
[00:39:56.578] INFO - Escribiendo historial market-value del jugador 72 (91 values)
[00:39:56.580] INFO - Jugador 72 almacenado correctamente
[00:39:56.644] INFO - Escribiendo historial market-value del jugador 74 (91 values)
[00:39:56.647] INFO - Jugador 74 almacenado correctamente
[00:39:56.908] ERROR - Jugador 81 [out_of_league]
[00:39:57.140] ERROR - Jugador 80 [out_of_league]
[00:39:57.190] INFO - Escribiendo historial market-value del jugador 77 (122 values)
[00:39:57.191] INFO - Jugador 77 almacenado correctamente
[00:39:57.424] INFO - Escribiendo historial market-value del jugador 78 (77 values)
[00:39:57.426] INFO - Jugador 78 almacenado correctamente
[00:39:57.462] ERROR - Jugador 83 [NO ENCONTRADO]
[00:39:57.555] ERROR - Jugador 84 [NO ENCONTRADO]
[00:39:57.635] ERROR - Jugador 85 [NO ENCONTRADO]
[00:39:57.887] ERROR - Jugador 86 [out_of_league]
[00:39:58.079] ERROR - Jugador 87 [NO ENCONTRADO]
[00:39:58.166] ERROR - Jugador 88 [NO ENCONTRADO]
[00:39:58.196] INFO - Escribiendo historial market-value del jugador 82 (79 values)
[00:39:58.198] INFO - Jugador 82 almacenado correctamente
[00:39:58.376] ERROR - Jugador 89 [NO ENCONTRADO]
[00:39:59.021] ERROR - Jugador 94 [NO ENCONTRADO]
[00:39:59.089] ERROR - Jugador 95 [NO ENCONTRADO]
[00:39:59.159] ERROR - Jugador 96 [NO ENCONTRADO]
[00:39:59.342] INFO - Escribiendo historial market-value del jugador 90 (108 values)
[00:39:59.344] INFO - Jugador 90 almacenado correctamente
[00:39:59.386] ERROR - Jugador 97 [out_of_league]
[00:39:59.452] INFO - Escribiendo historial market-value del jugador 91 (122 values)
[00:39:59.454] INFO - Jugador 91 almacenado correctamente
[00:39:59.509] INFO - Escribiendo historial market-value del jugador 92 (91 values)
[00:39:59.510] INFO - Jugador 92 almacenado correctamente
[00:39:59.805] INFO - Escribiendo historial market-value del jugador 93 (120 values)
[00:39:59.806] INFO - Jugador 93 almacenado correctamente
[00:39:59.950] ERROR - Jugador 98 [NO ENCONTRADO]
[00:40:00.016] ERROR - Jugador 99 [NO ENCONTRADO]
[00:40:00.038] ERROR - Jugador 102 [NO ENCONTRADO]
[00:40:00.096] ERROR - Jugador 100 [NO ENCONTRADO]
[00:40:00.282] ERROR - Jugador 101 [NO ENCONTRADO]
[00:40:00.430] ERROR - Jugador 103 [NO ENCONTRADO]
[00:40:00.460] ERROR - Jugador 104 [NO ENCONTRADO]
[00:40:00.766] ERROR - Jugador 105 [NO ENCONTRADO]
[00:40:00.848] ERROR - Jugador 106 [NO ENCONTRADO]
[00:40:00.951] ERROR - Jugador 107 [NO ENCONTRADO]
[00:40:00.974] ERROR - Jugador 108 [NO ENCONTRADO]
[00:40:01.067] ERROR - Jugador 109 [NO ENCONTRADO]
[00:40:01.222] ERROR - Jugador 110 [NO ENCONTRADO]
[00:40:01.377] ERROR - Jugador 112 [NO ENCONTRADO]
[00:40:01.381] ERROR - Jugador 111 [NO ENCONTRADO]
[00:40:01.509] ERROR - Jugador 114 [NO ENCONTRADO]
[00:40:01.734] ERROR - Jugador 113 [NO ENCONTRADO]
[00:40:01.889] ERROR - Jugador 115 [NO ENCONTRADO]
[00:40:01.906] ERROR - Jugador 116 [NO ENCONTRADO]
[00:40:02.005] ERROR - Jugador 117 [NO ENCONTRADO]
[00:40:02.163] ERROR - Jugador 118 [out_of_league]
[00:40:02.388] ERROR - Jugador 122 [NO ENCONTRADO]
[00:40:02.417] ERROR - Jugador 119 [NO ENCONTRADO]
[00:40:02.431] ERROR - Jugador 120 [NO ENCONTRADO]
[00:40:02.830] ERROR - Jugador 123 [NO ENCONTRADO]
[00:40:02.860] ERROR - Jugador 124 [NO ENCONTRADO]
[00:40:02.923] ERROR - Jugador 125 [NO ENCONTRADO]
[00:40:03.114] ERROR - Jugador 126 [NO ENCONTRADO]
[00:40:03.129] INFO - Escribiendo historial market-value del jugador 121 (79 values)
[00:40:03.130] INFO - Jugador 121 almacenado correctamente
[00:40:03.386] ERROR - Jugador 128 [NO ENCONTRADO]
[00:40:03.415] ERROR - Jugador 129 [NO ENCONTRADO]
[00:40:03.529] ERROR - Jugador 131 [NO ENCONTRADO]
[00:40:03.761] ERROR - Jugador 130 [NO ENCONTRADO]
[00:40:03.803] ERROR - Jugador 133 [NO ENCONTRADO]
[00:40:03.874] ERROR - Jugador 132 [NO ENCONTRADO]
[00:40:03.975] INFO - Escribiendo historial market-value del jugador 127 (122 values)
[00:40:03.977] INFO - Jugador 127 almacenado correctamente
[00:40:04.090] ERROR - Jugador 134 [NO ENCONTRADO]
[00:40:04.344] ERROR - Jugador 135 [NO ENCONTRADO]
[00:40:04.363] ERROR - Jugador 136 [NO ENCONTRADO]
[00:40:04.458] ERROR - Jugador 137 [NO ENCONTRADO]
[00:40:04.716] ERROR - Jugador 138 [NO ENCONTRADO]
[00:40:04.758] ERROR - Jugador 139 [NO ENCONTRADO]
[00:40:04.914] ERROR - Jugador 141 [NO ENCONTRADO]
[00:40:05.033] ERROR - Jugador 142 [NO ENCONTRADO]
[00:40:05.313] ERROR - Jugador 143 [NO ENCONTRADO]
[00:40:05.318] ERROR - Jugador 144 [NO ENCONTRADO]
[00:40:05.404] ERROR - Jugador 145 [NO ENCONTRADO]
[00:40:05.660] ERROR - Jugador 146 [out_of_league]
[00:40:05.703] ERROR - Jugador 147 [NO ENCONTRADO]
[00:40:05.710] ERROR - Jugador 149 [NO ENCONTRADO]
[00:40:05.756] INFO - Escribiendo historial market-value del jugador 140 (122 values)
[00:40:05.759] INFO - Jugador 140 almacenado correctamente
[00:40:06.229] INFO - Escribiendo historial market-value del jugador 148 (122 values)
[00:40:06.231] INFO - Jugador 148 almacenado correctamente
[00:40:06.292] ERROR - Jugador 151 [NO ENCONTRADO]
[00:40:06.380] ERROR - Jugador 152 [NO ENCONTRADO]
[00:40:06.428] ERROR - Jugador 156 [NO ENCONTRADO]
[00:40:06.587] ERROR - Jugador 153 [NO ENCONTRADO]
[00:40:06.668] ERROR - Jugador 154 [NO ENCONTRADO]
[00:40:06.688] ERROR - Jugador 155 [NO ENCONTRADO]
[00:40:07.180] ERROR - Jugador 157 [NO ENCONTRADO]
[00:40:07.252] ERROR - Jugador 158 [NO ENCONTRADO]
[00:40:07.291] INFO - Escribiendo historial market-value del jugador 150 (122 values)
[00:40:07.292] INFO - Jugador 150 almacenado correctamente
[00:40:07.366] ERROR - Jugador 160 [NO ENCONTRADO]
[00:40:07.530] ERROR - Jugador 161 [NO ENCONTRADO]
[00:40:07.565] ERROR - Jugador 162 [NO ENCONTRADO]
[00:40:07.635] ERROR - Jugador 163 [NO ENCONTRADO]
[00:40:07.955] ERROR - Jugador 166 [out_of_league]
[00:40:08.092] ERROR - Jugador 164 [NO ENCONTRADO]
[00:40:08.208] ERROR - Jugador 165 [NO ENCONTRADO]
[00:40:08.288] ERROR - Jugador 167 [NO ENCONTRADO]
[00:40:08.317] ERROR - Jugador 170 [NO ENCONTRADO]
[00:40:08.426] INFO - Escribiendo historial market-value del jugador 159 (122 values)
[00:40:08.429] INFO - Jugador 159 almacenado correctamente
[00:40:08.465] ERROR - Jugador 168 [NO ENCONTRADO]
[00:40:08.575] ERROR - Jugador 169 [NO ENCONTRADO]
[00:40:08.871] ERROR - Jugador 173 [NO ENCONTRADO]
[00:40:08.892] ERROR - Jugador 171 [NO ENCONTRADO]
[00:40:08.970] ERROR - Jugador 174 [NO ENCONTRADO]
[00:40:09.026] ERROR - Jugador 172 [NO ENCONTRADO]
[00:40:09.239] ERROR - Jugador 175 [NO ENCONTRADO]
[00:40:09.367] ERROR - Jugador 176 [NO ENCONTRADO]
[00:40:09.385] ERROR - Jugador 177 [NO ENCONTRADO]
[00:40:09.542] ERROR - Jugador 178 [NO ENCONTRADO]
[00:40:09.571] ERROR - Jugador 180 [NO ENCONTRADO]
[00:40:09.820] ERROR - Jugador 179 [NO ENCONTRADO]
[00:40:09.915] ERROR - Jugador 181 [NO ENCONTRADO]
[00:40:09.969] ERROR - Jugador 182 [NO ENCONTRADO]
[00:40:10.196] ERROR - Jugador 183 [NO ENCONTRADO]
[00:40:10.325] ERROR - Jugador 185 [NO ENCONTRADO]
[00:40:10.471] ERROR - Jugador 186 [NO ENCONTRADO]
[00:40:10.522] ERROR - Jugador 187 [NO ENCONTRADO]
[00:40:10.577] ERROR - Jugador 189 [NO ENCONTRADO]
[00:40:10.757] ERROR - Jugador 188 [NO ENCONTRADO]
[00:40:10.993] INFO - Escribiendo historial market-value del jugador 184 (122 values)
[00:40:10.995] INFO - Jugador 184 almacenado correctamente
[00:40:11.067] ERROR - Jugador 190 [NO ENCONTRADO]
[00:40:11.137] ERROR - Jugador 191 [NO ENCONTRADO]
[00:40:11.464] ERROR - Jugador 194 [NO ENCONTRADO]
[00:40:11.535] ERROR - Jugador 195 [NO ENCONTRADO]
[00:40:11.651] ERROR - Jugador 197 [out_of_league]
[00:40:11.687] INFO - Escribiendo historial market-value del jugador 192 (122 values)
[00:40:11.689] INFO - Jugador 192 almacenado correctamente
[00:40:11.717] ERROR - Jugador 196 [NO ENCONTRADO]
[00:40:11.935] ERROR - Jugador 198 [NO ENCONTRADO]
[00:40:12.072] ERROR - Jugador 199 [NO ENCONTRADO]
[00:40:12.478] ERROR - Jugador 201 [NO ENCONTRADO]
[00:40:12.519] INFO - Escribiendo historial market-value del jugador 193 (122 values)
[00:40:12.521] INFO - Jugador 193 almacenado correctamente
[00:40:12.592] ERROR - Jugador 202 [NO ENCONTRADO]
[00:40:12.623] ERROR - Jugador 203 [NO ENCONTRADO]
[00:40:12.900] ERROR - Jugador 205 [NO ENCONTRADO]
[00:40:13.017] ERROR - Jugador 206 [NO ENCONTRADO]
[00:40:13.047] INFO - Escribiendo historial market-value del jugador 204 (122 values)
[00:40:13.050] INFO - Jugador 204 almacenado correctamente
[00:40:13.194] ERROR - Jugador 208 [NO ENCONTRADO]
[00:40:13.433] ERROR - Jugador 207 [NO ENCONTRADO]
[00:40:13.444] INFO - Escribiendo historial market-value del jugador 200 (82 values)
[00:40:13.446] INFO - Jugador 200 almacenado correctamente
[00:40:13.544] ERROR - Jugador 209 [NO ENCONTRADO]
[00:40:13.569] ERROR - Jugador 211 [NO ENCONTRADO]
[00:40:13.576] ERROR - Jugador 210 [NO ENCONTRADO]
[00:40:13.866] ERROR - Jugador 214 [NO ENCONTRADO]
[00:40:13.937] ERROR - Jugador 212 [NO ENCONTRADO]
[00:40:13.989] ERROR - Jugador 213 [NO ENCONTRADO]
[00:40:14.132] ERROR - Jugador 216 [NO ENCONTRADO]
[00:40:14.196] ERROR - Jugador 217 [out_of_league]
[00:40:14.266] ERROR - Jugador 218 [NO ENCONTRADO]
[00:40:14.340] ERROR - Jugador 219 [NO ENCONTRADO]
[00:40:14.553] ERROR - Jugador 220 [NO ENCONTRADO]
[00:40:14.862] ERROR - Jugador 221 [NO ENCONTRADO]
[00:40:14.870] ERROR - Jugador 224 [NO ENCONTRADO]
[00:40:14.918] ERROR - Jugador 222 [NO ENCONTRADO]
[00:40:14.998] ERROR - Jugador 226 [NO ENCONTRADO]
[00:40:15.060] ERROR - Jugador 223 [NO ENCONTRADO]
[00:40:15.202] ERROR - Jugador 225 [NO ENCONTRADO]
[00:40:15.290] INFO - Escribiendo historial market-value del jugador 215 (122 values)
[00:40:15.292] INFO - Jugador 215 almacenado correctamente
[00:40:15.511] ERROR - Jugador 227 [NO ENCONTRADO]
[00:40:15.859] ERROR - Jugador 228 [NO ENCONTRADO]
[00:40:15.868] ERROR - Jugador 229 [NO ENCONTRADO]
[00:40:15.977] ERROR - Jugador 234 [NO ENCONTRADO]
[00:40:16.024] ERROR - Jugador 232 [NO ENCONTRADO]
[00:40:16.165] ERROR - Jugador 233 [NO ENCONTRADO]
[00:40:16.260] INFO - Escribiendo historial market-value del jugador 230 (122 values)
[00:40:16.262] INFO - Jugador 230 almacenado correctamente
[00:40:16.456] ERROR - Jugador 235 [NO ENCONTRADO]
[00:40:16.695] ERROR - Jugador 239 [NO ENCONTRADO]
[00:40:16.803] ERROR - Jugador 236 [out_of_league]
[00:40:16.834] ERROR - Jugador 237 [NO ENCONTRADO]
[00:40:16.858] INFO - Escribiendo historial market-value del jugador 231 (122 values)
[00:40:16.859] INFO - Jugador 231 almacenado correctamente
[00:40:17.207] ERROR - Jugador 241 [NO ENCONTRADO]
[00:40:17.385] ERROR - Jugador 242 [NO ENCONTRADO]
[00:40:17.483] ERROR - Jugador 244 [NO ENCONTRADO]
[00:40:17.541] INFO - Escribiendo historial market-value del jugador 238 (79 values)
[00:40:17.542] INFO - Jugador 238 almacenado correctamente
[00:40:17.570] ERROR - Jugador 246 [out_of_league]
[00:40:17.839] INFO - Escribiendo historial market-value del jugador 240 (122 values)
[00:40:17.843] INFO - Jugador 240 almacenado correctamente
[00:40:18.225] ERROR - Jugador 250 [NO ENCONTRADO]
[00:40:18.367] ERROR - Jugador 248 [out_of_league]
[00:40:18.434] INFO - Escribiendo historial market-value del jugador 245 (93 values)
[00:40:18.436] INFO - Jugador 245 almacenado correctamente
[00:40:18.437] ERROR - Jugador 249 [NO ENCONTRADO]
[00:40:18.505] ERROR - Jugador 252 [NO ENCONTRADO]
[00:40:18.513] ERROR - Jugador 251 [NO ENCONTRADO]
[00:40:18.585] INFO - Escribiendo historial market-value del jugador 243 (122 values)
[00:40:18.587] INFO - Jugador 243 almacenado correctamente
[00:40:19.045] ERROR - Jugador 254 [NO ENCONTRADO]
[00:40:19.114] ERROR - Jugador 256 [NO ENCONTRADO]
[00:40:19.125] INFO - Escribiendo historial market-value del jugador 247 (122 values)
[00:40:19.127] INFO - Jugador 247 almacenado correctamente
[00:40:19.169] ERROR - Jugador 253 [NO ENCONTRADO]
[00:40:19.473] ERROR - Jugador 258 [NO ENCONTRADO]
[00:40:19.787] ERROR - Jugador 261 [NO ENCONTRADO]
[00:40:19.819] ERROR - Jugador 262 [NO ENCONTRADO]
[00:40:19.850] ERROR - Jugador 263 [NO ENCONTRADO]
[00:40:19.923] INFO - Escribiendo historial market-value del jugador 259 (122 values)
[00:40:19.924] INFO - Jugador 259 almacenado correctamente
[00:40:20.139] INFO - Escribiendo historial market-value del jugador 257 (94 values)
[00:40:20.140] INFO - Jugador 257 almacenado correctamente
[00:40:20.334] INFO - Escribiendo historial market-value del jugador 255 (122 values)
[00:40:20.336] INFO - Jugador 255 almacenado correctamente
[00:40:20.546] ERROR - Jugador 267 [NO ENCONTRADO]
[00:40:20.808] ERROR - Jugador 266 [NO ENCONTRADO]
[00:40:20.857] INFO - Escribiendo historial market-value del jugador 264 (122 values)
[00:40:20.859] INFO - Jugador 264 almacenado correctamente
[00:40:20.869] ERROR - Jugador 269 [NO ENCONTRADO]
[00:40:21.394] INFO - Escribiendo historial market-value del jugador 265 (122 values)
[00:40:21.397] INFO - Jugador 265 almacenado correctamente
[00:40:21.498] ERROR - Jugador 271 [out_of_league]
[00:40:21.742] ERROR - Jugador 272 [NO ENCONTRADO]
[00:40:21.874] ERROR - Jugador 273 [NO ENCONTRADO]
[00:40:22.007] INFO - Escribiendo historial market-value del jugador 268 (89 values)
[00:40:22.008] INFO - Jugador 268 almacenado correctamente
[00:40:22.200] INFO - Escribiendo historial market-value del jugador 270 (122 values)
[00:40:22.202] INFO - Jugador 270 almacenado correctamente
[00:40:22.861] INFO - Escribiendo historial market-value del jugador 274 (122 values)
[00:40:22.863] INFO - Jugador 274 almacenado correctamente
[00:40:22.872] INFO - Escribiendo historial market-value del jugador 275 (122 values)
[00:40:22.873] INFO - Jugador 275 almacenado correctamente
[00:40:22.877] CRITICAL - Expecting value: line 1 column 1 (char 0)
Traceback (most recent call last):
  File "/opt/hostedtoolcache/Python/3.9.20/x64/lib/python3.9/site-packages/requests/models.py", line 971, in json
    return complexjson.loads(self.text, **kwargs)
  File "/opt/hostedtoolcache/Python/3.9.20/x64/lib/python3.9/json/__init__.py", line 346, in loads
    return _default_decoder.decode(s)
  File "/opt/hostedtoolcache/Python/3.9.20/x64/lib/python3.9/json/decoder.py", line 337, in decode
    obj, end = self.raw_decode(s, idx=_w(s, 0).end())
  File "/opt/hostedtoolcache/Python/3.9.20/x64/lib/python3.9/json/decoder.py", line 355, in raw_decode
    raise JSONDecodeError("Expecting value", s, err.value) from None
json.decoder.JSONDecodeError: Expecting value: line 1 column 1 (char 0)

During handling of the above exception, another exception occurred:

Traceback (most recent call last):
  File "<string>", line 215, in main
  File "/opt/hostedtoolcache/Python/3.9.20/x64/lib/python3.9/concurrent/futures/_base.py", line 609, in result_iterator
    yield fs.pop().result()
  File "/opt/hostedtoolcache/Python/3.9.20/x64/lib/python3.9/concurrent/futures/_base.py", line 446, in result
    return self.__get_result()
  File "/opt/hostedtoolcache/Python/3.9.20/x64/lib/python3.9/concurrent/futures/_base.py", line 391, in __get_result
    raise self._exception
  File "/opt/hostedtoolcache/Python/3.9.20/x64/lib/python3.9/concurrent/futures/thread.py", line 58, in run
    result = self.fn(*self.args, **self.kwargs)
  File "<string>", line 173, in multithread_scrape_player_aux
  File "/opt/hostedtoolcache/Python/3.9.20/x64/lib/python3.9/site-packages/requests/models.py", line 975, in json
    raise RequestsJSONDecodeError(e.msg, e.doc, e.pos)
requests.exceptions.JSONDecodeError: Expecting value: line 1 column 1 (char 0)
