[00:28:27.050] INFO - Eliminando anteriores archivos (data/, players/)
[00:28:27.067] INFO - API endpoint https://api.laligafantasymarca.com/api/v3/player
[00:28:27.067] INFO - API endpoint market-values https://api.laligafantasymarca.com/api/v3/player/ID_JUGADOR/market-value
[00:28:27.502] ERROR - Jugador 54 [NO ENCONTRADO]
[00:28:27.506] ERROR - Jugador 57 [NO ENCONTRADO]
[00:28:27.527] ERROR - Jugador 52 [NO ENCONTRADO]
[00:28:27.840] ERROR - Jugador 61 [out_of_league]
[00:28:27.852] ERROR - Jugador 60 [NO ENCONTRADO]
[00:28:27.893] INFO - Escribiendo historial market-value del jugador 59 (211 values)
[00:28:27.894] INFO - Jugador 59 almacenado correctamente
[00:28:27.911] INFO - Escribiendo historial market-value del jugador 55 (211 values)
[00:28:27.916] INFO - Jugador 55 almacenado correctamente
[00:28:27.923] INFO - Escribiendo historial market-value del jugador 53 (211 values)
[00:28:27.926] INFO - Jugador 53 almacenado correctamente
[00:28:27.930] INFO - Escribiendo historial market-value del jugador 56 (211 values)
[00:28:27.933] INFO - Jugador 56 almacenado correctamente
[00:28:27.938] INFO - Escribiendo historial market-value del jugador 58 (211 values)
[00:28:27.942] INFO - Jugador 58 almacenado correctamente
[00:28:28.146] ERROR - Jugador 63 [NO ENCONTRADO]
[00:28:28.157] ERROR - Jugador 64 [NO ENCONTRADO]
[00:28:28.262] INFO - Escribiendo historial market-value del jugador 62 (211 values)
[00:28:28.267] INFO - Jugador 62 almacenado correctamente
[00:28:28.272] ERROR - Jugador 66 [NO ENCONTRADO]
[00:28:28.299] ERROR - Jugador 69 [NO ENCONTRADO]
[00:28:28.439] ERROR - Jugador 70 [NO ENCONTRADO]
[00:28:28.470] ERROR - Jugador 71 [out_of_league]
[00:28:28.542] INFO - Escribiendo historial market-value del jugador 65 (211 values)
[00:28:28.546] INFO - Jugador 65 almacenado correctamente
[00:28:28.636] INFO - Escribiendo historial market-value del jugador 67 (211 values)
[00:28:28.641] INFO - Jugador 67 almacenado correctamente
[00:28:28.657] INFO - Escribiendo historial market-value del jugador 68 (211 values)
[00:28:28.663] INFO - Jugador 68 almacenado correctamente
[00:28:28.765] ERROR - Jugador 76 [NO ENCONTRADO]
[00:28:28.938] INFO - Escribiendo historial market-value del jugador 73 (204 values)
[00:28:28.941] INFO - Jugador 73 almacenado correctamente
[00:28:28.983] INFO - Escribiendo historial market-value del jugador 72 (204 values)
[00:28:28.986] INFO - Jugador 72 almacenado correctamente
[00:28:28.999] ERROR - Jugador 79 [out_of_league]
[00:28:29.007] INFO - Escribiendo historial market-value del jugador 74 (211 values)
[00:28:29.009] INFO - Jugador 74 almacenado correctamente
[00:28:29.090] INFO - Escribiendo historial market-value del jugador 75 (159 values)
[00:28:29.093] INFO - Jugador 75 almacenado correctamente
[00:28:29.177] INFO - Escribiendo historial market-value del jugador 77 (211 values)
[00:28:29.178] INFO - Jugador 77 almacenado correctamente
[00:28:29.324] ERROR - Jugador 83 [NO ENCONTRADO]
[00:28:29.335] ERROR - Jugador 84 [out_of_league]
[00:28:29.339] INFO - Escribiendo historial market-value del jugador 78 (183 values)
[00:28:29.342] INFO - Jugador 78 almacenado correctamente
[00:28:29.413] ERROR - Jugador 85 [NO ENCONTRADO]
[00:28:29.426] INFO - Escribiendo historial market-value del jugador 80 (211 values)
[00:28:29.430] INFO - Jugador 80 almacenado correctamente
[00:28:29.579] INFO - Escribiendo historial market-value del jugador 81 (211 values)
[00:28:29.582] INFO - Jugador 81 almacenado correctamente
[00:28:29.624] ERROR - Jugador 87 [NO ENCONTRADO]
[00:28:29.657] ERROR - Jugador 88 [NO ENCONTRADO]
[00:28:29.661] ERROR - Jugador 89 [NO ENCONTRADO]
[00:28:29.681] INFO - Escribiendo historial market-value del jugador 82 (211 values)
[00:28:29.684] INFO - Jugador 82 almacenado correctamente
[00:28:29.839] INFO - Escribiendo historial market-value del jugador 86 (204 values)
[00:28:29.842] INFO - Jugador 86 almacenado correctamente
[00:28:29.971] ERROR - Jugador 94 [out_of_league]
[00:28:29.978] ERROR - Jugador 95 [out_of_league]
[00:28:29.987] ERROR - Jugador 96 [NO ENCONTRADO]
[00:28:30.107] INFO - Escribiendo historial market-value del jugador 90 (204 values)
[00:28:30.112] INFO - Jugador 90 almacenado correctamente
[00:28:30.119] INFO - Escribiendo historial market-value del jugador 91 (211 values)
[00:28:30.124] INFO - Jugador 91 almacenado correctamente
[00:28:30.266] INFO - Escribiendo historial market-value del jugador 93 (211 values)
[00:28:30.268] INFO - Jugador 93 almacenado correctamente
[00:28:30.277] INFO - Escribiendo historial market-value del jugador 92 (211 values)
[00:28:30.281] INFO - Jugador 92 almacenado correctamente
[00:28:30.304] ERROR - Jugador 100 [NO ENCONTRADO]
[00:28:30.314] ERROR - Jugador 98 [out_of_league]
[00:28:30.337] ERROR - Jugador 99 [out_of_league]
[00:28:30.431] ERROR - Jugador 101 [NO ENCONTRADO]
[00:28:30.475] ERROR - Jugador 102 [out_of_league]
[00:28:30.488] INFO - Escribiendo historial market-value del jugador 97 (181 values)
[00:28:30.490] INFO - Jugador 97 almacenado correctamente
[00:28:30.565] ERROR - Jugador 103 [NO ENCONTRADO]
[00:28:30.596] ERROR - Jugador 104 [NO ENCONTRADO]
[00:28:30.610] ERROR - Jugador 105 [NO ENCONTRADO]
[00:28:30.632] ERROR - Jugador 106 [NO ENCONTRADO]
[00:28:30.650] ERROR - Jugador 107 [out_of_league]
[00:28:30.722] ERROR - Jugador 108 [NO ENCONTRADO]
[00:28:30.776] ERROR - Jugador 109 [out_of_league]
[00:28:30.785] ERROR - Jugador 110 [NO ENCONTRADO]
[00:28:30.862] ERROR - Jugador 111 [out_of_league]
[00:28:30.895] ERROR - Jugador 112 [out_of_league]
[00:28:30.921] ERROR - Jugador 113 [NO ENCONTRADO]
[00:28:30.953] ERROR - Jugador 114 [out_of_league]
[00:28:30.972] ERROR - Jugador 115 [out_of_league]
[00:28:31.023] ERROR - Jugador 116 [NO ENCONTRADO]
[00:28:31.080] ERROR - Jugador 117 [NO ENCONTRADO]
[00:28:31.172] ERROR - Jugador 119 [out_of_league]
[00:28:31.184] ERROR - Jugador 120 [NO ENCONTRADO]
[00:28:31.259] ERROR - Jugador 122 [out_of_league]
[00:28:31.276] ERROR - Jugador 123 [NO ENCONTRADO]
[00:28:31.353] ERROR - Jugador 124 [out_of_league]
[00:28:31.380] ERROR - Jugador 125 [out_of_league]
[00:28:31.437] INFO - Escribiendo historial market-value del jugador 118 (211 values)
[00:28:31.441] INFO - Jugador 118 almacenado correctamente
[00:28:31.474] ERROR - Jugador 126 [NO ENCONTRADO]
[00:28:31.563] INFO - Escribiendo historial market-value del jugador 121 (163 values)
[00:28:31.565] INFO - Jugador 121 almacenado correctamente
[00:28:31.578] ERROR - Jugador 128 [out_of_league]
[00:28:31.591] ERROR - Jugador 129 [NO ENCONTRADO]
[00:28:31.654] ERROR - Jugador 130 [NO ENCONTRADO]
[00:28:31.687] ERROR - Jugador 131 [out_of_league]
[00:28:31.750] ERROR - Jugador 132 [out_of_league]
[00:28:31.799] ERROR - Jugador 133 [out_of_league]
[00:28:31.811] INFO - Escribiendo historial market-value del jugador 127 (211 values)
[00:28:31.813] INFO - Jugador 127 almacenado correctamente
[00:28:31.864] ERROR - Jugador 134 [NO ENCONTRADO]
[00:28:31.896] ERROR - Jugador 135 [out_of_league]
[00:28:31.927] ERROR - Jugador 136 [out_of_league]
[00:28:31.945] ERROR - Jugador 137 [NO ENCONTRADO]
[00:28:31.998] ERROR - Jugador 138 [out_of_league]
[00:28:32.036] ERROR - Jugador 139 [NO ENCONTRADO]
[00:28:32.114] ERROR - Jugador 141 [NO ENCONTRADO]
[00:28:32.160] ERROR - Jugador 142 [NO ENCONTRADO]
[00:28:32.214] ERROR - Jugador 143 [out_of_league]
[00:28:32.229] ERROR - Jugador 144 [NO ENCONTRADO]
[00:28:32.250] ERROR - Jugador 145 [NO ENCONTRADO]
[00:28:32.331] ERROR - Jugador 147 [out_of_league]
[00:28:32.455] ERROR - Jugador 149 [NO ENCONTRADO]
[00:28:32.492] INFO - Escribiendo historial market-value del jugador 140 (211 values)
[00:28:32.495] INFO - Jugador 140 almacenado correctamente
[00:28:32.534] ERROR - Jugador 151 [NO ENCONTRADO]
[00:28:32.548] ERROR - Jugador 152 [NO ENCONTRADO]
[00:28:32.641] ERROR - Jugador 153 [NO ENCONTRADO]
[00:28:32.652] INFO - Escribiendo historial market-value del jugador 146 (190 values)
[00:28:32.657] INFO - Jugador 146 almacenado correctamente
[00:28:32.762] ERROR - Jugador 154 [NO ENCONTRADO]
[00:28:32.772] INFO - Escribiendo historial market-value del jugador 148 (211 values)
[00:28:32.775] INFO - Jugador 148 almacenado correctamente
[00:28:32.782] ERROR - Jugador 155 [NO ENCONTRADO]
[00:28:32.839] ERROR - Jugador 156 [NO ENCONTRADO]
[00:28:32.859] ERROR - Jugador 157 [NO ENCONTRADO]
[00:28:32.874] INFO - Escribiendo historial market-value del jugador 150 (211 values)
[00:28:32.879] INFO - Jugador 150 almacenado correctamente
[00:28:32.946] ERROR - Jugador 158 [NO ENCONTRADO]
[00:28:33.093] ERROR - Jugador 162 [NO ENCONTRADO]
[00:28:33.105] ERROR - Jugador 161 [NO ENCONTRADO]
[00:28:33.128] ERROR - Jugador 163 [NO ENCONTRADO]
[00:28:33.166] ERROR - Jugador 164 [NO ENCONTRADO]
[00:28:33.173] ERROR - Jugador 165 [NO ENCONTRADO]
[00:28:33.349] INFO - Escribiendo historial market-value del jugador 159 (211 values)
[00:28:33.352] INFO - Jugador 159 almacenado correctamente
[00:28:33.411] ERROR - Jugador 167 [NO ENCONTRADO]
[00:28:33.421] ERROR - Jugador 168 [NO ENCONTRADO]
[00:28:33.443] INFO - Escribiendo historial market-value del jugador 160 (157 values)
[00:28:33.447] INFO - Jugador 160 almacenado correctamente
[00:28:33.454] ERROR - Jugador 169 [NO ENCONTRADO]
[00:28:33.476] ERROR - Jugador 170 [NO ENCONTRADO]
[00:28:33.485] ERROR - Jugador 171 [NO ENCONTRADO]
[00:28:33.580] INFO - Escribiendo historial market-value del jugador 166 (211 values)
[00:28:33.585] INFO - Jugador 166 almacenado correctamente
[00:28:33.648] ERROR - Jugador 172 [NO ENCONTRADO]
[00:28:33.718] ERROR - Jugador 173 [NO ENCONTRADO]
[00:28:33.727] ERROR - Jugador 174 [NO ENCONTRADO]
[00:28:33.755] ERROR - Jugador 175 [NO ENCONTRADO]
[00:28:33.789] ERROR - Jugador 177 [NO ENCONTRADO]
[00:28:33.794] ERROR - Jugador 176 [NO ENCONTRADO]
[00:28:33.801] ERROR - Jugador 178 [NO ENCONTRADO]
[00:28:33.921] ERROR - Jugador 179 [out_of_league]
[00:28:33.957] ERROR - Jugador 180 [NO ENCONTRADO]
[00:28:34.032] ERROR - Jugador 181 [NO ENCONTRADO]
[00:28:34.035] ERROR - Jugador 182 [NO ENCONTRADO]
[00:28:34.053] ERROR - Jugador 183 [NO ENCONTRADO]
[00:28:34.115] ERROR - Jugador 186 [NO ENCONTRADO]
[00:28:34.118] ERROR - Jugador 185 [NO ENCONTRADO]
[00:28:34.250] ERROR - Jugador 188 [NO ENCONTRADO]
[00:28:34.259] ERROR - Jugador 187 [out_of_league]
[00:28:34.348] ERROR - Jugador 190 [out_of_league]
[00:28:34.362] ERROR - Jugador 189 [NO ENCONTRADO]
[00:28:34.381] ERROR - Jugador 191 [NO ENCONTRADO]
[00:28:34.487] INFO - Escribiendo historial market-value del jugador 184 (211 values)
[00:28:34.492] INFO - Jugador 184 almacenado correctamente
[00:28:34.551] ERROR - Jugador 194 [NO ENCONTRADO]
[00:28:34.563] ERROR - Jugador 195 [NO ENCONTRADO]
[00:28:34.653] ERROR - Jugador 196 [NO ENCONTRADO]
[00:28:34.704] ERROR - Jugador 198 [NO ENCONTRADO]
[00:28:34.748] INFO - Escribiendo historial market-value del jugador 193 (164 values)
[00:28:34.749] INFO - Jugador 193 almacenado correctamente
[00:28:34.795] ERROR - Jugador 199 [NO ENCONTRADO]
[00:28:34.815] INFO - Escribiendo historial market-value del jugador 192 (211 values)
[00:28:34.819] INFO - Jugador 192 almacenado correctamente
[00:28:34.872] ERROR - Jugador 201 [out_of_league]
[00:28:34.953] ERROR - Jugador 202 [NO ENCONTRADO]
[00:28:35.017] ERROR - Jugador 203 [NO ENCONTRADO]
[00:28:35.024] INFO - Escribiendo historial market-value del jugador 197 (211 values)
[00:28:35.027] INFO - Jugador 197 almacenado correctamente
[00:28:35.090] ERROR - Jugador 205 [NO ENCONTRADO]
[00:28:35.109] ERROR - Jugador 206 [NO ENCONTRADO]
[00:28:35.171] ERROR - Jugador 207 [out_of_league]
[00:28:35.201] INFO - Escribiendo historial market-value del jugador 200 (211 values)
[00:28:35.206] INFO - Jugador 200 almacenado correctamente
[00:28:35.244] ERROR - Jugador 208 [NO ENCONTRADO]
[00:28:35.318] ERROR - Jugador 209 [NO ENCONTRADO]
[00:28:35.328] ERROR - Jugador 210 [NO ENCONTRADO]
[00:28:35.423] INFO - Escribiendo historial market-value del jugador 204 (211 values)
[00:28:35.427] ERROR - Jugador 211 [out_of_league]
[00:28:35.432] INFO - Jugador 204 almacenado correctamente
[00:28:35.433] ERROR - Jugador 212 [out_of_league]
[00:28:35.477] ERROR - Jugador 213 [out_of_league]
[00:28:35.509] ERROR - Jugador 214 [NO ENCONTRADO]
[00:28:35.542] ERROR - Jugador 215 [out_of_league]
[00:28:35.639] ERROR - Jugador 216 [out_of_league]
[00:28:35.762] ERROR - Jugador 220 [NO ENCONTRADO]
[00:28:35.763] ERROR - Jugador 219 [NO ENCONTRADO]
[00:28:35.789] ERROR - Jugador 221 [NO ENCONTRADO]
[00:28:35.794] ERROR - Jugador 218 [out_of_league]
[00:28:35.832] ERROR - Jugador 223 [NO ENCONTRADO]
[00:28:35.937] ERROR - Jugador 224 [out_of_league]
[00:28:36.019] INFO - Escribiendo historial market-value del jugador 217 (211 values)
[00:28:36.022] INFO - Jugador 217 almacenado correctamente
[00:28:36.076] ERROR - Jugador 225 [NO ENCONTRADO]
[00:28:36.098] ERROR - Jugador 226 [out_of_league]
[00:28:36.121] ERROR - Jugador 227 [NO ENCONTRADO]
[00:28:36.141] ERROR - Jugador 229 [NO ENCONTRADO]
[00:28:36.153] INFO - Escribiendo historial market-value del jugador 222 (211 values)
[00:28:36.156] INFO - Jugador 222 almacenado correctamente
[00:28:36.374] ERROR - Jugador 232 [out_of_league]
[00:28:36.392] ERROR - Jugador 233 [NO ENCONTRADO]
[00:28:36.427] ERROR - Jugador 234 [NO ENCONTRADO]
[00:28:36.450] ERROR - Jugador 235 [out_of_league]
[00:28:36.518] INFO - Escribiendo historial market-value del jugador 228 (211 values)
[00:28:36.523] INFO - Jugador 228 almacenado correctamente
[00:28:36.558] INFO - Escribiendo historial market-value del jugador 230 (211 values)
[00:28:36.559] INFO - Jugador 230 almacenado correctamente
[00:28:36.669] INFO - Escribiendo historial market-value del jugador 231 (211 values)
[00:28:36.671] INFO - Jugador 231 almacenado correctamente
[00:28:36.675] ERROR - Jugador 237 [NO ENCONTRADO]
[00:28:36.731] ERROR - Jugador 239 [NO ENCONTRADO]
[00:28:36.821] ERROR - Jugador 241 [NO ENCONTRADO]
[00:28:36.864] INFO - Escribiendo historial market-value del jugador 236 (165 values)
[00:28:36.867] ERROR - Jugador 242 [out_of_league]
[00:28:36.869] INFO - Jugador 236 almacenado correctamente
[00:28:36.991] ERROR - Jugador 244 [out_of_league]
[00:28:37.043] INFO - Escribiendo historial market-value del jugador 238 (180 values)
[00:28:37.046] INFO - Jugador 238 almacenado correctamente
[00:28:37.107] INFO - Escribiendo historial market-value del jugador 240 (211 values)
[00:28:37.110] INFO - Jugador 240 almacenado correctamente
[00:28:37.294] ERROR - Jugador 249 [NO ENCONTRADO]
[00:28:37.369] INFO - Escribiendo historial market-value del jugador 243 (211 values)
[00:28:37.372] INFO - Jugador 243 almacenado correctamente
[00:28:37.377] ERROR - Jugador 250 [out_of_league]
[00:28:37.404] INFO - Escribiendo historial market-value del jugador 245 (211 values)
[00:28:37.408] INFO - Jugador 245 almacenado correctamente
[00:28:37.416] ERROR - Jugador 251 [NO ENCONTRADO]
[00:28:37.463] INFO - Escribiendo historial market-value del jugador 246 (211 values)
[00:28:37.468] INFO - Jugador 246 almacenado correctamente
[00:28:37.539] INFO - Escribiendo historial market-value del jugador 248 (152 values)
[00:28:37.541] INFO - Jugador 248 almacenado correctamente
[00:28:37.548] INFO - Escribiendo historial market-value del jugador 247 (211 values)
[00:28:37.551] INFO - Jugador 247 almacenado correctamente
[00:28:37.587] ERROR - Jugador 252 [NO ENCONTRADO]
[00:28:37.680] ERROR - Jugador 253 [NO ENCONTRADO]
[00:28:37.684] ERROR - Jugador 254 [NO ENCONTRADO]
[00:28:37.726] ERROR - Jugador 256 [NO ENCONTRADO]
[00:28:37.992] ERROR - Jugador 262 [NO ENCONTRADO]
[00:28:37.997] ERROR - Jugador 261 [NO ENCONTRADO]
[00:28:38.017] ERROR - Jugador 263 [NO ENCONTRADO]
[00:28:38.084] INFO - Escribiendo historial market-value del jugador 255 (211 values)
[00:28:38.088] INFO - Jugador 255 almacenado correctamente
[00:28:38.117] INFO - Escribiendo historial market-value del jugador 257 (211 values)
[00:28:38.121] INFO - Jugador 257 almacenado correctamente
[00:28:38.181] INFO - Escribiendo historial market-value del jugador 258 (197 values)
[00:28:38.184] INFO - Jugador 258 almacenado correctamente
[00:28:38.229] INFO - Escribiendo historial market-value del jugador 259 (211 values)
[00:28:38.231] INFO - Jugador 259 almacenado correctamente
[00:28:38.258] INFO - Escribiendo historial market-value del jugador 260 (211 values)
[00:28:38.261] INFO - Jugador 260 almacenado correctamente
[00:28:38.343] ERROR - Jugador 266 [out_of_league]
[00:28:38.380] ERROR - Jugador 267 [NO ENCONTRADO]
[00:28:38.492] ERROR - Jugador 269 [out_of_league]
[00:28:38.653] ERROR - Jugador 272 [NO ENCONTRADO]
[00:28:38.658] INFO - Escribiendo historial market-value del jugador 264 (211 values)
[00:28:38.661] INFO - Jugador 264 almacenado correctamente
[00:28:38.682] ERROR - Jugador 273 [NO ENCONTRADO]
[00:28:38.712] INFO - Escribiendo historial market-value del jugador 265 (211 values)
[00:28:38.715] INFO - Jugador 265 almacenado correctamente
[00:28:38.760] INFO - Escribiendo historial market-value del jugador 268 (158 values)
[00:28:38.763] INFO - Jugador 268 almacenado correctamente
[00:28:38.892] INFO - Escribiendo historial market-value del jugador 270 (197 values)
[00:28:38.895] INFO - Jugador 270 almacenado correctamente
[00:28:38.960] INFO - Escribiendo historial market-value del jugador 271 (211 values)
[00:28:38.963] INFO - Jugador 271 almacenado correctamente
[00:28:38.977] ERROR - Jugador 276 [NO ENCONTRADO]
[00:28:38.990] ERROR - Jugador 277 [NO ENCONTRADO]
[00:28:39.057] ERROR - Jugador 279 [NO ENCONTRADO]
[00:28:39.136] INFO - Escribiendo historial market-value del jugador 274 (211 values)
[00:28:39.139] INFO - Jugador 274 almacenado correctamente
[00:28:39.188] ERROR - Jugador 280 [NO ENCONTRADO]
[00:28:39.275] ERROR - Jugador 281 [NO ENCONTRADO]
[00:28:39.296] ERROR - Jugador 283 [out_of_league]
[00:28:39.302] ERROR - Jugador 282 [NO ENCONTRADO]
[00:28:39.429] ERROR - Jugador 285 [NO ENCONTRADO]
[00:28:39.482] ERROR - Jugador 286 [NO ENCONTRADO]
[00:28:39.568] ERROR - Jugador 287 [NO ENCONTRADO]
[00:28:39.609] ERROR - Jugador 289 [NO ENCONTRADO]
[00:28:39.619] ERROR - Jugador 288 [NO ENCONTRADO]
[00:28:39.682] INFO - Escribiendo historial market-value del jugador 284 (204 values)
[00:28:39.684] INFO - Jugador 284 almacenado correctamente
[00:28:39.726] ERROR - Jugador 290 [NO ENCONTRADO]
[00:28:39.774] ERROR - Jugador 291 [NO ENCONTRADO]
[00:28:39.865] ERROR - Jugador 292 [NO ENCONTRADO]
[00:28:39.925] ERROR - Jugador 293 [out_of_league]
[00:28:39.983] ERROR - Jugador 295 [NO ENCONTRADO]
[00:28:40.063] ERROR - Jugador 297 [NO ENCONTRADO]
[00:28:40.226] ERROR - Jugador 299 [out_of_league]
[00:28:40.268] INFO - Escribiendo historial market-value del jugador 294 (183 values)
[00:28:40.271] INFO - Jugador 294 almacenado correctamente
[00:28:40.359] INFO - Escribiendo historial market-value del jugador 296 (211 values)
[00:28:40.362] INFO - Jugador 296 almacenado correctamente
[00:28:40.557] INFO - Escribiendo historial market-value del jugador 298 (211 values)
[00:28:40.560] ERROR - Jugador 303 [NO ENCONTRADO]
[00:28:40.560] INFO - Jugador 298 almacenado correctamente
[00:28:40.651] INFO - Escribiendo historial market-value del jugador 300 (211 values)
[00:28:40.654] INFO - Jugador 300 almacenado correctamente
[00:28:40.675] ERROR - Jugador 304 [out_of_league]
[00:28:40.743] INFO - Escribiendo historial market-value del jugador 301 (211 values)
[00:28:40.746] INFO - Jugador 301 almacenado correctamente
[00:28:40.898] INFO - Escribiendo historial market-value del jugador 302 (211 values)
[00:28:40.900] INFO - Jugador 302 almacenado correctamente
[00:28:40.906] ERROR - Jugador 305 [out_of_league]
[00:28:40.976] ERROR - Jugador 308 [out_of_league]
[00:28:41.050] ERROR - Jugador 309 [out_of_league]
[00:28:41.222] INFO - Escribiendo historial market-value del jugador 306 (17 values)
[00:28:41.223] INFO - Jugador 306 almacenado correctamente
[00:28:41.232] ERROR - Jugador 311 [out_of_league]
[00:28:41.299] ERROR - Jugador 312 [out_of_league]
[00:28:41.305] INFO - Escribiendo historial market-value del jugador 307 (211 values)
[00:28:41.306] INFO - Jugador 307 almacenado correctamente
[00:28:41.370] ERROR - Jugador 313 [out_of_league]
[00:28:41.522] ERROR - Jugador 314 [NO ENCONTRADO]
[00:28:41.532] ERROR - Jugador 315 [NO ENCONTRADO]
[00:28:41.617] ERROR - Jugador 316 [NO ENCONTRADO]
[00:28:41.621] ERROR - Jugador 317 [out_of_league]
[00:28:41.642] INFO - Escribiendo historial market-value del jugador 310 (211 values)
[00:28:41.646] INFO - Jugador 310 almacenado correctamente
[00:28:41.665] ERROR - Jugador 318 [NO ENCONTRADO]
[00:28:41.828] ERROR - Jugador 319 [out_of_league]
[00:28:41.839] ERROR - Jugador 320 [NO ENCONTRADO]
[00:28:41.932] ERROR - Jugador 321 [NO ENCONTRADO]
[00:28:41.940] ERROR - Jugador 322 [NO ENCONTRADO]
[00:28:41.963] ERROR - Jugador 323 [NO ENCONTRADO]
[00:28:41.976] ERROR - Jugador 324 [NO ENCONTRADO]
[00:28:42.137] ERROR - Jugador 325 [NO ENCONTRADO]
[00:28:42.149] ERROR - Jugador 326 [NO ENCONTRADO]
[00:28:42.255] ERROR - Jugador 328 [NO ENCONTRADO]
[00:28:42.258] ERROR - Jugador 327 [NO ENCONTRADO]
[00:28:42.285] ERROR - Jugador 330 [NO ENCONTRADO]
[00:28:42.290] ERROR - Jugador 329 [NO ENCONTRADO]
[00:28:42.447] ERROR - Jugador 331 [NO ENCONTRADO]
[00:28:42.448] ERROR - Jugador 332 [NO ENCONTRADO]
[00:28:42.577] ERROR - Jugador 333 [NO ENCONTRADO]
[00:28:42.597] ERROR - Jugador 334 [out_of_league]
[00:28:42.601] ERROR - Jugador 336 [NO ENCONTRADO]
[00:28:42.614] ERROR - Jugador 335 [NO ENCONTRADO]
[00:28:42.752] ERROR - Jugador 338 [NO ENCONTRADO]
[00:28:42.757] ERROR - Jugador 337 [NO ENCONTRADO]
[00:28:42.872] ERROR - Jugador 339 [out_of_league]
[00:28:42.924] ERROR - Jugador 342 [NO ENCONTRADO]
[00:28:42.926] ERROR - Jugador 340 [NO ENCONTRADO]
[00:28:43.064] ERROR - Jugador 343 [out_of_league]
[00:28:43.169] ERROR - Jugador 345 [NO ENCONTRADO]
[00:28:43.245] ERROR - Jugador 346 [out_of_league]
[00:28:43.256] ERROR - Jugador 347 [NO ENCONTRADO]
[00:28:43.257] INFO - Escribiendo historial market-value del jugador 341 (197 values)
[00:28:43.264] INFO - Jugador 341 almacenado correctamente
[00:28:43.468] ERROR - Jugador 349 [NO ENCONTRADO]
[00:28:43.567] ERROR - Jugador 351 [NO ENCONTRADO]
[00:28:43.569] ERROR - Jugador 350 [out_of_league]
[00:28:43.573] ERROR - Jugador 352 [NO ENCONTRADO]
[00:28:43.756] INFO - Escribiendo historial market-value del jugador 348 (211 values)
[00:28:43.759] INFO - Jugador 348 almacenado correctamente
[00:28:43.764] ERROR - Jugador 353 [out_of_league]
[00:28:43.887] ERROR - Jugador 354 [NO ENCONTRADO]
[00:28:43.893] ERROR - Jugador 355 [NO ENCONTRADO]
[00:28:44.076] ERROR - Jugador 357 [out_of_league]
[00:28:44.078] ERROR - Jugador 358 [NO ENCONTRADO]
[00:28:44.188] ERROR - Jugador 359 [NO ENCONTRADO]
[00:28:44.229] INFO - Escribiendo historial market-value del jugador 356 (211 values)
[00:28:44.232] INFO - Jugador 356 almacenado correctamente
[00:28:44.379] ERROR - Jugador 361 [NO ENCONTRADO]
[00:28:44.388] ERROR - Jugador 362 [out_of_league]
[00:28:44.483] ERROR - Jugador 363 [NO ENCONTRADO]
[00:28:44.540] ERROR - Jugador 364 [NO ENCONTRADO]
[00:28:44.562] INFO - Escribiendo historial market-value del jugador 360 (211 values)
[00:28:44.564] INFO - Jugador 360 almacenado correctamente
[00:28:44.706] ERROR - Jugador 366 [out_of_league]
[00:28:44.779] ERROR - Jugador 367 [out_of_league]
[00:28:44.835] ERROR - Jugador 368 [out_of_league]
[00:28:44.883] ERROR - Jugador 369 [out_of_league]
[00:28:45.008] ERROR - Jugador 370 [NO ENCONTRADO]
[00:28:45.039] INFO - Escribiendo historial market-value del jugador 365 (211 values)
[00:28:45.042] INFO - Jugador 365 almacenado correctamente
[00:28:45.080] ERROR - Jugador 371 [out_of_league]
[00:28:45.130] ERROR - Jugador 372 [NO ENCONTRADO]
[00:28:45.178] ERROR - Jugador 373 [NO ENCONTRADO]
[00:28:45.298] ERROR - Jugador 374 [out_of_league]
[00:28:45.340] ERROR - Jugador 375 [NO ENCONTRADO]
[00:28:45.387] ERROR - Jugador 376 [NO ENCONTRADO]
[00:28:45.418] ERROR - Jugador 377 [NO ENCONTRADO]
[00:28:45.470] ERROR - Jugador 378 [out_of_league]
[00:28:45.588] ERROR - Jugador 379 [NO ENCONTRADO]
[00:28:45.636] ERROR - Jugador 380 [NO ENCONTRADO]
[00:28:45.691] ERROR - Jugador 381 [NO ENCONTRADO]
[00:28:45.713] ERROR - Jugador 382 [NO ENCONTRADO]
[00:28:45.762] ERROR - Jugador 383 [NO ENCONTRADO]
[00:28:45.878] ERROR - Jugador 384 [NO ENCONTRADO]
[00:28:45.928] ERROR - Jugador 385 [NO ENCONTRADO]
[00:28:45.987] ERROR - Jugador 386 [NO ENCONTRADO]
[00:28:46.021] ERROR - Jugador 387 [out_of_league]
[00:28:46.061] ERROR - Jugador 388 [NO ENCONTRADO]
[00:28:46.171] ERROR - Jugador 389 [NO ENCONTRADO]
[00:28:46.226] ERROR - Jugador 390 [NO ENCONTRADO]
[00:28:46.279] ERROR - Jugador 391 [NO ENCONTRADO]
[00:28:46.321] ERROR - Jugador 392 [NO ENCONTRADO]
[00:28:46.347] ERROR - Jugador 393 [NO ENCONTRADO]
[00:28:46.460] ERROR - Jugador 394 [NO ENCONTRADO]
[00:28:46.517] ERROR - Jugador 395 [NO ENCONTRADO]
[00:28:46.578] ERROR - Jugador 396 [NO ENCONTRADO]
[00:28:46.623] ERROR - Jugador 397 [NO ENCONTRADO]
[00:28:46.646] ERROR - Jugador 398 [NO ENCONTRADO]
[00:28:46.761] ERROR - Jugador 399 [NO ENCONTRADO]
[00:28:46.820] ERROR - Jugador 400 [NO ENCONTRADO]
[00:28:46.865] ERROR - Jugador 401 [NO ENCONTRADO]
[00:28:46.918] ERROR - Jugador 402 [NO ENCONTRADO]
[00:28:46.952] ERROR - Jugador 403 [NO ENCONTRADO]
[00:28:47.066] ERROR - Jugador 404 [NO ENCONTRADO]
[00:28:47.128] ERROR - Jugador 405 [NO ENCONTRADO]
[00:28:47.157] ERROR - Jugador 406 [NO ENCONTRADO]
[00:28:47.208] ERROR - Jugador 407 [NO ENCONTRADO]
[00:28:47.242] ERROR - Jugador 408 [NO ENCONTRADO]
[00:28:47.354] ERROR - Jugador 409 [NO ENCONTRADO]
[00:28:47.419] ERROR - Jugador 410 [NO ENCONTRADO]
[00:28:47.454] ERROR - Jugador 411 [NO ENCONTRADO]
[00:28:47.498] ERROR - Jugador 412 [NO ENCONTRADO]
[00:28:47.530] ERROR - Jugador 413 [NO ENCONTRADO]
[00:28:47.654] ERROR - Jugador 414 [NO ENCONTRADO]
[00:28:47.746] ERROR - Jugador 416 [NO ENCONTRADO]
[00:28:47.789] ERROR - Jugador 417 [NO ENCONTRADO]
[00:28:47.826] ERROR - Jugador 418 [NO ENCONTRADO]
[00:28:47.944] ERROR - Jugador 419 [NO ENCONTRADO]
[00:28:48.055] ERROR - Jugador 420 [NO ENCONTRADO]
[00:28:48.062] INFO - Escribiendo historial market-value del jugador 415 (211 values)
[00:28:48.065] INFO - Jugador 415 almacenado correctamente
[00:28:48.077] ERROR - Jugador 421 [NO ENCONTRADO]
[00:28:48.118] ERROR - Jugador 422 [NO ENCONTRADO]
[00:28:48.252] ERROR - Jugador 423 [NO ENCONTRADO]
[00:28:48.354] ERROR - Jugador 424 [NO ENCONTRADO]
[00:28:48.376] ERROR - Jugador 425 [NO ENCONTRADO]
[00:28:48.390] ERROR - Jugador 426 [NO ENCONTRADO]
[00:28:48.419] ERROR - Jugador 427 [NO ENCONTRADO]
[00:28:48.550] ERROR - Jugador 428 [NO ENCONTRADO]
[00:28:48.654] ERROR - Jugador 429 [NO ENCONTRADO]
[00:28:48.687] ERROR - Jugador 430 [NO ENCONTRADO]
[00:28:48.690] ERROR - Jugador 431 [NO ENCONTRADO]
[00:28:48.719] ERROR - Jugador 432 [NO ENCONTRADO]
[00:28:48.849] ERROR - Jugador 433 [NO ENCONTRADO]
[00:28:48.950] ERROR - Jugador 434 [NO ENCONTRADO]
[00:28:48.997] ERROR - Jugador 436 [NO ENCONTRADO]
[00:28:49.000] ERROR - Jugador 435 [NO ENCONTRADO]
[00:28:49.016] ERROR - Jugador 437 [NO ENCONTRADO]
[00:28:49.140] ERROR - Jugador 438 [NO ENCONTRADO]
[00:28:49.253] ERROR - Jugador 439 [NO ENCONTRADO]
[00:28:49.306] ERROR - Jugador 440 [NO ENCONTRADO]
[00:28:49.313] ERROR - Jugador 441 [NO ENCONTRADO]
[00:28:49.323] ERROR - Jugador 442 [NO ENCONTRADO]
[00:28:49.440] ERROR - Jugador 443 [NO ENCONTRADO]
[00:28:49.542] ERROR - Jugador 444 [NO ENCONTRADO]
[00:28:49.610] ERROR - Jugador 445 [NO ENCONTRADO]
[00:28:49.628] ERROR - Jugador 446 [NO ENCONTRADO]
[00:28:49.631] ERROR - Jugador 447 [NO ENCONTRADO]
[00:28:49.744] ERROR - Jugador 448 [NO ENCONTRADO]
[00:28:49.841] ERROR - Jugador 449 [NO ENCONTRADO]
[00:28:49.916] ERROR - Jugador 450 [NO ENCONTRADO]
[00:28:49.937] ERROR - Jugador 452 [NO ENCONTRADO]
[00:28:49.943] ERROR - Jugador 451 [NO ENCONTRADO]
[00:28:50.046] ERROR - Jugador 453 [NO ENCONTRADO]
[00:28:50.136] ERROR - Jugador 454 [NO ENCONTRADO]
[00:28:50.217] ERROR - Jugador 455 [NO ENCONTRADO]
[00:28:50.246] ERROR - Jugador 457 [NO ENCONTRADO]
[00:28:50.258] ERROR - Jugador 456 [NO ENCONTRADO]
[00:28:50.338] ERROR - Jugador 458 [NO ENCONTRADO]
[00:28:50.429] ERROR - Jugador 459 [NO ENCONTRADO]
[00:28:50.529] ERROR - Jugador 460 [NO ENCONTRADO]
[00:28:50.542] ERROR - Jugador 461 [NO ENCONTRADO]
[00:28:50.559] ERROR - Jugador 462 [NO ENCONTRADO]
[00:28:50.631] ERROR - Jugador 463 [NO ENCONTRADO]
[00:28:50.718] ERROR - Jugador 464 [NO ENCONTRADO]
[00:28:50.832] ERROR - Jugador 465 [NO ENCONTRADO]
[00:28:50.850] ERROR - Jugador 466 [NO ENCONTRADO]
[00:28:50.871] ERROR - Jugador 467 [NO ENCONTRADO]
[00:28:50.926] ERROR - Jugador 468 [NO ENCONTRADO]
[00:28:51.014] ERROR - Jugador 469 [NO ENCONTRADO]
[00:28:51.130] ERROR - Jugador 470 [NO ENCONTRADO]
[00:28:51.147] ERROR - Jugador 471 [NO ENCONTRADO]
[00:28:51.164] ERROR - Jugador 472 [NO ENCONTRADO]
[00:28:51.224] ERROR - Jugador 473 [NO ENCONTRADO]
[00:28:51.305] ERROR - Jugador 474 [NO ENCONTRADO]
[00:28:51.425] ERROR - Jugador 475 [NO ENCONTRADO]
[00:28:51.450] ERROR - Jugador 476 [NO ENCONTRADO]
[00:28:51.457] ERROR - Jugador 477 [NO ENCONTRADO]
[00:28:51.598] ERROR - Jugador 479 [NO ENCONTRADO]
[00:28:51.717] ERROR - Jugador 480 [NO ENCONTRADO]
[00:28:51.752] ERROR - Jugador 481 [NO ENCONTRADO]
[00:28:51.755] ERROR - Jugador 482 [NO ENCONTRADO]
[00:28:51.858] INFO - Escribiendo historial market-value del jugador 478 (211 values)
[00:28:51.862] INFO - Jugador 478 almacenado correctamente
[00:28:51.890] ERROR - Jugador 483 [NO ENCONTRADO]
[00:28:52.016] ERROR - Jugador 484 [NO ENCONTRADO]
[00:28:52.059] ERROR - Jugador 485 [NO ENCONTRADO]
[00:28:52.067] ERROR - Jugador 486 [NO ENCONTRADO]
[00:28:52.155] ERROR - Jugador 487 [NO ENCONTRADO]
[00:28:52.179] ERROR - Jugador 488 [NO ENCONTRADO]
[00:28:52.304] ERROR - Jugador 489 [NO ENCONTRADO]
[00:28:52.360] ERROR - Jugador 490 [NO ENCONTRADO]
[00:28:52.368] ERROR - Jugador 491 [NO ENCONTRADO]
[00:28:52.449] ERROR - Jugador 492 [NO ENCONTRADO]
[00:28:52.472] ERROR - Jugador 493 [NO ENCONTRADO]
[00:28:52.601] ERROR - Jugador 494 [NO ENCONTRADO]
[00:28:52.662] ERROR - Jugador 495 [NO ENCONTRADO]
[00:28:52.673] ERROR - Jugador 496 [NO ENCONTRADO]
[00:28:52.747] ERROR - Jugador 497 [NO ENCONTRADO]
[00:28:52.772] ERROR - Jugador 498 [NO ENCONTRADO]
[00:28:52.899] ERROR - Jugador 499 [NO ENCONTRADO]
[00:28:52.967] ERROR - Jugador 500 [NO ENCONTRADO]
[00:28:52.973] ERROR - Jugador 501 [NO ENCONTRADO]
[00:28:53.034] ERROR - Jugador 502 [NO ENCONTRADO]
[00:28:53.072] ERROR - Jugador 503 [NO ENCONTRADO]
[00:28:53.201] ERROR - Jugador 504 [NO ENCONTRADO]
[00:28:53.275] ERROR - Jugador 506 [NO ENCONTRADO]
[00:28:53.275] ERROR - Jugador 505 [NO ENCONTRADO]
[00:28:53.326] ERROR - Jugador 507 [NO ENCONTRADO]
[00:28:53.363] ERROR - Jugador 508 [NO ENCONTRADO]
[00:28:53.493] ERROR - Jugador 509 [NO ENCONTRADO]
[00:28:53.592] ERROR - Jugador 511 [NO ENCONTRADO]
[00:28:53.598] ERROR - Jugador 510 [NO ENCONTRADO]
[00:28:53.615] ERROR - Jugador 512 [NO ENCONTRADO]
[00:28:53.668] ERROR - Jugador 513 [NO ENCONTRADO]
[00:28:53.795] ERROR - Jugador 514 [NO ENCONTRADO]
[00:28:53.902] ERROR - Jugador 515 [NO ENCONTRADO]
[00:28:53.917] ERROR - Jugador 516 [NO ENCONTRADO]
[00:28:53.920] ERROR - Jugador 517 [NO ENCONTRADO]
[00:28:53.958] ERROR - Jugador 518 [NO ENCONTRADO]
[00:28:54.088] ERROR - Jugador 519 [NO ENCONTRADO]
[00:28:54.215] ERROR - Jugador 520 [NO ENCONTRADO]
[00:28:54.228] ERROR - Jugador 521 [NO ENCONTRADO]
[00:28:54.240] ERROR - Jugador 522 [NO ENCONTRADO]
[00:28:54.256] ERROR - Jugador 523 [NO ENCONTRADO]
[00:28:54.377] ERROR - Jugador 524 [NO ENCONTRADO]
[00:28:54.520] ERROR - Jugador 525 [NO ENCONTRADO]
[00:28:54.543] ERROR - Jugador 526 [NO ENCONTRADO]
[00:28:54.549] ERROR - Jugador 527 [NO ENCONTRADO]
[00:28:54.561] ERROR - Jugador 528 [NO ENCONTRADO]
[00:28:54.671] ERROR - Jugador 529 [NO ENCONTRADO]
[00:28:54.821] ERROR - Jugador 530 [NO ENCONTRADO]
[00:28:54.864] ERROR - Jugador 532 [NO ENCONTRADO]
[00:28:54.870] ERROR - Jugador 531 [NO ENCONTRADO]
[00:28:54.873] ERROR - Jugador 533 [NO ENCONTRADO]
[00:28:54.968] ERROR - Jugador 534 [NO ENCONTRADO]
[00:28:55.111] ERROR - Jugador 535 [NO ENCONTRADO]
[00:28:55.168] ERROR - Jugador 536 [NO ENCONTRADO]
[00:28:55.191] ERROR - Jugador 537 [out_of_league]
[00:28:55.199] ERROR - Jugador 538 [NO ENCONTRADO]
[00:28:55.266] ERROR - Jugador 539 [out_of_league]
[00:28:55.405] ERROR - Jugador 540 [out_of_league]
[00:28:55.498] ERROR - Jugador 542 [NO ENCONTRADO]
[00:28:55.502] ERROR - Jugador 543 [NO ENCONTRADO]
[00:28:55.697] ERROR - Jugador 545 [NO ENCONTRADO]
[00:28:55.823] ERROR - Jugador 546 [NO ENCONTRADO]
[00:28:55.838] INFO - Escribiendo historial market-value del jugador 541 (200 values)
[00:28:55.840] INFO - Jugador 541 almacenado correctamente
[00:28:55.892] INFO - Escribiendo historial market-value del jugador 544 (211 values)
[00:28:55.895] INFO - Jugador 544 almacenado correctamente
[00:28:55.998] ERROR - Jugador 548 [NO ENCONTRADO]
[00:28:56.124] ERROR - Jugador 549 [NO ENCONTRADO]
[00:28:56.145] ERROR - Jugador 550 [NO ENCONTRADO]
[00:28:56.174] INFO - Escribiendo historial market-value del jugador 547 (189 values)
[00:28:56.175] INFO - Jugador 547 almacenado correctamente
[00:28:56.189] ERROR - Jugador 551 [NO ENCONTRADO]
[00:28:56.302] ERROR - Jugador 552 [NO ENCONTRADO]
[00:28:56.438] ERROR - Jugador 554 [NO ENCONTRADO]
[00:28:56.441] ERROR - Jugador 553 [out_of_league]
[00:28:56.494] ERROR - Jugador 556 [NO ENCONTRADO]
[00:28:56.501] ERROR - Jugador 555 [out_of_league]
[00:28:56.801] ERROR - Jugador 560 [NO ENCONTRADO]
[00:28:56.809] ERROR - Jugador 561 [out_of_league]
[00:28:56.939] INFO - Escribiendo historial market-value del jugador 557 (211 values)
[00:28:56.942] INFO - Jugador 557 almacenado correctamente
[00:28:57.056] INFO - Escribiendo historial market-value del jugador 558 (211 values)
[00:28:57.061] INFO - Jugador 558 almacenado correctamente
[00:28:57.089] INFO - Escribiendo historial market-value del jugador 559 (211 values)
[00:28:57.091] INFO - Jugador 559 almacenado correctamente
[00:28:57.109] ERROR - Jugador 562 [NO ENCONTRADO]
[00:28:57.111] ERROR - Jugador 563 [NO ENCONTRADO]
[00:28:57.259] ERROR - Jugador 564 [out_of_league]
[00:28:57.372] ERROR - Jugador 565 [out_of_league]
[00:28:57.431] ERROR - Jugador 568 [out_of_league]
[00:28:57.552] ERROR - Jugador 569 [NO ENCONTRADO]
[00:28:57.668] ERROR - Jugador 570 [NO ENCONTRADO]
[00:28:57.725] ERROR - Jugador 571 [NO ENCONTRADO]
[00:28:57.788] INFO - Escribiendo historial market-value del jugador 567 (211 values)
[00:28:57.791] INFO - Jugador 567 almacenado correctamente
[00:28:57.796] INFO - Escribiendo historial market-value del jugador 566 (211 values)
[00:28:57.798] INFO - Jugador 566 almacenado correctamente
[00:28:57.850] ERROR - Jugador 572 [NO ENCONTRADO]
[00:28:57.969] ERROR - Jugador 573 [NO ENCONTRADO]
[00:28:58.101] ERROR - Jugador 575 [NO ENCONTRADO]
[00:28:58.112] ERROR - Jugador 576 [out_of_league]
[00:28:58.148] ERROR - Jugador 577 [NO ENCONTRADO]
[00:28:58.269] ERROR - Jugador 578 [NO ENCONTRADO]
[00:28:58.360] INFO - Escribiendo historial market-value del jugador 574 (211 values)
[00:28:58.363] INFO - Jugador 574 almacenado correctamente
[00:28:58.406] ERROR - Jugador 579 [NO ENCONTRADO]
[00:28:58.409] ERROR - Jugador 580 [NO ENCONTRADO]
[00:28:58.558] ERROR - Jugador 582 [NO ENCONTRADO]
[00:28:58.652] ERROR - Jugador 583 [NO ENCONTRADO]
[00:28:58.718] ERROR - Jugador 585 [NO ENCONTRADO]
[00:28:58.723] ERROR - Jugador 584 [NO ENCONTRADO]
[00:28:58.828] INFO - Escribiendo historial market-value del jugador 581 (211 values)
[00:28:58.833] INFO - Jugador 581 almacenado correctamente
[00:28:58.856] ERROR - Jugador 586 [NO ENCONTRADO]
[00:28:58.947] ERROR - Jugador 587 [NO ENCONTRADO]
[00:28:59.034] ERROR - Jugador 589 [NO ENCONTRADO]
[00:28:59.040] ERROR - Jugador 588 [NO ENCONTRADO]
[00:28:59.143] ERROR - Jugador 590 [NO ENCONTRADO]
[00:28:59.154] ERROR - Jugador 591 [NO ENCONTRADO]
[00:28:59.269] ERROR - Jugador 592 [out_of_league]
[00:28:59.346] ERROR - Jugador 594 [NO ENCONTRADO]
[00:28:59.378] ERROR - Jugador 593 [out_of_league]
[00:28:59.445] ERROR - Jugador 595 [NO ENCONTRADO]
[00:28:59.459] ERROR - Jugador 596 [NO ENCONTRADO]
[00:28:59.646] ERROR - Jugador 598 [NO ENCONTRADO]
[00:28:59.669] ERROR - Jugador 599 [NO ENCONTRADO]
[00:28:59.748] ERROR - Jugador 600 [NO ENCONTRADO]
[00:28:59.778] ERROR - Jugador 601 [out_of_league]
[00:28:59.908] INFO - Escribiendo historial market-value del jugador 597 (211 values)
[00:28:59.911] INFO - Jugador 597 almacenado correctamente
[00:28:59.982] ERROR - Jugador 603 [NO ENCONTRADO]
[00:29:00.047] ERROR - Jugador 604 [NO ENCONTRADO]
[00:29:00.074] ERROR - Jugador 605 [NO ENCONTRADO]
[00:29:00.227] ERROR - Jugador 606 [out_of_league]
[00:29:00.273] ERROR - Jugador 607 [NO ENCONTRADO]
[00:29:00.368] INFO - Escribiendo historial market-value del jugador 602 (211 values)
[00:29:00.373] INFO - Jugador 602 almacenado correctamente
[00:29:00.399] ERROR - Jugador 609 [out_of_league]
[00:29:00.520] ERROR - Jugador 610 [NO ENCONTRADO]
[00:29:00.570] ERROR - Jugador 611 [NO ENCONTRADO]
[00:29:00.680] ERROR - Jugador 612 [NO ENCONTRADO]
[00:29:00.717] ERROR - Jugador 613 [NO ENCONTRADO]
[00:29:00.720] INFO - Escribiendo historial market-value del jugador 608 (182 values)
[00:29:00.723] INFO - Jugador 608 almacenado correctamente
[00:29:00.816] ERROR - Jugador 614 [NO ENCONTRADO]
[00:29:00.886] ERROR - Jugador 615 [NO ENCONTRADO]
[00:29:00.981] ERROR - Jugador 616 [NO ENCONTRADO]
[00:29:01.021] ERROR - Jugador 617 [NO ENCONTRADO]
[00:29:01.027] ERROR - Jugador 618 [NO ENCONTRADO]
[00:29:01.111] ERROR - Jugador 619 [NO ENCONTRADO]
[00:29:01.183] ERROR - Jugador 620 [NO ENCONTRADO]
[00:29:01.274] ERROR - Jugador 621 [NO ENCONTRADO]
[00:29:01.329] ERROR - Jugador 622 [NO ENCONTRADO]
[00:29:01.335] ERROR - Jugador 623 [NO ENCONTRADO]
[00:29:01.409] ERROR - Jugador 624 [NO ENCONTRADO]
[00:29:01.482] ERROR - Jugador 625 [NO ENCONTRADO]
[00:29:01.574] ERROR - Jugador 626 [NO ENCONTRADO]
[00:29:01.633] ERROR - Jugador 627 [NO ENCONTRADO]
[00:29:01.636] ERROR - Jugador 628 [NO ENCONTRADO]
[00:29:01.780] ERROR - Jugador 630 [NO ENCONTRADO]
[00:29:01.797] ERROR - Jugador 629 [NO ENCONTRADO]
[00:29:01.875] ERROR - Jugador 631 [NO ENCONTRADO]
[00:29:01.944] ERROR - Jugador 633 [NO ENCONTRADO]
[00:29:01.947] ERROR - Jugador 632 [NO ENCONTRADO]
[00:29:02.077] ERROR - Jugador 634 [NO ENCONTRADO]
[00:29:02.091] ERROR - Jugador 635 [NO ENCONTRADO]
[00:29:02.180] ERROR - Jugador 636 [NO ENCONTRADO]
[00:29:02.266] ERROR - Jugador 638 [NO ENCONTRADO]
[00:29:02.377] ERROR - Jugador 639 [NO ENCONTRADO]
[00:29:02.393] ERROR - Jugador 640 [NO ENCONTRADO]
[00:29:02.484] ERROR - Jugador 641 [NO ENCONTRADO]
[00:29:02.609] INFO - Escribiendo historial market-value del jugador 637 (211 values)
[00:29:02.612] INFO - Jugador 637 almacenado correctamente
[00:29:02.679] ERROR - Jugador 643 [NO ENCONTRADO]
[00:29:02.905] ERROR - Jugador 646 [NO ENCONTRADO]
[00:29:02.954] INFO - Escribiendo historial market-value del jugador 642 (211 values)
[00:29:02.957] INFO - Jugador 642 almacenado correctamente
[00:29:02.969] ERROR - Jugador 647 [NO ENCONTRADO]
[00:29:03.043] INFO - Escribiendo historial market-value del jugador 644 (211 values)
[00:29:03.046] INFO - Jugador 644 almacenado correctamente
[00:29:03.126] INFO - Escribiendo historial market-value del jugador 645 (183 values)
[00:29:03.129] INFO - Jugador 645 almacenado correctamente
[00:29:03.200] ERROR - Jugador 648 [out_of_league]
[00:29:03.505] ERROR - Jugador 653 [out_of_league]
[00:29:03.634] INFO - Escribiendo historial market-value del jugador 650 (211 values)
[00:29:03.637] INFO - Jugador 650 almacenado correctamente
[00:29:03.647] INFO - Escribiendo historial market-value del jugador 649 (183 values)
[00:29:03.649] INFO - Jugador 649 almacenado correctamente
[00:29:03.679] INFO - Escribiendo historial market-value del jugador 651 (211 values)
[00:29:03.682] INFO - Jugador 651 almacenado correctamente
[00:29:03.764] INFO - Escribiendo historial market-value del jugador 652 (211 values)
[00:29:03.767] INFO - Jugador 652 almacenado correctamente
[00:29:03.817] ERROR - Jugador 654 [out_of_league]
[00:29:03.948] ERROR - Jugador 656 [NO ENCONTRADO]
[00:29:03.953] ERROR - Jugador 655 [out_of_league]
[00:29:03.972] ERROR - Jugador 657 [NO ENCONTRADO]
[00:29:04.058] ERROR - Jugador 658 [NO ENCONTRADO]
[00:29:04.109] ERROR - Jugador 659 [NO ENCONTRADO]
[00:29:04.258] ERROR - Jugador 660 [NO ENCONTRADO]
[00:29:04.264] ERROR - Jugador 661 [NO ENCONTRADO]
[00:29:04.286] ERROR - Jugador 662 [NO ENCONTRADO]
[00:29:04.356] ERROR - Jugador 663 [out_of_league]
[00:29:04.588] ERROR - Jugador 667 [NO ENCONTRADO]
[00:29:04.655] ERROR - Jugador 668 [NO ENCONTRADO]
[00:29:04.734] INFO - Escribiendo historial market-value del jugador 664 (211 values)
[00:29:04.736] INFO - Jugador 664 almacenado correctamente
[00:29:04.915] INFO - Escribiendo historial market-value del jugador 665 (211 values)
[00:29:04.917] INFO - Jugador 665 almacenado correctamente
[00:29:04.925] ERROR - Jugador 669 [out_of_league]
[00:29:04.938] INFO - Escribiendo historial market-value del jugador 666 (201 values)
[00:29:04.941] INFO - Jugador 666 almacenado correctamente
[00:29:04.944] ERROR - Jugador 670 [NO ENCONTRADO]
[00:29:05.035] ERROR - Jugador 671 [NO ENCONTRADO]
[00:29:05.229] ERROR - Jugador 672 [NO ENCONTRADO]
[00:29:05.280] ERROR - Jugador 674 [out_of_league]
[00:29:05.329] ERROR - Jugador 676 [out_of_league]
[00:29:05.528] ERROR - Jugador 677 [out_of_league]
[00:29:05.577] ERROR - Jugador 678 [NO ENCONTRADO]
[00:29:05.609] INFO - Escribiendo historial market-value del jugador 675 (211 values)
[00:29:05.612] INFO - Jugador 675 almacenado correctamente
[00:29:05.639] ERROR - Jugador 679 [out_of_league]
[00:29:05.663] INFO - Escribiendo historial market-value del jugador 673 (211 values)
[00:29:05.665] INFO - Jugador 673 almacenado correctamente
[00:29:05.903] ERROR - Jugador 682 [NO ENCONTRADO]
[00:29:05.976] ERROR - Jugador 684 [out_of_league]
[00:29:06.171] INFO - Escribiendo historial market-value del jugador 680 (211 values)
[00:29:06.174] INFO - Jugador 680 almacenado correctamente
[00:29:06.207] ERROR - Jugador 685 [NO ENCONTRADO]
[00:29:06.226] INFO - Escribiendo historial market-value del jugador 681 (211 values)
[00:29:06.228] INFO - Jugador 681 almacenado correctamente
[00:29:06.274] ERROR - Jugador 686 [NO ENCONTRADO]
[00:29:06.306] INFO - Escribiendo historial market-value del jugador 683 (186 values)
[00:29:06.310] INFO - Jugador 683 almacenado correctamente
[00:29:06.504] ERROR - Jugador 687 [out_of_league]
[00:29:06.513] ERROR - Jugador 688 [NO ENCONTRADO]
[00:29:06.525] ERROR - Jugador 689 [NO ENCONTRADO]
[00:29:06.574] ERROR - Jugador 690 [NO ENCONTRADO]
[00:29:06.623] ERROR - Jugador 691 [NO ENCONTRADO]
[00:29:06.810] ERROR - Jugador 692 [NO ENCONTRADO]
[00:29:06.829] ERROR - Jugador 693 [NO ENCONTRADO]
[00:29:06.838] ERROR - Jugador 694 [NO ENCONTRADO]
[00:29:06.877] ERROR - Jugador 695 [out_of_league]
[00:29:06.926] ERROR - Jugador 696 [NO ENCONTRADO]
[00:29:07.097] ERROR - Jugador 697 [NO ENCONTRADO]
[00:29:07.145] ERROR - Jugador 699 [NO ENCONTRADO]
[00:29:07.148] ERROR - Jugador 698 [NO ENCONTRADO]
[00:29:07.177] ERROR - Jugador 700 [out_of_league]
[00:29:07.389] ERROR - Jugador 702 [NO ENCONTRADO]
[00:29:07.451] ERROR - Jugador 703 [NO ENCONTRADO]
[00:29:07.477] ERROR - Jugador 705 [NO ENCONTRADO]
[00:29:07.559] INFO - Escribiendo historial market-value del jugador 701 (211 values)
[00:29:07.562] INFO - Jugador 701 almacenado correctamente
[00:29:07.681] ERROR - Jugador 706 [NO ENCONTRADO]
[00:29:07.741] ERROR - Jugador 707 [NO ENCONTRADO]
[00:29:07.766] ERROR - Jugador 708 [NO ENCONTRADO]
[00:29:07.812] INFO - Escribiendo historial market-value del jugador 704 (196 values)
[00:29:07.815] INFO - Jugador 704 almacenado correctamente
[00:29:07.862] ERROR - Jugador 709 [NO ENCONTRADO]
[00:29:07.972] ERROR - Jugador 710 [NO ENCONTRADO]
[00:29:08.044] ERROR - Jugador 711 [out_of_league]
[00:29:08.055] ERROR - Jugador 712 [NO ENCONTRADO]
[00:29:08.105] ERROR - Jugador 713 [NO ENCONTRADO]
[00:29:08.157] ERROR - Jugador 714 [NO ENCONTRADO]
[00:29:08.339] ERROR - Jugador 716 [NO ENCONTRADO]
[00:29:08.359] ERROR - Jugador 717 [out_of_league]
[00:29:08.402] ERROR - Jugador 718 [out_of_league]
[00:29:08.445] ERROR - Jugador 719 [NO ENCONTRADO]
[00:29:08.607] INFO - Escribiendo historial market-value del jugador 715 (211 values)
[00:29:08.610] INFO - Jugador 715 almacenado correctamente
[00:29:08.642] ERROR - Jugador 720 [NO ENCONTRADO]
[00:29:08.657] ERROR - Jugador 721 [NO ENCONTRADO]
[00:29:08.699] ERROR - Jugador 722 [NO ENCONTRADO]
[00:29:08.738] ERROR - Jugador 723 [NO ENCONTRADO]
[00:29:08.895] WARNING - requests.exceptions.ReadTimeout (Tiempo de espera agotado para request 275)
Traceback (most recent call last):
  File "/opt/hostedtoolcache/Python/3.9.18/x64/lib/python3.9/site-packages/urllib3/connectionpool.py", line 467, in _make_request
    six.raise_from(e, None)
  File "<string>", line 3, in raise_from
  File "/opt/hostedtoolcache/Python/3.9.18/x64/lib/python3.9/site-packages/urllib3/connectionpool.py", line 462, in _make_request
    httplib_response = conn.getresponse()
  File "/opt/hostedtoolcache/Python/3.9.18/x64/lib/python3.9/http/client.py", line 1377, in getresponse
    response.begin()
  File "/opt/hostedtoolcache/Python/3.9.18/x64/lib/python3.9/http/client.py", line 320, in begin
    version, status, reason = self._read_status()
  File "/opt/hostedtoolcache/Python/3.9.18/x64/lib/python3.9/http/client.py", line 281, in _read_status
    line = str(self.fp.readline(_MAXLINE + 1), "iso-8859-1")
  File "/opt/hostedtoolcache/Python/3.9.18/x64/lib/python3.9/socket.py", line 704, in readinto
    return self._sock.recv_into(b)
  File "/opt/hostedtoolcache/Python/3.9.18/x64/lib/python3.9/ssl.py", line 1275, in recv_into
    return self.read(nbytes, buffer)
  File "/opt/hostedtoolcache/Python/3.9.18/x64/lib/python3.9/ssl.py", line 1133, in read
    return self._sslobj.read(len, buffer)
socket.timeout: The read operation timed out

During handling of the above exception, another exception occurred:

Traceback (most recent call last):
  File "/opt/hostedtoolcache/Python/3.9.18/x64/lib/python3.9/site-packages/requests/adapters.py", line 489, in send
    resp = conn.urlopen(
  File "/opt/hostedtoolcache/Python/3.9.18/x64/lib/python3.9/site-packages/urllib3/connectionpool.py", line 799, in urlopen
    retries = retries.increment(
  File "/opt/hostedtoolcache/Python/3.9.18/x64/lib/python3.9/site-packages/urllib3/util/retry.py", line 550, in increment
    raise six.reraise(type(error), error, _stacktrace)
  File "/opt/hostedtoolcache/Python/3.9.18/x64/lib/python3.9/site-packages/urllib3/packages/six.py", line 770, in reraise
    raise value
  File "/opt/hostedtoolcache/Python/3.9.18/x64/lib/python3.9/site-packages/urllib3/connectionpool.py", line 715, in urlopen
    httplib_response = self._make_request(
  File "/opt/hostedtoolcache/Python/3.9.18/x64/lib/python3.9/site-packages/urllib3/connectionpool.py", line 469, in _make_request
    self._raise_timeout(err=e, url=url, timeout_value=read_timeout)
  File "/opt/hostedtoolcache/Python/3.9.18/x64/lib/python3.9/site-packages/urllib3/connectionpool.py", line 358, in _raise_timeout
    raise ReadTimeoutError(
urllib3.exceptions.ReadTimeoutError: HTTPSConnectionPool(host='api.laligafantasymarca.com', port=443): Read timed out. (read timeout=30)

During handling of the above exception, another exception occurred:

Traceback (most recent call last):
  File "<string>", line 165, in multithread_scrape_player_aux
  File "/opt/hostedtoolcache/Python/3.9.18/x64/lib/python3.9/site-packages/requests/api.py", line 73, in get
    return request("get", url, params=params, **kwargs)
  File "/opt/hostedtoolcache/Python/3.9.18/x64/lib/python3.9/site-packages/requests/api.py", line 59, in request
    return session.request(method=method, url=url, **kwargs)
  File "/opt/hostedtoolcache/Python/3.9.18/x64/lib/python3.9/site-packages/requests/sessions.py", line 587, in request
    resp = self.send(prep, **send_kwargs)
  File "/opt/hostedtoolcache/Python/3.9.18/x64/lib/python3.9/site-packages/requests/sessions.py", line 701, in send
    r = adapter.send(request, **kwargs)
  File "/opt/hostedtoolcache/Python/3.9.18/x64/lib/python3.9/site-packages/requests/adapters.py", line 578, in send
    raise ReadTimeout(e, request=request)
requests.exceptions.ReadTimeout: HTTPSConnectionPool(host='api.laligafantasymarca.com', port=443): Read timed out. (read timeout=30)
[00:29:08.907] ERROR - Jugador 724 [NO ENCONTRADO]
[00:29:08.939] ERROR - Jugador 725 [NO ENCONTRADO]
[00:29:08.944] WARNING - requests.exceptions.ReadTimeout (Tiempo de espera agotado para request 278)
Traceback (most recent call last):
  File "/opt/hostedtoolcache/Python/3.9.18/x64/lib/python3.9/site-packages/urllib3/connectionpool.py", line 467, in _make_request
    six.raise_from(e, None)
  File "<string>", line 3, in raise_from
  File "/opt/hostedtoolcache/Python/3.9.18/x64/lib/python3.9/site-packages/urllib3/connectionpool.py", line 462, in _make_request
    httplib_response = conn.getresponse()
  File "/opt/hostedtoolcache/Python/3.9.18/x64/lib/python3.9/http/client.py", line 1377, in getresponse
    response.begin()
  File "/opt/hostedtoolcache/Python/3.9.18/x64/lib/python3.9/http/client.py", line 320, in begin
    version, status, reason = self._read_status()
  File "/opt/hostedtoolcache/Python/3.9.18/x64/lib/python3.9/http/client.py", line 281, in _read_status
    line = str(self.fp.readline(_MAXLINE + 1), "iso-8859-1")
  File "/opt/hostedtoolcache/Python/3.9.18/x64/lib/python3.9/socket.py", line 704, in readinto
    return self._sock.recv_into(b)
  File "/opt/hostedtoolcache/Python/3.9.18/x64/lib/python3.9/ssl.py", line 1275, in recv_into
    return self.read(nbytes, buffer)
  File "/opt/hostedtoolcache/Python/3.9.18/x64/lib/python3.9/ssl.py", line 1133, in read
    return self._sslobj.read(len, buffer)
socket.timeout: The read operation timed out

During handling of the above exception, another exception occurred:

Traceback (most recent call last):
  File "/opt/hostedtoolcache/Python/3.9.18/x64/lib/python3.9/site-packages/requests/adapters.py", line 489, in send
    resp = conn.urlopen(
  File "/opt/hostedtoolcache/Python/3.9.18/x64/lib/python3.9/site-packages/urllib3/connectionpool.py", line 799, in urlopen
    retries = retries.increment(
  File "/opt/hostedtoolcache/Python/3.9.18/x64/lib/python3.9/site-packages/urllib3/util/retry.py", line 550, in increment
    raise six.reraise(type(error), error, _stacktrace)
  File "/opt/hostedtoolcache/Python/3.9.18/x64/lib/python3.9/site-packages/urllib3/packages/six.py", line 770, in reraise
    raise value
  File "/opt/hostedtoolcache/Python/3.9.18/x64/lib/python3.9/site-packages/urllib3/connectionpool.py", line 715, in urlopen
    httplib_response = self._make_request(
  File "/opt/hostedtoolcache/Python/3.9.18/x64/lib/python3.9/site-packages/urllib3/connectionpool.py", line 469, in _make_request
    self._raise_timeout(err=e, url=url, timeout_value=read_timeout)
  File "/opt/hostedtoolcache/Python/3.9.18/x64/lib/python3.9/site-packages/urllib3/connectionpool.py", line 358, in _raise_timeout
    raise ReadTimeoutError(
urllib3.exceptions.ReadTimeoutError: HTTPSConnectionPool(host='api.laligafantasymarca.com', port=443): Read timed out. (read timeout=30)

During handling of the above exception, another exception occurred:

Traceback (most recent call last):
  File "<string>", line 165, in multithread_scrape_player_aux
  File "/opt/hostedtoolcache/Python/3.9.18/x64/lib/python3.9/site-packages/requests/api.py", line 73, in get
    return request("get", url, params=params, **kwargs)
  File "/opt/hostedtoolcache/Python/3.9.18/x64/lib/python3.9/site-packages/requests/api.py", line 59, in request
    return session.request(method=method, url=url, **kwargs)
  File "/opt/hostedtoolcache/Python/3.9.18/x64/lib/python3.9/site-packages/requests/sessions.py", line 587, in request
    resp = self.send(prep, **send_kwargs)
  File "/opt/hostedtoolcache/Python/3.9.18/x64/lib/python3.9/site-packages/requests/sessions.py", line 701, in send
    r = adapter.send(request, **kwargs)
  File "/opt/hostedtoolcache/Python/3.9.18/x64/lib/python3.9/site-packages/requests/adapters.py", line 578, in send
    raise ReadTimeout(e, request=request)
requests.exceptions.ReadTimeout: HTTPSConnectionPool(host='api.laligafantasymarca.com', port=443): Read timed out. (read timeout=30)
[00:29:08.951] ERROR - Jugador 726 [NO ENCONTRADO]
[00:29:08.991] ERROR - Jugador 727 [out_of_league]
[00:29:09.053] ERROR - Jugador 728 [out_of_league]
[00:29:09.269] ERROR - Jugador 730 [NO ENCONTRADO]
[00:29:09.283] ERROR - Jugador 729 [out_of_league]
[00:29:09.300] ERROR - Jugador 732 [out_of_league]
[00:29:09.303] ERROR - Jugador 733 [NO ENCONTRADO]
[00:29:09.305] ERROR - Jugador 731 [out_of_league]
[00:29:09.348] ERROR - Jugador 734 [out_of_league]
[00:29:09.351] ERROR - Jugador 735 [NO ENCONTRADO]
[00:29:09.591] ERROR - Jugador 736 [out_of_league]
[00:29:09.613] ERROR - Jugador 737 [NO ENCONTRADO]
[00:29:09.642] ERROR - Jugador 740 [NO ENCONTRADO]
[00:29:09.649] ERROR - Jugador 739 [NO ENCONTRADO]
[00:29:09.651] ERROR - Jugador 738 [NO ENCONTRADO]
[00:29:09.670] ERROR - Jugador 741 [NO ENCONTRADO]
[00:29:09.906] ERROR - Jugador 744 [NO ENCONTRADO]
[00:29:09.908] ERROR - Jugador 743 [out_of_league]
[00:29:09.971] ERROR - Jugador 745 [NO ENCONTRADO]
[00:29:09.978] ERROR - Jugador 746 [NO ENCONTRADO]
[00:29:09.981] ERROR - Jugador 748 [NO ENCONTRADO]
[00:29:09.993] ERROR - Jugador 747 [NO ENCONTRADO]
[00:29:10.071] INFO - Escribiendo historial market-value del jugador 742 (211 values)
[00:29:10.076] INFO - Jugador 742 almacenado correctamente
[00:29:10.219] ERROR - Jugador 749 [out_of_league]
[00:29:10.220] ERROR - Jugador 750 [out_of_league]
[00:29:10.303] ERROR - Jugador 751 [out_of_league]
[00:29:10.306] ERROR - Jugador 752 [NO ENCONTRADO]
[00:29:10.310] ERROR - Jugador 754 [NO ENCONTRADO]
[00:29:10.320] ERROR - Jugador 753 [NO ENCONTRADO]
[00:29:10.383] ERROR - Jugador 755 [NO ENCONTRADO]
[00:29:10.532] ERROR - Jugador 756 [NO ENCONTRADO]
[00:29:10.548] ERROR - Jugador 757 [NO ENCONTRADO]
[00:29:10.629] ERROR - Jugador 758 [NO ENCONTRADO]
[00:29:10.643] ERROR - Jugador 761 [NO ENCONTRADO]
[00:29:10.646] ERROR - Jugador 759 [NO ENCONTRADO]
[00:29:10.653] ERROR - Jugador 760 [NO ENCONTRADO]
[00:29:10.677] ERROR - Jugador 762 [NO ENCONTRADO]
[00:29:10.831] ERROR - Jugador 763 [NO ENCONTRADO]
[00:29:10.851] ERROR - Jugador 764 [NO ENCONTRADO]
[00:29:10.928] ERROR - Jugador 765 [NO ENCONTRADO]
[00:29:10.980] ERROR - Jugador 767 [NO ENCONTRADO]
[00:29:10.993] ERROR - Jugador 769 [NO ENCONTRADO]
[00:29:11.124] ERROR - Jugador 770 [NO ENCONTRADO]
[00:29:11.140] ERROR - Jugador 771 [NO ENCONTRADO]
[00:29:11.218] ERROR - Jugador 772 [NO ENCONTRADO]
[00:29:11.285] ERROR - Jugador 773 [out_of_league]
[00:29:11.291] ERROR - Jugador 774 [NO ENCONTRADO]
[00:29:11.367] INFO - Escribiendo historial market-value del jugador 766 (211 values)
[00:29:11.370] INFO - Jugador 766 almacenado correctamente
[00:29:11.373] INFO - Escribiendo historial market-value del jugador 768 (211 values)
[00:29:11.376] INFO - Jugador 768 almacenado correctamente
[00:29:11.465] ERROR - Jugador 776 [out_of_league]
[00:29:11.514] ERROR - Jugador 777 [NO ENCONTRADO]
[00:29:11.590] ERROR - Jugador 778 [NO ENCONTRADO]
[00:29:11.600] ERROR - Jugador 779 [NO ENCONTRADO]
[00:29:11.677] ERROR - Jugador 780 [NO ENCONTRADO]
[00:29:11.679] ERROR - Jugador 781 [NO ENCONTRADO]
[00:29:11.755] ERROR - Jugador 782 [NO ENCONTRADO]
[00:29:11.796] INFO - Escribiendo historial market-value del jugador 775 (211 values)
[00:29:11.799] INFO - Jugador 775 almacenado correctamente
[00:29:11.814] ERROR - Jugador 783 [out_of_league]
[00:29:11.894] ERROR - Jugador 784 [NO ENCONTRADO]
[00:29:11.904] ERROR - Jugador 785 [NO ENCONTRADO]
[00:29:11.992] ERROR - Jugador 787 [NO ENCONTRADO]
[00:29:12.051] ERROR - Jugador 788 [out_of_league]
[00:29:12.110] ERROR - Jugador 789 [out_of_league]
[00:29:12.112] ERROR - Jugador 790 [NO ENCONTRADO]
[00:29:12.201] ERROR - Jugador 791 [NO ENCONTRADO]
[00:29:12.212] ERROR - Jugador 792 [NO ENCONTRADO]
[00:29:12.316] ERROR - Jugador 793 [out_of_league]
[00:29:12.335] INFO - Escribiendo historial market-value del jugador 786 (211 values)
[00:29:12.338] INFO - Jugador 786 almacenado correctamente
[00:29:12.345] ERROR - Jugador 794 [out_of_league]
[00:29:12.411] ERROR - Jugador 795 [NO ENCONTRADO]
[00:29:12.417] ERROR - Jugador 796 [NO ENCONTRADO]
[00:29:12.503] ERROR - Jugador 797 [NO ENCONTRADO]
[00:29:12.524] ERROR - Jugador 798 [NO ENCONTRADO]
[00:29:12.617] ERROR - Jugador 799 [NO ENCONTRADO]
[00:29:12.653] ERROR - Jugador 800 [NO ENCONTRADO]
[00:29:12.714] ERROR - Jugador 802 [out_of_league]
[00:29:12.736] ERROR - Jugador 803 [NO ENCONTRADO]
[00:29:12.920] ERROR - Jugador 806 [out_of_league]
[00:29:12.965] ERROR - Jugador 807 [out_of_league]
[00:29:12.992] WARNING - requests.exceptions.ReadTimeout (Tiempo de espera agotado para request 344)
Traceback (most recent call last):
  File "/opt/hostedtoolcache/Python/3.9.18/x64/lib/python3.9/site-packages/urllib3/connectionpool.py", line 467, in _make_request
    six.raise_from(e, None)
  File "<string>", line 3, in raise_from
  File "/opt/hostedtoolcache/Python/3.9.18/x64/lib/python3.9/site-packages/urllib3/connectionpool.py", line 462, in _make_request
    httplib_response = conn.getresponse()
  File "/opt/hostedtoolcache/Python/3.9.18/x64/lib/python3.9/http/client.py", line 1377, in getresponse
    response.begin()
  File "/opt/hostedtoolcache/Python/3.9.18/x64/lib/python3.9/http/client.py", line 320, in begin
    version, status, reason = self._read_status()
  File "/opt/hostedtoolcache/Python/3.9.18/x64/lib/python3.9/http/client.py", line 281, in _read_status
    line = str(self.fp.readline(_MAXLINE + 1), "iso-8859-1")
  File "/opt/hostedtoolcache/Python/3.9.18/x64/lib/python3.9/socket.py", line 704, in readinto
    return self._sock.recv_into(b)
  File "/opt/hostedtoolcache/Python/3.9.18/x64/lib/python3.9/ssl.py", line 1275, in recv_into
    return self.read(nbytes, buffer)
  File "/opt/hostedtoolcache/Python/3.9.18/x64/lib/python3.9/ssl.py", line 1133, in read
    return self._sslobj.read(len, buffer)
socket.timeout: The read operation timed out

During handling of the above exception, another exception occurred:

Traceback (most recent call last):
  File "/opt/hostedtoolcache/Python/3.9.18/x64/lib/python3.9/site-packages/requests/adapters.py", line 489, in send
    resp = conn.urlopen(
  File "/opt/hostedtoolcache/Python/3.9.18/x64/lib/python3.9/site-packages/urllib3/connectionpool.py", line 799, in urlopen
    retries = retries.increment(
  File "/opt/hostedtoolcache/Python/3.9.18/x64/lib/python3.9/site-packages/urllib3/util/retry.py", line 550, in increment
    raise six.reraise(type(error), error, _stacktrace)
  File "/opt/hostedtoolcache/Python/3.9.18/x64/lib/python3.9/site-packages/urllib3/packages/six.py", line 770, in reraise
    raise value
  File "/opt/hostedtoolcache/Python/3.9.18/x64/lib/python3.9/site-packages/urllib3/connectionpool.py", line 715, in urlopen
    httplib_response = self._make_request(
  File "/opt/hostedtoolcache/Python/3.9.18/x64/lib/python3.9/site-packages/urllib3/connectionpool.py", line 469, in _make_request
    self._raise_timeout(err=e, url=url, timeout_value=read_timeout)
  File "/opt/hostedtoolcache/Python/3.9.18/x64/lib/python3.9/site-packages/urllib3/connectionpool.py", line 358, in _raise_timeout
    raise ReadTimeoutError(
urllib3.exceptions.ReadTimeoutError: HTTPSConnectionPool(host='api.laligafantasymarca.com', port=443): Read timed out. (read timeout=30)

During handling of the above exception, another exception occurred:

Traceback (most recent call last):
  File "<string>", line 165, in multithread_scrape_player_aux
  File "/opt/hostedtoolcache/Python/3.9.18/x64/lib/python3.9/site-packages/requests/api.py", line 73, in get
    return request("get", url, params=params, **kwargs)
  File "/opt/hostedtoolcache/Python/3.9.18/x64/lib/python3.9/site-packages/requests/api.py", line 59, in request
    return session.request(method=method, url=url, **kwargs)
  File "/opt/hostedtoolcache/Python/3.9.18/x64/lib/python3.9/site-packages/requests/sessions.py", line 587, in request
    resp = self.send(prep, **send_kwargs)
  File "/opt/hostedtoolcache/Python/3.9.18/x64/lib/python3.9/site-packages/requests/sessions.py", line 701, in send
    r = adapter.send(request, **kwargs)
  File "/opt/hostedtoolcache/Python/3.9.18/x64/lib/python3.9/site-packages/requests/adapters.py", line 578, in send
    raise ReadTimeout(e, request=request)
requests.exceptions.ReadTimeout: HTTPSConnectionPool(host='api.laligafantasymarca.com', port=443): Read timed out. (read timeout=30)
[00:29:13.003] INFO - Escribiendo historial market-value del jugador 801 (197 values)
[00:29:13.008] INFO - Jugador 801 almacenado correctamente
[00:29:13.050] ERROR - Jugador 808 [out_of_league]
[00:29:13.166] INFO - Escribiendo historial market-value del jugador 804 (211 values)
[00:29:13.169] INFO - Jugador 804 almacenado correctamente
[00:29:13.179] INFO - Escribiendo historial market-value del jugador 805 (211 values)
[00:29:13.182] INFO - Jugador 805 almacenado correctamente
[00:29:13.232] ERROR - Jugador 810 [out_of_league]
[00:29:13.261] ERROR - Jugador 811 [NO ENCONTRADO]
[00:29:13.347] ERROR - Jugador 814 [out_of_league]
[00:29:13.428] INFO - Escribiendo historial market-value del jugador 809 (204 values)
[00:29:13.431] INFO - Jugador 809 almacenado correctamente
[00:29:13.477] ERROR - Jugador 815 [out_of_league]
[00:29:13.545] ERROR - Jugador 816 [out_of_league]
[00:29:13.623] ERROR - Jugador 818 [out_of_league]
[00:29:13.660] INFO - Escribiendo historial market-value del jugador 812 (211 values)
[00:29:13.662] INFO - Jugador 812 almacenado correctamente
[00:29:13.679] INFO - Escribiendo historial market-value del jugador 813 (197 values)
[00:29:13.680] ERROR - Jugador 819 [NO ENCONTRADO]
[00:29:13.684] INFO - Jugador 813 almacenado correctamente
[00:29:13.725] ERROR - Jugador 820 [NO ENCONTRADO]
[00:29:13.770] ERROR - Jugador 821 [NO ENCONTRADO]
[00:29:13.839] ERROR - Jugador 822 [out_of_league]
[00:29:13.912] INFO - Escribiendo historial market-value del jugador 817 (211 values)
[00:29:13.915] INFO - Jugador 817 almacenado correctamente
[00:29:13.921] ERROR - Jugador 823 [NO ENCONTRADO]
[00:29:13.961] ERROR - Jugador 824 [NO ENCONTRADO]
[00:29:13.990] ERROR - Jugador 825 [NO ENCONTRADO]
[00:29:13.995] ERROR - Jugador 826 [NO ENCONTRADO]
[00:29:14.013] ERROR - Jugador 827 [NO ENCONTRADO]
[00:29:14.065] ERROR - Jugador 828 [NO ENCONTRADO]
[00:29:14.124] ERROR - Jugador 829 [NO ENCONTRADO]
[00:29:14.226] ERROR - Jugador 830 [NO ENCONTRADO]
[00:29:14.227] ERROR - Jugador 831 [NO ENCONTRADO]
[00:29:14.252] ERROR - Jugador 832 [NO ENCONTRADO]
[00:29:14.303] ERROR - Jugador 833 [NO ENCONTRADO]
[00:29:14.310] ERROR - Jugador 834 [NO ENCONTRADO]
[00:29:14.317] ERROR - Jugador 835 [NO ENCONTRADO]
[00:29:14.358] ERROR - Jugador 836 [NO ENCONTRADO]
[00:29:14.426] ERROR - Jugador 837 [NO ENCONTRADO]
[00:29:14.547] ERROR - Jugador 838 [out_of_league]
[00:29:14.549] ERROR - Jugador 839 [NO ENCONTRADO]
[00:29:14.562] ERROR - Jugador 840 [NO ENCONTRADO]
[00:29:14.623] ERROR - Jugador 841 [out_of_league]
[00:29:14.631] ERROR - Jugador 842 [out_of_league]
[00:29:14.649] ERROR - Jugador 843 [out_of_league]
[00:29:14.657] ERROR - Jugador 844 [out_of_league]
[00:29:14.739] ERROR - Jugador 845 [out_of_league]
[00:29:14.873] ERROR - Jugador 847 [NO ENCONTRADO]
[00:29:14.885] ERROR - Jugador 848 [NO ENCONTRADO]
[00:29:14.894] ERROR - Jugador 846 [out_of_league]
[00:29:14.926] ERROR - Jugador 849 [NO ENCONTRADO]
[00:29:14.966] ERROR - Jugador 852 [NO ENCONTRADO]
[00:29:14.994] ERROR - Jugador 851 [out_of_league]
[00:29:15.186] ERROR - Jugador 854 [NO ENCONTRADO]
[00:29:15.242] ERROR - Jugador 857 [out_of_league]
[00:29:15.263] ERROR - Jugador 858 [out_of_league]
[00:29:15.342] INFO - Escribiendo historial market-value del jugador 850 (211 values)
[00:29:15.345] INFO - Jugador 850 almacenado correctamente
[00:29:15.404] INFO - Escribiendo historial market-value del jugador 853 (211 values)
[00:29:15.406] INFO - Jugador 853 almacenado correctamente
[00:29:15.489] ERROR - Jugador 860 [NO ENCONTRADO]
[00:29:15.517] INFO - Escribiendo historial market-value del jugador 855 (211 values)
[00:29:15.518] INFO - Jugador 855 almacenado correctamente
[00:29:15.560] ERROR - Jugador 861 [NO ENCONTRADO]
[00:29:15.573] ERROR - Jugador 862 [NO ENCONTRADO]
[00:29:15.585] INFO - Escribiendo historial market-value del jugador 856 (211 values)
[00:29:15.590] INFO - Jugador 856 almacenado correctamente
[00:29:15.675] INFO - Escribiendo historial market-value del jugador 859 (200 values)
[00:29:15.680] INFO - Jugador 859 almacenado correctamente
[00:29:15.693] ERROR - Jugador 863 [out_of_league]
[00:29:15.701] ERROR - Jugador 864 [out_of_league]
[00:29:15.785] ERROR - Jugador 865 [NO ENCONTRADO]
[00:29:15.813] ERROR - Jugador 866 [NO ENCONTRADO]
[00:29:15.860] ERROR - Jugador 867 [NO ENCONTRADO]
[00:29:15.891] ERROR - Jugador 868 [out_of_league]
[00:29:15.895] ERROR - Jugador 869 [NO ENCONTRADO]
[00:29:16.007] ERROR - Jugador 871 [NO ENCONTRADO]
[00:29:16.009] ERROR - Jugador 870 [out_of_league]
[00:29:16.019] ERROR - Jugador 872 [NO ENCONTRADO]
[00:29:16.172] ERROR - Jugador 875 [out_of_league]
[00:29:16.209] ERROR - Jugador 877 [out_of_league]
[00:29:16.316] ERROR - Jugador 879 [NO ENCONTRADO]
[00:29:16.326] ERROR - Jugador 878 [NO ENCONTRADO]
[00:29:16.344] ERROR - Jugador 880 [out_of_league]
[00:29:16.453] INFO - Escribiendo historial market-value del jugador 874 (159 values)
[00:29:16.456] INFO - Jugador 874 almacenado correctamente
[00:29:16.476] INFO - Escribiendo historial market-value del jugador 873 (211 values)
[00:29:16.479] INFO - Jugador 873 almacenado correctamente
[00:29:16.497] ERROR - Jugador 881 [out_of_league]
[00:29:16.583] INFO - Escribiendo historial market-value del jugador 876 (211 values)
[00:29:16.586] INFO - Jugador 876 almacenado correctamente
[00:29:16.622] ERROR - Jugador 883 [out_of_league]
[00:29:16.662] ERROR - Jugador 884 [out_of_league]
[00:29:16.673] ERROR - Jugador 885 [out_of_league]
[00:29:16.786] ERROR - Jugador 887 [out_of_league]
[00:29:16.800] ERROR - Jugador 888 [out_of_league]
[00:29:16.840] INFO - Escribiendo historial market-value del jugador 882 (211 values)
[00:29:16.843] INFO - Jugador 882 almacenado correctamente
[00:29:16.917] ERROR - Jugador 890 [NO ENCONTRADO]
[00:29:16.963] ERROR - Jugador 891 [NO ENCONTRADO]
[00:29:16.973] ERROR - Jugador 892 [NO ENCONTRADO]
[00:29:17.111] ERROR - Jugador 893 [NO ENCONTRADO]
[00:29:17.117] INFO - Escribiendo historial market-value del jugador 886 (171 values)
[00:29:17.120] INFO - Jugador 886 almacenado correctamente
[00:29:17.153] ERROR - Jugador 895 [out_of_league]
[00:29:17.226] ERROR - Jugador 896 [out_of_league]
[00:29:17.269] INFO - Escribiendo historial market-value del jugador 889 (211 values)
[00:29:17.274] INFO - Jugador 889 almacenado correctamente
[00:29:17.313] ERROR - Jugador 897 [out_of_league]
[00:29:17.414] ERROR - Jugador 899 [NO ENCONTRADO]
[00:29:17.437] ERROR - Jugador 900 [NO ENCONTRADO]
[00:29:17.465] INFO - Escribiendo historial market-value del jugador 894 (172 values)
[00:29:17.468] INFO - Jugador 894 almacenado correctamente
[00:29:17.520] ERROR - Jugador 902 [out_of_league]
[00:29:17.568] ERROR - Jugador 903 [NO ENCONTRADO]
[00:29:17.626] ERROR - Jugador 904 [out_of_league]
[00:29:17.645] INFO - Escribiendo historial market-value del jugador 898 (211 values)
[00:29:17.647] INFO - Jugador 898 almacenado correctamente
[00:29:17.741] ERROR - Jugador 906 [NO ENCONTRADO]
[00:29:17.757] ERROR - Jugador 907 [NO ENCONTRADO]
[00:29:17.791] INFO - Escribiendo historial market-value del jugador 901 (211 values)
[00:29:17.794] INFO - Jugador 901 almacenado correctamente
[00:29:17.858] ERROR - Jugador 909 [NO ENCONTRADO]
[00:29:17.929] ERROR - Jugador 910 [out_of_league]
[00:29:17.944] ERROR - Jugador 911 [NO ENCONTRADO]
[00:29:18.059] INFO - Escribiendo historial market-value del jugador 905 (211 values)
[00:29:18.061] INFO - Jugador 905 almacenado correctamente
[00:29:18.084] ERROR - Jugador 913 [out_of_league]
[00:29:18.090] ERROR - Jugador 914 [NO ENCONTRADO]
[00:29:18.161] INFO - Escribiendo historial market-value del jugador 908 (211 values)
[00:29:18.162] ERROR - Jugador 915 [NO ENCONTRADO]
[00:29:18.167] INFO - Jugador 908 almacenado correctamente
[00:29:18.233] ERROR - Jugador 916 [NO ENCONTRADO]
[00:29:18.246] ERROR - Jugador 917 [NO ENCONTRADO]
[00:29:18.402] ERROR - Jugador 919 [out_of_league]
[00:29:18.404] ERROR - Jugador 920 [NO ENCONTRADO]
[00:29:18.425] INFO - Escribiendo historial market-value del jugador 912 (211 values)
[00:29:18.427] INFO - Jugador 912 almacenado correctamente
[00:29:18.473] ERROR - Jugador 921 [NO ENCONTRADO]
[00:29:18.498] ERROR - Jugador 922 [out_of_league]
[00:29:18.536] ERROR - Jugador 923 [out_of_league]
[00:29:18.730] ERROR - Jugador 925 [out_of_league]
[00:29:18.740] ERROR - Jugador 926 [NO ENCONTRADO]
[00:29:18.757] INFO - Escribiendo historial market-value del jugador 918 (211 values)
[00:29:18.759] INFO - Jugador 918 almacenado correctamente
[00:29:18.790] ERROR - Jugador 928 [out_of_league]
[00:29:18.792] ERROR - Jugador 929 [NO ENCONTRADO]
[00:29:18.829] ERROR - Jugador 930 [NO ENCONTRADO]
[00:29:18.946] INFO - Escribiendo historial market-value del jugador 924 (151 values)
[00:29:18.949] INFO - Jugador 924 almacenado correctamente
[00:29:19.052] ERROR - Jugador 931 [NO ENCONTRADO]
[00:29:19.055] ERROR - Jugador 932 [NO ENCONTRADO]
[00:29:19.089] ERROR - Jugador 933 [NO ENCONTRADO]
[00:29:19.137] ERROR - Jugador 936 [NO ENCONTRADO]
[00:29:19.139] ERROR - Jugador 934 [NO ENCONTRADO]
[00:29:19.147] INFO - Escribiendo historial market-value del jugador 927 (211 values)
[00:29:19.148] ERROR - Jugador 935 [NO ENCONTRADO]
[00:29:19.154] INFO - Jugador 927 almacenado correctamente
[00:29:19.250] ERROR - Jugador 937 [NO ENCONTRADO]
[00:29:19.373] ERROR - Jugador 938 [out_of_league]
[00:29:19.391] ERROR - Jugador 940 [NO ENCONTRADO]
[00:29:19.455] ERROR - Jugador 941 [NO ENCONTRADO]
[00:29:19.488] ERROR - Jugador 943 [out_of_league]
[00:29:19.541] ERROR - Jugador 945 [NO ENCONTRADO]
[00:29:19.681] ERROR - Jugador 946 [NO ENCONTRADO]
[00:29:19.727] INFO - Escribiendo historial market-value del jugador 939 (181 values)
[00:29:19.730] INFO - Jugador 939 almacenado correctamente
[00:29:19.755] ERROR - Jugador 948 [out_of_league]
[00:29:19.781] ERROR - Jugador 949 [NO ENCONTRADO]
[00:29:19.814] INFO - Escribiendo historial market-value del jugador 944 (211 values)
[00:29:19.816] INFO - Jugador 944 almacenado correctamente
[00:29:19.834] ERROR - Jugador 950 [out_of_league]
[00:29:19.877] INFO - Escribiendo historial market-value del jugador 942 (211 values)
[00:29:19.882] INFO - Jugador 942 almacenado correctamente
[00:29:19.976] ERROR - Jugador 951 [out_of_league]
[00:29:20.054] ERROR - Jugador 952 [out_of_league]
[00:29:20.065] INFO - Escribiendo historial market-value del jugador 947 (211 values)
[00:29:20.068] INFO - Jugador 947 almacenado correctamente
[00:29:20.073] ERROR - Jugador 953 [out_of_league]
[00:29:20.093] ERROR - Jugador 954 [out_of_league]
[00:29:20.120] ERROR - Jugador 955 [out_of_league]
[00:29:20.139] ERROR - Jugador 956 [NO ENCONTRADO]
[00:29:20.180] ERROR - Jugador 957 [NO ENCONTRADO]
[00:29:20.284] ERROR - Jugador 958 [out_of_league]
[00:29:20.357] ERROR - Jugador 959 [out_of_league]
[00:29:20.399] ERROR - Jugador 960 [NO ENCONTRADO]
[00:29:20.403] ERROR - Jugador 962 [NO ENCONTRADO]
[00:29:20.405] ERROR - Jugador 961 [out_of_league]
[00:29:20.440] ERROR - Jugador 964 [NO ENCONTRADO]
[00:29:20.456] ERROR - Jugador 963 [out_of_league]
[00:29:20.506] ERROR - Jugador 965 [out_of_league]
[00:29:20.585] ERROR - Jugador 966 [NO ENCONTRADO]
[00:29:20.654] ERROR - Jugador 967 [NO ENCONTRADO]
[00:29:20.728] ERROR - Jugador 970 [NO ENCONTRADO]
[00:29:20.734] ERROR - Jugador 968 [out_of_league]
[00:29:20.741] ERROR - Jugador 969 [out_of_league]
[00:29:20.760] ERROR - Jugador 971 [NO ENCONTRADO]
[00:29:20.763] ERROR - Jugador 972 [NO ENCONTRADO]
[00:29:20.885] ERROR - Jugador 974 [out_of_league]
[00:29:20.952] ERROR - Jugador 975 [out_of_league]
[00:29:21.039] ERROR - Jugador 976 [out_of_league]
[00:29:21.063] ERROR - Jugador 977 [out_of_league]
[00:29:21.087] ERROR - Jugador 979 [NO ENCONTRADO]
[00:29:21.137] INFO - Escribiendo historial market-value del jugador 973 (165 values)
[00:29:21.143] INFO - Jugador 973 almacenado correctamente
[00:29:21.186] ERROR - Jugador 981 [NO ENCONTRADO]
[00:29:21.262] ERROR - Jugador 982 [out_of_league]
[00:29:21.352] ERROR - Jugador 983 [NO ENCONTRADO]
[00:29:21.369] ERROR - Jugador 984 [out_of_league]
[00:29:21.393] ERROR - Jugador 985 [NO ENCONTRADO]
[00:29:21.419] INFO - Escribiendo historial market-value del jugador 978 (183 values)
[00:29:21.422] INFO - Jugador 978 almacenado correctamente
[00:29:21.464] INFO - Escribiendo historial market-value del jugador 980 (165 values)
[00:29:21.468] ERROR - Jugador 986 [out_of_league]
[00:29:21.468] INFO - Jugador 980 almacenado correctamente
[00:29:21.480] ERROR - Jugador 987 [out_of_league]
[00:29:21.646] ERROR - Jugador 989 [out_of_league]
[00:29:21.669] ERROR - Jugador 990 [NO ENCONTRADO]
[00:29:21.720] ERROR - Jugador 992 [NO ENCONTRADO]
[00:29:21.792] ERROR - Jugador 994 [NO ENCONTRADO]
[00:29:21.816] ERROR - Jugador 993 [out_of_league]
[00:29:21.918] INFO - Escribiendo historial market-value del jugador 988 (211 values)
[00:29:21.921] INFO - Jugador 988 almacenado correctamente
[00:29:21.967] ERROR - Jugador 997 [NO ENCONTRADO]
[00:29:22.024] ERROR - Jugador 998 [NO ENCONTRADO]
[00:29:22.045] INFO - Escribiendo historial market-value del jugador 991 (211 values)
[00:29:22.047] INFO - Jugador 991 almacenado correctamente
[00:29:22.087] ERROR - Jugador 999 [NO ENCONTRADO]
[00:29:22.123] ERROR - Jugador 1000 [out_of_league]
[00:29:22.140] INFO - Escribiendo historial market-value del jugador 995 (211 values)
[00:29:22.142] INFO - Jugador 995 almacenado correctamente
[00:29:22.249] ERROR - Jugador 1001 [out_of_league]
[00:29:22.261] ERROR - Jugador 1002 [NO ENCONTRADO]
[00:29:22.287] INFO - Escribiendo historial market-value del jugador 996 (211 values)
[00:29:22.290] INFO - Jugador 996 almacenado correctamente
[00:29:22.313] ERROR - Jugador 1003 [NO ENCONTRADO]
[00:29:22.383] ERROR - Jugador 1005 [out_of_league]
[00:29:22.421] ERROR - Jugador 1006 [out_of_league]
[00:29:22.438] ERROR - Jugador 1007 [NO ENCONTRADO]
[00:29:22.559] ERROR - Jugador 1008 [out_of_league]
[00:29:22.582] ERROR - Jugador 1009 [out_of_league]
[00:29:22.615] ERROR - Jugador 1011 [NO ENCONTRADO]
[00:29:22.695] ERROR - Jugador 1012 [NO ENCONTRADO]
[00:29:22.704] INFO - Escribiendo historial market-value del jugador 1004 (193 values)
[00:29:22.708] INFO - Jugador 1004 almacenado correctamente
[00:29:22.733] ERROR - Jugador 1013 [NO ENCONTRADO]
[00:29:22.746] ERROR - Jugador 1014 [NO ENCONTRADO]
[00:29:22.852] ERROR - Jugador 1015 [out_of_league]
[00:29:22.874] ERROR - Jugador 1016 [out_of_league]
[00:29:22.930] ERROR - Jugador 1017 [out_of_league]
[00:29:22.935] INFO - Escribiendo historial market-value del jugador 1010 (157 values)
[00:29:22.937] INFO - Jugador 1010 almacenado correctamente
[00:29:22.988] ERROR - Jugador 1018 [NO ENCONTRADO]
[00:29:23.021] ERROR - Jugador 1019 [NO ENCONTRADO]
[00:29:23.044] ERROR - Jugador 1020 [NO ENCONTRADO]
[00:29:23.052] ERROR - Jugador 1021 [out_of_league]
[00:29:23.197] ERROR - Jugador 1023 [out_of_league]
[00:29:23.284] ERROR - Jugador 1026 [out_of_league]
[00:29:23.318] ERROR - Jugador 1027 [NO ENCONTRADO]
[00:29:23.350] ERROR - Jugador 1028 [NO ENCONTRADO]
[00:29:23.506] ERROR - Jugador 1030 [out_of_league]
[00:29:23.514] INFO - Escribiendo historial market-value del jugador 1022 (211 values)
[00:29:23.517] INFO - Jugador 1022 almacenado correctamente
[00:29:23.561] INFO - Escribiendo historial market-value del jugador 1025 (21 values)
[00:29:23.562] INFO - Jugador 1025 almacenado correctamente
[00:29:23.633] INFO - Escribiendo historial market-value del jugador 1024 (171 values)
[00:29:23.637] INFO - Jugador 1024 almacenado correctamente
[00:29:23.707] INFO - Escribiendo historial market-value del jugador 1029 (211 values)
[00:29:23.710] INFO - Jugador 1029 almacenado correctamente
[00:29:23.805] ERROR - Jugador 1034 [NO ENCONTRADO]
[00:29:23.818] ERROR - Jugador 1035 [NO ENCONTRADO]
[00:29:23.867] ERROR - Jugador 1036 [out_of_league]
[00:29:23.936] INFO - Escribiendo historial market-value del jugador 1031 (190 values)
[00:29:23.939] INFO - Jugador 1031 almacenado correctamente
[00:29:23.963] ERROR - Jugador 1037 [out_of_league]
[00:29:23.979] INFO - Escribiendo historial market-value del jugador 1032 (211 values)
[00:29:23.982] INFO - Jugador 1032 almacenado correctamente
[00:29:24.001] INFO - Escribiendo historial market-value del jugador 1033 (183 values)
[00:29:24.003] INFO - Jugador 1033 almacenado correctamente
[00:29:24.007] ERROR - Jugador 1038 [NO ENCONTRADO]
[00:29:24.125] ERROR - Jugador 1040 [out_of_league]
[00:29:24.168] ERROR - Jugador 1041 [NO ENCONTRADO]
[00:29:24.260] ERROR - Jugador 1043 [NO ENCONTRADO]
[00:29:24.289] ERROR - Jugador 1044 [out_of_league]
[00:29:24.326] ERROR - Jugador 1045 [NO ENCONTRADO]
[00:29:24.428] ERROR - Jugador 1047 [out_of_league]
[00:29:24.447] INFO - Escribiendo historial market-value del jugador 1039 (211 values)
[00:29:24.450] INFO - Jugador 1039 almacenado correctamente
[00:29:24.469] ERROR - Jugador 1048 [out_of_league]
[00:29:24.582] INFO - Escribiendo historial market-value del jugador 1042 (189 values)
[00:29:24.584] INFO - Jugador 1042 almacenado correctamente
[00:29:24.695] INFO - Escribiendo historial market-value del jugador 1046 (211 values)
[00:29:24.698] INFO - Jugador 1046 almacenado correctamente
[00:29:24.722] ERROR - Jugador 1052 [out_of_league]
[00:29:24.749] ERROR - Jugador 1053 [out_of_league]
[00:29:24.770] ERROR - Jugador 1054 [out_of_league]
[00:29:24.920] ERROR - Jugador 1055 [out_of_league]
[00:29:24.924] INFO - Escribiendo historial market-value del jugador 1049 (211 values)
[00:29:24.926] INFO - Jugador 1049 almacenado correctamente
[00:29:24.940] INFO - Escribiendo historial market-value del jugador 1050 (171 values)
[00:29:24.943] INFO - Jugador 1050 almacenado correctamente
[00:29:25.038] INFO - Escribiendo historial market-value del jugador 1051 (211 values)
[00:29:25.042] INFO - Jugador 1051 almacenado correctamente
[00:29:25.050] ERROR - Jugador 1057 [out_of_league]
[00:29:25.071] ERROR - Jugador 1058 [out_of_league]
[00:29:25.090] ERROR - Jugador 1059 [out_of_league]
[00:29:25.238] ERROR - Jugador 1061 [out_of_league]
[00:29:25.241] ERROR - Jugador 1060 [out_of_league]
[00:29:25.265] ERROR - Jugador 1062 [out_of_league]
[00:29:25.399] ERROR - Jugador 1065 [out_of_league]
[00:29:25.424] INFO - Escribiendo historial market-value del jugador 1056 (182 values)
[00:29:25.427] INFO - Jugador 1056 almacenado correctamente
[00:29:25.432] ERROR - Jugador 1066 [out_of_league]
[00:29:25.544] ERROR - Jugador 1067 [out_of_league]
[00:29:25.554] ERROR - Jugador 1068 [out_of_league]
[00:29:25.741] INFO - Escribiendo historial market-value del jugador 1063 (211 values)
[00:29:25.744] INFO - Jugador 1063 almacenado correctamente
[00:29:25.757] INFO - Escribiendo historial market-value del jugador 1064 (211 values)
[00:29:25.761] INFO - Jugador 1064 almacenado correctamente
[00:29:25.786] ERROR - Jugador 1071 [out_of_league]
[00:29:25.863] ERROR - Jugador 1074 [out_of_league]
[00:29:25.905] INFO - Escribiendo historial market-value del jugador 1069 (211 values)
[00:29:25.908] INFO - Jugador 1069 almacenado correctamente
[00:29:26.045] ERROR - Jugador 1075 [out_of_league]
[00:29:26.076] ERROR - Jugador 1076 [out_of_league]
[00:29:26.113] ERROR - Jugador 1077 [out_of_league]
[00:29:26.128] INFO - Escribiendo historial market-value del jugador 1070 (204 values)
[00:29:26.131] INFO - Jugador 1070 almacenado correctamente
[00:29:26.167] INFO - Escribiendo historial market-value del jugador 1072 (211 values)
[00:29:26.169] ERROR - Jugador 1078 [out_of_league]
[00:29:26.174] INFO - Jugador 1072 almacenado correctamente
[00:29:26.201] ERROR - Jugador 1079 [NO ENCONTRADO]
[00:29:26.234] INFO - Escribiendo historial market-value del jugador 1073 (211 values)
[00:29:26.236] INFO - Jugador 1073 almacenado correctamente
[00:29:26.352] ERROR - Jugador 1080 [out_of_league]
[00:29:26.407] ERROR - Jugador 1082 [NO ENCONTRADO]
[00:29:26.435] ERROR - Jugador 1083 [out_of_league]
[00:29:26.482] ERROR - Jugador 1084 [out_of_league]
[00:29:26.491] ERROR - Jugador 1085 [NO ENCONTRADO]
[00:29:26.503] ERROR - Jugador 1086 [NO ENCONTRADO]
[00:29:26.551] ERROR - Jugador 1087 [out_of_league]
[00:29:26.716] ERROR - Jugador 1089 [out_of_league]
[00:29:26.748] INFO - Escribiendo historial market-value del jugador 1081 (211 values)
[00:29:26.751] INFO - Jugador 1081 almacenado correctamente
[00:29:26.804] ERROR - Jugador 1092 [out_of_league]
[00:29:26.842] ERROR - Jugador 1094 [out_of_league]
[00:29:26.848] ERROR - Jugador 1093 [out_of_league]
[00:29:26.975] INFO - Escribiendo historial market-value del jugador 1088 (211 values)
[00:29:26.980] INFO - Jugador 1088 almacenado correctamente
[00:29:27.012] ERROR - Jugador 1095 [out_of_league]
[00:29:27.133] INFO - Escribiendo historial market-value del jugador 1090 (211 values)
[00:29:27.136] INFO - Jugador 1090 almacenado correctamente
[00:29:27.160] INFO - Escribiendo historial market-value del jugador 1091 (211 values)
[00:29:27.162] INFO - Jugador 1091 almacenado correctamente
[00:29:27.174] ERROR - Jugador 1098 [out_of_league]
[00:29:27.306] ERROR - Jugador 1101 [out_of_league]
[00:29:27.401] INFO - Escribiendo historial market-value del jugador 1096 (189 values)
[00:29:27.406] INFO - Jugador 1096 almacenado correctamente
[00:29:27.439] ERROR - Jugador 1102 [out_of_league]
[00:29:27.488] INFO - Escribiendo historial market-value del jugador 1097 (211 values)
[00:29:27.491] INFO - Jugador 1097 almacenado correctamente
[00:29:27.510] ERROR - Jugador 1104 [out_of_league]
[00:29:27.525] INFO - Escribiendo historial market-value del jugador 1099 (171 values)
[00:29:27.528] INFO - Jugador 1099 almacenado correctamente
[00:29:27.609] ERROR - Jugador 1105 [NO ENCONTRADO]
[00:29:27.628] INFO - Escribiendo historial market-value del jugador 1100 (211 values)
[00:29:27.633] INFO - Jugador 1100 almacenado correctamente
[00:29:27.796] ERROR - Jugador 1108 [out_of_league]
[00:29:27.825] ERROR - Jugador 1109 [NO ENCONTRADO]
[00:29:27.845] ERROR - Jugador 1110 [out_of_league]
[00:29:27.864] INFO - Escribiendo historial market-value del jugador 1103 (211 values)
[00:29:27.866] INFO - Jugador 1103 almacenado correctamente
[00:29:27.898] ERROR - Jugador 1111 [NO ENCONTRADO]
[00:29:27.941] ERROR - Jugador 1112 [NO ENCONTRADO]
[00:29:28.106] ERROR - Jugador 1113 [NO ENCONTRADO]
[00:29:28.140] INFO - Escribiendo historial market-value del jugador 1106 (197 values)
[00:29:28.143] INFO - Jugador 1106 almacenado correctamente
[00:29:28.160] INFO - Escribiendo historial market-value del jugador 1107 (211 values)
[00:29:28.162] INFO - Jugador 1107 almacenado correctamente
[00:29:28.180] ERROR - Jugador 1114 [out_of_league]
[00:29:28.185] ERROR - Jugador 1115 [out_of_league]
[00:29:28.190] ERROR - Jugador 1116 [out_of_league]
[00:29:28.199] ERROR - Jugador 1117 [out_of_league]
[00:29:28.256] ERROR - Jugador 1118 [NO ENCONTRADO]
[00:29:28.410] ERROR - Jugador 1119 [out_of_league]
[00:29:28.444] ERROR - Jugador 1120 [out_of_league]
[00:29:28.535] ERROR - Jugador 1124 [out_of_league]
[00:29:28.549] ERROR - Jugador 1122 [out_of_league]
[00:29:28.554] ERROR - Jugador 1126 [NO ENCONTRADO]
[00:29:28.556] ERROR - Jugador 1125 [out_of_league]
[00:29:28.716] ERROR - Jugador 1127 [out_of_league]
[00:29:28.750] ERROR - Jugador 1128 [NO ENCONTRADO]
[00:29:28.862] INFO - Escribiendo historial market-value del jugador 1121 (211 values)
[00:29:28.865] INFO - Jugador 1121 almacenado correctamente
[00:29:28.886] ERROR - Jugador 1129 [out_of_league]
[00:29:28.923] INFO - Escribiendo historial market-value del jugador 1123 (211 values)
[00:29:28.925] INFO - Jugador 1123 almacenado correctamente
[00:29:29.180] ERROR - Jugador 1135 [out_of_league]
[00:29:29.189] ERROR - Jugador 1136 [out_of_league]
[00:29:29.214] INFO - Escribiendo historial market-value del jugador 1131 (211 values)
[00:29:29.217] INFO - Jugador 1131 almacenado correctamente
[00:29:29.221] ERROR - Jugador 1137 [NO ENCONTRADO]
[00:29:29.300] INFO - Escribiendo historial market-value del jugador 1132 (211 values)
[00:29:29.301] INFO - Escribiendo historial market-value del jugador 1130 (211 values)
[00:29:29.308] INFO - Jugador 1130 almacenado correctamente
[00:29:29.312] INFO - Jugador 1132 almacenado correctamente
[00:29:29.346] INFO - Escribiendo historial market-value del jugador 1133 (211 values)
[00:29:29.349] INFO - Jugador 1133 almacenado correctamente
[00:29:29.372] INFO - Escribiendo historial market-value del jugador 1134 (211 values)
[00:29:29.374] INFO - Jugador 1134 almacenado correctamente
[00:29:29.504] ERROR - Jugador 1139 [out_of_league]
[00:29:29.512] ERROR - Jugador 1138 [out_of_league]
[00:29:29.541] ERROR - Jugador 1141 [NO ENCONTRADO]
[00:29:29.569] ERROR - Jugador 1140 [out_of_league]
[00:29:29.625] ERROR - Jugador 1142 [NO ENCONTRADO]
[00:29:29.632] ERROR - Jugador 1143 [out_of_league]
[00:29:29.667] ERROR - Jugador 1144 [out_of_league]
[00:29:29.697] ERROR - Jugador 1145 [out_of_league]
[00:29:29.873] ERROR - Jugador 1149 [NO ENCONTRADO]
[00:29:29.890] ERROR - Jugador 1148 [out_of_league]
[00:29:29.930] ERROR - Jugador 1150 [NO ENCONTRADO]
[00:29:29.942] ERROR - Jugador 1151 [out_of_league]
[00:29:29.962] ERROR - Jugador 1152 [out_of_league]
[00:29:29.986] ERROR - Jugador 1153 [NO ENCONTRADO]
[00:29:30.187] ERROR - Jugador 1154 [out_of_league]
[00:29:30.232] INFO - Escribiendo historial market-value del jugador 1146 (211 values)
[00:29:30.235] INFO - Jugador 1146 almacenado correctamente
[00:29:30.268] INFO - Escribiendo historial market-value del jugador 1147 (211 values)
[00:29:30.271] ERROR - Jugador 1156 [NO ENCONTRADO]
[00:29:30.271] INFO - Jugador 1147 almacenado correctamente
[00:29:30.298] ERROR - Jugador 1158 [out_of_league]
[00:29:30.493] ERROR - Jugador 1160 [out_of_league]
[00:29:30.538] ERROR - Jugador 1161 [out_of_league]
[00:29:30.594] INFO - Escribiendo historial market-value del jugador 1155 (211 values)
[00:29:30.599] INFO - Jugador 1155 almacenado correctamente
[00:29:30.605] ERROR - Jugador 1162 [out_of_league]
[00:29:30.641] ERROR - Jugador 1164 [NO ENCONTRADO]
[00:29:30.646] INFO - Escribiendo historial market-value del jugador 1157 (211 values)
[00:29:30.649] INFO - Jugador 1157 almacenado correctamente
[00:29:30.653] INFO - Escribiendo historial market-value del jugador 1159 (211 values)
[00:29:30.654] INFO - Jugador 1159 almacenado correctamente
[00:29:30.917] ERROR - Jugador 1167 [out_of_league]
[00:29:30.974] ERROR - Jugador 1170 [NO ENCONTRADO]
[00:29:30.989] ERROR - Jugador 1171 [out_of_league]
[00:29:31.005] INFO - Escribiendo historial market-value del jugador 1163 (211 values)
[00:29:31.008] INFO - Jugador 1163 almacenado correctamente
[00:29:31.140] INFO - Escribiendo historial market-value del jugador 1165 (172 values)
[00:29:31.144] INFO - Jugador 1165 almacenado correctamente
[00:29:31.229] ERROR - Jugador 1172 [NO ENCONTRADO]
[00:29:31.234] INFO - Escribiendo historial market-value del jugador 1166 (190 values)
[00:29:31.239] INFO - Jugador 1166 almacenado correctamente
[00:29:31.280] INFO - Escribiendo historial market-value del jugador 1168 (183 values)
[00:29:31.282] INFO - Jugador 1168 almacenado correctamente
[00:29:31.286] ERROR - Jugador 1173 [NO ENCONTRADO]
[00:29:31.311] ERROR - Jugador 1174 [out_of_league]
[00:29:31.333] INFO - Escribiendo historial market-value del jugador 1169 (211 values)
[00:29:31.338] INFO - Jugador 1169 almacenado correctamente
[00:29:31.348] ERROR - Jugador 1175 [out_of_league]
[00:29:31.539] ERROR - Jugador 1178 [NO ENCONTRADO]
[00:29:31.602] ERROR - Jugador 1180 [out_of_league]
[00:29:31.634] ERROR - Jugador 1181 [out_of_league]
[00:29:31.670] ERROR - Jugador 1182 [out_of_league]
[00:29:31.829] INFO - Escribiendo historial market-value del jugador 1176 (211 values)
[00:29:31.831] INFO - Jugador 1176 almacenado correctamente
[00:29:31.911] ERROR - Jugador 1185 [out_of_league]
[00:29:31.937] INFO - Escribiendo historial market-value del jugador 1177 (211 values)
[00:29:31.941] INFO - Jugador 1177 almacenado correctamente
[00:29:32.005] INFO - Escribiendo historial market-value del jugador 1179 (204 values)
[00:29:32.008] INFO - Jugador 1179 almacenado correctamente
[00:29:32.012] INFO - Escribiendo historial market-value del jugador 1183 (186 values)
[00:29:32.014] INFO - Jugador 1183 almacenado correctamente
[00:29:32.133] ERROR - Jugador 1188 [out_of_league]
[00:29:32.230] ERROR - Jugador 1189 [out_of_league]
[00:29:32.250] INFO - Escribiendo historial market-value del jugador 1184 (211 values)
[00:29:32.253] INFO - Jugador 1184 almacenado correctamente
[00:29:32.284] INFO - Escribiendo historial market-value del jugador 1186 (211 values)
[00:29:32.287] INFO - Jugador 1186 almacenado correctamente
[00:29:32.337] ERROR - Jugador 1192 [out_of_league]
[00:29:32.349] INFO - Escribiendo historial market-value del jugador 1187 (211 values)
[00:29:32.352] INFO - Jugador 1187 almacenado correctamente
[00:29:32.529] ERROR - Jugador 1194 [out_of_league]
[00:29:32.557] ERROR - Jugador 1195 [out_of_league]
[00:29:32.618] ERROR - Jugador 1196 [out_of_league]
[00:29:32.622] INFO - Escribiendo historial market-value del jugador 1190 (211 values)
[00:29:32.627] INFO - Jugador 1190 almacenado correctamente
[00:29:32.671] ERROR - Jugador 1198 [out_of_league]
[00:29:32.717] INFO - Escribiendo historial market-value del jugador 1191 (211 values)
[00:29:32.722] INFO - Jugador 1191 almacenado correctamente
[00:29:32.774] INFO - Escribiendo historial market-value del jugador 1193 (211 values)
[00:29:32.778] INFO - Jugador 1193 almacenado correctamente
[00:29:32.847] ERROR - Jugador 1199 [out_of_league]
[00:29:32.942] ERROR - Jugador 1202 [out_of_league]
[00:29:32.980] INFO - Escribiendo historial market-value del jugador 1197 (211 values)
[00:29:32.982] INFO - Jugador 1197 almacenado correctamente
[00:29:32.993] ERROR - Jugador 1203 [out_of_league]
[00:29:33.075] ERROR - Jugador 1205 [out_of_league]
[00:29:33.162] ERROR - Jugador 1206 [out_of_league]
[00:29:33.238] INFO - Escribiendo historial market-value del jugador 1200 (204 values)
[00:29:33.240] INFO - Jugador 1200 almacenado correctamente
[00:29:33.279] INFO - Escribiendo historial market-value del jugador 1201 (183 values)
[00:29:33.281] INFO - Jugador 1201 almacenado correctamente
[00:29:33.405] INFO - Escribiendo historial market-value del jugador 1204 (211 values)
[00:29:33.408] INFO - Jugador 1204 almacenado correctamente
[00:29:33.455] ERROR - Jugador 1211 [out_of_league]
[00:29:33.556] INFO - Escribiendo historial market-value del jugador 1207 (3 values)
[00:29:33.557] ERROR - Jugador 1212 [out_of_league]
[00:29:33.557] INFO - Jugador 1207 almacenado correctamente
[00:29:33.601] ERROR - Jugador 1213 [out_of_league]
[00:29:33.653] INFO - Escribiendo historial market-value del jugador 1209 (189 values)
[00:29:33.657] INFO - Jugador 1209 almacenado correctamente
[00:29:33.669] INFO - Escribiendo historial market-value del jugador 1208 (183 values)
[00:29:33.673] INFO - Jugador 1208 almacenado correctamente
[00:29:33.696] INFO - Escribiendo historial market-value del jugador 1210 (43 values)
[00:29:33.697] INFO - Jugador 1210 almacenado correctamente
[00:29:33.879] ERROR - Jugador 1217 [out_of_league]
[00:29:33.989] ERROR - Jugador 1220 [out_of_league]
[00:29:34.099] INFO - Escribiendo historial market-value del jugador 1214 (196 values)
[00:29:34.104] INFO - Jugador 1214 almacenado correctamente
[00:29:34.140] INFO - Escribiendo historial market-value del jugador 1215 (211 values)
[00:29:34.145] INFO - Jugador 1215 almacenado correctamente
[00:29:34.209] INFO - Escribiendo historial market-value del jugador 1216 (211 values)
[00:29:34.214] INFO - Jugador 1216 almacenado correctamente
[00:29:34.294] INFO - Escribiendo historial market-value del jugador 1218 (180 values)
[00:29:34.297] ERROR - Jugador 1223 [out_of_league]
[00:29:34.300] INFO - Jugador 1218 almacenado correctamente
[00:29:34.339] INFO - Escribiendo historial market-value del jugador 1221 (211 values)
[00:29:34.342] INFO - Jugador 1221 almacenado correctamente
[00:29:34.373] INFO - Escribiendo historial market-value del jugador 1219 (211 values)
[00:29:34.376] INFO - Jugador 1219 almacenado correctamente
[00:29:34.408] ERROR - Jugador 1224 [out_of_league]
[00:29:34.453] ERROR - Jugador 1225 [out_of_league]
[00:29:34.540] INFO - Escribiendo historial market-value del jugador 1222 (211 values)
[00:29:34.543] ERROR - Jugador 1226 [out_of_league]
[00:29:34.543] INFO - Jugador 1222 almacenado correctamente
[00:29:34.628] ERROR - Jugador 1228 [out_of_league]
[00:29:34.663] ERROR - Jugador 1229 [out_of_league]
[00:29:34.677] ERROR - Jugador 1230 [NO ENCONTRADO]
[00:29:34.703] ERROR - Jugador 1231 [out_of_league]
[00:29:34.766] ERROR - Jugador 1232 [out_of_league]
[00:29:34.864] ERROR - Jugador 1234 [out_of_league]
[00:29:34.866] ERROR - Jugador 1233 [out_of_league]
[00:29:34.938] ERROR - Jugador 1235 [out_of_league]
[00:29:34.973] INFO - Escribiendo historial market-value del jugador 1227 (165 values)
[00:29:34.977] INFO - Jugador 1227 almacenado correctamente
[00:29:34.991] ERROR - Jugador 1236 [out_of_league]
[00:29:35.008] ERROR - Jugador 1237 [out_of_league]
[00:29:35.010] ERROR - Jugador 1238 [out_of_league]
[00:29:35.073] ERROR - Jugador 1239 [out_of_league]
[00:29:35.184] ERROR - Jugador 1240 [NO ENCONTRADO]
[00:29:35.187] ERROR - Jugador 1241 [out_of_league]
[00:29:35.249] ERROR - Jugador 1242 [out_of_league]
[00:29:35.301] ERROR - Jugador 1243 [out_of_league]
[00:29:35.369] ERROR - Jugador 1247 [out_of_league]
[00:29:35.512] ERROR - Jugador 1249 [out_of_league]
[00:29:35.516] ERROR - Jugador 1248 [out_of_league]
[00:29:35.566] ERROR - Jugador 1250 [out_of_league]
[00:29:35.710] ERROR - Jugador 1252 [out_of_league]
[00:29:35.713] INFO - Escribiendo historial market-value del jugador 1244 (179 values)
[00:29:35.714] INFO - Escribiendo historial market-value del jugador 1246 (183 values)
[00:29:35.719] INFO - Escribiendo historial market-value del jugador 1245 (211 values)
[00:29:35.721] INFO - Jugador 1246 almacenado correctamente
[00:29:35.728] INFO - Jugador 1244 almacenado correctamente
[00:29:35.729] INFO - Jugador 1245 almacenado correctamente
[00:29:35.852] ERROR - Jugador 1254 [out_of_league]
[00:29:35.947] INFO - Escribiendo historial market-value del jugador 1251 (182 values)
[00:29:35.949] INFO - Jugador 1251 almacenado correctamente
[00:29:36.054] ERROR - Jugador 1257 [out_of_league]
[00:29:36.079] ERROR - Jugador 1259 [out_of_league]
[00:29:36.093] ERROR - Jugador 1258 [out_of_league]
[00:29:36.201] INFO - Escribiendo historial market-value del jugador 1253 (211 values)
[00:29:36.206] INFO - Jugador 1253 almacenado correctamente
[00:29:36.269] INFO - Escribiendo historial market-value del jugador 1255 (211 values)
[00:29:36.272] INFO - Jugador 1255 almacenado correctamente
[00:29:36.371] INFO - Escribiendo historial market-value del jugador 1256 (211 values)
[00:29:36.375] INFO - Jugador 1256 almacenado correctamente
[00:29:36.380] ERROR - Jugador 1262 [out_of_league]
[00:29:36.404] ERROR - Jugador 1264 [out_of_league]
[00:29:36.571] INFO - Escribiendo historial market-value del jugador 1260 (182 values)
[00:29:36.576] INFO - Jugador 1260 almacenado correctamente
[00:29:36.580] ERROR - Jugador 1266 [out_of_league]
[00:29:36.652] INFO - Escribiendo historial market-value del jugador 1261 (211 values)
[00:29:36.655] INFO - Jugador 1261 almacenado correctamente
[00:29:36.696] ERROR - Jugador 1267 [out_of_league]
[00:29:36.700] ERROR - Jugador 1268 [out_of_league]
[00:29:36.765] INFO - Escribiendo historial market-value del jugador 1263 (183 values)
[00:29:36.767] INFO - Jugador 1263 almacenado correctamente
[00:29:36.903] INFO - Escribiendo historial market-value del jugador 1265 (211 values)
[00:29:36.906] INFO - Jugador 1265 almacenado correctamente
[00:29:36.909] ERROR - Jugador 1270 [out_of_league]
[00:29:36.913] ERROR - Jugador 1271 [out_of_league]
[00:29:36.953] ERROR - Jugador 1272 [out_of_league]
[00:29:37.028] ERROR - Jugador 1273 [out_of_league]
[00:29:37.031] ERROR - Jugador 1274 [out_of_league]
[00:29:37.053] INFO - Escribiendo historial market-value del jugador 1269 (207 values)
[00:29:37.058] INFO - Jugador 1269 almacenado correctamente
[00:29:37.236] ERROR - Jugador 1278 [out_of_league]
[00:29:37.244] ERROR - Jugador 1276 [out_of_league]
[00:29:37.263] ERROR - Jugador 1279 [out_of_league]
[00:29:37.366] ERROR - Jugador 1281 [NO ENCONTRADO]
[00:29:37.373] ERROR - Jugador 1280 [out_of_league]
[00:29:37.383] ERROR - Jugador 1282 [out_of_league]
[00:29:37.464] INFO - Escribiendo historial market-value del jugador 1275 (211 values)
[00:29:37.469] INFO - Jugador 1275 almacenado correctamente
[00:29:37.562] ERROR - Jugador 1284 [out_of_league]
[00:29:37.572] ERROR - Jugador 1283 [out_of_league]
[00:29:37.583] ERROR - Jugador 1285 [out_of_league]
[00:29:37.610] INFO - Escribiendo historial market-value del jugador 1277 (171 values)
[00:29:37.613] INFO - Jugador 1277 almacenado correctamente
[00:29:37.687] ERROR - Jugador 1286 [out_of_league]
[00:29:37.691] ERROR - Jugador 1287 [out_of_league]
[00:29:37.705] ERROR - Jugador 1288 [out_of_league]
[00:29:37.866] ERROR - Jugador 1290 [out_of_league]
[00:29:37.931] ERROR - Jugador 1292 [out_of_league]
[00:29:37.942] ERROR - Jugador 1293 [out_of_league]
[00:29:38.013] ERROR - Jugador 1294 [out_of_league]
[00:29:38.017] ERROR - Jugador 1296 [out_of_league]
[00:29:38.126] INFO - Escribiendo historial market-value del jugador 1289 (193 values)
[00:29:38.130] INFO - Jugador 1289 almacenado correctamente
[00:29:38.179] ERROR - Jugador 1297 [out_of_league]
[00:29:38.237] INFO - Escribiendo historial market-value del jugador 1291 (196 values)
[00:29:38.240] INFO - Jugador 1291 almacenado correctamente
[00:29:38.264] ERROR - Jugador 1299 [out_of_league]
[00:29:38.267] ERROR - Jugador 1298 [out_of_league]
[00:29:38.365] INFO - Escribiendo historial market-value del jugador 1295 (211 values)
[00:29:38.368] INFO - Jugador 1295 almacenado correctamente
[00:29:38.488] ERROR - Jugador 1303 [NO ENCONTRADO]
[00:29:38.536] ERROR - Jugador 1304 [out_of_league]
[00:29:38.672] ERROR - Jugador 1307 [out_of_league]
[00:29:38.699] INFO - Escribiendo historial market-value del jugador 1300 (211 values)
[00:29:38.703] INFO - Jugador 1300 almacenado correctamente
[00:29:38.713] INFO - Escribiendo historial market-value del jugador 1301 (191 values)
[00:29:38.717] INFO - Jugador 1301 almacenado correctamente
[00:29:38.784] INFO - Escribiendo historial market-value del jugador 1302 (182 values)
[00:29:38.787] INFO - Jugador 1302 almacenado correctamente
[00:29:38.846] ERROR - Jugador 1309 [out_of_league]
[00:29:38.918] INFO - Escribiendo historial market-value del jugador 1306 (159 values)
[00:29:38.921] INFO - Jugador 1306 almacenado correctamente
[00:29:38.952] INFO - Escribiendo historial market-value del jugador 1305 (163 values)
[00:29:38.955] INFO - Jugador 1305 almacenado correctamente
[00:29:38.983] ERROR - Jugador 1310 [out_of_league]
[00:29:39.037] ERROR - Jugador 1311 [out_of_league]
[00:29:39.089] ERROR - Jugador 1313 [out_of_league]
[00:29:39.130] INFO - Escribiendo historial market-value del jugador 1308 (196 values)
[00:29:39.135] INFO - Jugador 1308 almacenado correctamente
[00:29:39.170] ERROR - Jugador 1314 [out_of_league]
[00:29:39.217] ERROR - Jugador 1315 [NO ENCONTRADO]
[00:29:39.251] ERROR - Jugador 1316 [out_of_league]
[00:29:39.292] ERROR - Jugador 1317 [out_of_league]
[00:29:39.434] INFO - Escribiendo historial market-value del jugador 1312 (211 values)
[00:29:39.437] INFO - Jugador 1312 almacenado correctamente
[00:29:39.512] ERROR - Jugador 1321 [out_of_league]
[00:29:39.562] ERROR - Jugador 1323 [out_of_league]
[00:29:39.603] ERROR - Jugador 1324 [out_of_league]
[00:29:39.717] INFO - Escribiendo historial market-value del jugador 1318 (211 values)
[00:29:39.719] INFO - Jugador 1318 almacenado correctamente
[00:29:39.780] INFO - Escribiendo historial market-value del jugador 1320 (197 values)
[00:29:39.782] INFO - Jugador 1320 almacenado correctamente
[00:29:39.789] INFO - Escribiendo historial market-value del jugador 1319 (181 values)
[00:29:39.792] INFO - Jugador 1319 almacenado correctamente
[00:29:39.811] ERROR - Jugador 1326 [NO ENCONTRADO]
[00:29:39.878] INFO - Escribiendo historial market-value del jugador 1322 (134 values)
[00:29:39.881] INFO - Jugador 1322 almacenado correctamente
[00:29:39.903] ERROR - Jugador 1328 [out_of_league]
[00:29:40.113] ERROR - Jugador 1330 [NO ENCONTRADO]
[00:29:40.123] INFO - Escribiendo historial market-value del jugador 1325 (211 values)
[00:29:40.125] INFO - Jugador 1325 almacenado correctamente
[00:29:40.145] ERROR - Jugador 1331 [out_of_league]
[00:29:40.199] ERROR - Jugador 1333 [out_of_league]
[00:29:40.227] INFO - Escribiendo historial market-value del jugador 1327 (211 values)
[00:29:40.234] ERROR - Jugador 1334 [out_of_league]
[00:29:40.241] INFO - Jugador 1327 almacenado correctamente
[00:29:40.442] INFO - Escribiendo historial market-value del jugador 1329 (211 values)
[00:29:40.442] ERROR - Jugador 1335 [out_of_league]
[00:29:40.447] INFO - Jugador 1329 almacenado correctamente
[00:29:40.458] ERROR - Jugador 1336 [out_of_league]
[00:29:40.488] INFO - Escribiendo historial market-value del jugador 1332 (211 values)
[00:29:40.490] INFO - Jugador 1332 almacenado correctamente
[00:29:40.502] ERROR - Jugador 1338 [out_of_league]
[00:29:40.547] ERROR - Jugador 1339 [out_of_league]
[00:29:40.561] ERROR - Jugador 1340 [out_of_league]
[00:29:40.773] ERROR - Jugador 1342 [NO ENCONTRADO]
[00:29:40.779] ERROR - Jugador 1341 [out_of_league]
[00:29:40.872] INFO - Escribiendo historial market-value del jugador 1337 (179 values)
[00:29:40.877] INFO - Jugador 1337 almacenado correctamente
[00:29:40.882] ERROR - Jugador 1347 [out_of_league]
[00:29:40.887] ERROR - Jugador 1346 [out_of_league]
[00:29:41.132] ERROR - Jugador 1348 [out_of_league]
[00:29:41.167] INFO - Escribiendo historial market-value del jugador 1343 (182 values)
[00:29:41.170] INFO - Jugador 1343 almacenado correctamente
[00:29:41.206] INFO - Escribiendo historial market-value del jugador 1344 (211 values)
[00:29:41.208] INFO - Jugador 1344 almacenado correctamente
[00:29:41.255] INFO - Escribiendo historial market-value del jugador 1345 (177 values)
[00:29:41.259] INFO - Jugador 1345 almacenado correctamente
[00:29:41.458] INFO - Escribiendo historial market-value del jugador 1349 (211 values)
[00:29:41.461] INFO - Jugador 1349 almacenado correctamente
[00:29:41.477] ERROR - Jugador 1354 [out_of_league]
[00:29:41.514] ERROR - Jugador 1355 [out_of_league]
[00:29:41.553] INFO - Escribiendo historial market-value del jugador 1350 (32 values)
[00:29:41.554] INFO - Jugador 1350 almacenado correctamente
[00:29:41.586] INFO - Escribiendo historial market-value del jugador 1352 (211 values)
[00:29:41.588] INFO - Jugador 1352 almacenado correctamente
[00:29:41.618] INFO - Escribiendo historial market-value del jugador 1351 (211 values)
[00:29:41.623] INFO - Jugador 1351 almacenado correctamente
[00:29:41.801] INFO - Escribiendo historial market-value del jugador 1353 (211 values)
[00:29:41.803] INFO - Jugador 1353 almacenado correctamente
[00:29:41.849] ERROR - Jugador 1360 [out_of_league]
[00:29:41.860] ERROR - Jugador 1359 [out_of_league]
[00:29:41.905] INFO - Escribiendo historial market-value del jugador 1356 (59 values)
[00:29:41.906] INFO - Jugador 1356 almacenado correctamente
[00:29:42.110] ERROR - Jugador 1363 [out_of_league]
[00:29:42.169] ERROR - Jugador 1364 [out_of_league]
[00:29:42.181] INFO - Escribiendo historial market-value del jugador 1357 (211 values)
[00:29:42.183] INFO - Jugador 1357 almacenado correctamente
[00:29:42.193] ERROR - Jugador 1365 [out_of_league]
[00:29:42.215] INFO - Escribiendo historial market-value del jugador 1358 (211 values)
[00:29:42.217] INFO - Jugador 1358 almacenado correctamente
[00:29:42.272] INFO - Escribiendo historial market-value del jugador 1361 (211 values)
[00:29:42.273] INFO - Escribiendo historial market-value del jugador 1362 (31 values)
[00:29:42.275] INFO - Jugador 1362 almacenado correctamente
[00:29:42.280] INFO - Jugador 1361 almacenado correctamente
[00:29:42.514] ERROR - Jugador 1370 [out_of_league]
[00:29:42.528] ERROR - Jugador 1371 [out_of_league]
[00:29:42.565] INFO - Escribiendo historial market-value del jugador 1366 (211 values)
[00:29:42.567] INFO - Jugador 1366 almacenado correctamente
[00:29:42.597] ERROR - Jugador 1372 [out_of_league]
[00:29:42.613] ERROR - Jugador 1373 [out_of_league]
[00:29:42.794] INFO - Escribiendo historial market-value del jugador 1367 (211 values)
[00:29:42.796] INFO - Jugador 1367 almacenado correctamente
[00:29:42.840] ERROR - Jugador 1375 [out_of_league]
[00:29:42.848] INFO - Escribiendo historial market-value del jugador 1368 (211 values)
[00:29:42.850] INFO - Jugador 1368 almacenado correctamente
[00:29:42.859] ERROR - Jugador 1374 [out_of_league]
[00:29:42.877] ERROR - Jugador 1376 [out_of_league]
[00:29:42.909] INFO - Escribiendo historial market-value del jugador 1369 (211 values)
[00:29:42.911] INFO - Jugador 1369 almacenado correctamente
[00:29:42.925] ERROR - Jugador 1377 [out_of_league]
[00:29:42.930] ERROR - Jugador 1378 [out_of_league]
[00:29:43.142] ERROR - Jugador 1379 [out_of_league]
[00:29:43.158] ERROR - Jugador 1380 [out_of_league]
[00:29:43.195] ERROR - Jugador 1381 [out_of_league]
[00:29:43.203] ERROR - Jugador 1382 [out_of_league]
[00:29:43.207] ERROR - Jugador 1383 [out_of_league]
[00:29:43.223] ERROR - Jugador 1384 [out_of_league]
[00:29:43.253] ERROR - Jugador 1386 [out_of_league]
[00:29:43.264] ERROR - Jugador 1385 [out_of_league]
[00:29:43.455] ERROR - Jugador 1387 [out_of_league]
[00:29:43.513] ERROR - Jugador 1389 [out_of_league]
[00:29:43.523] ERROR - Jugador 1390 [out_of_league]
[00:29:43.547] ERROR - Jugador 1391 [out_of_league]
[00:29:43.552] ERROR - Jugador 1392 [out_of_league]
[00:29:43.583] ERROR - Jugador 1394 [out_of_league]
[00:29:43.589] ERROR - Jugador 1393 [out_of_league]
[00:29:43.772] ERROR - Jugador 1395 [out_of_league]
[00:29:43.786] INFO - Escribiendo historial market-value del jugador 1388 (211 values)
[00:29:43.787] INFO - Jugador 1388 almacenado correctamente
[00:29:43.829] ERROR - Jugador 1396 [out_of_league]
[00:29:43.855] ERROR - Jugador 1397 [out_of_league]
[00:29:43.859] ERROR - Jugador 1398 [out_of_league]
[00:29:43.879] ERROR - Jugador 1399 [out_of_league]
[00:29:43.903] ERROR - Jugador 1400 [out_of_league]
[00:29:43.911] ERROR - Jugador 1401 [out_of_league]
[00:29:44.075] ERROR - Jugador 1402 [out_of_league]
[00:29:44.118] ERROR - Jugador 1403 [out_of_league]
[00:29:44.121] ERROR - Jugador 1404 [out_of_league]
[00:29:44.174] ERROR - Jugador 1406 [out_of_league]
[00:29:44.175] ERROR - Jugador 1405 [out_of_league]
[00:29:44.202] ERROR - Jugador 1407 [out_of_league]
[00:29:44.231] ERROR - Jugador 1409 [out_of_league]
[00:29:44.243] ERROR - Jugador 1408 [out_of_league]
[00:29:44.368] ERROR - Jugador 1410 [out_of_league]
[00:29:44.430] ERROR - Jugador 1412 [out_of_league]
[00:29:44.446] ERROR - Jugador 1411 [out_of_league]
[00:29:44.492] ERROR - Jugador 1413 [out_of_league]
[00:29:44.536] ERROR - Jugador 1415 [out_of_league]
[00:29:44.539] ERROR - Jugador 1416 [out_of_league]
[00:29:44.551] ERROR - Jugador 1417 [out_of_league]
[00:29:44.731] ERROR - Jugador 1419 [out_of_league]
[00:29:44.762] ERROR - Jugador 1420 [out_of_league]
[00:29:44.786] ERROR - Jugador 1421 [out_of_league]
[00:29:44.863] INFO - Escribiendo historial market-value del jugador 1414 (211 values)
[00:29:44.866] INFO - Jugador 1414 almacenado correctamente
[00:29:44.869] ERROR - Jugador 1423 [out_of_league]
[00:29:44.912] ERROR - Jugador 1424 [out_of_league]
[00:29:44.999] INFO - Escribiendo historial market-value del jugador 1418 (211 values)
[00:29:45.002] INFO - Jugador 1418 almacenado correctamente
[00:29:45.029] ERROR - Jugador 1425 [out_of_league]
[00:29:45.182] ERROR - Jugador 1429 [out_of_league]
[00:29:45.197] ERROR - Jugador 1428 [out_of_league]
[00:29:45.213] ERROR - Jugador 1430 [out_of_league]
[00:29:45.232] INFO - Escribiendo historial market-value del jugador 1422 (211 values)
[00:29:45.237] INFO - Jugador 1422 almacenado correctamente
[00:29:45.358] ERROR - Jugador 1432 [out_of_league]
[00:29:45.362] ERROR - Jugador 1431 [out_of_league]
[00:29:45.407] INFO - Escribiendo historial market-value del jugador 1426 (211 values)
[00:29:45.410] INFO - Jugador 1426 almacenado correctamente
[00:29:45.429] INFO - Escribiendo historial market-value del jugador 1427 (211 values)
[00:29:45.432] INFO - Jugador 1427 almacenado correctamente
[00:29:45.509] ERROR - Jugador 1433 [out_of_league]
[00:29:45.548] ERROR - Jugador 1435 [out_of_league]
[00:29:45.668] ERROR - Jugador 1437 [out_of_league]
[00:29:45.671] ERROR - Jugador 1438 [out_of_league]
[00:29:45.728] ERROR - Jugador 1439 [out_of_league]
[00:29:45.734] ERROR - Jugador 1440 [out_of_league]
[00:29:45.809] ERROR - Jugador 1441 [out_of_league]
[00:29:45.901] INFO - Escribiendo historial market-value del jugador 1434 (211 values)
[00:29:45.906] INFO - Jugador 1434 almacenado correctamente
[00:29:45.929] INFO - Escribiendo historial market-value del jugador 1436 (211 values)
[00:29:45.931] INFO - Jugador 1436 almacenado correctamente
[00:29:46.030] ERROR - Jugador 1444 [out_of_league]
[00:29:46.040] ERROR - Jugador 1445 [out_of_league]
[00:29:46.070] ERROR - Jugador 1446 [out_of_league]
[00:29:46.227] ERROR - Jugador 1448 [out_of_league]
[00:29:46.245] ERROR - Jugador 1449 [out_of_league]
[00:29:46.249] INFO - Escribiendo historial market-value del jugador 1442 (211 values)
[00:29:46.251] INFO - Jugador 1442 almacenado correctamente
[00:29:46.328] INFO - Escribiendo historial market-value del jugador 1443 (204 values)
[00:29:46.330] INFO - Jugador 1443 almacenado correctamente
[00:29:46.350] ERROR - Jugador 1451 [out_of_league]
[00:29:46.460] INFO - Escribiendo historial market-value del jugador 1447 (211 values)
[00:29:46.462] INFO - Jugador 1447 almacenado correctamente
[00:29:46.557] ERROR - Jugador 1454 [out_of_league]
[00:29:46.559] ERROR - Jugador 1455 [out_of_league]
[00:29:46.645] ERROR - Jugador 1456 [out_of_league]
[00:29:46.649] ERROR - Jugador 1457 [NO ENCONTRADO]
[00:29:46.717] INFO - Escribiendo historial market-value del jugador 1452 (204 values)
[00:29:46.720] INFO - Jugador 1452 almacenado correctamente
[00:29:46.730] INFO - Escribiendo historial market-value del jugador 1450 (211 values)
[00:29:46.733] INFO - Jugador 1450 almacenado correctamente
[00:29:46.781] ERROR - Jugador 1458 [out_of_league]
[00:29:46.890] ERROR - Jugador 1460 [out_of_league]
[00:29:46.895] INFO - Escribiendo historial market-value del jugador 1453 (204 values)
[00:29:46.898] INFO - Jugador 1453 almacenado correctamente
[00:29:46.967] ERROR - Jugador 1461 [out_of_league]
[00:29:46.993] ERROR - Jugador 1462 [out_of_league]
[00:29:47.024] ERROR - Jugador 1463 [out_of_league]
[00:29:47.031] ERROR - Jugador 1464 [out_of_league]
[00:29:47.096] ERROR - Jugador 1465 [out_of_league]
[00:29:47.225] ERROR - Jugador 1466 [out_of_league]
[00:29:47.228] INFO - Escribiendo historial market-value del jugador 1459 (179 values)
[00:29:47.228] ERROR - Jugador 1467 [out_of_league]
[00:29:47.231] INFO - Jugador 1459 almacenado correctamente
[00:29:47.305] ERROR - Jugador 1469 [out_of_league]
[00:29:47.344] ERROR - Jugador 1470 [out_of_league]
[00:29:47.348] ERROR - Jugador 1471 [out_of_league]
[00:29:47.425] ERROR - Jugador 1472 [out_of_league]
[00:29:47.540] ERROR - Jugador 1473 [out_of_league]
[00:29:47.565] ERROR - Jugador 1475 [out_of_league]
[00:29:47.658] ERROR - Jugador 1476 [out_of_league]
[00:29:47.672] INFO - Escribiendo historial market-value del jugador 1468 (211 values)
[00:29:47.675] INFO - Jugador 1468 almacenado correctamente
[00:29:47.894] INFO - Escribiendo historial market-value del jugador 1474 (211 values)
[00:29:47.897] INFO - Jugador 1474 almacenado correctamente
[00:29:48.000] INFO - Escribiendo historial market-value del jugador 1478 (211 values)
[00:29:48.003] INFO - Jugador 1478 almacenado correctamente
[00:29:48.015] ERROR - Jugador 1483 [out_of_league]
[00:29:48.087] INFO - Escribiendo historial market-value del jugador 1477 (211 values)
[00:29:48.089] INFO - Escribiendo historial market-value del jugador 1479 (211 values)
[00:29:48.095] INFO - Jugador 1479 almacenado correctamente
[00:29:48.102] INFO - Jugador 1477 almacenado correctamente
[00:29:48.165] INFO - Escribiendo historial market-value del jugador 1480 (211 values)
[00:29:48.167] INFO - Jugador 1480 almacenado correctamente
[00:29:48.252] INFO - Escribiendo historial market-value del jugador 1481 (211 values)
[00:29:48.254] INFO - Jugador 1481 almacenado correctamente
[00:29:48.311] INFO - Escribiendo historial market-value del jugador 1482 (211 values)
[00:29:48.315] INFO - Jugador 1482 almacenado correctamente
[00:29:48.348] ERROR - Jugador 1485 [out_of_league]
[00:29:48.545] INFO - Escribiendo historial market-value del jugador 1484 (211 values)
[00:29:48.550] INFO - Jugador 1484 almacenado correctamente
[00:29:48.659] ERROR - Jugador 1492 [out_of_league]
[00:29:48.682] INFO - Escribiendo historial market-value del jugador 1486 (211 values)
[00:29:48.685] INFO - Jugador 1486 almacenado correctamente
[00:29:48.772] INFO - Escribiendo historial market-value del jugador 1488 (211 values)
[00:29:48.776] INFO - Jugador 1488 almacenado correctamente
[00:29:48.782] INFO - Escribiendo historial market-value del jugador 1487 (211 values)
[00:29:48.787] INFO - Jugador 1487 almacenado correctamente
[00:29:48.808] INFO - Escribiendo historial market-value del jugador 1489 (211 values)
[00:29:48.812] INFO - Jugador 1489 almacenado correctamente
[00:29:48.883] ERROR - Jugador 1493 [out_of_league]
[00:29:48.972] INFO - Escribiendo historial market-value del jugador 1490 (211 values)
[00:29:48.975] INFO - Jugador 1490 almacenado correctamente
[00:29:48.989] ERROR - Jugador 1494 [out_of_league]
[00:29:49.012] INFO - Escribiendo historial market-value del jugador 1491 (211 values)
[00:29:49.016] INFO - Jugador 1491 almacenado correctamente
[00:29:49.136] ERROR - Jugador 1498 [out_of_league]
[00:29:49.196] ERROR - Jugador 1499 [out_of_league]
[00:29:49.292] ERROR - Jugador 1500 [out_of_league]
[00:29:49.300] ERROR - Jugador 1501 [out_of_league]
[00:29:49.315] ERROR - Jugador 1502 [out_of_league]
[00:29:49.386] INFO - Escribiendo historial market-value del jugador 1495 (211 values)
[00:29:49.391] INFO - Jugador 1495 almacenado correctamente
[00:29:49.438] ERROR - Jugador 1503 [NO ENCONTRADO]
[00:29:49.450] INFO - Escribiendo historial market-value del jugador 1496 (183 values)
[00:29:49.453] INFO - Jugador 1496 almacenado correctamente
[00:29:49.491] INFO - Escribiendo historial market-value del jugador 1497 (204 values)
[00:29:49.494] INFO - Jugador 1497 almacenado correctamente
[00:29:49.620] ERROR - Jugador 1506 [out_of_league]
[00:29:49.731] ERROR - Jugador 1508 [out_of_league]
[00:29:49.763] ERROR - Jugador 1510 [out_of_league]
[00:29:49.788] ERROR - Jugador 1511 [out_of_league]
[00:29:49.855] INFO - Escribiendo historial market-value del jugador 1504 (211 values)
[00:29:49.857] INFO - Jugador 1504 almacenado correctamente
[00:29:49.921] ERROR - Jugador 1512 [out_of_league]
[00:29:49.965] INFO - Escribiendo historial market-value del jugador 1505 (211 values)
[00:29:49.967] INFO - Jugador 1505 almacenado correctamente
[00:29:49.989] INFO - Escribiendo historial market-value del jugador 1507 (211 values)
[00:29:49.992] INFO - Jugador 1507 almacenado correctamente
[00:29:50.094] INFO - Escribiendo historial market-value del jugador 1509 (183 values)
[00:29:50.097] INFO - Jugador 1509 almacenado correctamente
[00:29:50.196] ERROR - Jugador 1516 [out_of_league]
[00:29:50.266] ERROR - Jugador 1518 [out_of_league]
[00:29:50.324] ERROR - Jugador 1519 [out_of_league]
[00:29:50.364] INFO - Escribiendo historial market-value del jugador 1513 (211 values)
[00:29:50.369] INFO - Jugador 1513 almacenado correctamente
[00:29:50.414] INFO - Escribiendo historial market-value del jugador 1514 (211 values)
[00:29:50.417] INFO - Jugador 1514 almacenado correctamente
[00:29:50.441] INFO - Escribiendo historial market-value del jugador 1515 (211 values)
[00:29:50.443] INFO - Jugador 1515 almacenado correctamente
[00:29:50.485] ERROR - Jugador 1521 [out_of_league]
[00:29:50.569] INFO - Escribiendo historial market-value del jugador 1517 (211 values)
[00:29:50.574] INFO - Jugador 1517 almacenado correctamente
[00:29:50.621] ERROR - Jugador 1523 [out_of_league]
[00:29:50.717] ERROR - Jugador 1524 [out_of_league]
[00:29:50.752] ERROR - Jugador 1526 [NO ENCONTRADO]
[00:29:50.776] INFO - Escribiendo historial market-value del jugador 1520 (190 values)
[00:29:50.779] INFO - Jugador 1520 almacenado correctamente
[00:29:50.800] ERROR - Jugador 1527 [out_of_league]
[00:29:50.914] ERROR - Jugador 1528 [out_of_league]
[00:29:50.924] INFO - Escribiendo historial market-value del jugador 1522 (211 values)
[00:29:50.926] INFO - Jugador 1522 almacenado correctamente
[00:29:51.068] INFO - Escribiendo historial market-value del jugador 1525 (200 values)
[00:29:51.071] INFO - Jugador 1525 almacenado correctamente
[00:29:51.099] ERROR - Jugador 1532 [out_of_league]
[00:29:51.108] ERROR - Jugador 1533 [out_of_league]
[00:29:51.231] ERROR - Jugador 1534 [out_of_league]
[00:29:51.256] INFO - Escribiendo historial market-value del jugador 1529 (211 values)
[00:29:51.258] INFO - Jugador 1529 almacenado correctamente
[00:29:51.433] INFO - Escribiendo historial market-value del jugador 1531 (204 values)
[00:29:51.436] INFO - Jugador 1531 almacenado correctamente
[00:29:51.442] INFO - Escribiendo historial market-value del jugador 1530 (183 values)
[00:29:51.444] ERROR - Jugador 1538 [out_of_league]
[00:29:51.448] INFO - Jugador 1530 almacenado correctamente
[00:29:51.542] ERROR - Jugador 1539 [out_of_league]
[00:29:51.554] ERROR - Jugador 1540 [out_of_league]
[00:29:51.582] INFO - Escribiendo historial market-value del jugador 1535 (211 values)
[00:29:51.586] INFO - Jugador 1535 almacenado correctamente
[00:29:51.713] INFO - Escribiendo historial market-value del jugador 1536 (211 values)
[00:29:51.715] INFO - Jugador 1536 almacenado correctamente
[00:29:51.763] ERROR - Jugador 1543 [out_of_league]
[00:29:51.851] INFO - Escribiendo historial market-value del jugador 1537 (211 values)
[00:29:51.854] INFO - Jugador 1537 almacenado correctamente
[00:29:51.869] ERROR - Jugador 1545 [out_of_league]
[00:29:52.017] ERROR - Jugador 1547 [out_of_league]
[00:29:52.101] INFO - Escribiendo historial market-value del jugador 1541 (211 values)
[00:29:52.104] INFO - Jugador 1541 almacenado correctamente
[00:29:52.189] ERROR - Jugador 1549 [out_of_league]
[00:29:52.192] ERROR - Jugador 1550 [out_of_league]
[00:29:52.206] INFO - Escribiendo historial market-value del jugador 1542 (211 values)
[00:29:52.208] INFO - Jugador 1542 almacenado correctamente
[00:29:52.227] INFO - Escribiendo historial market-value del jugador 1546 (159 values)
[00:29:52.228] INFO - Escribiendo historial market-value del jugador 1544 (183 values)
[00:29:52.233] INFO - Jugador 1546 almacenado correctamente
[00:29:52.234] INFO - Jugador 1544 almacenado correctamente
[00:29:52.332] ERROR - Jugador 1551 [out_of_league]
[00:29:52.434] INFO - Escribiendo historial market-value del jugador 1548 (211 values)
[00:29:52.437] INFO - Jugador 1548 almacenado correctamente
[00:29:52.514] ERROR - Jugador 1553 [out_of_league]
[00:29:52.526] ERROR - Jugador 1554 [out_of_league]
[00:29:52.559] ERROR - Jugador 1557 [out_of_league]
[00:29:52.559] ERROR - Jugador 1556 [out_of_league]
[00:29:52.568] ERROR - Jugador 1555 [out_of_league]
[00:29:52.641] ERROR - Jugador 1558 [out_of_league]
[00:29:52.740] ERROR - Jugador 1559 [out_of_league]
[00:29:52.770] INFO - Escribiendo historial market-value del jugador 1552 (175 values)
[00:29:52.772] INFO - Jugador 1552 almacenado correctamente
[00:29:52.846] ERROR - Jugador 1561 [out_of_league]
[00:29:52.858] ERROR - Jugador 1560 [out_of_league]
[00:29:52.877] ERROR - Jugador 1562 [out_of_league]
[00:29:52.892] ERROR - Jugador 1564 [out_of_league]
[00:29:52.902] ERROR - Jugador 1563 [out_of_league]
[00:29:53.038] ERROR - Jugador 1566 [out_of_league]
[00:29:53.079] ERROR - Jugador 1567 [out_of_league]
[00:29:53.239] ERROR - Jugador 1572 [out_of_league]
[00:29:53.253] INFO - Escribiendo historial market-value del jugador 1565 (211 values)
[00:29:53.256] INFO - Jugador 1565 almacenado correctamente
[00:29:53.385] ERROR - Jugador 1574 [out_of_league]
[00:29:53.480] INFO - Escribiendo historial market-value del jugador 1568 (186 values)
[00:29:53.483] INFO - Jugador 1568 almacenado correctamente
[00:29:53.586] INFO - Escribiendo historial market-value del jugador 1569 (151 values)
[00:29:53.589] INFO - Jugador 1569 almacenado correctamente
[00:29:53.593] INFO - Escribiendo historial market-value del jugador 1571 (146 values)
[00:29:53.595] INFO - Jugador 1571 almacenado correctamente
[00:29:53.611] INFO - Escribiendo historial market-value del jugador 1570 (186 values)
[00:29:53.613] INFO - Jugador 1570 almacenado correctamente
[00:29:53.688] INFO - Escribiendo historial market-value del jugador 1573 (187 values)
[00:29:53.690] INFO - Jugador 1573 almacenado correctamente
[00:29:53.785] ERROR - Jugador 1578 [out_of_league]
[00:29:53.909] ERROR - Jugador 1579 [out_of_league]
[00:29:53.954] INFO - Escribiendo historial market-value del jugador 1575 (182 values)
[00:29:53.957] INFO - Jugador 1575 almacenado correctamente
[00:29:53.969] INFO - Escribiendo historial market-value del jugador 1576 (211 values)
[00:29:53.972] INFO - Jugador 1576 almacenado correctamente
[00:29:54.009] ERROR - Jugador 1582 [out_of_league]
[00:29:54.071] INFO - Escribiendo historial market-value del jugador 1577 (211 values)
[00:29:54.075] INFO - Jugador 1577 almacenado correctamente
[00:29:54.201] ERROR - Jugador 1584 [NO ENCONTRADO]
[00:29:54.271] ERROR - Jugador 1585 [out_of_league]
[00:29:54.301] INFO - Escribiendo historial market-value del jugador 1581 (183 values)
[00:29:54.303] INFO - Jugador 1581 almacenado correctamente
[00:29:54.339] INFO - Escribiendo historial market-value del jugador 1580 (182 values)
[00:29:54.342] INFO - Jugador 1580 almacenado correctamente
[00:29:54.378] ERROR - Jugador 1588 [out_of_league]
[00:29:54.418] INFO - Escribiendo historial market-value del jugador 1583 (182 values)
[00:29:54.420] INFO - Jugador 1583 almacenado correctamente
[00:29:54.501] ERROR - Jugador 1589 [out_of_league]
[00:29:54.612] ERROR - Jugador 1591 [out_of_league]
[00:29:54.625] INFO - Escribiendo historial market-value del jugador 1586 (151 values)
[00:29:54.627] INFO - Jugador 1586 almacenado correctamente
[00:29:54.641] ERROR - Jugador 1592 [out_of_league]
[00:29:54.687] INFO - Escribiendo historial market-value del jugador 1587 (211 values)
[00:29:54.689] INFO - Jugador 1587 almacenado correctamente
[00:29:54.865] INFO - Escribiendo historial market-value del jugador 1590 (23 values)
[00:29:54.866] INFO - Jugador 1590 almacenado correctamente
[00:29:54.914] ERROR - Jugador 1596 [out_of_league]
[00:29:54.946] ERROR - Jugador 1598 [out_of_league]
[00:29:54.988] ERROR - Jugador 1599 [out_of_league]
[00:29:55.067] INFO - Escribiendo historial market-value del jugador 1593 (181 values)
[00:29:55.070] INFO - Jugador 1593 almacenado correctamente
[00:29:55.083] INFO - Escribiendo historial market-value del jugador 1594 (177 values)
[00:29:55.087] INFO - Jugador 1594 almacenado correctamente
[00:29:55.146] INFO - Escribiendo historial market-value del jugador 1595 (168 values)
[00:29:55.148] INFO - Jugador 1595 almacenado correctamente
[00:29:55.207] ERROR - Jugador 1601 [out_of_league]
[00:29:55.260] ERROR - Jugador 1602 [out_of_league]
[00:29:55.301] INFO - Escribiendo historial market-value del jugador 1597 (211 values)
[00:29:55.304] INFO - Jugador 1597 almacenado correctamente
[00:29:55.375] ERROR - Jugador 1604 [out_of_league]
[00:29:55.388] ERROR - Jugador 1605 [out_of_league]
[00:29:55.474] ERROR - Jugador 1606 [out_of_league]
[00:29:55.520] ERROR - Jugador 1607 [out_of_league]
[00:29:55.523] INFO - Escribiendo historial market-value del jugador 1600 (211 values)
[00:29:55.524] INFO - Jugador 1600 almacenado correctamente
[00:29:55.556] ERROR - Jugador 1608 [out_of_league]
[00:29:55.634] INFO - Escribiendo historial market-value del jugador 1603 (200 values)
[00:29:55.638] INFO - Jugador 1603 almacenado correctamente
[00:29:55.791] ERROR - Jugador 1612 [out_of_league]
[00:29:55.944] ERROR - Jugador 1616 [out_of_league]
[00:29:55.967] INFO - Escribiendo historial market-value del jugador 1609 (182 values)
[00:29:55.970] INFO - Jugador 1609 almacenado correctamente
[00:29:56.011] INFO - Escribiendo historial market-value del jugador 1610 (182 values)
[00:29:56.014] INFO - Jugador 1610 almacenado correctamente
[00:29:56.036] INFO - Escribiendo historial market-value del jugador 1611 (211 values)
[00:29:56.039] INFO - Jugador 1611 almacenado correctamente
[00:29:56.175] INFO - Escribiendo historial market-value del jugador 1613 (168 values)
[00:29:56.177] INFO - Jugador 1613 almacenado correctamente
[00:29:56.222] INFO - Escribiendo historial market-value del jugador 1615 (211 values)
[00:29:56.225] INFO - Jugador 1615 almacenado correctamente
[00:29:56.236] INFO - Escribiendo historial market-value del jugador 1614 (211 values)
[00:29:56.239] INFO - Jugador 1614 almacenado correctamente
[00:29:56.427] INFO - Escribiendo historial market-value del jugador 1617 (211 values)
[00:29:56.429] INFO - Jugador 1617 almacenado correctamente
[00:29:56.535] ERROR - Jugador 1623 [out_of_league]
[00:29:56.563] INFO - Escribiendo historial market-value del jugador 1618 (70 values)
[00:29:56.564] INFO - Jugador 1618 almacenado correctamente
[00:29:56.612] INFO - Escribiendo historial market-value del jugador 1619 (211 values)
[00:29:56.614] INFO - Jugador 1619 almacenado correctamente
[00:29:56.668] INFO - Escribiendo historial market-value del jugador 1620 (211 values)
[00:29:56.671] INFO - Jugador 1620 almacenado correctamente
[00:29:56.688] INFO - Escribiendo historial market-value del jugador 1621 (211 values)
[00:29:56.691] INFO - Jugador 1621 almacenado correctamente
[00:29:56.735] ERROR - Jugador 1625 [out_of_league]
[00:29:56.790] INFO - Escribiendo historial market-value del jugador 1622 (211 values)
[00:29:56.793] INFO - Jugador 1622 almacenado correctamente
[00:29:56.904] INFO - Escribiendo historial market-value del jugador 1624 (186 values)
[00:29:56.909] INFO - Jugador 1624 almacenado correctamente
[00:29:56.973] ERROR - Jugador 1629 [out_of_league]
[00:29:56.995] ERROR - Jugador 1630 [out_of_league]
[00:29:57.029] ERROR - Jugador 1631 [out_of_league]
[00:29:57.103] ERROR - Jugador 1632 [out_of_league]
[00:29:57.186] INFO - Escribiendo historial market-value del jugador 1626 (211 values)
[00:29:57.189] INFO - Jugador 1626 almacenado correctamente
[00:29:57.212] ERROR - Jugador 1633 [out_of_league]
[00:29:57.241] INFO - Escribiendo historial market-value del jugador 1627 (211 values)
[00:29:57.244] INFO - Jugador 1627 almacenado correctamente
[00:29:57.273] INFO - Escribiendo historial market-value del jugador 1628 (211 values)
[00:29:57.277] INFO - Jugador 1628 almacenado correctamente
[00:29:57.287] ERROR - Jugador 1634 [out_of_league]
[00:29:57.305] ERROR - Jugador 1635 [out_of_league]
[00:29:57.328] ERROR - Jugador 1636 [out_of_league]
[00:29:57.413] ERROR - Jugador 1637 [out_of_league]
[00:29:57.595] ERROR - Jugador 1641 [out_of_league]
[00:29:57.639] ERROR - Jugador 1644 [out_of_league]
[00:29:57.651] ERROR - Jugador 1642 [out_of_league]
[00:29:57.781] ERROR - Jugador 1645 [out_of_league]
[00:29:57.883] INFO - Escribiendo historial market-value del jugador 1639 (186 values)
[00:29:57.885] INFO - Jugador 1639 almacenado correctamente
[00:29:57.899] INFO - Escribiendo historial market-value del jugador 1640 (211 values)
[00:29:57.901] INFO - Jugador 1640 almacenado correctamente
[00:29:57.923] INFO - Escribiendo historial market-value del jugador 1638 (211 values)
[00:29:57.925] INFO - Jugador 1638 almacenado correctamente
[00:29:57.952] ERROR - Jugador 1648 [out_of_league]
[00:29:57.985] ERROR - Jugador 1647 [out_of_league]
[00:29:58.017] INFO - Escribiendo historial market-value del jugador 1643 (183 values)
[00:29:58.021] INFO - Jugador 1643 almacenado correctamente
[00:29:58.076] ERROR - Jugador 1649 [out_of_league]
[00:29:58.256] ERROR - Jugador 1653 [out_of_league]
[00:29:58.296] ERROR - Jugador 1654 [out_of_league]
[00:29:58.316] INFO - Escribiendo historial market-value del jugador 1646 (211 values)
[00:29:58.320] INFO - Jugador 1646 almacenado correctamente
[00:29:58.344] ERROR - Jugador 1655 [out_of_league]
[00:29:58.402] ERROR - Jugador 1656 [out_of_league]
[00:29:58.534] INFO - Escribiendo historial market-value del jugador 1650 (183 values)
[00:29:58.537] INFO - Jugador 1650 almacenado correctamente
[00:29:58.544] INFO - Escribiendo historial market-value del jugador 1651 (165 values)
[00:29:58.546] INFO - Jugador 1651 almacenado correctamente
[00:29:58.555] ERROR - Jugador 1657 [out_of_league]
[00:29:58.604] INFO - Escribiendo historial market-value del jugador 1652 (172 values)
[00:29:58.606] INFO - Jugador 1652 almacenado correctamente
[00:29:58.876] ERROR - Jugador 1662 [out_of_league]
[00:29:58.879] ERROR - Jugador 1663 [out_of_league]
[00:29:58.886] ERROR - Jugador 1664 [out_of_league]
[00:29:58.969] INFO - Escribiendo historial market-value del jugador 1658 (211 values)
[00:29:58.973] INFO - Jugador 1658 almacenado correctamente
[00:29:59.007] INFO - Escribiendo historial market-value del jugador 1659 (211 values)
[00:29:59.011] INFO - Jugador 1659 almacenado correctamente
[00:29:59.015] INFO - Escribiendo historial market-value del jugador 1660 (211 values)
[00:29:59.017] INFO - Escribiendo historial market-value del jugador 1661 (165 values)
[00:29:59.019] INFO - Jugador 1661 almacenado correctamente
[00:29:59.026] INFO - Jugador 1660 almacenado correctamente
[00:29:59.208] ERROR - Jugador 1666 [out_of_league]
[00:29:59.217] ERROR - Jugador 1668 [out_of_league]
[00:29:59.289] ERROR - Jugador 1669 [out_of_league]
[00:29:59.295] INFO - Escribiendo historial market-value del jugador 1665 (172 values)
[00:29:59.297] INFO - Jugador 1665 almacenado correctamente
[00:29:59.351] ERROR - Jugador 1671 [out_of_league]
[00:29:59.353] ERROR - Jugador 1670 [out_of_league]
[00:29:59.551] INFO - Escribiendo historial market-value del jugador 1667 (162 values)
[00:29:59.553] INFO - Jugador 1667 almacenado correctamente
[00:29:59.610] ERROR - Jugador 1676 [out_of_league]
[00:29:59.696] INFO - Escribiendo historial market-value del jugador 1672 (211 values)
[00:29:59.698] INFO - Jugador 1672 almacenado correctamente
[00:29:59.866] INFO - Escribiendo historial market-value del jugador 1674 (196 values)
[00:29:59.868] INFO - Jugador 1674 almacenado correctamente
[00:29:59.877] INFO - Escribiendo historial market-value del jugador 1673 (196 values)
[00:29:59.880] INFO - Jugador 1673 almacenado correctamente
[00:29:59.976] INFO - Escribiendo historial market-value del jugador 1675 (193 values)
[00:29:59.980] INFO - Jugador 1675 almacenado correctamente
[00:30:00.031] INFO - Escribiendo historial market-value del jugador 1677 (193 values)
[00:30:00.034] INFO - Jugador 1677 almacenado correctamente
[00:30:00.058] INFO - Escribiendo historial market-value del jugador 1678 (193 values)
[00:30:00.061] INFO - Jugador 1678 almacenado correctamente
[00:30:00.216] INFO - Escribiendo historial market-value del jugador 1679 (182 values)
[00:30:00.219] INFO - Jugador 1679 almacenado correctamente
[00:30:00.312] INFO - Escribiendo historial market-value del jugador 1680 (182 values)
[00:30:00.317] INFO - Jugador 1680 almacenado correctamente
[00:30:00.389] ERROR - Jugador 1686 [out_of_league]
[00:30:00.397] ERROR - Jugador 1685 [out_of_league]
[00:30:00.410] INFO - Escribiendo historial market-value del jugador 1681 (182 values)
[00:30:00.413] INFO - Jugador 1681 almacenado correctamente
[00:30:00.529] INFO - Escribiendo historial market-value del jugador 1682 (182 values)
[00:30:00.531] INFO - Jugador 1682 almacenado correctamente
[00:30:00.549] INFO - Escribiendo historial market-value del jugador 1683 (182 values)
[00:30:00.552] INFO - Jugador 1683 almacenado correctamente
[00:30:00.640] INFO - Escribiendo historial market-value del jugador 1684 (182 values)
[00:30:00.644] INFO - Jugador 1684 almacenado correctamente
[00:30:00.876] ERROR - Jugador 1693 [out_of_league]
[00:30:00.884] INFO - Escribiendo historial market-value del jugador 1687 (182 values)
[00:30:00.887] INFO - Jugador 1687 almacenado correctamente
[00:30:00.971] INFO - Escribiendo historial market-value del jugador 1688 (182 values)
[00:30:00.974] INFO - Jugador 1688 almacenado correctamente
[00:30:01.073] INFO - Escribiendo historial market-value del jugador 1690 (182 values)
[00:30:01.078] INFO - Jugador 1690 almacenado correctamente
[00:30:01.084] INFO - Escribiendo historial market-value del jugador 1689 (182 values)
[00:30:01.088] INFO - Jugador 1689 almacenado correctamente
[00:30:01.115] INFO - Escribiendo historial market-value del jugador 1691 (182 values)
[00:30:01.118] INFO - Jugador 1691 almacenado correctamente
[00:30:01.226] INFO - Escribiendo historial market-value del jugador 1692 (182 values)
[00:30:01.228] INFO - Jugador 1692 almacenado correctamente
[00:30:01.296] INFO - Escribiendo historial market-value del jugador 1694 (182 values)
[00:30:01.299] INFO - Jugador 1694 almacenado correctamente
[00:30:01.572] INFO - Escribiendo historial market-value del jugador 1695 (176 values)
[00:30:01.575] INFO - Jugador 1695 almacenado correctamente
[00:30:01.582] INFO - Escribiendo historial market-value del jugador 1696 (176 values)
[00:30:01.585] INFO - Jugador 1696 almacenado correctamente
[00:30:01.625] INFO - Escribiendo historial market-value del jugador 1697 (176 values)
[00:30:01.628] INFO - Jugador 1697 almacenado correctamente
[00:30:01.713] INFO - Escribiendo historial market-value del jugador 1698 (176 values)
[00:30:01.716] INFO - Jugador 1698 almacenado correctamente
[00:30:01.755] INFO - Escribiendo historial market-value del jugador 1699 (176 values)
[00:30:01.757] INFO - Jugador 1699 almacenado correctamente
[00:30:01.770] INFO - Escribiendo historial market-value del jugador 1700 (176 values)
[00:30:01.773] INFO - Jugador 1700 almacenado correctamente
[00:30:01.889] ERROR - Jugador 1703 [out_of_league]
[00:30:01.913] ERROR - Jugador 1704 [out_of_league]
[00:30:01.934] INFO - Escribiendo historial market-value del jugador 1701 (176 values)
[00:30:01.936] INFO - Jugador 1701 almacenado correctamente
[00:30:01.950] INFO - Escribiendo historial market-value del jugador 1702 (176 values)
[00:30:01.951] INFO - Jugador 1702 almacenado correctamente
[00:30:02.023] ERROR - Jugador 1705 [out_of_league]
[00:30:02.367] INFO - Escribiendo historial market-value del jugador 1706 (176 values)
[00:30:02.369] INFO - Jugador 1706 almacenado correctamente
[00:30:02.425] INFO - Escribiendo historial market-value del jugador 1708 (176 values)
[00:30:02.427] INFO - Jugador 1708 almacenado correctamente
[00:30:02.466] INFO - Escribiendo historial market-value del jugador 1707 (176 values)
[00:30:02.470] INFO - Jugador 1707 almacenado correctamente
[00:30:02.508] INFO - Escribiendo historial market-value del jugador 1709 (176 values)
[00:30:02.510] INFO - Jugador 1709 almacenado correctamente
[00:30:02.569] INFO - Escribiendo historial market-value del jugador 1711 (171 values)
[00:30:02.572] INFO - Jugador 1711 almacenado correctamente
[00:30:02.609] INFO - Escribiendo historial market-value del jugador 1712 (171 values)
[00:30:02.611] INFO - Escribiendo historial market-value del jugador 1710 (176 values)
[00:30:02.614] INFO - Jugador 1712 almacenado correctamente
[00:30:02.618] INFO - Jugador 1710 almacenado correctamente
[00:30:02.649] INFO - Escribiendo historial market-value del jugador 1713 (171 values)
[00:30:02.651] INFO - Jugador 1713 almacenado correctamente
[00:30:02.984] ERROR - Jugador 1720 [out_of_league]
[00:30:03.072] INFO - Escribiendo historial market-value del jugador 1714 (169 values)
[00:30:03.077] INFO - Escribiendo historial market-value del jugador 1715 (169 values)
[00:30:03.078] INFO - Jugador 1714 almacenado correctamente
[00:30:03.085] INFO - Jugador 1715 almacenado correctamente
[00:30:03.108] INFO - Escribiendo historial market-value del jugador 1716 (169 values)
[00:30:03.110] INFO - Jugador 1716 almacenado correctamente
[00:30:03.134] INFO - Escribiendo historial market-value del jugador 1717 (164 values)
[00:30:03.136] INFO - Jugador 1717 almacenado correctamente
[00:30:03.203] INFO - Escribiendo historial market-value del jugador 1718 (164 values)
[00:30:03.205] INFO - Jugador 1718 almacenado correctamente
[00:30:03.305] INFO - Escribiendo historial market-value del jugador 1719 (164 values)
[00:30:03.309] INFO - Jugador 1719 almacenado correctamente
[00:30:03.325] INFO - Escribiendo historial market-value del jugador 1721 (162 values)
[00:30:03.329] INFO - Jugador 1721 almacenado correctamente
[00:30:03.645] INFO - Escribiendo historial market-value del jugador 1722 (158 values)
[00:30:03.647] INFO - Jugador 1722 almacenado correctamente
[00:30:03.712] INFO - Escribiendo historial market-value del jugador 1724 (158 values)
[00:30:03.713] INFO - Jugador 1724 almacenado correctamente
[00:30:03.734] INFO - Escribiendo historial market-value del jugador 1723 (158 values)
[00:30:03.737] INFO - Jugador 1723 almacenado correctamente
[00:30:03.786] INFO - Escribiendo historial market-value del jugador 1725 (158 values)
[00:30:03.790] INFO - Jugador 1725 almacenado correctamente
[00:30:03.793] INFO - Escribiendo historial market-value del jugador 1726 (158 values)
[00:30:03.799] INFO - Jugador 1726 almacenado correctamente
[00:30:03.815] INFO - Escribiendo historial market-value del jugador 1727 (158 values)
[00:30:03.816] INFO - Jugador 1727 almacenado correctamente
[00:30:04.001] INFO - Escribiendo historial market-value del jugador 1728 (158 values)
[00:30:04.003] INFO - Jugador 1728 almacenado correctamente
[00:30:04.006] INFO - Escribiendo historial market-value del jugador 1729 (158 values)
[00:30:04.009] INFO - Jugador 1729 almacenado correctamente
[00:30:04.043] ERROR - Jugador 1732 [out_of_league]
[00:30:04.275] INFO - Escribiendo historial market-value del jugador 1730 (158 values)
[00:30:04.278] INFO - Jugador 1730 almacenado correctamente
[00:30:04.387] INFO - Escribiendo historial market-value del jugador 1731 (158 values)
[00:30:04.390] INFO - Jugador 1731 almacenado correctamente
[00:30:04.442] INFO - Escribiendo historial market-value del jugador 1733 (158 values)
[00:30:04.444] INFO - Escribiendo historial market-value del jugador 1734 (158 values)
[00:30:04.446] INFO - Jugador 1734 almacenado correctamente
[00:30:04.450] INFO - Jugador 1733 almacenado correctamente
[00:30:04.455] INFO - Escribiendo historial market-value del jugador 1735 (158 values)
[00:30:04.456] INFO - Jugador 1735 almacenado correctamente
[00:30:04.671] INFO - Escribiendo historial market-value del jugador 1737 (158 values)
[00:30:04.674] INFO - Jugador 1737 almacenado correctamente
[00:30:04.679] INFO - Escribiendo historial market-value del jugador 1736 (158 values)
[00:30:04.682] INFO - Jugador 1736 almacenado correctamente
[00:30:04.703] INFO - Escribiendo historial market-value del jugador 1738 (158 values)
[00:30:04.705] INFO - Jugador 1738 almacenado correctamente
[00:30:04.879] INFO - Escribiendo historial market-value del jugador 1739 (158 values)
[00:30:04.880] INFO - Jugador 1739 almacenado correctamente
[00:30:05.046] INFO - Escribiendo historial market-value del jugador 1740 (158 values)
[00:30:05.047] INFO - Jugador 1740 almacenado correctamente
[00:30:05.100] INFO - Escribiendo historial market-value del jugador 1742 (158 values)
[00:30:05.101] INFO - Jugador 1742 almacenado correctamente
[00:30:05.111] INFO - Escribiendo historial market-value del jugador 1741 (158 values)
[00:30:05.112] INFO - Jugador 1741 almacenado correctamente
[00:30:05.118] INFO - Escribiendo historial market-value del jugador 1743 (158 values)
[00:30:05.119] INFO - Jugador 1743 almacenado correctamente
[00:30:05.360] INFO - Escribiendo historial market-value del jugador 1744 (158 values)
[00:30:05.362] INFO - Jugador 1744 almacenado correctamente
[00:30:05.380] INFO - Escribiendo historial market-value del jugador 1746 (158 values)
[00:30:05.381] INFO - Jugador 1746 almacenado correctamente
[00:30:05.405] INFO - Escribiendo historial market-value del jugador 1745 (158 values)
[00:30:05.407] INFO - Jugador 1745 almacenado correctamente
[00:30:05.502] INFO - Escribiendo historial market-value del jugador 1747 (158 values)
[00:30:05.505] INFO - Jugador 1747 almacenado correctamente
[00:30:05.715] INFO - Escribiendo historial market-value del jugador 1748 (158 values)
[00:30:05.717] INFO - Jugador 1748 almacenado correctamente
[00:30:05.757] INFO - Escribiendo historial market-value del jugador 1749 (158 values)
[00:30:05.759] INFO - Jugador 1749 almacenado correctamente
[00:30:05.791] INFO - Escribiendo historial market-value del jugador 1750 (158 values)
[00:30:05.794] INFO - Jugador 1750 almacenado correctamente
[00:30:05.805] INFO - Escribiendo historial market-value del jugador 1751 (158 values)
[00:30:05.807] INFO - Jugador 1751 almacenado correctamente
[00:30:06.055] INFO - Escribiendo historial market-value del jugador 1753 (158 values)
[00:30:06.058] INFO - Jugador 1753 almacenado correctamente
[00:30:06.067] INFO - Escribiendo historial market-value del jugador 1752 (158 values)
[00:30:06.069] INFO - Jugador 1752 almacenado correctamente
[00:30:06.100] INFO - Escribiendo historial market-value del jugador 1754 (158 values)
[00:30:06.103] INFO - Jugador 1754 almacenado correctamente
[00:30:06.151] INFO - Escribiendo historial market-value del jugador 1755 (158 values)
[00:30:06.153] INFO - Jugador 1755 almacenado correctamente
[00:30:06.368] INFO - Escribiendo historial market-value del jugador 1756 (158 values)
[00:30:06.369] INFO - Jugador 1756 almacenado correctamente
[00:30:06.461] INFO - Escribiendo historial market-value del jugador 1757 (158 values)
[00:30:06.463] INFO - Jugador 1757 almacenado correctamente
[00:30:06.470] INFO - Escribiendo historial market-value del jugador 1758 (158 values)
[00:30:06.472] INFO - Jugador 1758 almacenado correctamente
[00:30:06.487] INFO - Escribiendo historial market-value del jugador 1759 (158 values)
[00:30:06.490] INFO - Jugador 1759 almacenado correctamente
[00:30:06.501] ERROR - Jugador 1763 [out_of_league]
[00:30:06.707] INFO - Escribiendo historial market-value del jugador 1760 (158 values)
[00:30:06.709] INFO - Jugador 1760 almacenado correctamente
[00:30:06.731] INFO - Escribiendo historial market-value del jugador 1761 (158 values)
[00:30:06.733] INFO - Jugador 1761 almacenado correctamente
[00:30:06.793] INFO - Escribiendo historial market-value del jugador 1762 (158 values)
[00:30:06.796] INFO - Jugador 1762 almacenado correctamente
[00:30:07.034] INFO - Escribiendo historial market-value del jugador 1764 (158 values)
[00:30:07.035] INFO - Jugador 1764 almacenado correctamente
[00:30:07.152] INFO - Escribiendo historial market-value del jugador 1765 (158 values)
[00:30:07.156] INFO - Jugador 1765 almacenado correctamente
[00:30:07.159] INFO - Escribiendo historial market-value del jugador 1767 (158 values)
[00:30:07.160] INFO - Jugador 1767 almacenado correctamente
[00:30:07.188] INFO - Escribiendo historial market-value del jugador 1768 (158 values)
[00:30:07.191] INFO - Escribiendo historial market-value del jugador 1766 (158 values)
[00:30:07.193] INFO - Jugador 1768 almacenado correctamente
[00:30:07.197] INFO - Jugador 1766 almacenado correctamente
[00:30:07.381] INFO - Escribiendo historial market-value del jugador 1770 (157 values)
[00:30:07.383] INFO - Escribiendo historial market-value del jugador 1769 (158 values)
[00:30:07.383] INFO - Jugador 1770 almacenado correctamente
[00:30:07.389] INFO - Jugador 1769 almacenado correctamente
[00:30:07.413] INFO - Escribiendo historial market-value del jugador 1771 (157 values)
[00:30:07.415] INFO - Jugador 1771 almacenado correctamente
[00:30:07.679] INFO - Escribiendo historial market-value del jugador 1772 (157 values)
[00:30:07.680] INFO - Jugador 1772 almacenado correctamente
[00:30:07.811] INFO - Escribiendo historial market-value del jugador 1773 (157 values)
[00:30:07.812] INFO - Jugador 1773 almacenado correctamente
[00:30:07.819] INFO - Escribiendo historial market-value del jugador 1774 (157 values)
[00:30:07.822] INFO - Jugador 1774 almacenado correctamente
[00:30:07.847] INFO - Escribiendo historial market-value del jugador 1776 (157 values)
[00:30:07.849] INFO - Jugador 1776 almacenado correctamente
[00:30:07.855] INFO - Escribiendo historial market-value del jugador 1775 (157 values)
[00:30:07.857] INFO - Jugador 1775 almacenado correctamente
[00:30:08.027] INFO - Escribiendo historial market-value del jugador 1778 (157 values)
[00:30:08.028] INFO - Jugador 1778 almacenado correctamente
[00:30:08.037] INFO - Escribiendo historial market-value del jugador 1777 (157 values)
[00:30:08.038] INFO - Jugador 1777 almacenado correctamente
[00:30:08.057] INFO - Escribiendo historial market-value del jugador 1779 (157 values)
[00:30:08.058] INFO - Jugador 1779 almacenado correctamente
[00:30:08.368] INFO - Escribiendo historial market-value del jugador 1780 (157 values)
[00:30:08.371] INFO - Jugador 1780 almacenado correctamente
[00:30:08.439] INFO - Escribiendo historial market-value del jugador 1781 (157 values)
[00:30:08.443] INFO - Jugador 1781 almacenado correctamente
[00:30:08.459] INFO - Escribiendo historial market-value del jugador 1782 (157 values)
[00:30:08.462] INFO - Jugador 1782 almacenado correctamente
[00:30:08.497] INFO - Escribiendo historial market-value del jugador 1784 (157 values)
[00:30:08.499] INFO - Jugador 1784 almacenado correctamente
[00:30:08.520] INFO - Escribiendo historial market-value del jugador 1783 (157 values)
[00:30:08.523] INFO - Jugador 1783 almacenado correctamente
[00:30:08.733] INFO - Escribiendo historial market-value del jugador 1787 (157 values)
[00:30:08.735] INFO - Jugador 1787 almacenado correctamente
[00:30:08.778] INFO - Escribiendo historial market-value del jugador 1785 (157 values)
[00:30:08.780] INFO - Jugador 1785 almacenado correctamente
[00:30:08.783] INFO - Escribiendo historial market-value del jugador 1786 (157 values)
[00:30:08.786] INFO - Jugador 1786 almacenado correctamente
[00:30:08.992] INFO - Escribiendo historial market-value del jugador 1788 (157 values)
[00:30:08.994] INFO - Jugador 1788 almacenado correctamente
[00:30:09.152] INFO - Escribiendo historial market-value del jugador 1789 (157 values)
[00:30:09.153] INFO - Escribiendo historial market-value del jugador 1790 (151 values)
[00:30:09.157] INFO - Jugador 1789 almacenado correctamente
[00:30:09.157] INFO - Jugador 1790 almacenado correctamente
[00:30:09.170] INFO - Escribiendo historial market-value del jugador 1791 (151 values)
[00:30:09.172] INFO - Jugador 1791 almacenado correctamente
[00:30:09.176] INFO - Escribiendo historial market-value del jugador 1792 (151 values)
[00:30:09.180] INFO - Jugador 1792 almacenado correctamente
[00:30:09.320] ERROR - Jugador 1796 [out_of_league]
[00:30:09.374] INFO - Escribiendo historial market-value del jugador 1793 (151 values)
[00:30:09.376] INFO - Jugador 1793 almacenado correctamente
[00:30:09.433] INFO - Escribiendo historial market-value del jugador 1794 (151 values)
[00:30:09.435] INFO - Jugador 1794 almacenado correctamente
[00:30:09.448] INFO - Escribiendo historial market-value del jugador 1795 (151 values)
[00:30:09.450] INFO - Jugador 1795 almacenado correctamente
[00:30:09.758] ERROR - Jugador 1803 [out_of_league]
[00:30:09.855] INFO - Escribiendo historial market-value del jugador 1799 (135 values)
[00:30:09.858] INFO - Jugador 1799 almacenado correctamente
[00:30:09.886] INFO - Escribiendo historial market-value del jugador 1800 (135 values)
[00:30:09.888] INFO - Jugador 1800 almacenado correctamente
[00:30:09.898] INFO - Escribiendo historial market-value del jugador 1797 (144 values)
[00:30:09.900] INFO - Jugador 1797 almacenado correctamente
[00:30:09.916] INFO - Escribiendo historial market-value del jugador 1798 (135 values)
[00:30:09.918] INFO - Jugador 1798 almacenado correctamente
[00:30:09.940] INFO - Escribiendo historial market-value del jugador 1801 (135 values)
[00:30:09.942] INFO - Jugador 1801 almacenado correctamente
[00:30:10.043] INFO - Escribiendo historial market-value del jugador 1802 (130 values)
[00:30:10.045] INFO - Jugador 1802 almacenado correctamente
[00:30:10.080] ERROR - Jugador 1805 [out_of_league]
[00:30:10.090] INFO - Escribiendo historial market-value del jugador 1804 (109 values)
[00:30:10.091] INFO - Jugador 1804 almacenado correctamente
[00:30:10.163] ERROR - Jugador 1806 [out_of_league]
[00:30:10.352] ERROR - Jugador 1811 [out_of_league]
[00:30:10.540] INFO - Escribiendo historial market-value del jugador 1807 (72 values)
[00:30:10.541] INFO - Jugador 1807 almacenado correctamente
[00:30:10.584] INFO - Escribiendo historial market-value del jugador 1808 (59 values)
[00:30:10.585] INFO - Jugador 1808 almacenado correctamente
[00:30:10.585] INFO - Escribiendo historial market-value del jugador 1809 (43 values)
[00:30:10.588] INFO - Escribiendo historial market-value del jugador 1810 (43 values)
[00:30:10.590] INFO - Jugador 1809 almacenado correctamente
[00:30:10.590] INFO - Jugador 1810 almacenado correctamente
[00:30:10.699] INFO - Escribiendo historial market-value del jugador 1812 (32 values)
[00:30:10.700] INFO - Jugador 1812 almacenado correctamente
[00:30:10.708] INFO - Escribiendo historial market-value del jugador 1813 (32 values)
[00:30:10.709] INFO - Jugador 1813 almacenado correctamente
[00:30:10.786] INFO - Escribiendo historial market-value del jugador 1814 (32 values)
[00:30:10.787] INFO - Jugador 1814 almacenado correctamente
[00:30:10.972] INFO - Escribiendo historial market-value del jugador 1815 (32 values)
[00:30:10.973] INFO - Jugador 1815 almacenado correctamente
[00:30:11.150] INFO - Escribiendo historial market-value del jugador 1816 (32 values)
[00:30:11.151] INFO - Jugador 1816 almacenado correctamente
[00:30:11.247] INFO - Escribiendo historial market-value del jugador 1819 (23 values)
[00:30:11.248] INFO - Jugador 1819 almacenado correctamente
[00:30:11.261] INFO - Escribiendo historial market-value del jugador 1818 (32 values)
[00:30:11.262] INFO - Jugador 1818 almacenado correctamente
[00:30:11.265] INFO - Escribiendo historial market-value del jugador 1817 (32 values)
[00:30:11.266] INFO - Jugador 1817 almacenado correctamente
[00:30:11.331] INFO - Escribiendo historial market-value del jugador 1821 (23 values)
[00:30:11.332] INFO - Jugador 1821 almacenado correctamente
[00:30:11.341] INFO - Escribiendo historial market-value del jugador 1820 (23 values)
[00:30:11.342] INFO - Jugador 1820 almacenado correctamente
[00:30:11.404] INFO - Escribiendo historial market-value del jugador 1822 (17 values)
[00:30:11.405] INFO - Jugador 1822 almacenado correctamente
[00:30:11.604] INFO - Escribiendo historial market-value del jugador 1823 (17 values)
[00:30:11.604] INFO - Jugador 1823 almacenado correctamente
[00:30:11.757] INFO - Escribiendo historial market-value del jugador 1824 (17 values)
[00:30:11.758] INFO - Jugador 1824 almacenado correctamente
[00:30:11.866] INFO - Escribiendo historial market-value del jugador 1825 (17 values)
[00:30:11.866] INFO - Jugador 1825 almacenado correctamente
[00:30:11.925] INFO - Escribiendo historial market-value del jugador 1827 (10 values)
[00:30:11.925] INFO - Jugador 1827 almacenado correctamente
[00:30:11.948] INFO - Escribiendo historial market-value del jugador 1826 (17 values)
[00:30:11.949] INFO - Jugador 1826 almacenado correctamente
[00:30:11.970] INFO - Escribiendo historial market-value del jugador 1828 (10 values)
[00:30:11.970] INFO - Jugador 1828 almacenado correctamente
[00:30:11.974] INFO - Escribiendo historial market-value del jugador 1829 (10 values)
[00:30:11.974] INFO - Jugador 1829 almacenado correctamente
[00:30:12.021] INFO - Escribiendo historial market-value del jugador 1830 (10 values)
[00:30:12.021] INFO - Jugador 1830 almacenado correctamente
[00:30:12.285] INFO - Escribiendo historial market-value del jugador 1831 (10 values)
[00:30:12.285] INFO - Jugador 1831 almacenado correctamente
[00:30:12.366] INFO - Escribiendo historial market-value del jugador 1832 (10 values)
[00:30:12.366] INFO - Jugador 1832 almacenado correctamente
[00:30:12.464] INFO - Escribiendo historial market-value del jugador 1833 (8 values)
[00:30:12.464] INFO - Jugador 1833 almacenado correctamente
[00:30:12.525] INFO - Escribiendo historial market-value del jugador 1834 (8 values)
[00:30:12.526] INFO - Jugador 1834 almacenado correctamente
[00:30:12.578] INFO - Escribiendo historial market-value del jugador 1835 (8 values)
[00:30:12.578] INFO - Jugador 1835 almacenado correctamente
[00:30:12.632] INFO - Escribiendo historial market-value del jugador 1836 (8 values)
[00:30:12.632] INFO - Jugador 1836 almacenado correctamente
[00:30:12.650] INFO - Escribiendo historial market-value del jugador 1838 (3 values)
[00:30:12.651] INFO - Jugador 1838 almacenado correctamente
[00:30:12.661] INFO - Escribiendo historial market-value del jugador 1837 (8 values)
[00:30:12.662] INFO - Jugador 1837 almacenado correctamente
[00:30:12.893] INFO - Escribiendo historial market-value del jugador 1839 (3 values)
[00:30:12.893] INFO - Jugador 1839 almacenado correctamente
[00:30:12.978] INFO - Escribiendo historial market-value del jugador 1840 (3 values)
[00:30:12.978] INFO - Jugador 1840 almacenado correctamente
[00:30:13.066] INFO - Escribiendo historial market-value del jugador 1841 (3 values)
[00:30:13.067] INFO - Jugador 1841 almacenado correctamente
[00:30:13.143] INFO - Escribiendo historial market-value del jugador 1842 (3 values)
[00:30:13.143] INFO - Jugador 1842 almacenado correctamente
[00:30:13.197] ERROR - Jugador 1847 [NO ENCONTRADO]
[00:30:13.199] INFO - Escribiendo historial market-value del jugador 1843 (3 values)
[00:30:13.199] INFO - Jugador 1843 almacenado correctamente
[00:30:13.247] INFO - Escribiendo historial market-value del jugador 1844 (3 values)
[00:30:13.248] INFO - Jugador 1844 almacenado correctamente
[00:30:13.290] ERROR - Jugador 1848 [NO ENCONTRADO]
[00:30:13.307] INFO - Escribiendo historial market-value del jugador 1846 (3 values)
[00:30:13.307] INFO - Jugador 1846 almacenado correctamente
[00:30:13.310] INFO - Escribiendo historial market-value del jugador 1845 (3 values)
[00:30:13.311] INFO - Jugador 1845 almacenado correctamente
[00:30:13.371] ERROR - Jugador 1849 [NO ENCONTRADO]
[00:30:13.435] ERROR - Jugador 1850 [NO ENCONTRADO]
[00:30:13.516] ERROR - Jugador 1852 [NO ENCONTRADO]
[00:30:13.518] ERROR - Jugador 1851 [NO ENCONTRADO]
[00:30:13.538] ERROR - Jugador 1853 [NO ENCONTRADO]
[00:30:13.583] ERROR - Jugador 1854 [NO ENCONTRADO]
[00:30:13.622] ERROR - Jugador 1855 [NO ENCONTRADO]
[00:30:13.629] ERROR - Jugador 1856 [NO ENCONTRADO]
[00:30:13.666] ERROR - Jugador 1857 [NO ENCONTRADO]
[00:30:13.732] ERROR - Jugador 1858 [NO ENCONTRADO]
[00:30:13.828] ERROR - Jugador 1859 [NO ENCONTRADO]
[00:30:13.840] ERROR - Jugador 1860 [NO ENCONTRADO]
[00:30:13.853] ERROR - Jugador 1861 [NO ENCONTRADO]
[00:30:13.881] ERROR - Jugador 1862 [NO ENCONTRADO]
[00:30:13.920] ERROR - Jugador 1863 [NO ENCONTRADO]
[00:30:13.928] ERROR - Jugador 1864 [NO ENCONTRADO]
[00:30:13.953] ERROR - Jugador 1865 [NO ENCONTRADO]
[00:30:14.033] ERROR - Jugador 1866 [NO ENCONTRADO]
[00:30:14.160] ERROR - Jugador 1867 [NO ENCONTRADO]
[00:30:14.162] ERROR - Jugador 1868 [NO ENCONTRADO]
[00:30:14.168] ERROR - Jugador 1869 [NO ENCONTRADO]
[00:30:14.177] ERROR - Jugador 1870 [NO ENCONTRADO]
[00:30:14.241] ERROR - Jugador 1871 [NO ENCONTRADO]
[00:30:14.250] ERROR - Jugador 1872 [NO ENCONTRADO]
[00:30:14.261] ERROR - Jugador 1873 [NO ENCONTRADO]
[00:30:14.333] ERROR - Jugador 1874 [NO ENCONTRADO]
[00:30:14.493] ERROR - Jugador 1877 [NO ENCONTRADO]
[00:30:14.495] ERROR - Jugador 1876 [NO ENCONTRADO]
[00:30:14.498] ERROR - Jugador 1878 [NO ENCONTRADO]
[00:30:14.501] ERROR - Jugador 1875 [NO ENCONTRADO]
[00:30:14.551] ERROR - Jugador 1879 [NO ENCONTRADO]
[00:30:14.577] ERROR - Jugador 1881 [NO ENCONTRADO]
[00:30:14.580] ERROR - Jugador 1880 [NO ENCONTRADO]
[00:30:14.632] ERROR - Jugador 1882 [NO ENCONTRADO]
[00:30:14.827] ERROR - Jugador 1883 [NO ENCONTRADO]
[00:30:14.841] ERROR - Jugador 1886 [NO ENCONTRADO]
[00:30:14.843] ERROR - Jugador 1884 [NO ENCONTRADO]
[00:30:14.843] ERROR - Jugador 1885 [NO ENCONTRADO]
[00:30:14.868] ERROR - Jugador 1887 [NO ENCONTRADO]
[00:30:14.893] ERROR - Jugador 1889 [NO ENCONTRADO]
[00:30:14.895] ERROR - Jugador 1888 [NO ENCONTRADO]
[00:30:14.919] ERROR - Jugador 1890 [NO ENCONTRADO]
[00:30:15.139] ERROR - Jugador 1891 [NO ENCONTRADO]
[00:30:15.183] ERROR - Jugador 1894 [NO ENCONTRADO]
[00:30:15.188] ERROR - Jugador 1892 [NO ENCONTRADO]
[00:30:15.221] ERROR - Jugador 1895 [NO ENCONTRADO]
[00:30:15.233] ERROR - Jugador 1893 [NO ENCONTRADO]
[00:30:15.235] ERROR - Jugador 1897 [NO ENCONTRADO]
[00:30:15.237] ERROR - Jugador 1896 [NO ENCONTRADO]
[00:30:15.243] ERROR - Jugador 1898 [NO ENCONTRADO]
[00:30:15.431] ERROR - Jugador 1899 [NO ENCONTRADO]
[00:30:15.433] INFO - Escribiendo jugadores en data/2_ATM.json
[00:30:15.439] INFO - Escribiendo jugadores en data/3_ATH.json
[00:30:15.446] INFO - Escribiendo jugadores en data/4_BAR.json
[00:30:15.452] INFO - Escribiendo jugadores en data/6_CEL.json
[00:30:15.458] INFO - Escribiendo jugadores en data/14_RAY.json
[00:30:15.465] INFO - Escribiendo jugadores en data/20_VIL.json
[00:30:15.471] INFO - Escribiendo jugadores en data/5_BET.json
[00:30:15.477] INFO - Escribiendo jugadores en data/16_RSO.json
[00:30:15.484] INFO - Escribiendo jugadores en data/162_CAD.json
[00:30:15.490] INFO - Escribiendo jugadores en data/9_GET.json
[00:30:15.496] INFO - Escribiendo jugadores en data/13_OSA.json
[00:30:15.501] INFO - Escribiendo jugadores en data/1_ALM.json
[00:30:15.507] INFO - Escribiendo jugadores en data/15_RMA.json
[00:30:15.514] INFO - Escribiendo jugadores en data/17_SEV.json
[00:30:15.520] INFO - Escribiendo jugadores en data/21_ALA.json
[00:30:15.527] INFO - Escribiendo jugadores en data/31_LPA.json
[00:30:15.533] INFO - Escribiendo jugadores en data/18_VAL.json
[00:30:15.539] INFO - Escribiendo jugadores en data/33_MLL.json
[00:30:15.546] INFO - Escribiendo jugadores en data/10_GRA.json
[00:30:15.550] INFO - Escribiendo jugadores en data/28_GIR.json
[00:30:15.556] INFO - Tiempo de ejecucion total (MM:SS) 01:48
