[12:12:41.298] INFO - Eliminando anteriores archivos (data/, players/)
[12:12:41.308] INFO - API endpoint https://api.laligafantasymarca.com/api/v3/player
[12:12:41.308] INFO - API endpoint market-values https://api.laligafantasymarca.com/api/v3/player/ID_JUGADOR/market-value
[12:12:42.251] ERROR - Jugador 54 [NO ENCONTRADO]
[12:12:42.252] ERROR - Jugador 56 [out_of_league]
[12:12:42.259] ERROR - Jugador 57 [NO ENCONTRADO]
[12:12:42.305] ERROR - Jugador 52 [NO ENCONTRADO]
[12:12:42.799] INFO - Escribiendo historial market-value del jugador 53 (89 values)
[12:12:42.801] INFO - Jugador 53 almacenado correctamente
[12:12:42.807] INFO - Escribiendo historial market-value del jugador 59 (89 values)
[12:12:42.807] INFO - Jugador 59 almacenado correctamente
[12:12:42.970] ERROR - Jugador 61 [NO ENCONTRADO]
[12:12:42.986] ERROR - Jugador 60 [NO ENCONTRADO]
[12:12:43.016] INFO - Escribiendo historial market-value del jugador 58 (89 values)
[12:12:43.017] INFO - Jugador 58 almacenado correctamente
[12:12:43.025] INFO - Escribiendo historial market-value del jugador 55 (89 values)
[12:12:43.026] INFO - Jugador 55 almacenado correctamente
[12:12:43.068] ERROR - Jugador 63 [NO ENCONTRADO]
[12:12:43.530] ERROR - Jugador 64 [NO ENCONTRADO]
[12:12:43.724] ERROR - Jugador 66 [NO ENCONTRADO]
[12:12:43.733] INFO - Escribiendo historial market-value del jugador 62 (89 values)
[12:12:43.734] INFO - Jugador 62 almacenado correctamente
[12:12:43.813] ERROR - Jugador 69 [NO ENCONTRADO]
[12:12:43.813] ERROR - Jugador 70 [NO ENCONTRADO]
[12:12:44.240] ERROR - Jugador 71 [NO ENCONTRADO]
[12:12:44.277] INFO - Escribiendo historial market-value del jugador 65 (89 values)
[12:12:44.279] INFO - Jugador 65 almacenado correctamente
[12:12:44.435] INFO - Escribiendo historial market-value del jugador 67 (89 values)
[12:12:44.436] INFO - Jugador 67 almacenado correctamente
[12:12:44.748] INFO - Escribiendo historial market-value del jugador 68 (91 values)
[12:12:44.748] INFO - Jugador 68 almacenado correctamente
[12:12:44.951] ERROR - Jugador 76 [NO ENCONTRADO]
[12:12:44.999] INFO - Escribiendo historial market-value del jugador 75 (44 values)
[12:12:45.000] INFO - Jugador 75 almacenado correctamente
[12:12:45.151] INFO - Escribiendo historial market-value del jugador 73 (91 values)
[12:12:45.152] INFO - Jugador 73 almacenado correctamente
[12:12:45.198] INFO - Escribiendo historial market-value del jugador 74 (60 values)
[12:12:45.199] INFO - Jugador 74 almacenado correctamente
[12:12:45.332] INFO - Escribiendo historial market-value del jugador 72 (60 values)
[12:12:45.333] INFO - Jugador 72 almacenado correctamente
[12:12:45.442] INFO - Escribiendo historial market-value del jugador 77 (91 values)
[12:12:45.444] INFO - Jugador 77 almacenado correctamente
[12:12:45.452] ERROR - Jugador 79 [NO ENCONTRADO]
[12:12:45.708] ERROR - Jugador 80 [out_of_league]
[12:12:45.824] INFO - Escribiendo historial market-value del jugador 78 (46 values)
[12:12:45.825] INFO - Jugador 78 almacenado correctamente
[12:12:45.898] ERROR - Jugador 83 [NO ENCONTRADO]
[12:12:45.940] ERROR - Jugador 81 [out_of_league]
[12:12:46.022] ERROR - Jugador 84 [NO ENCONTRADO]
[12:12:46.168] ERROR - Jugador 85 [NO ENCONTRADO]
[12:12:46.173] ERROR - Jugador 86 [out_of_league]
[12:12:46.410] ERROR - Jugador 87 [NO ENCONTRADO]
[12:12:46.503] INFO - Escribiendo historial market-value del jugador 82 (48 values)
[12:12:46.504] INFO - Jugador 82 almacenado correctamente
[12:12:46.515] ERROR - Jugador 88 [NO ENCONTRADO]
[12:12:46.573] ERROR - Jugador 89 [NO ENCONTRADO]
[12:12:47.019] ERROR - Jugador 96 [NO ENCONTRADO]
[12:12:47.107] ERROR - Jugador 94 [NO ENCONTRADO]
[12:12:47.212] ERROR - Jugador 95 [NO ENCONTRADO]
[12:12:47.289] ERROR - Jugador 97 [out_of_league]
[12:12:47.392] INFO - Escribiendo historial market-value del jugador 90 (77 values)
[12:12:47.393] INFO - Jugador 90 almacenado correctamente
[12:12:47.397] INFO - Escribiendo historial market-value del jugador 91 (91 values)
[12:12:47.403] INFO - Jugador 91 almacenado correctamente
[12:12:47.585] INFO - Escribiendo historial market-value del jugador 93 (89 values)
[12:12:47.587] INFO - Jugador 93 almacenado correctamente
[12:12:47.593] INFO - Escribiendo historial market-value del jugador 92 (60 values)
[12:12:47.595] INFO - Jugador 92 almacenado correctamente
[12:12:47.702] ERROR - Jugador 98 [NO ENCONTRADO]
[12:12:47.790] ERROR - Jugador 99 [NO ENCONTRADO]
[12:12:47.917] ERROR - Jugador 100 [NO ENCONTRADO]
[12:12:47.988] ERROR - Jugador 101 [NO ENCONTRADO]
[12:12:48.100] ERROR - Jugador 102 [NO ENCONTRADO]
[12:12:48.153] ERROR - Jugador 103 [NO ENCONTRADO]
[12:12:48.310] ERROR - Jugador 104 [NO ENCONTRADO]
[12:12:48.393] ERROR - Jugador 106 [NO ENCONTRADO]
[12:12:48.478] ERROR - Jugador 109 [NO ENCONTRADO]
[12:12:48.482] ERROR - Jugador 107 [NO ENCONTRADO]
[12:12:48.495] ERROR - Jugador 105 [NO ENCONTRADO]
[12:12:48.634] ERROR - Jugador 108 [NO ENCONTRADO]
[12:12:48.783] ERROR - Jugador 110 [NO ENCONTRADO]
[12:12:48.842] ERROR - Jugador 111 [NO ENCONTRADO]
[12:12:49.002] ERROR - Jugador 112 [NO ENCONTRADO]
[12:12:49.009] ERROR - Jugador 115 [NO ENCONTRADO]
[12:12:49.022] ERROR - Jugador 114 [NO ENCONTRADO]
[12:12:49.065] ERROR - Jugador 113 [NO ENCONTRADO]
[12:12:49.225] ERROR - Jugador 116 [NO ENCONTRADO]
[12:12:49.334] ERROR - Jugador 117 [NO ENCONTRADO]
[12:12:49.500] ERROR - Jugador 118 [out_of_league]
[12:12:49.564] ERROR - Jugador 119 [NO ENCONTRADO]
[12:12:49.746] ERROR - Jugador 120 [NO ENCONTRADO]
[12:12:49.763] ERROR - Jugador 122 [NO ENCONTRADO]
[12:12:49.766] ERROR - Jugador 124 [NO ENCONTRADO]
[12:12:49.768] ERROR - Jugador 123 [NO ENCONTRADO]
[12:12:50.020] ERROR - Jugador 125 [NO ENCONTRADO]
[12:12:50.178] ERROR - Jugador 126 [NO ENCONTRADO]
[12:12:50.426] ERROR - Jugador 128 [NO ENCONTRADO]
[12:12:50.483] INFO - Escribiendo historial market-value del jugador 121 (48 values)
[12:12:50.484] INFO - Jugador 121 almacenado correctamente
[12:12:50.522] ERROR - Jugador 130 [NO ENCONTRADO]
[12:12:50.534] ERROR - Jugador 131 [NO ENCONTRADO]
[12:12:50.579] ERROR - Jugador 129 [NO ENCONTRADO]
[12:12:50.762] ERROR - Jugador 132 [NO ENCONTRADO]
[12:12:50.797] INFO - Escribiendo historial market-value del jugador 127 (91 values)
[12:12:50.798] INFO - Jugador 127 almacenado correctamente
[12:12:50.853] ERROR - Jugador 133 [NO ENCONTRADO]
[12:12:51.089] ERROR - Jugador 138 [NO ENCONTRADO]
[12:12:51.122] ERROR - Jugador 134 [NO ENCONTRADO]
[12:12:51.183] ERROR - Jugador 135 [NO ENCONTRADO]
[12:12:51.276] ERROR - Jugador 139 [NO ENCONTRADO]
[12:12:51.286] ERROR - Jugador 136 [NO ENCONTRADO]
[12:12:51.290] ERROR - Jugador 137 [NO ENCONTRADO]
[12:12:51.536] ERROR - Jugador 141 [NO ENCONTRADO]
[12:12:51.804] ERROR - Jugador 142 [NO ENCONTRADO]
[12:12:51.824] ERROR - Jugador 143 [NO ENCONTRADO]
[12:12:51.874] ERROR - Jugador 144 [NO ENCONTRADO]
[12:12:51.966] ERROR - Jugador 145 [NO ENCONTRADO]
[12:12:52.021] ERROR - Jugador 146 [out_of_league]
[12:12:52.030] ERROR - Jugador 147 [NO ENCONTRADO]
[12:12:52.068] INFO - Escribiendo historial market-value del jugador 140 (91 values)
[12:12:52.069] INFO - Jugador 140 almacenado correctamente
[12:12:52.535] ERROR - Jugador 149 [NO ENCONTRADO]
[12:12:52.590] ERROR - Jugador 151 [NO ENCONTRADO]
[12:12:52.638] ERROR - Jugador 152 [NO ENCONTRADO]
[12:12:52.721] ERROR - Jugador 153 [NO ENCONTRADO]
[12:12:52.736] ERROR - Jugador 154 [NO ENCONTRADO]
[12:12:52.773] ERROR - Jugador 155 [NO ENCONTRADO]
[12:12:52.988] INFO - Escribiendo historial market-value del jugador 148 (91 values)
[12:12:52.989] INFO - Jugador 148 almacenado correctamente
[12:12:53.046] ERROR - Jugador 156 [NO ENCONTRADO]
[12:12:53.117] ERROR - Jugador 158 [NO ENCONTRADO]
[12:12:53.230] ERROR - Jugador 160 [NO ENCONTRADO]
[12:12:53.244] INFO - Escribiendo historial market-value del jugador 150 (91 values)
[12:12:53.245] INFO - Jugador 150 almacenado correctamente
[12:12:53.300] ERROR - Jugador 157 [NO ENCONTRADO]
[12:12:53.304] ERROR - Jugador 161 [NO ENCONTRADO]
[12:12:53.502] ERROR - Jugador 162 [NO ENCONTRADO]
[12:12:53.744] ERROR - Jugador 163 [NO ENCONTRADO]
[12:12:53.756] ERROR - Jugador 165 [NO ENCONTRADO]
[12:12:53.772] ERROR - Jugador 166 [out_of_league]
[12:12:53.815] ERROR - Jugador 168 [NO ENCONTRADO]
[12:12:53.820] ERROR - Jugador 164 [NO ENCONTRADO]
[12:12:54.021] ERROR - Jugador 167 [NO ENCONTRADO]
[12:12:54.055] INFO - Escribiendo historial market-value del jugador 159 (91 values)
[12:12:54.056] INFO - Jugador 159 almacenado correctamente
[12:12:54.217] ERROR - Jugador 169 [NO ENCONTRADO]
[12:12:54.279] ERROR - Jugador 171 [NO ENCONTRADO]
[12:12:54.330] ERROR - Jugador 174 [NO ENCONTRADO]
[12:12:54.341] ERROR - Jugador 173 [NO ENCONTRADO]
[12:12:54.485] ERROR - Jugador 170 [NO ENCONTRADO]
[12:12:54.491] ERROR - Jugador 172 [NO ENCONTRADO]
[12:12:54.536] ERROR - Jugador 175 [NO ENCONTRADO]
[12:12:54.776] ERROR - Jugador 176 [NO ENCONTRADO]
[12:12:54.880] ERROR - Jugador 177 [NO ENCONTRADO]
[12:12:54.996] ERROR - Jugador 178 [NO ENCONTRADO]
[12:12:55.042] ERROR - Jugador 180 [NO ENCONTRADO]
[12:12:55.051] ERROR - Jugador 179 [NO ENCONTRADO]
[12:12:55.189] ERROR - Jugador 181 [NO ENCONTRADO]
[12:12:55.204] ERROR - Jugador 182 [NO ENCONTRADO]
[12:12:55.265] ERROR - Jugador 183 [NO ENCONTRADO]
[12:12:55.582] ERROR - Jugador 185 [NO ENCONTRADO]
[12:12:55.691] ERROR - Jugador 186 [NO ENCONTRADO]
[12:12:55.758] ERROR - Jugador 191 [NO ENCONTRADO]
[12:12:55.768] ERROR - Jugador 187 [NO ENCONTRADO]
[12:12:55.771] ERROR - Jugador 188 [NO ENCONTRADO]
[12:12:55.886] ERROR - Jugador 189 [NO ENCONTRADO]
[12:12:55.909] ERROR - Jugador 190 [NO ENCONTRADO]
[12:12:55.959] INFO - Escribiendo historial market-value del jugador 184 (91 values)
[12:12:55.961] INFO - Jugador 184 almacenado correctamente
[12:12:56.292] ERROR - Jugador 195 [NO ENCONTRADO]
[12:12:56.309] ERROR - Jugador 196 [NO ENCONTRADO]
[12:12:56.466] ERROR - Jugador 194 [NO ENCONTRADO]
[12:12:56.614] ERROR - Jugador 198 [NO ENCONTRADO]
[12:12:56.619] ERROR - Jugador 197 [out_of_league]
[12:12:56.649] ERROR - Jugador 199 [NO ENCONTRADO]
[12:12:56.654] INFO - Escribiendo historial market-value del jugador 193 (91 values)
[12:12:56.656] INFO - Jugador 193 almacenado correctamente
[12:12:56.970] INFO - Escribiendo historial market-value del jugador 192 (91 values)
[12:12:56.972] INFO - Jugador 192 almacenado correctamente
[12:12:57.062] ERROR - Jugador 201 [NO ENCONTRADO]
[12:12:57.169] ERROR - Jugador 202 [NO ENCONTRADO]
[12:12:57.334] INFO - Escribiendo historial market-value del jugador 200 (51 values)
[12:12:57.336] INFO - Jugador 200 almacenado correctamente
[12:12:57.350] ERROR - Jugador 203 [NO ENCONTRADO]
[12:12:57.378] ERROR - Jugador 206 [NO ENCONTRADO]
[12:12:57.459] ERROR - Jugador 205 [NO ENCONTRADO]
[12:12:57.679] ERROR - Jugador 207 [NO ENCONTRADO]
[12:12:57.751] ERROR - Jugador 208 [NO ENCONTRADO]
[12:12:57.849] ERROR - Jugador 210 [NO ENCONTRADO]
[12:12:57.879] ERROR - Jugador 209 [NO ENCONTRADO]
[12:12:57.901] ERROR - Jugador 212 [NO ENCONTRADO]
[12:12:58.036] INFO - Escribiendo historial market-value del jugador 204 (91 values)
[12:12:58.037] INFO - Jugador 204 almacenado correctamente
[12:12:58.097] ERROR - Jugador 211 [NO ENCONTRADO]
[12:12:58.166] ERROR - Jugador 213 [NO ENCONTRADO]
[12:12:58.324] ERROR - Jugador 216 [NO ENCONTRADO]
[12:12:58.391] ERROR - Jugador 218 [NO ENCONTRADO]
[12:12:58.420] ERROR - Jugador 214 [NO ENCONTRADO]
[12:12:58.598] ERROR - Jugador 217 [out_of_league]
[12:12:58.723] ERROR - Jugador 219 [NO ENCONTRADO]
[12:12:58.808] ERROR - Jugador 220 [NO ENCONTRADO]
[12:12:58.841] ERROR - Jugador 221 [NO ENCONTRADO]
[12:12:58.915] INFO - Escribiendo historial market-value del jugador 215 (91 values)
[12:12:58.916] ERROR - Jugador 224 [NO ENCONTRADO]
[12:12:58.919] INFO - Jugador 215 almacenado correctamente
[12:12:59.038] ERROR - Jugador 222 [NO ENCONTRADO]
[12:12:59.086] ERROR - Jugador 223 [NO ENCONTRADO]
[12:12:59.321] ERROR - Jugador 225 [NO ENCONTRADO]
[12:12:59.421] ERROR - Jugador 226 [NO ENCONTRADO]
[12:12:59.490] ERROR - Jugador 227 [NO ENCONTRADO]
[12:12:59.546] ERROR - Jugador 228 [NO ENCONTRADO]
[12:12:59.563] ERROR - Jugador 232 [NO ENCONTRADO]
[12:12:59.611] ERROR - Jugador 229 [NO ENCONTRADO]
[12:13:00.021] ERROR - Jugador 233 [NO ENCONTRADO]
[12:13:00.067] ERROR - Jugador 236 [out_of_league]
[12:13:00.121] ERROR - Jugador 234 [NO ENCONTRADO]
[12:13:00.146] INFO - Escribiendo historial market-value del jugador 230 (91 values)
[12:13:00.148] INFO - Jugador 230 almacenado correctamente
[12:13:00.161] ERROR - Jugador 235 [NO ENCONTRADO]
[12:13:00.243] INFO - Escribiendo historial market-value del jugador 231 (91 values)
[12:13:00.245] INFO - Jugador 231 almacenado correctamente
[12:13:00.283] ERROR - Jugador 237 [NO ENCONTRADO]
[12:13:00.519] ERROR - Jugador 239 [NO ENCONTRADO]
[12:13:00.732] ERROR - Jugador 244 [NO ENCONTRADO]
[12:13:00.817] ERROR - Jugador 241 [NO ENCONTRADO]
[12:13:00.864] ERROR - Jugador 242 [NO ENCONTRADO]
[12:13:00.975] INFO - Escribiendo historial market-value del jugador 238 (48 values)
[12:13:00.976] INFO - Jugador 238 almacenado correctamente
[12:13:01.044] ERROR - Jugador 246 [out_of_league]
[12:13:01.134] INFO - Escribiendo historial market-value del jugador 243 (91 values)
[12:13:01.136] INFO - Jugador 243 almacenado correctamente
[12:13:01.355] ERROR - Jugador 249 [NO ENCONTRADO]
[12:13:01.439] INFO - Escribiendo historial market-value del jugador 240 (91 values)
[12:13:01.441] INFO - Jugador 240 almacenado correctamente
[12:13:01.580] ERROR - Jugador 248 [out_of_league]
[12:13:01.676] INFO - Escribiendo historial market-value del jugador 245 (62 values)
[12:13:01.678] INFO - Jugador 245 almacenado correctamente
[12:13:01.738] ERROR - Jugador 250 [NO ENCONTRADO]
[12:13:01.748] ERROR - Jugador 251 [NO ENCONTRADO]
[12:13:01.826] ERROR - Jugador 252 [NO ENCONTRADO]
[12:13:01.830] INFO - Escribiendo historial market-value del jugador 247 (91 values)
[12:13:01.831] INFO - Jugador 247 almacenado correctamente
[12:13:02.059] ERROR - Jugador 253 [NO ENCONTRADO]
[12:13:02.142] ERROR - Jugador 254 [NO ENCONTRADO]
[12:13:02.176] ERROR - Jugador 256 [NO ENCONTRADO]
[12:13:02.452] ERROR - Jugador 258 [NO ENCONTRADO]
[12:13:02.770] ERROR - Jugador 261 [NO ENCONTRADO]
[12:13:02.823] INFO - Escribiendo historial market-value del jugador 255 (91 values)
[12:13:02.824] INFO - Jugador 255 almacenado correctamente
[12:13:02.849] ERROR - Jugador 262 [NO ENCONTRADO]
[12:13:02.858] INFO - Escribiendo historial market-value del jugador 260 (91 values)
[12:13:02.859] INFO - Jugador 260 almacenado correctamente
[12:13:02.883] ERROR - Jugador 263 [NO ENCONTRADO]
[12:13:03.108] INFO - Escribiendo historial market-value del jugador 257 (63 values)
[12:13:03.110] INFO - Jugador 257 almacenado correctamente
[12:13:03.165] INFO - Escribiendo historial market-value del jugador 259 (91 values)
[12:13:03.166] INFO - Jugador 259 almacenado correctamente
[12:13:03.381] ERROR - Jugador 267 [NO ENCONTRADO]
[12:13:03.397] ERROR - Jugador 269 [NO ENCONTRADO]
[12:13:03.402] INFO - Escribiendo historial market-value del jugador 264 (91 values)
[12:13:03.404] INFO - Jugador 264 almacenado correctamente
[12:13:03.517] ERROR - Jugador 266 [NO ENCONTRADO]
[12:13:03.926] ERROR - Jugador 272 [NO ENCONTRADO]
[12:13:03.965] INFO - Escribiendo historial market-value del jugador 265 (91 values)
[12:13:03.966] INFO - Jugador 265 almacenado correctamente
[12:13:04.156] ERROR - Jugador 273 [NO ENCONTRADO]
[12:13:04.239] INFO - Escribiendo historial market-value del jugador 268 (58 values)
[12:13:04.240] INFO - Jugador 268 almacenado correctamente
[12:13:04.457] INFO - Escribiendo historial market-value del jugador 270 (91 values)
[12:13:04.459] INFO - Jugador 270 almacenado correctamente
[12:13:04.638] ERROR - Jugador 276 [NO ENCONTRADO]
[12:13:04.672] ERROR - Jugador 277 [NO ENCONTRADO]
[12:13:04.757] ERROR - Jugador 271 [out_of_league]
[12:13:04.841] INFO - Escribiendo historial market-value del jugador 274 (91 values)
[12:13:04.842] INFO - Jugador 274 almacenado correctamente
[12:13:04.878] INFO - Escribiendo historial market-value del jugador 275 (91 values)
[12:13:04.879] INFO - Jugador 275 almacenado correctamente
[12:13:04.886] ERROR - Jugador 278 [NO ENCONTRADO]
[12:13:04.964] ERROR - Jugador 279 [NO ENCONTRADO]
[12:13:05.126] ERROR - Jugador 281 [NO ENCONTRADO]
[12:13:05.183] ERROR - Jugador 280 [NO ENCONTRADO]
[12:13:05.397] ERROR - Jugador 285 [NO ENCONTRADO]
[12:13:05.409] ERROR - Jugador 282 [NO ENCONTRADO]
[12:13:05.449] ERROR - Jugador 283 [NO ENCONTRADO]
[12:13:05.467] ERROR - Jugador 287 [NO ENCONTRADO]
[12:13:05.611] ERROR - Jugador 286 [NO ENCONTRADO]
[12:13:05.811] ERROR - Jugador 288 [NO ENCONTRADO]
[12:13:05.900] ERROR - Jugador 289 [NO ENCONTRADO]
[12:13:05.953] ERROR - Jugador 292 [NO ENCONTRADO]
[12:13:05.953] ERROR - Jugador 293 [NO ENCONTRADO]
[12:13:06.120] ERROR - Jugador 290 [NO ENCONTRADO]
[12:13:06.133] ERROR - Jugador 291 [NO ENCONTRADO]
[12:13:06.192] INFO - Escribiendo historial market-value del jugador 284 (81 values)
[12:13:06.194] INFO - Jugador 284 almacenado correctamente
[12:13:06.462] ERROR - Jugador 297 [NO ENCONTRADO]
[12:13:06.486] ERROR - Jugador 295 [NO ENCONTRADO]
[12:13:06.752] INFO - Escribiendo historial market-value del jugador 294 (36 values)
[12:13:06.753] INFO - Jugador 294 almacenado correctamente
[12:13:06.841] ERROR - Jugador 299 [NO ENCONTRADO]
[12:13:06.929] ERROR - Jugador 301 [out_of_league]
[12:13:06.989] ERROR - Jugador 303 [NO ENCONTRADO]
[12:13:07.326] ERROR - Jugador 305 [NO ENCONTRADO]
[12:13:07.372] INFO - Escribiendo historial market-value del jugador 298 (91 values)
[12:13:07.373] INFO - Jugador 298 almacenado correctamente
[12:13:07.418] ERROR - Jugador 306 [out_of_league]
[12:13:07.472] ERROR - Jugador 304 [NO ENCONTRADO]
[12:13:07.498] INFO - Escribiendo historial market-value del jugador 300 (91 values)
[12:13:07.499] INFO - Jugador 300 almacenado correctamente
[12:13:07.694] ERROR - Jugador 307 [out_of_league]
[12:13:07.812] INFO - Escribiendo historial market-value del jugador 302 (91 values)
[12:13:07.813] INFO - Jugador 302 almacenado correctamente
[12:13:07.872] ERROR - Jugador 309 [NO ENCONTRADO]
[12:13:07.961] ERROR - Jugador 311 [NO ENCONTRADO]
[12:13:07.989] ERROR - Jugador 312 [NO ENCONTRADO]
[12:13:08.000] ERROR - Jugador 308 [NO ENCONTRADO]
[12:13:08.189] ERROR - Jugador 313 [NO ENCONTRADO]
[12:13:08.344] ERROR - Jugador 315 [NO ENCONTRADO]
[12:13:08.476] ERROR - Jugador 317 [NO ENCONTRADO]
[12:13:08.496] ERROR - Jugador 318 [NO ENCONTRADO]
[12:13:08.499] ERROR - Jugador 314 [NO ENCONTRADO]
[12:13:08.589] INFO - Escribiendo historial market-value del jugador 310 (91 values)
[12:13:08.592] INFO - Jugador 310 almacenado correctamente
[12:13:08.645] ERROR - Jugador 316 [NO ENCONTRADO]
[12:13:08.894] ERROR - Jugador 319 [NO ENCONTRADO]
[12:13:09.035] INFO - Escribiendo historial market-value del jugador 296 (91 values)
[12:13:09.036] INFO - Jugador 296 almacenado correctamente
[12:13:09.068] ERROR - Jugador 320 [NO ENCONTRADO]
[12:13:09.074] ERROR - Jugador 324 [NO ENCONTRADO]
[12:13:09.123] ERROR - Jugador 325 [NO ENCONTRADO]
[12:13:09.186] ERROR - Jugador 321 [NO ENCONTRADO]
[12:13:09.218] ERROR - Jugador 323 [NO ENCONTRADO]
[12:13:09.222] ERROR - Jugador 322 [NO ENCONTRADO]
[12:13:09.378] ERROR - Jugador 326 [NO ENCONTRADO]
[12:13:09.529] ERROR - Jugador 327 [NO ENCONTRADO]
[12:13:09.561] ERROR - Jugador 329 [NO ENCONTRADO]
[12:13:09.828] ERROR - Jugador 330 [NO ENCONTRADO]
[12:13:09.864] ERROR - Jugador 331 [NO ENCONTRADO]
[12:13:09.927] ERROR - Jugador 333 [NO ENCONTRADO]
[12:13:09.932] ERROR - Jugador 332 [NO ENCONTRADO]
[12:13:10.038] ERROR - Jugador 335 [NO ENCONTRADO]
[12:13:10.054] ERROR - Jugador 334 [NO ENCONTRADO]
[12:13:10.263] ERROR - Jugador 336 [NO ENCONTRADO]
[12:13:10.341] ERROR - Jugador 337 [NO ENCONTRADO]
[12:13:10.545] ERROR - Jugador 341 [out_of_league]
[12:13:10.569] ERROR - Jugador 342 [NO ENCONTRADO]
[12:13:10.575] ERROR - Jugador 338 [NO ENCONTRADO]
[12:13:10.626] ERROR - Jugador 339 [NO ENCONTRADO]
[12:13:10.631] ERROR - Jugador 340 [NO ENCONTRADO]
[12:13:10.950] ERROR - Jugador 343 [NO ENCONTRADO]
[12:13:11.162] ERROR - Jugador 348 [out_of_league]
[12:13:11.242] ERROR - Jugador 345 [NO ENCONTRADO]
[12:13:11.283] ERROR - Jugador 347 [NO ENCONTRADO]
[12:13:11.290] ERROR - Jugador 346 [NO ENCONTRADO]
[12:13:11.337] INFO - Escribiendo historial market-value del jugador 344 (91 values)
[12:13:11.338] ERROR - Jugador 349 [NO ENCONTRADO]
[12:13:11.339] INFO - Jugador 344 almacenado correctamente
[12:13:11.449] ERROR - Jugador 350 [NO ENCONTRADO]
[12:13:11.784] ERROR - Jugador 353 [NO ENCONTRADO]
[12:13:11.862] ERROR - Jugador 351 [NO ENCONTRADO]
[12:13:11.930] ERROR - Jugador 352 [NO ENCONTRADO]
[12:13:11.984] ERROR - Jugador 354 [NO ENCONTRADO]
[12:13:12.055] ERROR - Jugador 355 [NO ENCONTRADO]
[12:13:12.141] ERROR - Jugador 357 [NO ENCONTRADO]
[12:13:12.338] INFO - Escribiendo historial market-value del jugador 356 (91 values)
[12:13:12.339] INFO - Jugador 356 almacenado correctamente
[12:13:12.458] ERROR - Jugador 361 [NO ENCONTRADO]
[12:13:12.473] ERROR - Jugador 358 [NO ENCONTRADO]
[12:13:12.554] ERROR - Jugador 362 [NO ENCONTRADO]
[12:13:12.568] ERROR - Jugador 359 [NO ENCONTRADO]
[12:13:12.846] ERROR - Jugador 363 [NO ENCONTRADO]
[12:13:12.854] ERROR - Jugador 364 [NO ENCONTRADO]
[12:13:12.977] ERROR - Jugador 366 [NO ENCONTRADO]
[12:13:13.073] ERROR - Jugador 368 [NO ENCONTRADO]
[12:13:13.093] INFO - Escribiendo historial market-value del jugador 360 (91 values)
[12:13:13.094] INFO - Jugador 360 almacenado correctamente
[12:13:13.194] ERROR - Jugador 365 [out_of_league]
[12:13:13.266] ERROR - Jugador 367 [NO ENCONTRADO]
[12:13:13.476] ERROR - Jugador 369 [NO ENCONTRADO]
[12:13:13.478] CRITICAL - ('Connection aborted.', ConnectionResetError(104, 'Connection reset by peer'))
Traceback (most recent call last):
  File "/opt/hostedtoolcache/Python/3.9.20/x64/lib/python3.9/site-packages/urllib3/connectionpool.py", line 716, in urlopen
    httplib_response = self._make_request(
  File "/opt/hostedtoolcache/Python/3.9.20/x64/lib/python3.9/site-packages/urllib3/connectionpool.py", line 404, in _make_request
    self._validate_conn(conn)
  File "/opt/hostedtoolcache/Python/3.9.20/x64/lib/python3.9/site-packages/urllib3/connectionpool.py", line 1061, in _validate_conn
    conn.connect()
  File "/opt/hostedtoolcache/Python/3.9.20/x64/lib/python3.9/site-packages/urllib3/connection.py", line 419, in connect
    self.sock = ssl_wrap_socket(
  File "/opt/hostedtoolcache/Python/3.9.20/x64/lib/python3.9/site-packages/urllib3/util/ssl_.py", line 458, in ssl_wrap_socket
    ssl_sock = _ssl_wrap_socket_impl(
  File "/opt/hostedtoolcache/Python/3.9.20/x64/lib/python3.9/site-packages/urllib3/util/ssl_.py", line 502, in _ssl_wrap_socket_impl
    return ssl_context.wrap_socket(sock, server_hostname=server_hostname)
  File "/opt/hostedtoolcache/Python/3.9.20/x64/lib/python3.9/ssl.py", line 501, in wrap_socket
    return self.sslsocket_class._create(
  File "/opt/hostedtoolcache/Python/3.9.20/x64/lib/python3.9/ssl.py", line 1074, in _create
    self.do_handshake()
  File "/opt/hostedtoolcache/Python/3.9.20/x64/lib/python3.9/ssl.py", line 1343, in do_handshake
    self._sslobj.do_handshake()
ConnectionResetError: [Errno 104] Connection reset by peer

During handling of the above exception, another exception occurred:

Traceback (most recent call last):
  File "/opt/hostedtoolcache/Python/3.9.20/x64/lib/python3.9/site-packages/requests/adapters.py", line 489, in send
    resp = conn.urlopen(
  File "/opt/hostedtoolcache/Python/3.9.20/x64/lib/python3.9/site-packages/urllib3/connectionpool.py", line 802, in urlopen
    retries = retries.increment(
  File "/opt/hostedtoolcache/Python/3.9.20/x64/lib/python3.9/site-packages/urllib3/util/retry.py", line 552, in increment
    raise six.reraise(type(error), error, _stacktrace)
  File "/opt/hostedtoolcache/Python/3.9.20/x64/lib/python3.9/site-packages/urllib3/packages/six.py", line 769, in reraise
    raise value.with_traceback(tb)
  File "/opt/hostedtoolcache/Python/3.9.20/x64/lib/python3.9/site-packages/urllib3/connectionpool.py", line 716, in urlopen
    httplib_response = self._make_request(
  File "/opt/hostedtoolcache/Python/3.9.20/x64/lib/python3.9/site-packages/urllib3/connectionpool.py", line 404, in _make_request
    self._validate_conn(conn)
  File "/opt/hostedtoolcache/Python/3.9.20/x64/lib/python3.9/site-packages/urllib3/connectionpool.py", line 1061, in _validate_conn
    conn.connect()
  File "/opt/hostedtoolcache/Python/3.9.20/x64/lib/python3.9/site-packages/urllib3/connection.py", line 419, in connect
    self.sock = ssl_wrap_socket(
  File "/opt/hostedtoolcache/Python/3.9.20/x64/lib/python3.9/site-packages/urllib3/util/ssl_.py", line 458, in ssl_wrap_socket
    ssl_sock = _ssl_wrap_socket_impl(
  File "/opt/hostedtoolcache/Python/3.9.20/x64/lib/python3.9/site-packages/urllib3/util/ssl_.py", line 502, in _ssl_wrap_socket_impl
    return ssl_context.wrap_socket(sock, server_hostname=server_hostname)
  File "/opt/hostedtoolcache/Python/3.9.20/x64/lib/python3.9/ssl.py", line 501, in wrap_socket
    return self.sslsocket_class._create(
  File "/opt/hostedtoolcache/Python/3.9.20/x64/lib/python3.9/ssl.py", line 1074, in _create
    self.do_handshake()
  File "/opt/hostedtoolcache/Python/3.9.20/x64/lib/python3.9/ssl.py", line 1343, in do_handshake
    self._sslobj.do_handshake()
urllib3.exceptions.ProtocolError: ('Connection aborted.', ConnectionResetError(104, 'Connection reset by peer'))

During handling of the above exception, another exception occurred:

Traceback (most recent call last):
  File "<string>", line 215, in main
  File "/opt/hostedtoolcache/Python/3.9.20/x64/lib/python3.9/concurrent/futures/_base.py", line 609, in result_iterator
    yield fs.pop().result()
  File "/opt/hostedtoolcache/Python/3.9.20/x64/lib/python3.9/concurrent/futures/_base.py", line 446, in result
    return self.__get_result()
  File "/opt/hostedtoolcache/Python/3.9.20/x64/lib/python3.9/concurrent/futures/_base.py", line 391, in __get_result
    raise self._exception
  File "/opt/hostedtoolcache/Python/3.9.20/x64/lib/python3.9/concurrent/futures/thread.py", line 58, in run
    result = self.fn(*self.args, **self.kwargs)
  File "<string>", line 165, in multithread_scrape_player_aux
  File "/opt/hostedtoolcache/Python/3.9.20/x64/lib/python3.9/site-packages/requests/api.py", line 73, in get
    return request("get", url, params=params, **kwargs)
  File "/opt/hostedtoolcache/Python/3.9.20/x64/lib/python3.9/site-packages/requests/api.py", line 59, in request
    return session.request(method=method, url=url, **kwargs)
  File "/opt/hostedtoolcache/Python/3.9.20/x64/lib/python3.9/site-packages/requests/sessions.py", line 587, in request
    resp = self.send(prep, **send_kwargs)
  File "/opt/hostedtoolcache/Python/3.9.20/x64/lib/python3.9/site-packages/requests/sessions.py", line 701, in send
    r = adapter.send(request, **kwargs)
  File "/opt/hostedtoolcache/Python/3.9.20/x64/lib/python3.9/site-packages/requests/adapters.py", line 547, in send
    raise ConnectionError(err, request=request)
requests.exceptions.ConnectionError: ('Connection aborted.', ConnectionResetError(104, 'Connection reset by peer'))
