[00:34:55.995] INFO - Eliminando anteriores archivos (data/, players/)
[00:34:56.004] INFO - API endpoint https://api.laligafantasymarca.com/api/v3/player
[00:34:56.004] INFO - API endpoint market-values https://api.laligafantasymarca.com/api/v3/player/ID_JUGADOR/market-value
[00:34:56.937] ERROR - Jugador 52 [NO ENCONTRADO]
[00:34:56.954] ERROR - Jugador 54 [NO ENCONTRADO]
[00:34:56.978] ERROR - Jugador 57 [NO ENCONTRADO]
[00:34:56.983] ERROR - Jugador 56 [out_of_league]
[00:34:57.463] INFO - Escribiendo historial market-value del jugador 55 (56 values)
[00:34:57.464] INFO - Jugador 55 almacenado correctamente
[00:34:57.482] ERROR - Jugador 60 [NO ENCONTRADO]
[00:34:57.502] ERROR - Jugador 61 [NO ENCONTRADO]
[00:34:57.569] INFO - Escribiendo historial market-value del jugador 58 (56 values)
[00:34:57.570] INFO - Jugador 58 almacenado correctamente
[00:34:57.578] ERROR - Jugador 63 [NO ENCONTRADO]
[00:34:57.608] INFO - Escribiendo historial market-value del jugador 59 (56 values)
[00:34:57.609] INFO - Jugador 59 almacenado correctamente
[00:34:57.611] INFO - Escribiendo historial market-value del jugador 53 (56 values)
[00:34:57.616] INFO - Jugador 53 almacenado correctamente
[00:34:58.035] ERROR - Jugador 64 [NO ENCONTRADO]
[00:34:58.057] ERROR - Jugador 66 [NO ENCONTRADO]
[00:34:58.184] INFO - Escribiendo historial market-value del jugador 62 (56 values)
[00:34:58.185] INFO - Jugador 62 almacenado correctamente
[00:34:58.197] ERROR - Jugador 69 [NO ENCONTRADO]
[00:34:58.208] ERROR - Jugador 70 [NO ENCONTRADO]
[00:34:58.634] ERROR - Jugador 71 [NO ENCONTRADO]
[00:34:58.639] INFO - Escribiendo historial market-value del jugador 65 (56 values)
[00:34:58.640] INFO - Jugador 65 almacenado correctamente
[00:34:58.664] INFO - Escribiendo historial market-value del jugador 68 (58 values)
[00:34:58.665] INFO - Jugador 68 almacenado correctamente
[00:34:58.702] INFO - Escribiendo historial market-value del jugador 67 (56 values)
[00:34:58.703] INFO - Jugador 67 almacenado correctamente
[00:34:59.228] INFO - Escribiendo historial market-value del jugador 75 (11 values)
[00:34:59.229] INFO - Jugador 75 almacenado correctamente
[00:34:59.232] ERROR - Jugador 76 [NO ENCONTRADO]
[00:34:59.305] ERROR - Jugador 79 [NO ENCONTRADO]
[00:34:59.306] INFO - Escribiendo historial market-value del jugador 72 (27 values)
[00:34:59.309] INFO - Jugador 72 almacenado correctamente
[00:34:59.346] INFO - Escribiendo historial market-value del jugador 74 (27 values)
[00:34:59.347] INFO - Jugador 74 almacenado correctamente
[00:34:59.358] INFO - Escribiendo historial market-value del jugador 73 (58 values)
[00:34:59.358] INFO - Jugador 73 almacenado correctamente
[00:34:59.807] ERROR - Jugador 80 [out_of_league]
[00:34:59.827] ERROR - Jugador 81 [out_of_league]
[00:34:59.832] INFO - Escribiendo historial market-value del jugador 77 (58 values)
[00:34:59.833] INFO - Jugador 77 almacenado correctamente
[00:34:59.885] ERROR - Jugador 83 [NO ENCONTRADO]
[00:34:59.902] INFO - Escribiendo historial market-value del jugador 78 (13 values)
[00:34:59.902] INFO - Jugador 78 almacenado correctamente
[00:34:59.933] ERROR - Jugador 84 [NO ENCONTRADO]
[00:34:59.937] ERROR - Jugador 85 [NO ENCONTRADO]
[00:35:00.261] ERROR - Jugador 87 [NO ENCONTRADO]
[00:35:00.280] ERROR - Jugador 89 [NO ENCONTRADO]
[00:35:00.354] ERROR - Jugador 86 [out_of_league]
[00:35:00.399] ERROR - Jugador 88 [NO ENCONTRADO]
[00:35:00.494] INFO - Escribiendo historial market-value del jugador 82 (15 values)
[00:35:00.494] INFO - Jugador 82 almacenado correctamente
[00:35:00.850] ERROR - Jugador 94 [NO ENCONTRADO]
[00:35:00.915] ERROR - Jugador 95 [NO ENCONTRADO]
[00:35:00.948] ERROR - Jugador 96 [NO ENCONTRADO]
[00:35:01.022] INFO - Escribiendo historial market-value del jugador 90 (44 values)
[00:35:01.023] INFO - Jugador 90 almacenado correctamente
[00:35:01.077] ERROR - Jugador 97 [out_of_league]
[00:35:01.094] INFO - Escribiendo historial market-value del jugador 91 (58 values)
[00:35:01.095] INFO - Jugador 91 almacenado correctamente
[00:35:01.110] INFO - Escribiendo historial market-value del jugador 92 (27 values)
[00:35:01.111] INFO - Jugador 92 almacenado correctamente
[00:35:01.333] ERROR - Jugador 99 [NO ENCONTRADO]
[00:35:01.344] INFO - Escribiendo historial market-value del jugador 93 (56 values)
[00:35:01.345] INFO - Jugador 93 almacenado correctamente
[00:35:01.387] ERROR - Jugador 98 [NO ENCONTRADO]
[00:35:01.488] ERROR - Jugador 100 [NO ENCONTRADO]
[00:35:01.565] ERROR - Jugador 101 [NO ENCONTRADO]
[00:35:01.644] ERROR - Jugador 102 [NO ENCONTRADO]
[00:35:01.681] ERROR - Jugador 103 [NO ENCONTRADO]
[00:35:01.714] ERROR - Jugador 104 [NO ENCONTRADO]
[00:35:01.915] ERROR - Jugador 105 [NO ENCONTRADO]
[00:35:01.920] ERROR - Jugador 106 [NO ENCONTRADO]
[00:35:01.934] ERROR - Jugador 107 [NO ENCONTRADO]
[00:35:02.018] ERROR - Jugador 108 [NO ENCONTRADO]
[00:35:02.041] ERROR - Jugador 110 [NO ENCONTRADO]
[00:35:02.116] ERROR - Jugador 109 [NO ENCONTRADO]
[00:35:02.213] ERROR - Jugador 111 [NO ENCONTRADO]
[00:35:02.239] ERROR - Jugador 112 [NO ENCONTRADO]
[00:35:02.508] ERROR - Jugador 115 [NO ENCONTRADO]
[00:35:02.509] ERROR - Jugador 113 [NO ENCONTRADO]
[00:35:02.515] ERROR - Jugador 114 [NO ENCONTRADO]
[00:35:02.550] ERROR - Jugador 116 [NO ENCONTRADO]
[00:35:02.675] ERROR - Jugador 118 [out_of_league]
[00:35:02.763] ERROR - Jugador 119 [NO ENCONTRADO]
[00:35:02.771] ERROR - Jugador 120 [NO ENCONTRADO]
[00:35:03.096] ERROR - Jugador 123 [NO ENCONTRADO]
[00:35:03.125] ERROR - Jugador 122 [NO ENCONTRADO]
[00:35:03.154] ERROR - Jugador 124 [NO ENCONTRADO]
[00:35:03.192] ERROR - Jugador 125 [NO ENCONTRADO]
[00:35:03.342] ERROR - Jugador 126 [NO ENCONTRADO]
[00:35:03.496] ERROR - Jugador 128 [NO ENCONTRADO]
[00:35:03.659] ERROR - Jugador 129 [NO ENCONTRADO]
[00:35:03.727] ERROR - Jugador 130 [NO ENCONTRADO]
[00:35:03.741] INFO - Escribiendo historial market-value del jugador 121 (15 values)
[00:35:03.741] INFO - Jugador 121 almacenado correctamente
[00:35:03.759] ERROR - Jugador 131 [NO ENCONTRADO]
[00:35:03.923] ERROR - Jugador 132 [NO ENCONTRADO]
[00:35:03.932] INFO - Escribiendo historial market-value del jugador 127 (58 values)
[00:35:03.933] INFO - Jugador 127 almacenado correctamente
[00:35:04.036] ERROR - Jugador 133 [NO ENCONTRADO]
[00:35:04.209] ERROR - Jugador 134 [NO ENCONTRADO]
[00:35:04.249] ERROR - Jugador 135 [NO ENCONTRADO]
[00:35:04.320] ERROR - Jugador 137 [NO ENCONTRADO]
[00:35:04.330] ERROR - Jugador 136 [NO ENCONTRADO]
[00:35:04.480] ERROR - Jugador 138 [NO ENCONTRADO]
[00:35:04.499] ERROR - Jugador 139 [NO ENCONTRADO]
[00:35:04.752] ERROR - Jugador 141 [NO ENCONTRADO]
[00:35:04.777] ERROR - Jugador 142 [NO ENCONTRADO]
[00:35:04.872] ERROR - Jugador 144 [NO ENCONTRADO]
[00:35:04.881] ERROR - Jugador 143 [NO ENCONTRADO]
[00:35:05.010] ERROR - Jugador 145 [NO ENCONTRADO]
[00:35:05.291] ERROR - Jugador 147 [NO ENCONTRADO]
[00:35:05.429] ERROR - Jugador 149 [NO ENCONTRADO]
[00:35:05.539] ERROR - Jugador 151 [NO ENCONTRADO]
[00:35:05.627] INFO - Escribiendo historial market-value del jugador 146 (58 values)
[00:35:05.630] INFO - Jugador 146 almacenado correctamente
[00:35:05.911] INFO - Escribiendo historial market-value del jugador 148 (58 values)
[00:35:05.911] INFO - Jugador 148 almacenado correctamente
[00:35:05.953] ERROR - Jugador 153 [NO ENCONTRADO]
[00:35:05.992] INFO - Escribiendo historial market-value del jugador 150 (58 values)
[00:35:05.994] INFO - Jugador 150 almacenado correctamente
[00:35:06.074] ERROR - Jugador 154 [NO ENCONTRADO]
[00:35:06.192] ERROR - Jugador 155 [NO ENCONTRADO]
[00:35:06.310] ERROR - Jugador 156 [NO ENCONTRADO]
[00:35:06.480] ERROR - Jugador 157 [NO ENCONTRADO]
[00:35:06.531] ERROR - Jugador 158 [NO ENCONTRADO]
[00:35:06.716] ERROR - Jugador 160 [NO ENCONTRADO]
[00:35:06.844] ERROR - Jugador 161 [NO ENCONTRADO]
[00:35:07.024] ERROR - Jugador 162 [NO ENCONTRADO]
[00:35:07.060] ERROR - Jugador 163 [NO ENCONTRADO]
[00:35:07.206] INFO - Escribiendo historial market-value del jugador 159 (58 values)
[00:35:07.206] INFO - Jugador 159 almacenado correctamente
[00:35:07.240] ERROR - Jugador 164 [NO ENCONTRADO]
[00:35:07.379] ERROR - Jugador 165 [NO ENCONTRADO]
[00:35:07.581] ERROR - Jugador 167 [NO ENCONTRADO]
[00:35:07.735] ERROR - Jugador 168 [NO ENCONTRADO]
[00:35:07.787] ERROR - Jugador 169 [NO ENCONTRADO]
[00:35:07.907] ERROR - Jugador 170 [NO ENCONTRADO]
[00:35:08.121] ERROR - Jugador 171 [NO ENCONTRADO]
[00:35:08.264] ERROR - Jugador 172 [NO ENCONTRADO]
[00:35:08.638] ERROR - Jugador 175 [NO ENCONTRADO]
[00:35:08.783] ERROR - Jugador 176 [NO ENCONTRADO]
[00:35:09.157] ERROR - Jugador 177 [NO ENCONTRADO]
[00:35:09.319] ERROR - Jugador 178 [NO ENCONTRADO]
[00:35:09.689] ERROR - Jugador 179 [NO ENCONTRADO]
[00:35:09.838] ERROR - Jugador 180 [NO ENCONTRADO]
[00:35:10.208] ERROR - Jugador 181 [NO ENCONTRADO]
[00:35:10.357] ERROR - Jugador 182 [NO ENCONTRADO]
[00:35:10.496] ERROR - Jugador 174 [NO ENCONTRADO]
[00:35:10.742] ERROR - Jugador 183 [NO ENCONTRADO]
[00:35:11.022] ERROR - Jugador 185 [NO ENCONTRADO]
[00:35:11.268] ERROR - Jugador 186 [NO ENCONTRADO]
[00:35:11.412] INFO - Escribiendo historial market-value del jugador 184 (58 values)
[00:35:11.413] INFO - Jugador 184 almacenado correctamente
[00:35:11.541] ERROR - Jugador 187 [NO ENCONTRADO]
[00:35:11.789] ERROR - Jugador 188 [NO ENCONTRADO]
[00:35:11.942] ERROR - Jugador 189 [NO ENCONTRADO]
[00:35:12.062] ERROR - Jugador 190 [NO ENCONTRADO]
[00:35:12.331] ERROR - Jugador 191 [NO ENCONTRADO]
[00:35:12.849] ERROR - Jugador 194 [NO ENCONTRADO]
[00:35:13.009] INFO - Escribiendo historial market-value del jugador 192 (58 values)
[00:35:13.010] INFO - Jugador 192 almacenado correctamente
[00:35:13.017] INFO - Escribiendo historial market-value del jugador 193 (58 values)
[00:35:13.017] INFO - Jugador 193 almacenado correctamente
[00:35:13.395] ERROR - Jugador 195 [NO ENCONTRADO]
[00:35:13.554] ERROR - Jugador 196 [NO ENCONTRADO]
[00:35:13.573] ERROR - Jugador 197 [out_of_league]
[00:35:13.950] ERROR - Jugador 198 [NO ENCONTRADO]
[00:35:14.073] ERROR - Jugador 199 [NO ENCONTRADO]
[00:35:14.493] ERROR - Jugador 201 [NO ENCONTRADO]
[00:35:14.591] ERROR - Jugador 202 [NO ENCONTRADO]
[00:35:14.651] INFO - Escribiendo historial market-value del jugador 200 (18 values)
[00:35:14.651] INFO - Jugador 200 almacenado correctamente
[00:35:15.016] ERROR - Jugador 203 [NO ENCONTRADO]
[00:35:15.173] ERROR - Jugador 205 [NO ENCONTRADO]
[00:35:15.547] ERROR - Jugador 206 [NO ENCONTRADO]
[00:35:15.649] INFO - Escribiendo historial market-value del jugador 204 (58 values)
[00:35:15.650] INFO - Jugador 204 almacenado correctamente
[00:35:15.707] ERROR - Jugador 207 [NO ENCONTRADO]
[00:35:16.083] ERROR - Jugador 208 [NO ENCONTRADO]
[00:35:16.195] ERROR - Jugador 209 [NO ENCONTRADO]
[00:35:16.229] ERROR - Jugador 210 [NO ENCONTRADO]
[00:35:16.603] ERROR - Jugador 211 [NO ENCONTRADO]
[00:35:16.729] ERROR - Jugador 212 [NO ENCONTRADO]
[00:35:16.759] ERROR - Jugador 213 [NO ENCONTRADO]
[00:35:17.121] ERROR - Jugador 214 [NO ENCONTRADO]
[00:35:17.286] ERROR - Jugador 216 [NO ENCONTRADO]
[00:35:17.658] ERROR - Jugador 217 [out_of_league]
[00:35:17.786] INFO - Escribiendo historial market-value del jugador 215 (58 values)
[00:35:17.787] INFO - Jugador 215 almacenado correctamente
[00:35:17.812] ERROR - Jugador 218 [NO ENCONTRADO]
[00:35:18.181] ERROR - Jugador 219 [NO ENCONTRADO]
[00:35:18.313] ERROR - Jugador 220 [NO ENCONTRADO]
[00:35:18.404] ERROR - Jugador 221 [NO ENCONTRADO]
[00:35:18.711] ERROR - Jugador 222 [NO ENCONTRADO]
[00:35:18.838] ERROR - Jugador 223 [NO ENCONTRADO]
[00:35:18.917] ERROR - Jugador 224 [NO ENCONTRADO]
[00:35:19.236] ERROR - Jugador 225 [NO ENCONTRADO]
[00:35:19.357] ERROR - Jugador 226 [NO ENCONTRADO]
[00:35:19.455] ERROR - Jugador 227 [NO ENCONTRADO]
[00:35:19.752] ERROR - Jugador 228 [NO ENCONTRADO]
[00:35:19.893] ERROR - Jugador 229 [NO ENCONTRADO]
[00:35:20.413] ERROR - Jugador 232 [NO ENCONTRADO]
[00:35:20.506] INFO - Escribiendo historial market-value del jugador 230 (58 values)
[00:35:20.507] INFO - Jugador 230 almacenado correctamente
[00:35:20.829] INFO - Escribiendo historial market-value del jugador 231 (58 values)
[00:35:20.830] INFO - Jugador 231 almacenado correctamente
[00:35:20.935] ERROR - Jugador 233 [NO ENCONTRADO]
[00:35:21.046] ERROR - Jugador 234 [NO ENCONTRADO]
[00:35:21.347] ERROR - Jugador 235 [NO ENCONTRADO]
[00:35:21.455] ERROR - Jugador 236 [out_of_league]
[00:35:21.560] ERROR - Jugador 237 [NO ENCONTRADO]
[00:35:21.971] ERROR - Jugador 239 [NO ENCONTRADO]
[00:35:22.385] INFO - Escribiendo historial market-value del jugador 238 (15 values)
[00:35:22.386] INFO - Jugador 238 almacenado correctamente
[00:35:22.488] ERROR - Jugador 241 [NO ENCONTRADO]
[00:35:22.618] INFO - Escribiendo historial market-value del jugador 240 (58 values)
[00:35:22.618] INFO - Jugador 240 almacenado correctamente
[00:35:22.904] ERROR - Jugador 242 [NO ENCONTRADO]
[00:35:23.158] ERROR - Jugador 244 [NO ENCONTRADO]
[00:35:23.572] INFO - Escribiendo historial market-value del jugador 243 (58 values)
[00:35:23.572] INFO - Jugador 243 almacenado correctamente
[00:35:23.682] ERROR - Jugador 246 [out_of_league]
[00:35:23.959] INFO - Escribiendo historial market-value del jugador 245 (29 values)
[00:35:23.960] INFO - Jugador 245 almacenado correctamente
[00:35:24.240] ERROR - Jugador 248 [out_of_league]
[00:35:24.489] INFO - Escribiendo historial market-value del jugador 140 (58 values)
[00:35:24.490] ERROR - Jugador 249 [NO ENCONTRADO]
[00:35:24.490] INFO - Jugador 140 almacenado correctamente
[00:35:24.628] INFO - Escribiendo historial market-value del jugador 247 (58 values)
[00:35:24.628] INFO - Jugador 247 almacenado correctamente
[00:35:24.763] ERROR - Jugador 250 [NO ENCONTRADO]
[00:35:25.038] ERROR - Jugador 252 [NO ENCONTRADO]
[00:35:25.042] ERROR - Jugador 251 [NO ENCONTRADO]
[00:35:25.158] ERROR - Jugador 253 [NO ENCONTRADO]
[00:35:25.283] ERROR - Jugador 254 [NO ENCONTRADO]
[00:35:25.586] ERROR - Jugador 256 [NO ENCONTRADO]
[00:35:25.822] ERROR - Jugador 258 [NO ENCONTRADO]
[00:35:26.144] INFO - Escribiendo historial market-value del jugador 255 (58 values)
[00:35:26.145] INFO - Jugador 255 almacenado correctamente
[00:35:26.206] INFO - Escribiendo historial market-value del jugador 257 (30 values)
[00:35:26.207] INFO - Jugador 257 almacenado correctamente
[00:35:26.679] INFO - Escribiendo historial market-value del jugador 259 (58 values)
[00:35:26.680] INFO - Jugador 259 almacenado correctamente
[00:35:26.704] ERROR - Jugador 261 [NO ENCONTRADO]
[00:35:26.728] ERROR - Jugador 262 [NO ENCONTRADO]
[00:35:26.887] INFO - Escribiendo historial market-value del jugador 260 (58 values)
[00:35:26.888] INFO - Jugador 260 almacenado correctamente
[00:35:27.206] ERROR - Jugador 263 [NO ENCONTRADO]
[00:35:27.451] ERROR - Jugador 266 [NO ENCONTRADO]
[00:35:27.645] ERROR - Jugador 173 [NO ENCONTRADO]
[00:35:27.755] ERROR - Jugador 267 [NO ENCONTRADO]
[00:35:27.792] INFO - Escribiendo historial market-value del jugador 264 (58 values)
[00:35:27.793] INFO - Jugador 264 almacenado correctamente
[00:35:27.824] INFO - Escribiendo historial market-value del jugador 265 (58 values)
[00:35:27.825] INFO - Jugador 265 almacenado correctamente
[00:35:28.007] ERROR - Jugador 268 [out_of_league]
[00:35:28.197] ERROR - Jugador 269 [NO ENCONTRADO]
[00:35:28.377] ERROR - Jugador 272 [NO ENCONTRADO]
[00:35:28.547] ERROR - Jugador 273 [NO ENCONTRADO]
[00:35:28.808] INFO - Escribiendo historial market-value del jugador 270 (58 values)
[00:35:28.809] INFO - Jugador 270 almacenado correctamente
[00:35:28.867] INFO - Escribiendo historial market-value del jugador 271 (58 values)
[00:35:28.868] INFO - Jugador 271 almacenado correctamente
[00:35:29.073] ERROR - Jugador 276 [NO ENCONTRADO]
[00:35:29.333] INFO - Escribiendo historial market-value del jugador 274 (58 values)
[00:35:29.334] INFO - Jugador 274 almacenado correctamente
[00:35:29.353] ERROR - Jugador 277 [NO ENCONTRADO]
[00:35:29.396] ERROR - Jugador 278 [NO ENCONTRADO]
[00:35:29.450] INFO - Escribiendo historial market-value del jugador 275 (58 values)
[00:35:29.451] INFO - Jugador 275 almacenado correctamente
[00:35:29.616] ERROR - Jugador 279 [NO ENCONTRADO]
[00:35:29.886] ERROR - Jugador 280 [NO ENCONTRADO]
[00:35:29.901] ERROR - Jugador 281 [NO ENCONTRADO]
[00:35:29.918] ERROR - Jugador 282 [NO ENCONTRADO]
[00:35:29.977] ERROR - Jugador 283 [NO ENCONTRADO]
[00:35:30.411] ERROR - Jugador 285 [NO ENCONTRADO]
[00:35:30.441] ERROR - Jugador 286 [NO ENCONTRADO]
[00:35:30.462] ERROR - Jugador 287 [NO ENCONTRADO]
[00:35:30.516] ERROR - Jugador 288 [NO ENCONTRADO]
[00:35:30.685] INFO - Escribiendo historial market-value del jugador 284 (48 values)
[00:35:30.686] INFO - Jugador 284 almacenado correctamente
[00:35:30.943] ERROR - Jugador 289 [NO ENCONTRADO]
[00:35:30.976] ERROR - Jugador 290 [NO ENCONTRADO]
[00:35:31.001] ERROR - Jugador 291 [NO ENCONTRADO]
[00:35:31.052] ERROR - Jugador 292 [NO ENCONTRADO]
[00:35:31.231] ERROR - Jugador 293 [NO ENCONTRADO]
[00:35:31.466] ERROR - Jugador 294 [out_of_league]
[00:35:31.496] ERROR - Jugador 295 [NO ENCONTRADO]
[00:35:31.582] ERROR - Jugador 297 [NO ENCONTRADO]
[00:35:31.984] ERROR - Jugador 299 [NO ENCONTRADO]
[00:35:32.073] INFO - Escribiendo historial market-value del jugador 296 (58 values)
[00:35:32.073] INFO - Jugador 296 almacenado correctamente
[00:35:32.119] ERROR - Jugador 301 [out_of_league]
[00:35:32.304] INFO - Escribiendo historial market-value del jugador 298 (58 values)
[00:35:32.305] INFO - Jugador 298 almacenado correctamente
[00:35:32.498] ERROR - Jugador 304 [NO ENCONTRADO]
[00:35:32.551] INFO - Escribiendo historial market-value del jugador 300 (58 values)
[00:35:32.552] INFO - Jugador 300 almacenado correctamente
[00:35:32.635] ERROR - Jugador 303 [NO ENCONTRADO]
[00:35:33.029] INFO - Escribiendo historial market-value del jugador 302 (58 values)
[00:35:33.030] INFO - Jugador 302 almacenado correctamente
[00:35:37.061] CRITICAL - HTTPSConnectionPool(host='api.laligafantasymarca.com', port=443): Max retries exceeded with url: /api/v3/player/117 (Caused by ConnectTimeoutError(<urllib3.connection.HTTPSConnection object at 0x7f2880567c10>, 'Connection to api.laligafantasymarca.com timed out. (connect timeout=30)'))
Traceback (most recent call last):
  File "/opt/hostedtoolcache/Python/3.9.19/x64/lib/python3.9/site-packages/urllib3/connection.py", line 174, in _new_conn
    conn = connection.create_connection(
  File "/opt/hostedtoolcache/Python/3.9.19/x64/lib/python3.9/site-packages/urllib3/util/connection.py", line 95, in create_connection
    raise err
  File "/opt/hostedtoolcache/Python/3.9.19/x64/lib/python3.9/site-packages/urllib3/util/connection.py", line 85, in create_connection
    sock.connect(sa)
socket.timeout: timed out

During handling of the above exception, another exception occurred:

Traceback (most recent call last):
  File "/opt/hostedtoolcache/Python/3.9.19/x64/lib/python3.9/site-packages/urllib3/connectionpool.py", line 715, in urlopen
    httplib_response = self._make_request(
  File "/opt/hostedtoolcache/Python/3.9.19/x64/lib/python3.9/site-packages/urllib3/connectionpool.py", line 404, in _make_request
    self._validate_conn(conn)
  File "/opt/hostedtoolcache/Python/3.9.19/x64/lib/python3.9/site-packages/urllib3/connectionpool.py", line 1060, in _validate_conn
    conn.connect()
  File "/opt/hostedtoolcache/Python/3.9.19/x64/lib/python3.9/site-packages/urllib3/connection.py", line 363, in connect
    self.sock = conn = self._new_conn()
  File "/opt/hostedtoolcache/Python/3.9.19/x64/lib/python3.9/site-packages/urllib3/connection.py", line 179, in _new_conn
    raise ConnectTimeoutError(
urllib3.exceptions.ConnectTimeoutError: (<urllib3.connection.HTTPSConnection object at 0x7f2880567c10>, 'Connection to api.laligafantasymarca.com timed out. (connect timeout=30)')

During handling of the above exception, another exception occurred:

Traceback (most recent call last):
  File "/opt/hostedtoolcache/Python/3.9.19/x64/lib/python3.9/site-packages/requests/adapters.py", line 489, in send
    resp = conn.urlopen(
  File "/opt/hostedtoolcache/Python/3.9.19/x64/lib/python3.9/site-packages/urllib3/connectionpool.py", line 801, in urlopen
    retries = retries.increment(
  File "/opt/hostedtoolcache/Python/3.9.19/x64/lib/python3.9/site-packages/urllib3/util/retry.py", line 594, in increment
    raise MaxRetryError(_pool, url, error or ResponseError(cause))
urllib3.exceptions.MaxRetryError: HTTPSConnectionPool(host='api.laligafantasymarca.com', port=443): Max retries exceeded with url: /api/v3/player/117 (Caused by ConnectTimeoutError(<urllib3.connection.HTTPSConnection object at 0x7f2880567c10>, 'Connection to api.laligafantasymarca.com timed out. (connect timeout=30)'))

During handling of the above exception, another exception occurred:

Traceback (most recent call last):
  File "<string>", line 215, in main
  File "/opt/hostedtoolcache/Python/3.9.19/x64/lib/python3.9/concurrent/futures/_base.py", line 609, in result_iterator
    yield fs.pop().result()
  File "/opt/hostedtoolcache/Python/3.9.19/x64/lib/python3.9/concurrent/futures/_base.py", line 446, in result
    return self.__get_result()
  File "/opt/hostedtoolcache/Python/3.9.19/x64/lib/python3.9/concurrent/futures/_base.py", line 391, in __get_result
    raise self._exception
  File "/opt/hostedtoolcache/Python/3.9.19/x64/lib/python3.9/concurrent/futures/thread.py", line 58, in run
    result = self.fn(*self.args, **self.kwargs)
  File "<string>", line 165, in multithread_scrape_player_aux
  File "/opt/hostedtoolcache/Python/3.9.19/x64/lib/python3.9/site-packages/requests/api.py", line 73, in get
    return request("get", url, params=params, **kwargs)
  File "/opt/hostedtoolcache/Python/3.9.19/x64/lib/python3.9/site-packages/requests/api.py", line 59, in request
    return session.request(method=method, url=url, **kwargs)
  File "/opt/hostedtoolcache/Python/3.9.19/x64/lib/python3.9/site-packages/requests/sessions.py", line 587, in request
    resp = self.send(prep, **send_kwargs)
  File "/opt/hostedtoolcache/Python/3.9.19/x64/lib/python3.9/site-packages/requests/sessions.py", line 701, in send
    r = adapter.send(request, **kwargs)
  File "/opt/hostedtoolcache/Python/3.9.19/x64/lib/python3.9/site-packages/requests/adapters.py", line 553, in send
    raise ConnectTimeout(e, request=request)
requests.exceptions.ConnectTimeout: HTTPSConnectionPool(host='api.laligafantasymarca.com', port=443): Max retries exceeded with url: /api/v3/player/117 (Caused by ConnectTimeoutError(<urllib3.connection.HTTPSConnection object at 0x7f2880567c10>, 'Connection to api.laligafantasymarca.com timed out. (connect timeout=30)'))
