[00:39:56.158] INFO - Eliminando anteriores archivos (data/, players/)
[00:39:56.169] INFO - API endpoint https://api.laligafantasymarca.com/api/v3/player
[00:39:56.169] INFO - API endpoint market-values https://api.laligafantasymarca.com/api/v3/player/ID_JUGADOR/market-value
[00:39:56.857] ERROR - Jugador 57 [NO ENCONTRADO]
[00:39:56.887] ERROR - Jugador 54 [NO ENCONTRADO]
[00:39:57.027] ERROR - Jugador 52 [NO ENCONTRADO]
[00:39:57.039] ERROR - Jugador 56 [out_of_league]
[00:39:57.318] ERROR - Jugador 60 [NO ENCONTRADO]
[00:39:57.343] INFO - Escribiendo historial market-value del jugador 58 (98 values)
[00:39:57.344] INFO - Jugador 58 almacenado correctamente
[00:39:57.355] ERROR - Jugador 61 [NO ENCONTRADO]
[00:39:57.474] INFO - Escribiendo historial market-value del jugador 59 (98 values)
[00:39:57.475] INFO - Jugador 59 almacenado correctamente
[00:39:57.507] ERROR - Jugador 63 [NO ENCONTRADO]
[00:39:57.538] INFO - Escribiendo historial market-value del jugador 55 (98 values)
[00:39:57.540] INFO - Jugador 55 almacenado correctamente
[00:39:57.735] ERROR - Jugador 64 [NO ENCONTRADO]
[00:39:57.932] ERROR - Jugador 66 [NO ENCONTRADO]
[00:39:57.964] ERROR - Jugador 69 [NO ENCONTRADO]
[00:39:57.974] INFO - Escribiendo historial market-value del jugador 62 (98 values)
[00:39:57.975] INFO - Jugador 62 almacenado correctamente
[00:39:58.341] INFO - Escribiendo historial market-value del jugador 65 (98 values)
[00:39:58.342] INFO - Jugador 65 almacenado correctamente
[00:39:58.443] INFO - Escribiendo historial market-value del jugador 67 (98 values)
[00:39:58.445] INFO - Jugador 67 almacenado correctamente
[00:39:58.522] ERROR - Jugador 71 [NO ENCONTRADO]
[00:39:58.563] INFO - Escribiendo historial market-value del jugador 68 (100 values)
[00:39:58.564] INFO - Jugador 68 almacenado correctamente
[00:39:58.929] ERROR - Jugador 76 [NO ENCONTRADO]
[00:39:58.960] ERROR - Jugador 70 [NO ENCONTRADO]
[00:39:58.996] INFO - Escribiendo historial market-value del jugador 72 (69 values)
[00:39:58.997] INFO - Jugador 72 almacenado correctamente
[00:39:59.010] INFO - Escribiendo historial market-value del jugador 73 (100 values)
[00:39:59.011] INFO - Jugador 73 almacenado correctamente
[00:39:59.332] INFO - Escribiendo historial market-value del jugador 74 (69 values)
[00:39:59.334] INFO - Jugador 74 almacenado correctamente
[00:39:59.379] ERROR - Jugador 79 [NO ENCONTRADO]
[00:39:59.460] ERROR - Jugador 80 [out_of_league]
[00:39:59.567] INFO - Escribiendo historial market-value del jugador 77 (100 values)
[00:39:59.568] INFO - Jugador 77 almacenado correctamente
[00:39:59.593] ERROR - Jugador 81 [out_of_league]
[00:39:59.605] INFO - Escribiendo historial market-value del jugador 75 (53 values)
[00:39:59.606] INFO - Jugador 75 almacenado correctamente
[00:39:59.856] ERROR - Jugador 84 [NO ENCONTRADO]
[00:39:59.882] INFO - Escribiendo historial market-value del jugador 78 (55 values)
[00:39:59.885] INFO - Jugador 78 almacenado correctamente
[00:39:59.936] ERROR - Jugador 83 [NO ENCONTRADO]
[00:40:00.128] ERROR - Jugador 85 [NO ENCONTRADO]
[00:40:00.183] ERROR - Jugador 87 [NO ENCONTRADO]
[00:40:00.192] ERROR - Jugador 86 [out_of_league]
[00:40:00.196] INFO - Escribiendo historial market-value del jugador 82 (57 values)
[00:40:00.198] INFO - Jugador 82 almacenado correctamente
[00:40:00.299] ERROR - Jugador 89 [NO ENCONTRADO]
[00:40:00.378] ERROR - Jugador 88 [NO ENCONTRADO]
[00:40:00.623] ERROR - Jugador 94 [NO ENCONTRADO]
[00:40:00.697] ERROR - Jugador 95 [NO ENCONTRADO]
[00:40:00.790] ERROR - Jugador 96 [NO ENCONTRADO]
[00:40:00.891] INFO - Escribiendo historial market-value del jugador 90 (86 values)
[00:40:00.894] INFO - Jugador 90 almacenado correctamente
[00:40:01.001] INFO - Escribiendo historial market-value del jugador 92 (69 values)
[00:40:01.003] INFO - Jugador 92 almacenado correctamente
[00:40:01.102] ERROR - Jugador 98 [NO ENCONTRADO]
[00:40:01.184] ERROR - Jugador 97 [out_of_league]
[00:40:01.190] ERROR - Jugador 99 [NO ENCONTRADO]
[00:40:01.220] INFO - Escribiendo historial market-value del jugador 91 (100 values)
[00:40:01.221] INFO - Jugador 91 almacenado correctamente
[00:40:01.435] ERROR - Jugador 100 [NO ENCONTRADO]
[00:40:01.438] ERROR - Jugador 101 [NO ENCONTRADO]
[00:40:01.492] ERROR - Jugador 102 [NO ENCONTRADO]
[00:40:01.605] ERROR - Jugador 103 [NO ENCONTRADO]
[00:40:01.623] ERROR - Jugador 104 [NO ENCONTRADO]
[00:40:01.684] ERROR - Jugador 105 [NO ENCONTRADO]
[00:40:01.883] INFO - Escribiendo historial market-value del jugador 93 (98 values)
[00:40:01.885] INFO - Jugador 93 almacenado correctamente
[00:40:01.905] ERROR - Jugador 108 [NO ENCONTRADO]
[00:40:02.000] ERROR - Jugador 109 [NO ENCONTRADO]
[00:40:02.005] ERROR - Jugador 106 [NO ENCONTRADO]
[00:40:02.027] ERROR - Jugador 110 [NO ENCONTRADO]
[00:40:02.036] ERROR - Jugador 107 [NO ENCONTRADO]
[00:40:02.104] ERROR - Jugador 111 [NO ENCONTRADO]
[00:40:02.300] ERROR - Jugador 112 [NO ENCONTRADO]
[00:40:02.328] ERROR - Jugador 113 [NO ENCONTRADO]
[00:40:02.398] ERROR - Jugador 114 [NO ENCONTRADO]
[00:40:02.457] ERROR - Jugador 115 [NO ENCONTRADO]
[00:40:02.551] ERROR - Jugador 118 [out_of_league]
[00:40:02.615] ERROR - Jugador 117 [NO ENCONTRADO]
[00:40:02.621] ERROR - Jugador 116 [NO ENCONTRADO]
[00:40:02.701] ERROR - Jugador 119 [NO ENCONTRADO]
[00:40:02.859] ERROR - Jugador 122 [NO ENCONTRADO]
[00:40:02.864] ERROR - Jugador 120 [NO ENCONTRADO]
[00:40:03.044] ERROR - Jugador 125 [NO ENCONTRADO]
[00:40:03.045] ERROR - Jugador 124 [NO ENCONTRADO]
[00:40:03.082] ERROR - Jugador 123 [NO ENCONTRADO]
[00:40:03.107] ERROR - Jugador 126 [NO ENCONTRADO]
[00:40:03.299] ERROR - Jugador 128 [NO ENCONTRADO]
[00:40:03.343] INFO - Escribiendo historial market-value del jugador 121 (57 values)
[00:40:03.344] INFO - Jugador 121 almacenado correctamente
[00:40:03.520] ERROR - Jugador 130 [NO ENCONTRADO]
[00:40:03.564] ERROR - Jugador 132 [NO ENCONTRADO]
[00:40:03.592] ERROR - Jugador 129 [NO ENCONTRADO]
[00:40:03.684] ERROR - Jugador 131 [NO ENCONTRADO]
[00:40:03.884] ERROR - Jugador 133 [NO ENCONTRADO]
[00:40:03.917] ERROR - Jugador 135 [NO ENCONTRADO]
[00:40:03.940] ERROR - Jugador 134 [NO ENCONTRADO]
[00:40:04.007] ERROR - Jugador 137 [NO ENCONTRADO]
[00:40:04.012] ERROR - Jugador 136 [NO ENCONTRADO]
[00:40:04.270] ERROR - Jugador 138 [NO ENCONTRADO]
[00:40:04.333] ERROR - Jugador 142 [NO ENCONTRADO]
[00:40:04.402] ERROR - Jugador 139 [NO ENCONTRADO]
[00:40:04.429] ERROR - Jugador 144 [NO ENCONTRADO]
[00:40:04.446] ERROR - Jugador 141 [NO ENCONTRADO]
[00:40:04.564] ERROR - Jugador 143 [NO ENCONTRADO]
[00:40:04.736] ERROR - Jugador 146 [out_of_league]
[00:40:04.798] ERROR - Jugador 147 [NO ENCONTRADO]
[00:40:04.818] ERROR - Jugador 145 [NO ENCONTRADO]
[00:40:04.894] ERROR - Jugador 149 [NO ENCONTRADO]
[00:40:05.036] INFO - Escribiendo historial market-value del jugador 140 (100 values)
[00:40:05.038] INFO - Jugador 140 almacenado correctamente
[00:40:05.262] ERROR - Jugador 151 [NO ENCONTRADO]
[00:40:05.284] ERROR - Jugador 154 [NO ENCONTRADO]
[00:40:05.336] ERROR - Jugador 152 [NO ENCONTRADO]
[00:40:05.363] ERROR - Jugador 153 [NO ENCONTRADO]
[00:40:05.527] INFO - Escribiendo historial market-value del jugador 150 (100 values)
[00:40:05.528] INFO - Jugador 150 almacenado correctamente
[00:40:05.556] ERROR - Jugador 155 [NO ENCONTRADO]
[00:40:05.640] INFO - Escribiendo historial market-value del jugador 148 (100 values)
[00:40:05.643] INFO - Jugador 148 almacenado correctamente
[00:40:05.675] ERROR - Jugador 156 [NO ENCONTRADO]
[00:40:05.724] ERROR - Jugador 158 [NO ENCONTRADO]
[00:40:05.853] ERROR - Jugador 157 [NO ENCONTRADO]
[00:40:05.949] ERROR - Jugador 160 [NO ENCONTRADO]
[00:40:06.052] ERROR - Jugador 162 [NO ENCONTRADO]
[00:40:06.111] ERROR - Jugador 161 [NO ENCONTRADO]
[00:40:06.129] ERROR - Jugador 164 [NO ENCONTRADO]
[00:40:06.198] ERROR - Jugador 163 [NO ENCONTRADO]
[00:40:06.267] ERROR - Jugador 165 [NO ENCONTRADO]
[00:40:06.379] ERROR - Jugador 166 [out_of_league]
[00:40:06.448] ERROR - Jugador 167 [NO ENCONTRADO]
[00:40:06.522] INFO - Escribiendo historial market-value del jugador 159 (100 values)
[00:40:06.524] INFO - Jugador 159 almacenado correctamente
[00:40:06.530] ERROR - Jugador 168 [NO ENCONTRADO]
[00:40:06.595] ERROR - Jugador 170 [NO ENCONTRADO]
[00:40:06.687] ERROR - Jugador 169 [NO ENCONTRADO]
[00:40:06.776] ERROR - Jugador 172 [NO ENCONTRADO]
[00:40:06.811] ERROR - Jugador 171 [NO ENCONTRADO]
[00:40:06.847] ERROR - Jugador 173 [NO ENCONTRADO]
[00:40:06.934] ERROR - Jugador 174 [NO ENCONTRADO]
[00:40:06.957] ERROR - Jugador 175 [NO ENCONTRADO]
[00:40:06.997] ERROR - Jugador 176 [NO ENCONTRADO]
[00:40:07.205] ERROR - Jugador 178 [NO ENCONTRADO]
[00:40:07.213] ERROR - Jugador 177 [NO ENCONTRADO]
[00:40:07.227] ERROR - Jugador 179 [NO ENCONTRADO]
[00:40:07.350] ERROR - Jugador 182 [NO ENCONTRADO]
[00:40:07.389] ERROR - Jugador 180 [NO ENCONTRADO]
[00:40:07.475] ERROR - Jugador 181 [NO ENCONTRADO]
[00:40:07.559] ERROR - Jugador 183 [NO ENCONTRADO]
[00:40:07.657] ERROR - Jugador 185 [NO ENCONTRADO]
[00:40:07.727] ERROR - Jugador 187 [NO ENCONTRADO]
[00:40:07.801] ERROR - Jugador 186 [NO ENCONTRADO]
[00:40:07.889] ERROR - Jugador 189 [NO ENCONTRADO]
[00:40:07.929] ERROR - Jugador 188 [NO ENCONTRADO]
[00:40:07.956] ERROR - Jugador 190 [NO ENCONTRADO]
[00:40:08.100] ERROR - Jugador 191 [NO ENCONTRADO]
[00:40:08.223] INFO - Escribiendo historial market-value del jugador 184 (100 values)
[00:40:08.227] INFO - Jugador 184 almacenado correctamente
[00:40:08.315] ERROR - Jugador 194 [NO ENCONTRADO]
[00:40:08.359] ERROR - Jugador 195 [NO ENCONTRADO]
[00:40:08.528] ERROR - Jugador 196 [NO ENCONTRADO]
[00:40:08.588] INFO - Escribiendo historial market-value del jugador 192 (100 values)
[00:40:08.590] INFO - Jugador 192 almacenado correctamente
[00:40:08.649] ERROR - Jugador 198 [NO ENCONTRADO]
[00:40:08.673] ERROR - Jugador 197 [out_of_league]
[00:40:08.718] ERROR - Jugador 199 [NO ENCONTRADO]
[00:40:08.759] INFO - Escribiendo historial market-value del jugador 193 (100 values)
[00:40:08.761] INFO - Jugador 193 almacenado correctamente
[00:40:08.982] ERROR - Jugador 202 [NO ENCONTRADO]
[00:40:09.043] ERROR - Jugador 203 [NO ENCONTRADO]
[00:40:09.074] ERROR - Jugador 201 [NO ENCONTRADO]
[00:40:09.185] ERROR - Jugador 206 [NO ENCONTRADO]
[00:40:09.363] ERROR - Jugador 207 [NO ENCONTRADO]
[00:40:09.439] ERROR - Jugador 208 [NO ENCONTRADO]
[00:40:09.474] INFO - Escribiendo historial market-value del jugador 200 (60 values)
[00:40:09.476] INFO - Jugador 200 almacenado correctamente
[00:40:09.511] ERROR - Jugador 205 [NO ENCONTRADO]
[00:40:09.587] ERROR - Jugador 210 [NO ENCONTRADO]
[00:40:09.613] ERROR - Jugador 209 [NO ENCONTRADO]
[00:40:09.646] INFO - Escribiendo historial market-value del jugador 204 (100 values)
[00:40:09.648] INFO - Jugador 204 almacenado correctamente
[00:40:09.763] ERROR - Jugador 211 [NO ENCONTRADO]
[00:40:09.837] ERROR - Jugador 212 [NO ENCONTRADO]
[00:40:09.902] ERROR - Jugador 214 [NO ENCONTRADO]
[00:40:10.025] ERROR - Jugador 213 [NO ENCONTRADO]
[00:40:10.070] ERROR - Jugador 217 [out_of_league]
[00:40:10.182] ERROR - Jugador 216 [NO ENCONTRADO]
[00:40:10.258] ERROR - Jugador 219 [NO ENCONTRADO]
[00:40:10.297] ERROR - Jugador 220 [NO ENCONTRADO]
[00:40:10.298] ERROR - Jugador 218 [NO ENCONTRADO]
[00:40:10.463] ERROR - Jugador 221 [NO ENCONTRADO]
[00:40:10.497] ERROR - Jugador 222 [NO ENCONTRADO]
[00:40:10.587] INFO - Escribiendo historial market-value del jugador 215 (100 values)
[00:40:10.589] ERROR - Jugador 223 [NO ENCONTRADO]
[00:40:10.594] INFO - Jugador 215 almacenado correctamente
[00:40:10.675] ERROR - Jugador 224 [NO ENCONTRADO]
[00:40:10.732] ERROR - Jugador 226 [NO ENCONTRADO]
[00:40:10.872] ERROR - Jugador 225 [NO ENCONTRADO]
[00:40:10.877] ERROR - Jugador 227 [NO ENCONTRADO]
[00:40:11.010] ERROR - Jugador 229 [NO ENCONTRADO]
[00:40:11.058] ERROR - Jugador 228 [NO ENCONTRADO]
[00:40:11.132] ERROR - Jugador 232 [NO ENCONTRADO]
[00:40:11.305] ERROR - Jugador 234 [NO ENCONTRADO]
[00:40:11.313] ERROR - Jugador 233 [NO ENCONTRADO]
[00:40:11.410] ERROR - Jugador 235 [NO ENCONTRADO]
[00:40:11.422] INFO - Escribiendo historial market-value del jugador 230 (100 values)
[00:40:11.426] INFO - Jugador 230 almacenado correctamente
[00:40:11.475] ERROR - Jugador 236 [out_of_league]
[00:40:11.543] INFO - Escribiendo historial market-value del jugador 231 (100 values)
[00:40:11.544] INFO - Jugador 231 almacenado correctamente
[00:40:11.562] ERROR - Jugador 237 [NO ENCONTRADO]
[00:40:11.841] ERROR - Jugador 241 [NO ENCONTRADO]
[00:40:11.861] ERROR - Jugador 242 [NO ENCONTRADO]
[00:40:11.893] ERROR - Jugador 239 [NO ENCONTRADO]
[00:40:11.981] ERROR - Jugador 244 [NO ENCONTRADO]
[00:40:12.395] INFO - Escribiendo historial market-value del jugador 243 (100 values)
[00:40:12.396] INFO - Jugador 243 almacenado correctamente
[00:40:12.428] INFO - Escribiendo historial market-value del jugador 240 (100 values)
[00:40:12.430] INFO - Jugador 240 almacenado correctamente
[00:40:12.456] INFO - Escribiendo historial market-value del jugador 238 (57 values)
[00:40:12.457] INFO - Jugador 238 almacenado correctamente
[00:40:12.465] ERROR - Jugador 246 [out_of_league]
[00:40:12.552] ERROR - Jugador 248 [out_of_league]
[00:40:12.785] ERROR - Jugador 249 [NO ENCONTRADO]
[00:40:12.866] ERROR - Jugador 250 [NO ENCONTRADO]
[00:40:12.886] INFO - Escribiendo historial market-value del jugador 245 (71 values)
[00:40:12.887] INFO - Jugador 245 almacenado correctamente
[00:40:12.917] ERROR - Jugador 252 [NO ENCONTRADO]
[00:40:13.060] INFO - Escribiendo historial market-value del jugador 247 (100 values)
[00:40:13.063] INFO - Jugador 247 almacenado correctamente
[00:40:13.079] ERROR - Jugador 253 [NO ENCONTRADO]
[00:40:13.176] ERROR - Jugador 254 [NO ENCONTRADO]
[00:40:13.307] ERROR - Jugador 256 [NO ENCONTRADO]
[00:40:13.500] ERROR - Jugador 258 [NO ENCONTRADO]
[00:40:13.557] ERROR - Jugador 251 [NO ENCONTRADO]
[00:40:13.703] INFO - Escribiendo historial market-value del jugador 255 (100 values)
[00:40:13.704] INFO - Jugador 255 almacenado correctamente
[00:40:13.763] ERROR - Jugador 261 [NO ENCONTRADO]
[00:40:13.910] INFO - Escribiendo historial market-value del jugador 257 (72 values)
[00:40:13.913] INFO - Jugador 257 almacenado correctamente
[00:40:13.934] ERROR - Jugador 262 [NO ENCONTRADO]
[00:40:13.979] INFO - Escribiendo historial market-value del jugador 259 (100 values)
[00:40:13.981] INFO - Jugador 259 almacenado correctamente
[00:40:14.151] ERROR - Jugador 263 [NO ENCONTRADO]
[00:40:14.160] INFO - Escribiendo historial market-value del jugador 260 (100 values)
[00:40:14.161] INFO - Jugador 260 almacenado correctamente
[00:40:14.324] ERROR - Jugador 266 [NO ENCONTRADO]
[00:40:14.357] ERROR - Jugador 267 [NO ENCONTRADO]
[00:40:14.616] ERROR - Jugador 269 [NO ENCONTRADO]
[00:40:14.710] ERROR - Jugador 271 [out_of_league]
[00:40:14.731] INFO - Escribiendo historial market-value del jugador 264 (100 values)
[00:40:14.733] INFO - Jugador 264 almacenado correctamente
[00:40:14.773] ERROR - Jugador 272 [NO ENCONTRADO]
[00:40:14.777] INFO - Escribiendo historial market-value del jugador 265 (100 values)
[00:40:14.779] INFO - Jugador 265 almacenado correctamente
[00:40:15.032] ERROR - Jugador 273 [NO ENCONTRADO]
[00:40:15.205] ERROR - Jugador 276 [NO ENCONTRADO]
[00:40:15.211] ERROR - Jugador 277 [NO ENCONTRADO]
[00:40:15.233] INFO - Escribiendo historial market-value del jugador 270 (100 values)
[00:40:15.235] INFO - Jugador 270 almacenado correctamente
[00:40:15.594] ERROR - Jugador 279 [NO ENCONTRADO]
[00:40:15.607] ERROR - Jugador 278 [NO ENCONTRADO]
[00:40:15.630] ERROR - Jugador 280 [NO ENCONTRADO]
[00:40:15.686] INFO - Escribiendo historial market-value del jugador 275 (100 values)
[00:40:15.688] INFO - Jugador 275 almacenado correctamente
[00:40:15.696] INFO - Escribiendo historial market-value del jugador 268 (67 values)
[00:40:15.698] INFO - Jugador 268 almacenado correctamente
[00:40:15.702] ERROR - Jugador 281 [NO ENCONTRADO]
[00:40:15.816] INFO - Escribiendo historial market-value del jugador 274 (100 values)
[00:40:15.818] INFO - Jugador 274 almacenado correctamente
[00:40:15.998] ERROR - Jugador 282 [NO ENCONTRADO]
[00:40:16.009] ERROR - Jugador 283 [NO ENCONTRADO]
[00:40:16.116] ERROR - Jugador 285 [NO ENCONTRADO]
[00:40:16.140] ERROR - Jugador 286 [NO ENCONTRADO]
[00:40:16.246] ERROR - Jugador 288 [NO ENCONTRADO]
[00:40:16.264] ERROR - Jugador 287 [NO ENCONTRADO]
[00:40:16.420] ERROR - Jugador 289 [NO ENCONTRADO]
[00:40:16.509] ERROR - Jugador 291 [NO ENCONTRADO]
[00:40:16.532] ERROR - Jugador 292 [NO ENCONTRADO]
[00:40:16.660] ERROR - Jugador 293 [NO ENCONTRADO]
[00:40:16.724] INFO - Escribiendo historial market-value del jugador 284 (90 values)
[00:40:16.726] INFO - Jugador 284 almacenado correctamente
[00:40:16.829] ERROR - Jugador 295 [NO ENCONTRADO]
[00:40:16.965] ERROR - Jugador 297 [NO ENCONTRADO]
[00:40:17.084] ERROR - Jugador 290 [NO ENCONTRADO]
[00:40:17.258] INFO - Escribiendo historial market-value del jugador 294 (45 values)
[00:40:17.259] INFO - Jugador 294 almacenado correctamente
[00:40:17.289] ERROR - Jugador 299 [NO ENCONTRADO]
[00:40:17.376] ERROR - Jugador 301 [out_of_league]
[00:40:17.499] INFO - Escribiendo historial market-value del jugador 296 (100 values)
[00:40:17.500] INFO - Jugador 296 almacenado correctamente
[00:40:17.665] INFO - Escribiendo historial market-value del jugador 298 (100 values)
[00:40:17.666] INFO - Jugador 298 almacenado correctamente
[00:40:17.714] ERROR - Jugador 304 [NO ENCONTRADO]
[00:40:17.818] INFO - Escribiendo historial market-value del jugador 300 (100 values)
[00:40:17.819] INFO - Jugador 300 almacenado correctamente
[00:40:17.909] ERROR - Jugador 306 [out_of_league]
[00:40:17.920] ERROR - Jugador 305 [NO ENCONTRADO]
[00:40:18.016] ERROR - Jugador 303 [NO ENCONTRADO]
[00:40:18.086] ERROR - Jugador 307 [out_of_league]
[00:40:18.137] INFO - Escribiendo historial market-value del jugador 302 (100 values)
[00:40:18.138] INFO - Jugador 302 almacenado correctamente
[00:40:18.140] ERROR - Jugador 308 [NO ENCONTRADO]
[00:40:18.207] ERROR - Jugador 309 [NO ENCONTRADO]
[00:40:18.415] ERROR - Jugador 312 [NO ENCONTRADO]
[00:40:18.423] ERROR - Jugador 311 [NO ENCONTRADO]
[00:40:18.561] ERROR - Jugador 315 [NO ENCONTRADO]
[00:40:18.568] ERROR - Jugador 314 [NO ENCONTRADO]
[00:40:18.642] ERROR - Jugador 316 [NO ENCONTRADO]
[00:40:18.647] ERROR - Jugador 313 [NO ENCONTRADO]
[00:40:18.889] ERROR - Jugador 318 [NO ENCONTRADO]
[00:40:18.955] INFO - Escribiendo historial market-value del jugador 310 (100 values)
[00:40:18.957] INFO - Jugador 310 almacenado correctamente
[00:40:18.965] ERROR - Jugador 319 [NO ENCONTRADO]
[00:40:19.004] ERROR - Jugador 320 [NO ENCONTRADO]
[00:40:19.079] ERROR - Jugador 321 [NO ENCONTRADO]
[00:40:19.219] ERROR - Jugador 322 [NO ENCONTRADO]
[00:40:19.389] ERROR - Jugador 324 [NO ENCONTRADO]
[00:40:19.413] ERROR - Jugador 325 [NO ENCONTRADO]
[00:40:19.425] ERROR - Jugador 323 [NO ENCONTRADO]
[00:40:19.485] ERROR - Jugador 327 [NO ENCONTRADO]
[00:40:19.535] ERROR - Jugador 326 [NO ENCONTRADO]
[00:40:19.639] ERROR - Jugador 328 [NO ENCONTRADO]
[00:40:19.804] ERROR - Jugador 329 [NO ENCONTRADO]
[00:40:19.849] ERROR - Jugador 331 [NO ENCONTRADO]
[00:40:19.864] ERROR - Jugador 330 [NO ENCONTRADO]
[00:40:20.024] ERROR - Jugador 332 [NO ENCONTRADO]
[00:40:20.057] ERROR - Jugador 334 [NO ENCONTRADO]
[00:40:20.068] ERROR - Jugador 333 [NO ENCONTRADO]
[00:40:20.336] ERROR - Jugador 337 [NO ENCONTRADO]
[00:40:20.337] ERROR - Jugador 335 [NO ENCONTRADO]
[00:40:20.372] ERROR - Jugador 336 [NO ENCONTRADO]
[00:40:20.494] ERROR - Jugador 340 [NO ENCONTRADO]
[00:40:20.575] ERROR - Jugador 338 [NO ENCONTRADO]
[00:40:20.687] ERROR - Jugador 339 [NO ENCONTRADO]
[00:40:20.780] ERROR - Jugador 341 [out_of_league]
[00:40:20.825] ERROR - Jugador 317 [NO ENCONTRADO]
[00:40:20.891] ERROR - Jugador 342 [NO ENCONTRADO]
[00:40:20.917] ERROR - Jugador 343 [NO ENCONTRADO]
[00:40:20.976] ERROR - Jugador 345 [NO ENCONTRADO]
[00:40:21.107] ERROR - Jugador 346 [NO ENCONTRADO]
[00:40:21.193] ERROR - Jugador 347 [NO ENCONTRADO]
[00:40:21.359] ERROR - Jugador 349 [NO ENCONTRADO]
[00:40:21.364] ERROR - Jugador 350 [NO ENCONTRADO]
[00:40:21.383] ERROR - Jugador 351 [NO ENCONTRADO]
[00:40:21.386] ERROR - Jugador 348 [out_of_league]
[00:40:21.492] INFO - Escribiendo historial market-value del jugador 344 (100 values)
[00:40:21.493] INFO - Jugador 344 almacenado correctamente
[00:40:21.539] ERROR - Jugador 352 [NO ENCONTRADO]
[00:40:21.775] ERROR - Jugador 353 [NO ENCONTRADO]
[00:40:21.779] ERROR - Jugador 354 [NO ENCONTRADO]
[00:40:21.843] ERROR - Jugador 355 [NO ENCONTRADO]
[00:40:21.908] ERROR - Jugador 358 [NO ENCONTRADO]
[00:40:21.923] ERROR - Jugador 359 [NO ENCONTRADO]
[00:40:21.990] ERROR - Jugador 357 [NO ENCONTRADO]
[00:40:22.194] ERROR - Jugador 361 [NO ENCONTRADO]
[00:40:22.250] ERROR - Jugador 362 [NO ENCONTRADO]
[00:40:22.319] ERROR - Jugador 363 [NO ENCONTRADO]
[00:40:22.324] ERROR - Jugador 364 [NO ENCONTRADO]
[00:40:22.452] ERROR - Jugador 365 [out_of_league]
[00:40:22.629] ERROR - Jugador 366 [NO ENCONTRADO]
[00:40:22.659] INFO - Escribiendo historial market-value del jugador 356 (100 values)
[00:40:22.660] INFO - Jugador 356 almacenado correctamente
[00:40:22.734] ERROR - Jugador 367 [NO ENCONTRADO]
[00:40:22.740] INFO - Escribiendo historial market-value del jugador 360 (100 values)
[00:40:22.742] INFO - Jugador 360 almacenado correctamente
[00:40:22.745] ERROR - Jugador 369 [NO ENCONTRADO]
[00:40:22.876] ERROR - Jugador 370 [NO ENCONTRADO]
[00:40:22.881] ERROR - Jugador 368 [NO ENCONTRADO]
[00:40:23.045] ERROR - Jugador 371 [NO ENCONTRADO]
[00:40:23.062] ERROR - Jugador 372 [NO ENCONTRADO]
[00:40:23.158] ERROR - Jugador 373 [NO ENCONTRADO]
[00:40:23.183] ERROR - Jugador 375 [NO ENCONTRADO]
[00:40:23.188] ERROR - Jugador 374 [NO ENCONTRADO]
[00:40:23.327] ERROR - Jugador 376 [NO ENCONTRADO]
[00:40:23.442] ERROR - Jugador 378 [NO ENCONTRADO]
[00:40:23.462] ERROR - Jugador 377 [NO ENCONTRADO]
[00:40:23.486] ERROR - Jugador 379 [NO ENCONTRADO]
[00:40:23.567] ERROR - Jugador 380 [NO ENCONTRADO]
[00:40:23.711] ERROR - Jugador 382 [NO ENCONTRADO]
[00:40:23.744] ERROR - Jugador 383 [NO ENCONTRADO]
[00:40:23.863] ERROR - Jugador 385 [NO ENCONTRADO]
[00:40:23.961] ERROR - Jugador 387 [NO ENCONTRADO]
[00:40:23.971] ERROR - Jugador 384 [NO ENCONTRADO]
[00:40:24.023] ERROR - Jugador 386 [NO ENCONTRADO]
[00:40:24.232] ERROR - Jugador 388 [NO ENCONTRADO]
[00:40:24.256] ERROR - Jugador 390 [NO ENCONTRADO]
[00:40:24.274] ERROR - Jugador 389 [NO ENCONTRADO]
[00:40:24.387] ERROR - Jugador 391 [NO ENCONTRADO]
[00:40:24.411] ERROR - Jugador 393 [NO ENCONTRADO]
[00:40:24.535] ERROR - Jugador 392 [NO ENCONTRADO]
[00:40:24.641] ERROR - Jugador 394 [NO ENCONTRADO]
[00:40:24.667] ERROR - Jugador 395 [NO ENCONTRADO]
[00:40:24.680] ERROR - Jugador 396 [NO ENCONTRADO]
[00:40:24.829] ERROR - Jugador 398 [NO ENCONTRADO]
[00:40:24.875] ERROR - Jugador 397 [NO ENCONTRADO]
[00:40:24.926] ERROR - Jugador 399 [NO ENCONTRADO]
[00:40:25.042] ERROR - Jugador 400 [NO ENCONTRADO]
[00:40:25.098] ERROR - Jugador 401 [NO ENCONTRADO]
[00:40:25.101] ERROR - Jugador 402 [NO ENCONTRADO]
[00:40:25.241] ERROR - Jugador 403 [NO ENCONTRADO]
[00:40:25.296] ERROR - Jugador 404 [NO ENCONTRADO]
[00:40:25.343] ERROR - Jugador 405 [NO ENCONTRADO]
[00:40:25.546] ERROR - Jugador 408 [NO ENCONTRADO]
[00:40:25.553] ERROR - Jugador 407 [NO ENCONTRADO]
[00:40:25.593] ERROR - Jugador 406 [NO ENCONTRADO]
[00:40:25.633] ERROR - Jugador 409 [NO ENCONTRADO]
[00:40:25.748] ERROR - Jugador 411 [NO ENCONTRADO]
[00:40:25.817] ERROR - Jugador 410 [NO ENCONTRADO]
[00:40:25.979] ERROR - Jugador 412 [NO ENCONTRADO]
[00:40:26.018] ERROR - Jugador 413 [NO ENCONTRADO]
[00:40:26.021] ERROR - Jugador 414 [NO ENCONTRADO]
[00:40:26.063] ERROR - Jugador 415 [out_of_league]
[00:40:26.199] ERROR - Jugador 416 [NO ENCONTRADO]
[00:40:26.239] ERROR - Jugador 417 [NO ENCONTRADO]
[00:40:26.374] ERROR - Jugador 418 [NO ENCONTRADO]
[00:40:26.488] ERROR - Jugador 421 [NO ENCONTRADO]
[00:40:26.503] ERROR - Jugador 420 [NO ENCONTRADO]
[00:40:26.606] ERROR - Jugador 422 [NO ENCONTRADO]
[00:40:26.615] ERROR - Jugador 419 [NO ENCONTRADO]
[00:40:26.655] ERROR - Jugador 423 [NO ENCONTRADO]
[00:40:26.782] ERROR - Jugador 424 [NO ENCONTRADO]
[00:40:26.805] WARNING - requests.exceptions.ReadTimeout (Tiempo de espera agotado para request 53)
Traceback (most recent call last):
  File "/opt/hostedtoolcache/Python/3.9.20/x64/lib/python3.9/site-packages/urllib3/connectionpool.py", line 468, in _make_request
    six.raise_from(e, None)
  File "<string>", line 3, in raise_from
  File "/opt/hostedtoolcache/Python/3.9.20/x64/lib/python3.9/site-packages/urllib3/connectionpool.py", line 463, in _make_request
    httplib_response = conn.getresponse()
  File "/opt/hostedtoolcache/Python/3.9.20/x64/lib/python3.9/http/client.py", line 1377, in getresponse
    response.begin()
  File "/opt/hostedtoolcache/Python/3.9.20/x64/lib/python3.9/http/client.py", line 320, in begin
    version, status, reason = self._read_status()
  File "/opt/hostedtoolcache/Python/3.9.20/x64/lib/python3.9/http/client.py", line 281, in _read_status
    line = str(self.fp.readline(_MAXLINE + 1), "iso-8859-1")
  File "/opt/hostedtoolcache/Python/3.9.20/x64/lib/python3.9/socket.py", line 716, in readinto
    return self._sock.recv_into(b)
  File "/opt/hostedtoolcache/Python/3.9.20/x64/lib/python3.9/ssl.py", line 1275, in recv_into
    return self.read(nbytes, buffer)
  File "/opt/hostedtoolcache/Python/3.9.20/x64/lib/python3.9/ssl.py", line 1133, in read
    return self._sslobj.read(len, buffer)
socket.timeout: The read operation timed out

During handling of the above exception, another exception occurred:

Traceback (most recent call last):
  File "/opt/hostedtoolcache/Python/3.9.20/x64/lib/python3.9/site-packages/requests/adapters.py", line 489, in send
    resp = conn.urlopen(
  File "/opt/hostedtoolcache/Python/3.9.20/x64/lib/python3.9/site-packages/urllib3/connectionpool.py", line 802, in urlopen
    retries = retries.increment(
  File "/opt/hostedtoolcache/Python/3.9.20/x64/lib/python3.9/site-packages/urllib3/util/retry.py", line 552, in increment
    raise six.reraise(type(error), error, _stacktrace)
  File "/opt/hostedtoolcache/Python/3.9.20/x64/lib/python3.9/site-packages/urllib3/packages/six.py", line 770, in reraise
    raise value
  File "/opt/hostedtoolcache/Python/3.9.20/x64/lib/python3.9/site-packages/urllib3/connectionpool.py", line 716, in urlopen
    httplib_response = self._make_request(
  File "/opt/hostedtoolcache/Python/3.9.20/x64/lib/python3.9/site-packages/urllib3/connectionpool.py", line 470, in _make_request
    self._raise_timeout(err=e, url=url, timeout_value=read_timeout)
  File "/opt/hostedtoolcache/Python/3.9.20/x64/lib/python3.9/site-packages/urllib3/connectionpool.py", line 358, in _raise_timeout
    raise ReadTimeoutError(
urllib3.exceptions.ReadTimeoutError: HTTPSConnectionPool(host='api-fantasy.llt-services.com', port=443): Read timed out. (read timeout=30)

During handling of the above exception, another exception occurred:

Traceback (most recent call last):
  File "<string>", line 165, in multithread_scrape_player_aux
  File "/opt/hostedtoolcache/Python/3.9.20/x64/lib/python3.9/site-packages/requests/api.py", line 73, in get
    return request("get", url, params=params, **kwargs)
  File "/opt/hostedtoolcache/Python/3.9.20/x64/lib/python3.9/site-packages/requests/api.py", line 59, in request
    return session.request(method=method, url=url, **kwargs)
  File "/opt/hostedtoolcache/Python/3.9.20/x64/lib/python3.9/site-packages/requests/sessions.py", line 587, in request
    resp = self.send(prep, **send_kwargs)
  File "/opt/hostedtoolcache/Python/3.9.20/x64/lib/python3.9/site-packages/requests/sessions.py", line 723, in send
    history = [resp for resp in gen]
  File "/opt/hostedtoolcache/Python/3.9.20/x64/lib/python3.9/site-packages/requests/sessions.py", line 723, in <listcomp>
    history = [resp for resp in gen]
  File "/opt/hostedtoolcache/Python/3.9.20/x64/lib/python3.9/site-packages/requests/sessions.py", line 266, in resolve_redirects
    resp = self.send(
  File "/opt/hostedtoolcache/Python/3.9.20/x64/lib/python3.9/site-packages/requests/sessions.py", line 701, in send
    r = adapter.send(request, **kwargs)
  File "/opt/hostedtoolcache/Python/3.9.20/x64/lib/python3.9/site-packages/requests/adapters.py", line 578, in send
    raise ReadTimeout(e, request=request)
requests.exceptions.ReadTimeout: HTTPSConnectionPool(host='api-fantasy.llt-services.com', port=443): Read timed out. (read timeout=30)
[00:40:26.906] ERROR - Jugador 425 [NO ENCONTRADO]
[00:40:26.907] ERROR - Jugador 426 [NO ENCONTRADO]
[00:40:27.029] ERROR - Jugador 427 [NO ENCONTRADO]
[00:40:27.036] ERROR - Jugador 428 [NO ENCONTRADO]
[00:40:27.061] ERROR - Jugador 429 [NO ENCONTRADO]
[00:40:27.315] ERROR - Jugador 432 [NO ENCONTRADO]
[00:40:27.332] ERROR - Jugador 430 [NO ENCONTRADO]
[00:40:27.449] ERROR - Jugador 431 [NO ENCONTRADO]
[00:40:30.408] ERROR - Jugador 381 [NO ENCONTRADO]
[00:40:30.410] CRITICAL - Expecting value: line 1 column 1 (char 0)
Traceback (most recent call last):
  File "/opt/hostedtoolcache/Python/3.9.20/x64/lib/python3.9/site-packages/requests/models.py", line 971, in json
    return complexjson.loads(self.text, **kwargs)
  File "/opt/hostedtoolcache/Python/3.9.20/x64/lib/python3.9/json/__init__.py", line 346, in loads
    return _default_decoder.decode(s)
  File "/opt/hostedtoolcache/Python/3.9.20/x64/lib/python3.9/json/decoder.py", line 337, in decode
    obj, end = self.raw_decode(s, idx=_w(s, 0).end())
  File "/opt/hostedtoolcache/Python/3.9.20/x64/lib/python3.9/json/decoder.py", line 355, in raw_decode
    raise JSONDecodeError("Expecting value", s, err.value) from None
json.decoder.JSONDecodeError: Expecting value: line 1 column 1 (char 0)

During handling of the above exception, another exception occurred:

Traceback (most recent call last):
  File "<string>", line 215, in main
  File "/opt/hostedtoolcache/Python/3.9.20/x64/lib/python3.9/concurrent/futures/_base.py", line 609, in result_iterator
    yield fs.pop().result()
  File "/opt/hostedtoolcache/Python/3.9.20/x64/lib/python3.9/concurrent/futures/_base.py", line 439, in result
    return self.__get_result()
  File "/opt/hostedtoolcache/Python/3.9.20/x64/lib/python3.9/concurrent/futures/_base.py", line 391, in __get_result
    raise self._exception
  File "/opt/hostedtoolcache/Python/3.9.20/x64/lib/python3.9/concurrent/futures/thread.py", line 58, in run
    result = self.fn(*self.args, **self.kwargs)
  File "<string>", line 173, in multithread_scrape_player_aux
  File "/opt/hostedtoolcache/Python/3.9.20/x64/lib/python3.9/site-packages/requests/models.py", line 975, in json
    raise RequestsJSONDecodeError(e.msg, e.doc, e.pos)
requests.exceptions.JSONDecodeError: Expecting value: line 1 column 1 (char 0)
