[00:29:34.358] INFO - Eliminando anteriores archivos (data/, players/)
[00:29:34.377] INFO - API endpoint https://api.laligafantasymarca.com/api/v3/player
[00:29:34.377] INFO - API endpoint market-values https://api.laligafantasymarca.com/api/v3/player/ID_JUGADOR/market-value
[00:29:34.807] ERROR - Jugador 52 [NO ENCONTRADO]
[00:29:34.810] ERROR - Jugador 54 [NO ENCONTRADO]
[00:29:34.851] ERROR - Jugador 57 [NO ENCONTRADO]
[00:29:35.130] ERROR - Jugador 60 [NO ENCONTRADO]
[00:29:35.149] ERROR - Jugador 61 [out_of_league]
[00:29:35.208] INFO - Escribiendo historial market-value del jugador 55 (253 values)
[00:29:35.213] INFO - Jugador 55 almacenado correctamente
[00:29:35.249] INFO - Escribiendo historial market-value del jugador 59 (253 values)
[00:29:35.252] INFO - Jugador 59 almacenado correctamente
[00:29:35.259] INFO - Escribiendo historial market-value del jugador 56 (253 values)
[00:29:35.278] INFO - Escribiendo historial market-value del jugador 53 (253 values)
[00:29:35.282] INFO - Escribiendo historial market-value del jugador 58 (253 values)
[00:29:35.288] INFO - Jugador 56 almacenado correctamente
[00:29:35.295] INFO - Jugador 53 almacenado correctamente
[00:29:35.299] INFO - Jugador 58 almacenado correctamente
[00:29:35.480] ERROR - Jugador 63 [NO ENCONTRADO]
[00:29:35.483] ERROR - Jugador 64 [NO ENCONTRADO]
[00:29:35.585] ERROR - Jugador 66 [NO ENCONTRADO]
[00:29:35.612] INFO - Escribiendo historial market-value del jugador 62 (253 values)
[00:29:35.615] INFO - Jugador 62 almacenado correctamente
[00:29:35.644] ERROR - Jugador 69 [NO ENCONTRADO]
[00:29:35.801] ERROR - Jugador 70 [NO ENCONTRADO]
[00:29:35.817] ERROR - Jugador 71 [out_of_league]
[00:29:35.981] INFO - Escribiendo historial market-value del jugador 65 (253 values)
[00:29:35.984] INFO - Jugador 65 almacenado correctamente
[00:29:36.067] INFO - Escribiendo historial market-value del jugador 67 (253 values)
[00:29:36.070] INFO - Jugador 67 almacenado correctamente
[00:29:36.080] INFO - Escribiendo historial market-value del jugador 68 (253 values)
[00:29:36.083] INFO - Jugador 68 almacenado correctamente
[00:29:36.135] ERROR - Jugador 76 [NO ENCONTRADO]
[00:29:36.328] INFO - Escribiendo historial market-value del jugador 72 (246 values)
[00:29:36.331] INFO - Jugador 72 almacenado correctamente
[00:29:36.374] INFO - Escribiendo historial market-value del jugador 74 (253 values)
[00:29:36.378] INFO - Jugador 74 almacenado correctamente
[00:29:36.418] INFO - Escribiendo historial market-value del jugador 73 (246 values)
[00:29:36.422] INFO - Jugador 73 almacenado correctamente
[00:29:36.430] ERROR - Jugador 79 [out_of_league]
[00:29:36.527] INFO - Escribiendo historial market-value del jugador 75 (201 values)
[00:29:36.529] INFO - Jugador 75 almacenado correctamente
[00:29:36.699] INFO - Escribiendo historial market-value del jugador 77 (253 values)
[00:29:36.701] INFO - Jugador 77 almacenado correctamente
[00:29:36.749] ERROR - Jugador 83 [NO ENCONTRADO]
[00:29:36.773] ERROR - Jugador 84 [out_of_league]
[00:29:36.845] INFO - Escribiendo historial market-value del jugador 78 (225 values)
[00:29:36.851] INFO - Jugador 78 almacenado correctamente
[00:29:36.858] INFO - Escribiendo historial market-value del jugador 80 (253 values)
[00:29:36.863] INFO - Jugador 80 almacenado correctamente
[00:29:36.879] ERROR - Jugador 85 [NO ENCONTRADO]
[00:29:37.081] ERROR - Jugador 87 [NO ENCONTRADO]
[00:29:37.109] INFO - Escribiendo historial market-value del jugador 81 (253 values)
[00:29:37.111] ERROR - Jugador 88 [NO ENCONTRADO]
[00:29:37.116] INFO - Jugador 81 almacenado correctamente
[00:29:37.135] INFO - Escribiendo historial market-value del jugador 82 (253 values)
[00:29:37.139] INFO - Jugador 82 almacenado correctamente
[00:29:37.173] ERROR - Jugador 89 [NO ENCONTRADO]
[00:29:37.460] INFO - Escribiendo historial market-value del jugador 86 (246 values)
[00:29:37.464] INFO - Jugador 86 almacenado correctamente
[00:29:37.486] ERROR - Jugador 95 [out_of_league]
[00:29:37.491] ERROR - Jugador 96 [NO ENCONTRADO]
[00:29:37.494] ERROR - Jugador 94 [out_of_league]
[00:29:37.630] INFO - Escribiendo historial market-value del jugador 90 (246 values)
[00:29:37.632] INFO - Escribiendo historial market-value del jugador 91 (253 values)
[00:29:37.643] INFO - Jugador 91 almacenado correctamente
[00:29:37.649] INFO - Jugador 90 almacenado correctamente
[00:29:37.846] ERROR - Jugador 100 [NO ENCONTRADO]
[00:29:37.866] ERROR - Jugador 98 [out_of_league]
[00:29:37.872] INFO - Escribiendo historial market-value del jugador 92 (253 values)
[00:29:37.876] INFO - Escribiendo historial market-value del jugador 93 (253 values)
[00:29:37.876] ERROR - Jugador 99 [out_of_league]
[00:29:37.878] INFO - Jugador 92 almacenado correctamente
[00:29:37.885] INFO - Jugador 93 almacenado correctamente
[00:29:37.982] ERROR - Jugador 101 [NO ENCONTRADO]
[00:29:38.051] ERROR - Jugador 102 [out_of_league]
[00:29:38.166] ERROR - Jugador 103 [NO ENCONTRADO]
[00:29:38.225] INFO - Escribiendo historial market-value del jugador 97 (223 values)
[00:29:38.228] INFO - Jugador 97 almacenado correctamente
[00:29:38.240] ERROR - Jugador 105 [NO ENCONTRADO]
[00:29:38.243] ERROR - Jugador 106 [NO ENCONTRADO]
[00:29:38.255] ERROR - Jugador 104 [NO ENCONTRADO]
[00:29:38.265] ERROR - Jugador 107 [out_of_league]
[00:29:38.300] ERROR - Jugador 108 [NO ENCONTRADO]
[00:29:38.376] ERROR - Jugador 109 [out_of_league]
[00:29:38.474] ERROR - Jugador 110 [NO ENCONTRADO]
[00:29:38.577] ERROR - Jugador 111 [out_of_league]
[00:29:38.586] ERROR - Jugador 113 [NO ENCONTRADO]
[00:29:38.602] ERROR - Jugador 112 [out_of_league]
[00:29:38.620] ERROR - Jugador 114 [out_of_league]
[00:29:38.633] ERROR - Jugador 116 [NO ENCONTRADO]
[00:29:38.637] ERROR - Jugador 115 [out_of_league]
[00:29:38.688] ERROR - Jugador 117 [NO ENCONTRADO]
[00:29:38.916] ERROR - Jugador 120 [NO ENCONTRADO]
[00:29:38.919] ERROR - Jugador 119 [out_of_league]
[00:29:38.977] ERROR - Jugador 123 [NO ENCONTRADO]
[00:29:38.982] ERROR - Jugador 122 [out_of_league]
[00:29:39.013] ERROR - Jugador 125 [out_of_league]
[00:29:39.038] ERROR - Jugador 124 [out_of_league]
[00:29:39.209] INFO - Escribiendo historial market-value del jugador 118 (253 values)
[00:29:39.213] INFO - Jugador 118 almacenado correctamente
[00:29:39.248] ERROR - Jugador 126 [NO ENCONTRADO]
[00:29:39.315] ERROR - Jugador 128 [out_of_league]
[00:29:39.328] ERROR - Jugador 129 [NO ENCONTRADO]
[00:29:39.342] ERROR - Jugador 130 [NO ENCONTRADO]
[00:29:39.346] INFO - Escribiendo historial market-value del jugador 121 (205 values)
[00:29:39.348] INFO - Jugador 121 almacenado correctamente
[00:29:39.388] ERROR - Jugador 131 [out_of_league]
[00:29:39.547] ERROR - Jugador 132 [out_of_league]
[00:29:39.582] ERROR - Jugador 133 [out_of_league]
[00:29:39.655] ERROR - Jugador 134 [NO ENCONTRADO]
[00:29:39.675] INFO - Escribiendo historial market-value del jugador 127 (253 values)
[00:29:39.679] INFO - Jugador 127 almacenado correctamente
[00:29:39.697] ERROR - Jugador 137 [NO ENCONTRADO]
[00:29:39.742] ERROR - Jugador 138 [out_of_league]
[00:29:39.745] ERROR - Jugador 136 [out_of_league]
[00:29:39.857] ERROR - Jugador 139 [NO ENCONTRADO]
[00:29:39.965] ERROR - Jugador 141 [NO ENCONTRADO]
[00:29:39.996] ERROR - Jugador 142 [NO ENCONTRADO]
[00:29:40.046] INFO - Escribiendo historial market-value del jugador 135 (83 values)
[00:29:40.046] ERROR - Jugador 143 [out_of_league]
[00:29:40.050] INFO - Jugador 135 almacenado correctamente
[00:29:40.080] ERROR - Jugador 145 [NO ENCONTRADO]
[00:29:40.085] ERROR - Jugador 144 [NO ENCONTRADO]
[00:29:40.286] ERROR - Jugador 147 [out_of_league]
[00:29:40.335] INFO - Escribiendo historial market-value del jugador 140 (253 values)
[00:29:40.339] INFO - Jugador 140 almacenado correctamente
[00:29:40.367] ERROR - Jugador 149 [NO ENCONTRADO]
[00:29:40.406] ERROR - Jugador 151 [NO ENCONTRADO]
[00:29:40.409] ERROR - Jugador 152 [NO ENCONTRADO]
[00:29:40.593] INFO - Escribiendo historial market-value del jugador 146 (232 values)
[00:29:40.596] INFO - Jugador 146 almacenado correctamente
[00:29:40.600] ERROR - Jugador 153 [NO ENCONTRADO]
[00:29:40.647] ERROR - Jugador 154 [NO ENCONTRADO]
[00:29:40.673] ERROR - Jugador 155 [NO ENCONTRADO]
[00:29:40.733] ERROR - Jugador 157 [NO ENCONTRADO]
[00:29:40.747] ERROR - Jugador 156 [NO ENCONTRADO]
[00:29:40.764] INFO - Escribiendo historial market-value del jugador 148 (253 values)
[00:29:40.768] INFO - Jugador 148 almacenado correctamente
[00:29:40.798] INFO - Escribiendo historial market-value del jugador 150 (253 values)
[00:29:40.802] INFO - Jugador 150 almacenado correctamente
[00:29:40.945] ERROR - Jugador 158 [NO ENCONTRADO]
[00:29:40.981] ERROR - Jugador 161 [NO ENCONTRADO]
[00:29:41.048] ERROR - Jugador 162 [NO ENCONTRADO]
[00:29:41.074] ERROR - Jugador 163 [NO ENCONTRADO]
[00:29:41.093] ERROR - Jugador 164 [NO ENCONTRADO]
[00:29:41.124] ERROR - Jugador 165 [NO ENCONTRADO]
[00:29:41.293] ERROR - Jugador 167 [NO ENCONTRADO]
[00:29:41.332] INFO - Escribiendo historial market-value del jugador 159 (253 values)
[00:29:41.335] INFO - Jugador 159 almacenado correctamente
[00:29:41.375] ERROR - Jugador 168 [NO ENCONTRADO]
[00:29:41.405] ERROR - Jugador 169 [NO ENCONTRADO]
[00:29:41.410] INFO - Escribiendo historial market-value del jugador 160 (199 values)
[00:29:41.414] INFO - Jugador 160 almacenado correctamente
[00:29:41.432] ERROR - Jugador 170 [NO ENCONTRADO]
[00:29:41.448] ERROR - Jugador 171 [NO ENCONTRADO]
[00:29:41.601] ERROR - Jugador 172 [NO ENCONTRADO]
[00:29:41.655] ERROR - Jugador 173 [NO ENCONTRADO]
[00:29:41.673] INFO - Escribiendo historial market-value del jugador 166 (253 values)
[00:29:41.677] INFO - Jugador 166 almacenado correctamente
[00:29:41.687] ERROR - Jugador 174 [NO ENCONTRADO]
[00:29:41.732] ERROR - Jugador 176 [NO ENCONTRADO]
[00:29:41.738] ERROR - Jugador 175 [NO ENCONTRADO]
[00:29:41.755] ERROR - Jugador 177 [NO ENCONTRADO]
[00:29:41.767] ERROR - Jugador 178 [NO ENCONTRADO]
[00:29:41.966] ERROR - Jugador 180 [NO ENCONTRADO]
[00:29:41.990] ERROR - Jugador 179 [out_of_league]
[00:29:42.009] ERROR - Jugador 182 [NO ENCONTRADO]
[00:29:42.013] ERROR - Jugador 181 [NO ENCONTRADO]
[00:29:42.053] ERROR - Jugador 183 [NO ENCONTRADO]
[00:29:42.091] ERROR - Jugador 186 [NO ENCONTRADO]
[00:29:42.092] ERROR - Jugador 185 [NO ENCONTRADO]
[00:29:42.323] ERROR - Jugador 188 [NO ENCONTRADO]
[00:29:42.338] ERROR - Jugador 189 [NO ENCONTRADO]
[00:29:42.350] ERROR - Jugador 187 [out_of_league]
[00:29:42.355] ERROR - Jugador 190 [out_of_league]
[00:29:42.362] ERROR - Jugador 191 [NO ENCONTRADO]
[00:29:42.494] INFO - Escribiendo historial market-value del jugador 184 (253 values)
[00:29:42.500] INFO - Jugador 184 almacenado correctamente
[00:29:42.644] ERROR - Jugador 194 [NO ENCONTRADO]
[00:29:42.686] ERROR - Jugador 195 [NO ENCONTRADO]
[00:29:42.707] ERROR - Jugador 196 [NO ENCONTRADO]
[00:29:42.710] ERROR - Jugador 198 [NO ENCONTRADO]
[00:29:42.783] INFO - Escribiendo historial market-value del jugador 193 (206 values)
[00:29:42.785] INFO - Jugador 193 almacenado correctamente
[00:29:42.824] ERROR - Jugador 199 [NO ENCONTRADO]
[00:29:42.847] INFO - Escribiendo historial market-value del jugador 192 (253 values)
[00:29:42.851] INFO - Jugador 192 almacenado correctamente
[00:29:43.027] ERROR - Jugador 201 [out_of_league]
[00:29:43.040] ERROR - Jugador 202 [NO ENCONTRADO]
[00:29:43.043] ERROR - Jugador 203 [NO ENCONTRADO]
[00:29:43.152] INFO - Escribiendo historial market-value del jugador 197 (253 values)
[00:29:43.158] INFO - Jugador 197 almacenado correctamente
[00:29:43.161] ERROR - Jugador 205 [NO ENCONTRADO]
[00:29:43.167] ERROR - Jugador 206 [NO ENCONTRADO]
[00:29:43.368] ERROR - Jugador 207 [out_of_league]
[00:29:43.386] ERROR - Jugador 208 [NO ENCONTRADO]
[00:29:43.388] ERROR - Jugador 209 [NO ENCONTRADO]
[00:29:43.404] INFO - Escribiendo historial market-value del jugador 200 (253 values)
[00:29:43.408] INFO - Jugador 200 almacenado correctamente
[00:29:43.494] ERROR - Jugador 210 [NO ENCONTRADO]
[00:29:43.525] ERROR - Jugador 211 [out_of_league]
[00:29:43.536] INFO - Escribiendo historial market-value del jugador 204 (253 values)
[00:29:43.542] INFO - Jugador 204 almacenado correctamente
[00:29:43.549] ERROR - Jugador 212 [out_of_league]
[00:29:43.695] ERROR - Jugador 213 [out_of_league]
[00:29:43.725] ERROR - Jugador 214 [NO ENCONTRADO]
[00:29:43.748] ERROR - Jugador 216 [out_of_league]
[00:29:43.860] ERROR - Jugador 218 [out_of_league]
[00:29:43.864] ERROR - Jugador 219 [NO ENCONTRADO]
[00:29:43.874] ERROR - Jugador 220 [NO ENCONTRADO]
[00:29:44.006] ERROR - Jugador 221 [NO ENCONTRADO]
[00:29:44.058] ERROR - Jugador 223 [NO ENCONTRADO]
[00:29:44.121] INFO - Escribiendo historial market-value del jugador 215 (17 values)
[00:29:44.122] INFO - Jugador 215 almacenado correctamente
[00:29:44.190] ERROR - Jugador 225 [NO ENCONTRADO]
[00:29:44.218] ERROR - Jugador 224 [out_of_league]
[00:29:44.224] ERROR - Jugador 226 [out_of_league]
[00:29:44.240] INFO - Escribiendo historial market-value del jugador 217 (253 values)
[00:29:44.246] INFO - Jugador 217 almacenado correctamente
[00:29:44.321] ERROR - Jugador 227 [NO ENCONTRADO]
[00:29:44.416] INFO - Escribiendo historial market-value del jugador 222 (253 values)
[00:29:44.419] INFO - Jugador 222 almacenado correctamente
[00:29:44.446] ERROR - Jugador 229 [NO ENCONTRADO]
[00:29:44.562] ERROR - Jugador 232 [out_of_league]
[00:29:44.566] ERROR - Jugador 233 [NO ENCONTRADO]
[00:29:44.631] ERROR - Jugador 234 [NO ENCONTRADO]
[00:29:44.753] ERROR - Jugador 235 [out_of_league]
[00:29:44.792] INFO - Escribiendo historial market-value del jugador 228 (253 values)
[00:29:44.796] INFO - Jugador 228 almacenado correctamente
[00:29:44.848] INFO - Escribiendo historial market-value del jugador 230 (253 values)
[00:29:44.849] INFO - Jugador 230 almacenado correctamente
[00:29:44.886] ERROR - Jugador 237 [NO ENCONTRADO]
[00:29:44.955] ERROR - Jugador 239 [NO ENCONTRADO]
[00:29:44.964] INFO - Escribiendo historial market-value del jugador 231 (253 values)
[00:29:44.970] INFO - Jugador 231 almacenado correctamente
[00:29:45.110] ERROR - Jugador 241 [NO ENCONTRADO]
[00:29:45.194] ERROR - Jugador 242 [out_of_league]
[00:29:45.196] INFO - Escribiendo historial market-value del jugador 236 (207 values)
[00:29:45.200] INFO - Jugador 236 almacenado correctamente
[00:29:45.286] ERROR - Jugador 244 [out_of_league]
[00:29:45.315] INFO - Escribiendo historial market-value del jugador 238 (222 values)
[00:29:45.319] INFO - Jugador 238 almacenado correctamente
[00:29:45.488] INFO - Escribiendo historial market-value del jugador 240 (253 values)
[00:29:45.491] INFO - Jugador 240 almacenado correctamente
[00:29:45.603] ERROR - Jugador 249 [NO ENCONTRADO]
[00:29:45.632] INFO - Escribiendo historial market-value del jugador 243 (253 values)
[00:29:45.636] INFO - Jugador 243 almacenado correctamente
[00:29:45.655] ERROR - Jugador 250 [out_of_league]
[00:29:45.733] INFO - Escribiendo historial market-value del jugador 245 (253 values)
[00:29:45.739] INFO - Jugador 245 almacenado correctamente
[00:29:45.809] ERROR - Jugador 251 [NO ENCONTRADO]
[00:29:45.846] INFO - Escribiendo historial market-value del jugador 246 (253 values)
[00:29:45.852] INFO - Jugador 246 almacenado correctamente
[00:29:45.888] INFO - Escribiendo historial market-value del jugador 248 (194 values)
[00:29:45.890] INFO - Jugador 248 almacenado correctamente
[00:29:45.940] ERROR - Jugador 252 [NO ENCONTRADO]
[00:29:45.948] INFO - Escribiendo historial market-value del jugador 247 (253 values)
[00:29:45.951] INFO - Jugador 247 almacenado correctamente
[00:29:45.969] ERROR - Jugador 253 [NO ENCONTRADO]
[00:29:45.972] ERROR - Jugador 254 [NO ENCONTRADO]
[00:29:46.120] ERROR - Jugador 256 [NO ENCONTRADO]
[00:29:46.299] ERROR - Jugador 262 [NO ENCONTRADO]
[00:29:46.302] ERROR - Jugador 261 [NO ENCONTRADO]
[00:29:46.429] ERROR - Jugador 263 [NO ENCONTRADO]
[00:29:46.479] INFO - Escribiendo historial market-value del jugador 255 (253 values)
[00:29:46.485] INFO - Jugador 255 almacenado correctamente
[00:29:46.586] INFO - Escribiendo historial market-value del jugador 257 (253 values)
[00:29:46.592] INFO - Jugador 257 almacenado correctamente
[00:29:46.640] INFO - Escribiendo historial market-value del jugador 258 (239 values)
[00:29:46.643] INFO - Jugador 258 almacenado correctamente
[00:29:46.664] INFO - Escribiendo historial market-value del jugador 259 (253 values)
[00:29:46.667] INFO - Jugador 259 almacenado correctamente
[00:29:46.699] INFO - Escribiendo historial market-value del jugador 260 (253 values)
[00:29:46.701] INFO - Jugador 260 almacenado correctamente
[00:29:46.754] ERROR - Jugador 266 [out_of_league]
[00:29:46.801] ERROR - Jugador 267 [NO ENCONTRADO]
[00:29:46.974] ERROR - Jugador 269 [out_of_league]
[00:29:47.078] ERROR - Jugador 272 [NO ENCONTRADO]
[00:29:47.083] INFO - Escribiendo historial market-value del jugador 264 (253 values)
[00:29:47.092] INFO - Escribiendo historial market-value del jugador 265 (253 values)
[00:29:47.094] INFO - Jugador 264 almacenado correctamente
[00:29:47.104] INFO - Jugador 265 almacenado correctamente
[00:29:47.118] ERROR - Jugador 273 [NO ENCONTRADO]
[00:29:47.322] INFO - Escribiendo historial market-value del jugador 268 (200 values)
[00:29:47.324] INFO - Jugador 268 almacenado correctamente
[00:29:47.450] ERROR - Jugador 276 [NO ENCONTRADO]
[00:29:47.465] ERROR - Jugador 277 [NO ENCONTRADO]
[00:29:47.474] INFO - Escribiendo historial market-value del jugador 271 (253 values)
[00:29:47.478] INFO - Jugador 271 almacenado correctamente
[00:29:47.482] ERROR - Jugador 278 [NO ENCONTRADO]
[00:29:47.485] INFO - Escribiendo historial market-value del jugador 270 (239 values)
[00:29:47.489] INFO - Jugador 270 almacenado correctamente
[00:29:47.636] ERROR - Jugador 279 [NO ENCONTRADO]
[00:29:47.720] INFO - Escribiendo historial market-value del jugador 274 (253 values)
[00:29:47.725] INFO - Jugador 274 almacenado correctamente
[00:29:47.763] ERROR - Jugador 280 [NO ENCONTRADO]
[00:29:47.806] ERROR - Jugador 281 [NO ENCONTRADO]
[00:29:47.838] ERROR - Jugador 282 [NO ENCONTRADO]
[00:29:47.841] ERROR - Jugador 283 [out_of_league]
[00:29:47.858] INFO - Escribiendo historial market-value del jugador 275 (225 values)
[00:29:47.864] INFO - Jugador 275 almacenado correctamente
[00:29:47.951] ERROR - Jugador 285 [NO ENCONTRADO]
[00:29:48.038] ERROR - Jugador 286 [NO ENCONTRADO]
[00:29:48.076] ERROR - Jugador 287 [NO ENCONTRADO]
[00:29:48.125] ERROR - Jugador 288 [NO ENCONTRADO]
[00:29:48.170] ERROR - Jugador 290 [NO ENCONTRADO]
[00:29:48.173] ERROR - Jugador 289 [NO ENCONTRADO]
[00:29:48.185] ERROR - Jugador 291 [NO ENCONTRADO]
[00:29:48.254] INFO - Escribiendo historial market-value del jugador 284 (246 values)
[00:29:48.257] INFO - Jugador 284 almacenado correctamente
[00:29:48.264] ERROR - Jugador 292 [NO ENCONTRADO]
[00:29:48.371] ERROR - Jugador 293 [out_of_league]
[00:29:48.437] ERROR - Jugador 295 [NO ENCONTRADO]
[00:29:48.506] ERROR - Jugador 297 [NO ENCONTRADO]
[00:29:48.591] ERROR - Jugador 299 [out_of_league]
[00:29:48.819] ERROR - Jugador 303 [NO ENCONTRADO]
[00:29:48.825] INFO - Escribiendo historial market-value del jugador 294 (225 values)
[00:29:48.829] INFO - Jugador 294 almacenado correctamente
[00:29:48.922] INFO - Escribiendo historial market-value del jugador 296 (253 values)
[00:29:48.927] INFO - Jugador 296 almacenado correctamente
[00:29:48.936] ERROR - Jugador 304 [out_of_league]
[00:29:48.948] INFO - Escribiendo historial market-value del jugador 298 (253 values)
[00:29:48.953] INFO - Jugador 298 almacenado correctamente
[00:29:48.973] INFO - Escribiendo historial market-value del jugador 300 (253 values)
[00:29:48.976] INFO - Jugador 300 almacenado correctamente
[00:29:49.103] INFO - Escribiendo historial market-value del jugador 301 (253 values)
[00:29:49.106] INFO - Jugador 301 almacenado correctamente
[00:29:49.161] ERROR - Jugador 305 [out_of_league]
[00:29:49.188] INFO - Escribiendo historial market-value del jugador 302 (253 values)
[00:29:49.191] INFO - Jugador 302 almacenado correctamente
[00:29:49.280] ERROR - Jugador 308 [out_of_league]
[00:29:49.301] ERROR - Jugador 309 [out_of_league]
[00:29:49.433] ERROR - Jugador 311 [out_of_league]
[00:29:49.483] ERROR - Jugador 312 [out_of_league]
[00:29:49.518] ERROR - Jugador 313 [out_of_league]
[00:29:49.539] INFO - Escribiendo historial market-value del jugador 306 (59 values)
[00:29:49.541] INFO - Jugador 306 almacenado correctamente
[00:29:49.593] ERROR - Jugador 314 [NO ENCONTRADO]
[00:29:49.626] ERROR - Jugador 315 [NO ENCONTRADO]
[00:29:49.650] INFO - Escribiendo historial market-value del jugador 307 (253 values)
[00:29:49.654] INFO - Jugador 307 almacenado correctamente
[00:29:49.719] INFO - Escribiendo historial market-value del jugador 310 (253 values)
[00:29:49.723] INFO - Jugador 310 almacenado correctamente
[00:29:49.740] ERROR - Jugador 316 [NO ENCONTRADO]
[00:29:49.816] ERROR - Jugador 317 [out_of_league]
[00:29:49.831] ERROR - Jugador 318 [NO ENCONTRADO]
[00:29:49.867] ERROR - Jugador 319 [out_of_league]
[00:29:49.904] ERROR - Jugador 320 [NO ENCONTRADO]
[00:29:49.939] ERROR - Jugador 321 [NO ENCONTRADO]
[00:29:49.969] ERROR - Jugador 322 [NO ENCONTRADO]
[00:29:50.050] ERROR - Jugador 323 [NO ENCONTRADO]
[00:29:50.058] ERROR - Jugador 324 [NO ENCONTRADO]
[00:29:50.137] ERROR - Jugador 325 [NO ENCONTRADO]
[00:29:50.146] ERROR - Jugador 326 [NO ENCONTRADO]
[00:29:50.176] ERROR - Jugador 327 [NO ENCONTRADO]
[00:29:50.217] ERROR - Jugador 328 [NO ENCONTRADO]
[00:29:50.258] ERROR - Jugador 329 [NO ENCONTRADO]
[00:29:50.284] ERROR - Jugador 330 [NO ENCONTRADO]
[00:29:50.376] ERROR - Jugador 331 [NO ENCONTRADO]
[00:29:50.384] ERROR - Jugador 332 [NO ENCONTRADO]
[00:29:50.456] ERROR - Jugador 333 [NO ENCONTRADO]
[00:29:50.491] ERROR - Jugador 335 [NO ENCONTRADO]
[00:29:50.496] ERROR - Jugador 334 [out_of_league]
[00:29:50.526] ERROR - Jugador 336 [NO ENCONTRADO]
[00:29:50.583] ERROR - Jugador 337 [NO ENCONTRADO]
[00:29:50.608] ERROR - Jugador 338 [NO ENCONTRADO]
[00:29:50.706] ERROR - Jugador 340 [NO ENCONTRADO]
[00:29:50.816] ERROR - Jugador 342 [NO ENCONTRADO]
[00:29:50.833] ERROR - Jugador 343 [out_of_league]
[00:29:50.893] ERROR - Jugador 345 [NO ENCONTRADO]
[00:29:50.942] ERROR - Jugador 346 [out_of_league]
[00:29:51.019] ERROR - Jugador 347 [NO ENCONTRADO]
[00:29:51.151] ERROR - Jugador 349 [NO ENCONTRADO]
[00:29:51.186] INFO - Escribiendo historial market-value del jugador 341 (239 values)
[00:29:51.189] INFO - Jugador 341 almacenado correctamente
[00:29:51.230] INFO - Escribiendo historial market-value del jugador 344 (253 values)
[00:29:51.233] INFO - Jugador 344 almacenado correctamente
[00:29:51.237] ERROR - Jugador 350 [out_of_league]
[00:29:51.253] ERROR - Jugador 351 [NO ENCONTRADO]
[00:29:51.332] ERROR - Jugador 352 [NO ENCONTRADO]
[00:29:51.478] ERROR - Jugador 353 [out_of_league]
[00:29:51.503] ERROR - Jugador 354 [NO ENCONTRADO]
[00:29:51.579] ERROR - Jugador 355 [NO ENCONTRADO]
[00:29:51.603] INFO - Escribiendo historial market-value del jugador 348 (253 values)
[00:29:51.606] ERROR - Jugador 357 [out_of_league]
[00:29:51.610] INFO - Jugador 348 almacenado correctamente
[00:29:51.640] ERROR - Jugador 358 [NO ENCONTRADO]
[00:29:51.791] ERROR - Jugador 359 [NO ENCONTRADO]
[00:29:51.888] ERROR - Jugador 361 [NO ENCONTRADO]
[00:29:51.936] ERROR - Jugador 362 [out_of_league]
[00:29:51.944] ERROR - Jugador 363 [NO ENCONTRADO]
[00:29:51.955] ERROR - Jugador 364 [NO ENCONTRADO]
[00:29:51.993] INFO - Escribiendo historial market-value del jugador 356 (253 values)
[00:29:51.999] INFO - Jugador 356 almacenado correctamente
[00:29:52.224] ERROR - Jugador 366 [out_of_league]
[00:29:52.279] ERROR - Jugador 367 [out_of_league]
[00:29:52.283] ERROR - Jugador 368 [out_of_league]
[00:29:52.304] ERROR - Jugador 369 [out_of_league]
[00:29:52.326] ERROR - Jugador 370 [NO ENCONTRADO]
[00:29:52.523] INFO - Escribiendo historial market-value del jugador 365 (253 values)
[00:29:52.526] INFO - Jugador 365 almacenado correctamente
[00:29:52.552] ERROR - Jugador 371 [out_of_league]
[00:29:52.607] ERROR - Jugador 372 [NO ENCONTRADO]
[00:29:52.614] ERROR - Jugador 373 [NO ENCONTRADO]
[00:29:52.650] ERROR - Jugador 374 [out_of_league]
[00:29:52.836] ERROR - Jugador 376 [NO ENCONTRADO]
[00:29:52.864] ERROR - Jugador 377 [NO ENCONTRADO]
[00:29:52.931] ERROR - Jugador 379 [NO ENCONTRADO]
[00:29:52.935] ERROR - Jugador 378 [out_of_league]
[00:29:52.960] ERROR - Jugador 380 [NO ENCONTRADO]
[00:29:53.159] ERROR - Jugador 381 [NO ENCONTRADO]
[00:29:53.178] ERROR - Jugador 382 [NO ENCONTRADO]
[00:29:53.256] ERROR - Jugador 383 [NO ENCONTRADO]
[00:29:53.262] ERROR - Jugador 384 [NO ENCONTRADO]
[00:29:53.281] ERROR - Jugador 385 [NO ENCONTRADO]
[00:29:53.483] ERROR - Jugador 386 [NO ENCONTRADO]
[00:29:53.513] ERROR - Jugador 387 [out_of_league]
[00:29:53.580] ERROR - Jugador 388 [NO ENCONTRADO]
[00:29:53.593] ERROR - Jugador 389 [NO ENCONTRADO]
[00:29:53.606] ERROR - Jugador 390 [NO ENCONTRADO]
[00:29:53.798] ERROR - Jugador 391 [NO ENCONTRADO]
[00:29:53.828] ERROR - Jugador 392 [NO ENCONTRADO]
[00:29:53.897] ERROR - Jugador 393 [NO ENCONTRADO]
[00:29:53.924] ERROR - Jugador 394 [NO ENCONTRADO]
[00:29:53.934] ERROR - Jugador 395 [NO ENCONTRADO]
[00:29:54.107] ERROR - Jugador 396 [NO ENCONTRADO]
[00:29:54.138] ERROR - Jugador 397 [NO ENCONTRADO]
[00:29:54.207] ERROR - Jugador 398 [NO ENCONTRADO]
[00:29:54.247] ERROR - Jugador 399 [NO ENCONTRADO]
[00:29:54.254] ERROR - Jugador 400 [NO ENCONTRADO]
[00:29:54.426] ERROR - Jugador 401 [NO ENCONTRADO]
[00:29:54.448] ERROR - Jugador 402 [NO ENCONTRADO]
[00:29:54.521] ERROR - Jugador 403 [NO ENCONTRADO]
[00:29:54.568] ERROR - Jugador 404 [NO ENCONTRADO]
[00:29:54.573] ERROR - Jugador 405 [NO ENCONTRADO]
[00:29:54.754] ERROR - Jugador 406 [NO ENCONTRADO]
[00:29:54.771] ERROR - Jugador 407 [NO ENCONTRADO]
[00:29:54.831] ERROR - Jugador 408 [NO ENCONTRADO]
[00:29:54.890] ERROR - Jugador 409 [NO ENCONTRADO]
[00:29:54.895] ERROR - Jugador 410 [NO ENCONTRADO]
[00:29:55.071] ERROR - Jugador 411 [NO ENCONTRADO]
[00:29:55.093] ERROR - Jugador 412 [NO ENCONTRADO]
[00:29:55.138] ERROR - Jugador 413 [NO ENCONTRADO]
[00:29:55.207] ERROR - Jugador 414 [NO ENCONTRADO]
[00:29:55.396] ERROR - Jugador 416 [NO ENCONTRADO]
[00:29:55.411] ERROR - Jugador 417 [NO ENCONTRADO]
[00:29:55.448] ERROR - Jugador 418 [NO ENCONTRADO]
[00:29:55.522] ERROR - Jugador 419 [NO ENCONTRADO]
[00:29:55.618] INFO - Escribiendo historial market-value del jugador 415 (253 values)
[00:29:55.622] INFO - Jugador 415 almacenado correctamente
[00:29:55.720] ERROR - Jugador 420 [NO ENCONTRADO]
[00:29:55.729] ERROR - Jugador 421 [NO ENCONTRADO]
[00:29:55.759] ERROR - Jugador 422 [NO ENCONTRADO]
[00:29:55.833] ERROR - Jugador 423 [NO ENCONTRADO]
[00:29:55.947] ERROR - Jugador 424 [NO ENCONTRADO]
[00:29:56.034] ERROR - Jugador 425 [NO ENCONTRADO]
[00:29:56.064] ERROR - Jugador 426 [NO ENCONTRADO]
[00:29:56.073] ERROR - Jugador 427 [NO ENCONTRADO]
[00:29:56.143] ERROR - Jugador 428 [NO ENCONTRADO]
[00:29:56.256] ERROR - Jugador 429 [NO ENCONTRADO]
[00:29:56.349] ERROR - Jugador 430 [NO ENCONTRADO]
[00:29:56.388] ERROR - Jugador 431 [NO ENCONTRADO]
[00:29:56.388] ERROR - Jugador 432 [NO ENCONTRADO]
[00:29:56.464] ERROR - Jugador 433 [NO ENCONTRADO]
[00:29:56.575] ERROR - Jugador 434 [NO ENCONTRADO]
[00:29:56.665] ERROR - Jugador 435 [NO ENCONTRADO]
[00:29:56.707] ERROR - Jugador 436 [NO ENCONTRADO]
[00:29:56.716] ERROR - Jugador 437 [NO ENCONTRADO]
[00:29:56.777] ERROR - Jugador 438 [NO ENCONTRADO]
[00:29:56.889] ERROR - Jugador 439 [NO ENCONTRADO]
[00:29:56.977] ERROR - Jugador 440 [NO ENCONTRADO]
[00:29:57.033] ERROR - Jugador 442 [NO ENCONTRADO]
[00:29:57.034] ERROR - Jugador 441 [NO ENCONTRADO]
[00:29:57.091] ERROR - Jugador 443 [NO ENCONTRADO]
[00:29:57.214] ERROR - Jugador 444 [NO ENCONTRADO]
[00:29:57.286] ERROR - Jugador 445 [NO ENCONTRADO]
[00:29:57.357] ERROR - Jugador 446 [NO ENCONTRADO]
[00:29:57.360] ERROR - Jugador 447 [NO ENCONTRADO]
[00:29:57.430] ERROR - Jugador 448 [NO ENCONTRADO]
[00:29:57.524] ERROR - Jugador 449 [NO ENCONTRADO]
[00:29:57.596] ERROR - Jugador 450 [NO ENCONTRADO]
[00:29:57.677] ERROR - Jugador 452 [NO ENCONTRADO]
[00:29:57.677] ERROR - Jugador 451 [NO ENCONTRADO]
[00:29:57.739] ERROR - Jugador 453 [NO ENCONTRADO]
[00:29:57.835] ERROR - Jugador 454 [NO ENCONTRADO]
[00:29:57.904] ERROR - Jugador 455 [NO ENCONTRADO]
[00:29:57.993] ERROR - Jugador 456 [NO ENCONTRADO]
[00:29:57.994] ERROR - Jugador 457 [NO ENCONTRADO]
[00:29:58.054] ERROR - Jugador 458 [NO ENCONTRADO]
[00:29:58.147] ERROR - Jugador 459 [NO ENCONTRADO]
[00:29:58.224] ERROR - Jugador 460 [NO ENCONTRADO]
[00:29:58.316] ERROR - Jugador 461 [NO ENCONTRADO]
[00:29:58.320] ERROR - Jugador 462 [NO ENCONTRADO]
[00:29:58.371] ERROR - Jugador 463 [NO ENCONTRADO]
[00:29:58.460] ERROR - Jugador 464 [NO ENCONTRADO]
[00:29:58.538] ERROR - Jugador 465 [NO ENCONTRADO]
[00:29:58.637] ERROR - Jugador 466 [NO ENCONTRADO]
[00:29:58.640] ERROR - Jugador 467 [NO ENCONTRADO]
[00:29:58.684] ERROR - Jugador 468 [NO ENCONTRADO]
[00:29:58.769] ERROR - Jugador 469 [NO ENCONTRADO]
[00:29:58.852] ERROR - Jugador 470 [NO ENCONTRADO]
[00:29:58.961] ERROR - Jugador 471 [NO ENCONTRADO]
[00:29:58.961] ERROR - Jugador 472 [NO ENCONTRADO]
[00:29:58.994] ERROR - Jugador 473 [NO ENCONTRADO]
[00:29:59.079] ERROR - Jugador 474 [NO ENCONTRADO]
[00:29:59.165] ERROR - Jugador 475 [NO ENCONTRADO]
[00:29:59.287] ERROR - Jugador 476 [NO ENCONTRADO]
[00:29:59.299] ERROR - Jugador 477 [NO ENCONTRADO]
[00:29:59.401] ERROR - Jugador 479 [NO ENCONTRADO]
[00:29:59.475] ERROR - Jugador 480 [NO ENCONTRADO]
[00:29:59.604] ERROR - Jugador 481 [NO ENCONTRADO]
[00:29:59.620] ERROR - Jugador 482 [NO ENCONTRADO]
[00:29:59.723] ERROR - Jugador 483 [NO ENCONTRADO]
[00:29:59.732] INFO - Escribiendo historial market-value del jugador 478 (253 values)
[00:29:59.737] INFO - Jugador 478 almacenado correctamente
[00:29:59.789] ERROR - Jugador 484 [NO ENCONTRADO]
[00:29:59.923] ERROR - Jugador 485 [NO ENCONTRADO]
[00:29:59.944] ERROR - Jugador 486 [NO ENCONTRADO]
[00:30:00.044] ERROR - Jugador 487 [NO ENCONTRADO]
[00:30:00.058] ERROR - Jugador 488 [NO ENCONTRADO]
[00:30:00.105] ERROR - Jugador 489 [NO ENCONTRADO]
[00:30:00.232] ERROR - Jugador 490 [NO ENCONTRADO]
[00:30:00.262] ERROR - Jugador 491 [NO ENCONTRADO]
[00:30:00.355] ERROR - Jugador 492 [NO ENCONTRADO]
[00:30:00.375] ERROR - Jugador 493 [NO ENCONTRADO]
[00:30:00.415] ERROR - Jugador 494 [NO ENCONTRADO]
[00:30:00.548] ERROR - Jugador 495 [NO ENCONTRADO]
[00:30:00.585] ERROR - Jugador 496 [NO ENCONTRADO]
[00:30:00.663] ERROR - Jugador 497 [NO ENCONTRADO]
[00:30:00.691] ERROR - Jugador 498 [NO ENCONTRADO]
[00:30:00.723] ERROR - Jugador 499 [NO ENCONTRADO]
[00:30:00.861] ERROR - Jugador 500 [NO ENCONTRADO]
[00:30:00.897] ERROR - Jugador 501 [NO ENCONTRADO]
[00:30:00.993] ERROR - Jugador 502 [NO ENCONTRADO]
[00:30:01.006] ERROR - Jugador 503 [NO ENCONTRADO]
[00:30:01.030] ERROR - Jugador 504 [NO ENCONTRADO]
[00:30:01.173] ERROR - Jugador 505 [NO ENCONTRADO]
[00:30:01.211] ERROR - Jugador 506 [NO ENCONTRADO]
[00:30:01.317] ERROR - Jugador 507 [NO ENCONTRADO]
[00:30:01.332] ERROR - Jugador 508 [NO ENCONTRADO]
[00:30:01.347] ERROR - Jugador 509 [NO ENCONTRADO]
[00:30:01.482] ERROR - Jugador 510 [NO ENCONTRADO]
[00:30:01.524] ERROR - Jugador 511 [NO ENCONTRADO]
[00:30:01.637] ERROR - Jugador 512 [NO ENCONTRADO]
[00:30:01.667] ERROR - Jugador 513 [NO ENCONTRADO]
[00:30:01.670] ERROR - Jugador 514 [NO ENCONTRADO]
[00:30:01.796] ERROR - Jugador 515 [NO ENCONTRADO]
[00:30:01.834] ERROR - Jugador 516 [NO ENCONTRADO]
[00:30:01.950] ERROR - Jugador 517 [NO ENCONTRADO]
[00:30:01.987] ERROR - Jugador 518 [NO ENCONTRADO]
[00:30:01.990] ERROR - Jugador 519 [NO ENCONTRADO]
[00:30:02.106] ERROR - Jugador 520 [NO ENCONTRADO]
[00:30:02.156] ERROR - Jugador 521 [NO ENCONTRADO]
[00:30:02.259] ERROR - Jugador 522 [NO ENCONTRADO]
[00:30:02.310] ERROR - Jugador 523 [NO ENCONTRADO]
[00:30:02.314] ERROR - Jugador 524 [NO ENCONTRADO]
[00:30:02.425] ERROR - Jugador 525 [NO ENCONTRADO]
[00:30:02.465] ERROR - Jugador 526 [NO ENCONTRADO]
[00:30:02.568] ERROR - Jugador 527 [NO ENCONTRADO]
[00:30:02.640] ERROR - Jugador 528 [NO ENCONTRADO]
[00:30:02.643] ERROR - Jugador 529 [NO ENCONTRADO]
[00:30:02.741] ERROR - Jugador 530 [NO ENCONTRADO]
[00:30:02.775] ERROR - Jugador 531 [NO ENCONTRADO]
[00:30:02.890] ERROR - Jugador 532 [NO ENCONTRADO]
[00:30:02.965] ERROR - Jugador 534 [NO ENCONTRADO]
[00:30:02.969] ERROR - Jugador 533 [NO ENCONTRADO]
[00:30:03.060] ERROR - Jugador 535 [NO ENCONTRADO]
[00:30:03.090] ERROR - Jugador 536 [NO ENCONTRADO]
[00:30:03.213] ERROR - Jugador 537 [out_of_league]
[00:30:03.287] ERROR - Jugador 538 [NO ENCONTRADO]
[00:30:03.300] ERROR - Jugador 539 [out_of_league]
[00:30:03.383] ERROR - Jugador 540 [out_of_league]
[00:30:03.522] ERROR - Jugador 542 [NO ENCONTRADO]
[00:30:03.606] ERROR - Jugador 543 [NO ENCONTRADO]
[00:30:03.693] ERROR - Jugador 545 [NO ENCONTRADO]
[00:30:03.818] INFO - Escribiendo historial market-value del jugador 541 (242 values)
[00:30:03.821] INFO - Jugador 541 almacenado correctamente
[00:30:03.833] ERROR - Jugador 546 [NO ENCONTRADO]
[00:30:04.014] ERROR - Jugador 548 [NO ENCONTRADO]
[00:30:04.022] INFO - Escribiendo historial market-value del jugador 544 (253 values)
[00:30:04.025] INFO - Jugador 544 almacenado correctamente
[00:30:04.141] ERROR - Jugador 549 [NO ENCONTRADO]
[00:30:04.150] ERROR - Jugador 550 [NO ENCONTRADO]
[00:30:04.269] INFO - Escribiendo historial market-value del jugador 547 (231 values)
[00:30:04.272] INFO - Jugador 547 almacenado correctamente
[00:30:04.329] ERROR - Jugador 551 [NO ENCONTRADO]
[00:30:04.339] ERROR - Jugador 552 [NO ENCONTRADO]
[00:30:04.469] ERROR - Jugador 554 [NO ENCONTRADO]
[00:30:04.477] ERROR - Jugador 553 [out_of_league]
[00:30:04.607] ERROR - Jugador 555 [out_of_league]
[00:30:04.641] ERROR - Jugador 556 [NO ENCONTRADO]
[00:30:04.926] ERROR - Jugador 560 [NO ENCONTRADO]
[00:30:04.965] ERROR - Jugador 561 [out_of_league]
[00:30:05.078] INFO - Escribiendo historial market-value del jugador 557 (253 values)
[00:30:05.083] INFO - Jugador 557 almacenado correctamente
[00:30:05.123] INFO - Escribiendo historial market-value del jugador 558 (253 values)
[00:30:05.125] INFO - Jugador 558 almacenado correctamente
[00:30:05.207] INFO - Escribiendo historial market-value del jugador 559 (253 values)
[00:30:05.210] INFO - Jugador 559 almacenado correctamente
[00:30:05.238] ERROR - Jugador 562 [NO ENCONTRADO]
[00:30:05.278] ERROR - Jugador 563 [NO ENCONTRADO]
[00:30:05.414] ERROR - Jugador 564 [out_of_league]
[00:30:05.453] ERROR - Jugador 565 [out_of_league]
[00:30:05.609] ERROR - Jugador 568 [out_of_league]
[00:30:05.726] ERROR - Jugador 569 [NO ENCONTRADO]
[00:30:05.762] ERROR - Jugador 570 [NO ENCONTRADO]
[00:30:05.937] ERROR - Jugador 571 [NO ENCONTRADO]
[00:30:05.959] INFO - Escribiendo historial market-value del jugador 566 (253 values)
[00:30:05.963] INFO - Jugador 566 almacenado correctamente
[00:30:05.972] INFO - Escribiendo historial market-value del jugador 567 (253 values)
[00:30:05.976] INFO - Jugador 567 almacenado correctamente
[00:30:06.038] ERROR - Jugador 572 [NO ENCONTRADO]
[00:30:06.081] ERROR - Jugador 573 [NO ENCONTRADO]
[00:30:06.283] ERROR - Jugador 575 [NO ENCONTRADO]
[00:30:06.315] ERROR - Jugador 576 [out_of_league]
[00:30:06.352] ERROR - Jugador 577 [NO ENCONTRADO]
[00:30:06.392] ERROR - Jugador 578 [NO ENCONTRADO]
[00:30:06.594] ERROR - Jugador 579 [NO ENCONTRADO]
[00:30:06.628] ERROR - Jugador 580 [NO ENCONTRADO]
[00:30:06.670] INFO - Escribiendo historial market-value del jugador 574 (253 values)
[00:30:06.673] INFO - Jugador 574 almacenado correctamente
[00:30:06.699] ERROR - Jugador 582 [NO ENCONTRADO]
[00:30:06.905] ERROR - Jugador 583 [NO ENCONTRADO]
[00:30:06.941] ERROR - Jugador 584 [NO ENCONTRADO]
[00:30:06.982] ERROR - Jugador 585 [NO ENCONTRADO]
[00:30:07.006] ERROR - Jugador 586 [NO ENCONTRADO]
[00:30:07.098] INFO - Escribiendo historial market-value del jugador 581 (253 values)
[00:30:07.102] INFO - Jugador 581 almacenado correctamente
[00:30:07.216] ERROR - Jugador 587 [NO ENCONTRADO]
[00:30:07.251] ERROR - Jugador 588 [NO ENCONTRADO]
[00:30:07.290] ERROR - Jugador 589 [NO ENCONTRADO]
[00:30:07.317] ERROR - Jugador 590 [NO ENCONTRADO]
[00:30:07.414] ERROR - Jugador 591 [NO ENCONTRADO]
[00:30:07.544] ERROR - Jugador 592 [out_of_league]
[00:30:07.603] ERROR - Jugador 594 [NO ENCONTRADO]
[00:30:07.629] ERROR - Jugador 595 [NO ENCONTRADO]
[00:30:07.631] ERROR - Jugador 593 [out_of_league]
[00:30:07.728] ERROR - Jugador 596 [NO ENCONTRADO]
[00:30:07.912] ERROR - Jugador 598 [NO ENCONTRADO]
[00:30:07.951] ERROR - Jugador 600 [NO ENCONTRADO]
[00:30:07.951] ERROR - Jugador 599 [NO ENCONTRADO]
[00:30:08.051] ERROR - Jugador 601 [out_of_league]
[00:30:08.278] ERROR - Jugador 604 [NO ENCONTRADO]
[00:30:08.292] ERROR - Jugador 603 [NO ENCONTRADO]
[00:30:08.312] INFO - Escribiendo historial market-value del jugador 597 (253 values)
[00:30:08.316] INFO - Jugador 597 almacenado correctamente
[00:30:08.361] ERROR - Jugador 605 [NO ENCONTRADO]
[00:30:08.608] ERROR - Jugador 606 [out_of_league]
[00:30:08.631] ERROR - Jugador 607 [NO ENCONTRADO]
[00:30:08.656] INFO - Escribiendo historial market-value del jugador 602 (253 values)
[00:30:08.659] INFO - Jugador 602 almacenado correctamente
[00:30:08.687] ERROR - Jugador 609 [out_of_league]
[00:30:08.913] ERROR - Jugador 610 [NO ENCONTRADO]
[00:30:08.940] ERROR - Jugador 611 [NO ENCONTRADO]
[00:30:08.976] ERROR - Jugador 612 [NO ENCONTRADO]
[00:30:08.997] ERROR - Jugador 613 [NO ENCONTRADO]
[00:30:09.062] INFO - Escribiendo historial market-value del jugador 608 (224 values)
[00:30:09.066] INFO - Jugador 608 almacenado correctamente
[00:30:09.220] ERROR - Jugador 614 [NO ENCONTRADO]
[00:30:09.249] ERROR - Jugador 615 [NO ENCONTRADO]
[00:30:09.289] ERROR - Jugador 616 [NO ENCONTRADO]
[00:30:09.305] ERROR - Jugador 617 [NO ENCONTRADO]
[00:30:09.378] ERROR - Jugador 618 [NO ENCONTRADO]
[00:30:09.529] ERROR - Jugador 619 [NO ENCONTRADO]
[00:30:09.565] ERROR - Jugador 620 [NO ENCONTRADO]
[00:30:09.604] ERROR - Jugador 621 [NO ENCONTRADO]
[00:30:09.619] ERROR - Jugador 622 [NO ENCONTRADO]
[00:30:09.690] ERROR - Jugador 623 [NO ENCONTRADO]
[00:30:09.844] ERROR - Jugador 624 [NO ENCONTRADO]
[00:30:09.874] ERROR - Jugador 625 [NO ENCONTRADO]
[00:30:09.920] ERROR - Jugador 626 [NO ENCONTRADO]
[00:30:09.933] ERROR - Jugador 627 [NO ENCONTRADO]
[00:30:10.002] ERROR - Jugador 628 [NO ENCONTRADO]
[00:30:10.158] ERROR - Jugador 629 [NO ENCONTRADO]
[00:30:10.183] ERROR - Jugador 630 [NO ENCONTRADO]
[00:30:10.233] ERROR - Jugador 631 [NO ENCONTRADO]
[00:30:10.245] ERROR - Jugador 632 [NO ENCONTRADO]
[00:30:10.310] ERROR - Jugador 633 [NO ENCONTRADO]
[00:30:10.467] ERROR - Jugador 634 [NO ENCONTRADO]
[00:30:10.495] ERROR - Jugador 635 [NO ENCONTRADO]
[00:30:10.552] ERROR - Jugador 636 [NO ENCONTRADO]
[00:30:10.619] ERROR - Jugador 638 [NO ENCONTRADO]
[00:30:10.778] ERROR - Jugador 639 [NO ENCONTRADO]
[00:30:10.805] ERROR - Jugador 640 [NO ENCONTRADO]
[00:30:10.863] ERROR - Jugador 641 [NO ENCONTRADO]
[00:30:10.973] INFO - Escribiendo historial market-value del jugador 637 (253 values)
[00:30:10.977] INFO - Jugador 637 almacenado correctamente
[00:30:11.093] ERROR - Jugador 643 [NO ENCONTRADO]
[00:30:11.286] ERROR - Jugador 646 [NO ENCONTRADO]
[00:30:11.349] INFO - Escribiendo historial market-value del jugador 642 (253 values)
[00:30:11.352] INFO - Jugador 642 almacenado correctamente
[00:30:11.407] ERROR - Jugador 647 [NO ENCONTRADO]
[00:30:11.528] INFO - Escribiendo historial market-value del jugador 644 (253 values)
[00:30:11.532] INFO - Jugador 644 almacenado correctamente
[00:30:11.608] INFO - Escribiendo historial market-value del jugador 645 (225 values)
[00:30:11.611] INFO - Jugador 645 almacenado correctamente
[00:30:11.622] ERROR - Jugador 648 [out_of_league]
[00:30:11.959] ERROR - Jugador 653 [out_of_league]
[00:30:12.068] INFO - Escribiendo historial market-value del jugador 649 (225 values)
[00:30:12.071] INFO - Jugador 649 almacenado correctamente
[00:30:12.139] INFO - Escribiendo historial market-value del jugador 650 (253 values)
[00:30:12.143] INFO - Jugador 650 almacenado correctamente
[00:30:12.240] INFO - Escribiendo historial market-value del jugador 651 (253 values)
[00:30:12.245] INFO - Jugador 651 almacenado correctamente
[00:30:12.280] ERROR - Jugador 654 [out_of_league]
[00:30:12.348] INFO - Escribiendo historial market-value del jugador 652 (253 values)
[00:30:12.352] INFO - Jugador 652 almacenado correctamente
[00:30:12.407] ERROR - Jugador 655 [out_of_league]
[00:30:12.462] ERROR - Jugador 656 [NO ENCONTRADO]
[00:30:12.563] ERROR - Jugador 657 [NO ENCONTRADO]
[00:30:12.593] ERROR - Jugador 658 [NO ENCONTRADO]
[00:30:12.664] ERROR - Jugador 659 [NO ENCONTRADO]
[00:30:12.716] ERROR - Jugador 660 [NO ENCONTRADO]
[00:30:12.775] ERROR - Jugador 661 [NO ENCONTRADO]
[00:30:12.876] ERROR - Jugador 662 [NO ENCONTRADO]
[00:30:12.918] ERROR - Jugador 663 [out_of_league]
[00:30:13.190] ERROR - Jugador 667 [NO ENCONTRADO]
[00:30:13.235] ERROR - Jugador 668 [NO ENCONTRADO]
[00:30:13.393] INFO - Escribiendo historial market-value del jugador 665 (253 values)
[00:30:13.395] INFO - Escribiendo historial market-value del jugador 664 (253 values)
[00:30:13.396] INFO - Jugador 665 almacenado correctamente
[00:30:13.402] INFO - Jugador 664 almacenado correctamente
[00:30:13.525] INFO - Escribiendo historial market-value del jugador 666 (243 values)
[00:30:13.528] INFO - Jugador 666 almacenado correctamente
[00:30:13.543] ERROR - Jugador 670 [NO ENCONTRADO]
[00:30:13.562] ERROR - Jugador 669 [out_of_league]
[00:30:13.720] ERROR - Jugador 672 [NO ENCONTRADO]
[00:30:13.724] ERROR - Jugador 671 [NO ENCONTRADO]
[00:30:13.876] ERROR - Jugador 674 [out_of_league]
[00:30:14.056] ERROR - Jugador 676 [out_of_league]
[00:30:14.063] ERROR - Jugador 677 [out_of_league]
[00:30:14.186] ERROR - Jugador 678 [NO ENCONTRADO]
[00:30:14.265] INFO - Escribiendo historial market-value del jugador 673 (253 values)
[00:30:14.268] INFO - Jugador 673 almacenado correctamente
[00:30:14.289] INFO - Escribiendo historial market-value del jugador 675 (253 values)
[00:30:14.292] INFO - Jugador 675 almacenado correctamente
[00:30:14.389] ERROR - Jugador 679 [out_of_league]
[00:30:14.580] ERROR - Jugador 682 [NO ENCONTRADO]
[00:30:14.714] ERROR - Jugador 684 [out_of_league]
[00:30:14.810] INFO - Escribiendo historial market-value del jugador 680 (253 values)
[00:30:14.813] INFO - Jugador 680 almacenado correctamente
[00:30:14.865] INFO - Escribiendo historial market-value del jugador 681 (253 values)
[00:30:14.867] INFO - Jugador 681 almacenado correctamente
[00:30:14.893] ERROR - Jugador 685 [NO ENCONTRADO]
[00:30:15.004] INFO - Escribiendo historial market-value del jugador 683 (228 values)
[00:30:15.009] INFO - Jugador 683 almacenado correctamente
[00:30:15.023] ERROR - Jugador 686 [NO ENCONTRADO]
[00:30:15.138] ERROR - Jugador 687 [out_of_league]
[00:30:15.179] ERROR - Jugador 688 [NO ENCONTRADO]
[00:30:15.207] ERROR - Jugador 689 [NO ENCONTRADO]
[00:30:15.326] ERROR - Jugador 690 [NO ENCONTRADO]
[00:30:15.342] ERROR - Jugador 691 [NO ENCONTRADO]
[00:30:15.449] ERROR - Jugador 692 [NO ENCONTRADO]
[00:30:15.489] ERROR - Jugador 693 [NO ENCONTRADO]
[00:30:15.515] ERROR - Jugador 694 [NO ENCONTRADO]
[00:30:15.648] ERROR - Jugador 695 [out_of_league]
[00:30:15.665] ERROR - Jugador 696 [NO ENCONTRADO]
[00:30:15.762] ERROR - Jugador 697 [NO ENCONTRADO]
[00:30:15.792] ERROR - Jugador 698 [NO ENCONTRADO]
[00:30:15.822] ERROR - Jugador 699 [NO ENCONTRADO]
[00:30:15.972] ERROR - Jugador 700 [out_of_league]
[00:30:16.080] ERROR - Jugador 702 [NO ENCONTRADO]
[00:30:16.106] ERROR - Jugador 703 [NO ENCONTRADO]
[00:30:16.285] ERROR - Jugador 705 [NO ENCONTRADO]
[00:30:16.374] INFO - Escribiendo historial market-value del jugador 701 (253 values)
[00:30:16.377] INFO - Jugador 701 almacenado correctamente
[00:30:16.398] ERROR - Jugador 706 [NO ENCONTRADO]
[00:30:16.415] ERROR - Jugador 707 [NO ENCONTRADO]
[00:30:16.553] INFO - Escribiendo historial market-value del jugador 704 (238 values)
[00:30:16.557] INFO - Jugador 704 almacenado correctamente
[00:30:16.601] ERROR - Jugador 708 [NO ENCONTRADO]
[00:30:16.695] ERROR - Jugador 709 [NO ENCONTRADO]
[00:30:16.720] ERROR - Jugador 710 [NO ENCONTRADO]
[00:30:16.745] ERROR - Jugador 711 [out_of_league]
[00:30:16.866] ERROR - Jugador 712 [NO ENCONTRADO]
[00:30:16.909] ERROR - Jugador 713 [NO ENCONTRADO]
[00:30:17.013] ERROR - Jugador 714 [NO ENCONTRADO]
[00:30:17.052] ERROR - Jugador 716 [NO ENCONTRADO]
[00:30:17.192] ERROR - Jugador 717 [out_of_league]
[00:30:17.240] ERROR - Jugador 718 [out_of_league]
[00:30:17.325] ERROR - Jugador 719 [NO ENCONTRADO]
[00:30:17.359] ERROR - Jugador 720 [NO ENCONTRADO]
[00:30:17.416] INFO - Escribiendo historial market-value del jugador 715 (253 values)
[00:30:17.420] INFO - Jugador 715 almacenado correctamente
[00:30:17.503] ERROR - Jugador 721 [NO ENCONTRADO]
[00:30:17.549] ERROR - Jugador 722 [NO ENCONTRADO]
[00:30:17.640] ERROR - Jugador 723 [NO ENCONTRADO]
[00:30:17.667] ERROR - Jugador 724 [NO ENCONTRADO]
[00:30:17.731] ERROR - Jugador 725 [NO ENCONTRADO]
[00:30:17.812] ERROR - Jugador 726 [NO ENCONTRADO]
[00:30:17.871] ERROR - Jugador 727 [out_of_league]
[00:30:17.972] ERROR - Jugador 728 [out_of_league]
[00:30:17.988] ERROR - Jugador 729 [out_of_league]
[00:30:18.039] ERROR - Jugador 730 [NO ENCONTRADO]
[00:30:18.132] ERROR - Jugador 731 [out_of_league]
[00:30:18.198] ERROR - Jugador 732 [out_of_league]
[00:30:18.290] ERROR - Jugador 733 [NO ENCONTRADO]
[00:30:18.322] ERROR - Jugador 734 [out_of_league]
[00:30:18.351] ERROR - Jugador 735 [NO ENCONTRADO]
[00:30:18.461] ERROR - Jugador 736 [out_of_league]
[00:30:18.516] ERROR - Jugador 737 [NO ENCONTRADO]
[00:30:18.601] ERROR - Jugador 738 [NO ENCONTRADO]
[00:30:18.630] ERROR - Jugador 739 [NO ENCONTRADO]
[00:30:18.660] ERROR - Jugador 740 [NO ENCONTRADO]
[00:30:18.771] ERROR - Jugador 741 [NO ENCONTRADO]
[00:30:18.924] ERROR - Jugador 743 [out_of_league]
[00:30:18.943] ERROR - Jugador 744 [NO ENCONTRADO]
[00:30:18.978] ERROR - Jugador 745 [NO ENCONTRADO]
[00:30:19.079] ERROR - Jugador 746 [NO ENCONTRADO]
[00:30:19.237] INFO - Escribiendo historial market-value del jugador 742 (253 values)
[00:30:19.240] ERROR - Jugador 747 [NO ENCONTRADO]
[00:30:19.243] INFO - Jugador 742 almacenado correctamente
[00:30:19.255] ERROR - Jugador 748 [NO ENCONTRADO]
[00:30:19.305] ERROR - Jugador 749 [out_of_league]
[00:30:19.405] ERROR - Jugador 750 [out_of_league]
[00:30:19.576] ERROR - Jugador 751 [out_of_league]
[00:30:19.581] ERROR - Jugador 752 [NO ENCONTRADO]
[00:30:19.589] ERROR - Jugador 753 [NO ENCONTRADO]
[00:30:19.621] ERROR - Jugador 754 [NO ENCONTRADO]
[00:30:19.717] ERROR - Jugador 755 [NO ENCONTRADO]
[00:30:19.898] ERROR - Jugador 756 [NO ENCONTRADO]
[00:30:19.924] ERROR - Jugador 757 [NO ENCONTRADO]
[00:30:19.928] ERROR - Jugador 758 [NO ENCONTRADO]
[00:30:19.940] ERROR - Jugador 759 [NO ENCONTRADO]
[00:30:20.028] ERROR - Jugador 760 [NO ENCONTRADO]
[00:30:20.222] ERROR - Jugador 761 [NO ENCONTRADO]
[00:30:20.246] ERROR - Jugador 762 [NO ENCONTRADO]
[00:30:20.257] ERROR - Jugador 763 [NO ENCONTRADO]
[00:30:20.267] ERROR - Jugador 764 [NO ENCONTRADO]
[00:30:20.339] ERROR - Jugador 765 [NO ENCONTRADO]
[00:30:20.568] ERROR - Jugador 767 [NO ENCONTRADO]
[00:30:20.593] ERROR - Jugador 769 [NO ENCONTRADO]
[00:30:20.618] WARNING - requests.exceptions.ReadTimeout (Tiempo de espera agotado para request 339)
Traceback (most recent call last):
  File "/opt/hostedtoolcache/Python/3.9.18/x64/lib/python3.9/site-packages/urllib3/connectionpool.py", line 467, in _make_request
    six.raise_from(e, None)
  File "<string>", line 3, in raise_from
  File "/opt/hostedtoolcache/Python/3.9.18/x64/lib/python3.9/site-packages/urllib3/connectionpool.py", line 462, in _make_request
    httplib_response = conn.getresponse()
  File "/opt/hostedtoolcache/Python/3.9.18/x64/lib/python3.9/http/client.py", line 1377, in getresponse
    response.begin()
  File "/opt/hostedtoolcache/Python/3.9.18/x64/lib/python3.9/http/client.py", line 320, in begin
    version, status, reason = self._read_status()
  File "/opt/hostedtoolcache/Python/3.9.18/x64/lib/python3.9/http/client.py", line 281, in _read_status
    line = str(self.fp.readline(_MAXLINE + 1), "iso-8859-1")
  File "/opt/hostedtoolcache/Python/3.9.18/x64/lib/python3.9/socket.py", line 704, in readinto
    return self._sock.recv_into(b)
  File "/opt/hostedtoolcache/Python/3.9.18/x64/lib/python3.9/ssl.py", line 1275, in recv_into
    return self.read(nbytes, buffer)
  File "/opt/hostedtoolcache/Python/3.9.18/x64/lib/python3.9/ssl.py", line 1133, in read
    return self._sslobj.read(len, buffer)
socket.timeout: The read operation timed out

During handling of the above exception, another exception occurred:

Traceback (most recent call last):
  File "/opt/hostedtoolcache/Python/3.9.18/x64/lib/python3.9/site-packages/requests/adapters.py", line 489, in send
    resp = conn.urlopen(
  File "/opt/hostedtoolcache/Python/3.9.18/x64/lib/python3.9/site-packages/urllib3/connectionpool.py", line 799, in urlopen
    retries = retries.increment(
  File "/opt/hostedtoolcache/Python/3.9.18/x64/lib/python3.9/site-packages/urllib3/util/retry.py", line 550, in increment
    raise six.reraise(type(error), error, _stacktrace)
  File "/opt/hostedtoolcache/Python/3.9.18/x64/lib/python3.9/site-packages/urllib3/packages/six.py", line 770, in reraise
    raise value
  File "/opt/hostedtoolcache/Python/3.9.18/x64/lib/python3.9/site-packages/urllib3/connectionpool.py", line 715, in urlopen
    httplib_response = self._make_request(
  File "/opt/hostedtoolcache/Python/3.9.18/x64/lib/python3.9/site-packages/urllib3/connectionpool.py", line 469, in _make_request
    self._raise_timeout(err=e, url=url, timeout_value=read_timeout)
  File "/opt/hostedtoolcache/Python/3.9.18/x64/lib/python3.9/site-packages/urllib3/connectionpool.py", line 358, in _raise_timeout
    raise ReadTimeoutError(
urllib3.exceptions.ReadTimeoutError: HTTPSConnectionPool(host='api.laligafantasymarca.com', port=443): Read timed out. (read timeout=30)

During handling of the above exception, another exception occurred:

Traceback (most recent call last):
  File "<string>", line 165, in multithread_scrape_player_aux
  File "/opt/hostedtoolcache/Python/3.9.18/x64/lib/python3.9/site-packages/requests/api.py", line 73, in get
    return request("get", url, params=params, **kwargs)
  File "/opt/hostedtoolcache/Python/3.9.18/x64/lib/python3.9/site-packages/requests/api.py", line 59, in request
    return session.request(method=method, url=url, **kwargs)
  File "/opt/hostedtoolcache/Python/3.9.18/x64/lib/python3.9/site-packages/requests/sessions.py", line 587, in request
    resp = self.send(prep, **send_kwargs)
  File "/opt/hostedtoolcache/Python/3.9.18/x64/lib/python3.9/site-packages/requests/sessions.py", line 701, in send
    r = adapter.send(request, **kwargs)
  File "/opt/hostedtoolcache/Python/3.9.18/x64/lib/python3.9/site-packages/requests/adapters.py", line 578, in send
    raise ReadTimeout(e, request=request)
requests.exceptions.ReadTimeout: HTTPSConnectionPool(host='api.laligafantasymarca.com', port=443): Read timed out. (read timeout=30)
[00:30:20.651] ERROR - Jugador 770 [NO ENCONTRADO]
[00:30:20.876] ERROR - Jugador 771 [NO ENCONTRADO]
[00:30:20.907] ERROR - Jugador 772 [NO ENCONTRADO]
[00:30:20.955] INFO - Escribiendo historial market-value del jugador 766 (253 values)
[00:30:20.959] INFO - Jugador 766 almacenado correctamente
[00:30:21.029] INFO - Escribiendo historial market-value del jugador 768 (253 values)
[00:30:21.029] ERROR - Jugador 774 [NO ENCONTRADO]
[00:30:21.035] ERROR - Jugador 773 [out_of_league]
[00:30:21.036] INFO - Jugador 768 almacenado correctamente
[00:30:21.235] ERROR - Jugador 776 [out_of_league]
[00:30:21.272] ERROR - Jugador 777 [NO ENCONTRADO]
[00:30:21.359] ERROR - Jugador 779 [NO ENCONTRADO]
[00:30:21.374] ERROR - Jugador 778 [NO ENCONTRADO]
[00:30:21.382] ERROR - Jugador 780 [NO ENCONTRADO]
[00:30:21.542] ERROR - Jugador 781 [NO ENCONTRADO]
[00:30:21.589] ERROR - Jugador 782 [NO ENCONTRADO]
[00:30:21.597] INFO - Escribiendo historial market-value del jugador 775 (253 values)
[00:30:21.599] INFO - Jugador 775 almacenado correctamente
[00:30:21.688] ERROR - Jugador 783 [out_of_league]
[00:30:21.703] ERROR - Jugador 784 [NO ENCONTRADO]
[00:30:21.707] ERROR - Jugador 785 [NO ENCONTRADO]
[00:30:21.920] ERROR - Jugador 787 [NO ENCONTRADO]
[00:30:21.932] ERROR - Jugador 788 [out_of_league]
[00:30:22.018] ERROR - Jugador 789 [out_of_league]
[00:30:22.044] ERROR - Jugador 790 [NO ENCONTRADO]
[00:30:22.048] ERROR - Jugador 791 [NO ENCONTRADO]
[00:30:22.131] WARNING - requests.exceptions.ReadTimeout (Tiempo de espera agotado para request 360)
Traceback (most recent call last):
  File "/opt/hostedtoolcache/Python/3.9.18/x64/lib/python3.9/site-packages/urllib3/connectionpool.py", line 467, in _make_request
    six.raise_from(e, None)
  File "<string>", line 3, in raise_from
  File "/opt/hostedtoolcache/Python/3.9.18/x64/lib/python3.9/site-packages/urllib3/connectionpool.py", line 462, in _make_request
    httplib_response = conn.getresponse()
  File "/opt/hostedtoolcache/Python/3.9.18/x64/lib/python3.9/http/client.py", line 1377, in getresponse
    response.begin()
  File "/opt/hostedtoolcache/Python/3.9.18/x64/lib/python3.9/http/client.py", line 320, in begin
    version, status, reason = self._read_status()
  File "/opt/hostedtoolcache/Python/3.9.18/x64/lib/python3.9/http/client.py", line 281, in _read_status
    line = str(self.fp.readline(_MAXLINE + 1), "iso-8859-1")
  File "/opt/hostedtoolcache/Python/3.9.18/x64/lib/python3.9/socket.py", line 704, in readinto
    return self._sock.recv_into(b)
  File "/opt/hostedtoolcache/Python/3.9.18/x64/lib/python3.9/ssl.py", line 1275, in recv_into
    return self.read(nbytes, buffer)
  File "/opt/hostedtoolcache/Python/3.9.18/x64/lib/python3.9/ssl.py", line 1133, in read
    return self._sslobj.read(len, buffer)
socket.timeout: The read operation timed out

During handling of the above exception, another exception occurred:

Traceback (most recent call last):
  File "/opt/hostedtoolcache/Python/3.9.18/x64/lib/python3.9/site-packages/requests/adapters.py", line 489, in send
    resp = conn.urlopen(
  File "/opt/hostedtoolcache/Python/3.9.18/x64/lib/python3.9/site-packages/urllib3/connectionpool.py", line 799, in urlopen
    retries = retries.increment(
  File "/opt/hostedtoolcache/Python/3.9.18/x64/lib/python3.9/site-packages/urllib3/util/retry.py", line 550, in increment
    raise six.reraise(type(error), error, _stacktrace)
  File "/opt/hostedtoolcache/Python/3.9.18/x64/lib/python3.9/site-packages/urllib3/packages/six.py", line 770, in reraise
    raise value
  File "/opt/hostedtoolcache/Python/3.9.18/x64/lib/python3.9/site-packages/urllib3/connectionpool.py", line 715, in urlopen
    httplib_response = self._make_request(
  File "/opt/hostedtoolcache/Python/3.9.18/x64/lib/python3.9/site-packages/urllib3/connectionpool.py", line 469, in _make_request
    self._raise_timeout(err=e, url=url, timeout_value=read_timeout)
  File "/opt/hostedtoolcache/Python/3.9.18/x64/lib/python3.9/site-packages/urllib3/connectionpool.py", line 358, in _raise_timeout
    raise ReadTimeoutError(
urllib3.exceptions.ReadTimeoutError: HTTPSConnectionPool(host='api.laligafantasymarca.com', port=443): Read timed out. (read timeout=30)

During handling of the above exception, another exception occurred:

Traceback (most recent call last):
  File "<string>", line 171, in multithread_scrape_player_aux
  File "/opt/hostedtoolcache/Python/3.9.18/x64/lib/python3.9/site-packages/requests/api.py", line 73, in get
    return request("get", url, params=params, **kwargs)
  File "/opt/hostedtoolcache/Python/3.9.18/x64/lib/python3.9/site-packages/requests/api.py", line 59, in request
    return session.request(method=method, url=url, **kwargs)
  File "/opt/hostedtoolcache/Python/3.9.18/x64/lib/python3.9/site-packages/requests/sessions.py", line 587, in request
    resp = self.send(prep, **send_kwargs)
  File "/opt/hostedtoolcache/Python/3.9.18/x64/lib/python3.9/site-packages/requests/sessions.py", line 701, in send
    r = adapter.send(request, **kwargs)
  File "/opt/hostedtoolcache/Python/3.9.18/x64/lib/python3.9/site-packages/requests/adapters.py", line 578, in send
    raise ReadTimeout(e, request=request)
requests.exceptions.ReadTimeout: HTTPSConnectionPool(host='api.laligafantasymarca.com', port=443): Read timed out. (read timeout=30)
[00:30:22.251] ERROR - Jugador 792 [NO ENCONTRADO]
[00:30:22.274] INFO - Escribiendo historial market-value del jugador 786 (253 values)
[00:30:22.278] INFO - Jugador 786 almacenado correctamente
[00:30:22.288] ERROR - Jugador 793 [out_of_league]
[00:30:22.344] ERROR - Jugador 794 [out_of_league]
[00:30:22.364] ERROR - Jugador 795 [NO ENCONTRADO]
[00:30:22.368] ERROR - Jugador 796 [NO ENCONTRADO]
[00:30:22.440] ERROR - Jugador 797 [NO ENCONTRADO]
[00:30:22.561] ERROR - Jugador 798 [NO ENCONTRADO]
[00:30:22.566] WARNING - requests.exceptions.ReadTimeout (Tiempo de espera agotado para request 375)
Traceback (most recent call last):
  File "/opt/hostedtoolcache/Python/3.9.18/x64/lib/python3.9/site-packages/urllib3/connectionpool.py", line 467, in _make_request
    six.raise_from(e, None)
  File "<string>", line 3, in raise_from
  File "/opt/hostedtoolcache/Python/3.9.18/x64/lib/python3.9/site-packages/urllib3/connectionpool.py", line 462, in _make_request
    httplib_response = conn.getresponse()
  File "/opt/hostedtoolcache/Python/3.9.18/x64/lib/python3.9/http/client.py", line 1377, in getresponse
    response.begin()
  File "/opt/hostedtoolcache/Python/3.9.18/x64/lib/python3.9/http/client.py", line 320, in begin
    version, status, reason = self._read_status()
  File "/opt/hostedtoolcache/Python/3.9.18/x64/lib/python3.9/http/client.py", line 281, in _read_status
    line = str(self.fp.readline(_MAXLINE + 1), "iso-8859-1")
  File "/opt/hostedtoolcache/Python/3.9.18/x64/lib/python3.9/socket.py", line 704, in readinto
    return self._sock.recv_into(b)
  File "/opt/hostedtoolcache/Python/3.9.18/x64/lib/python3.9/ssl.py", line 1275, in recv_into
    return self.read(nbytes, buffer)
  File "/opt/hostedtoolcache/Python/3.9.18/x64/lib/python3.9/ssl.py", line 1133, in read
    return self._sslobj.read(len, buffer)
socket.timeout: The read operation timed out

During handling of the above exception, another exception occurred:

Traceback (most recent call last):
  File "/opt/hostedtoolcache/Python/3.9.18/x64/lib/python3.9/site-packages/requests/adapters.py", line 489, in send
    resp = conn.urlopen(
  File "/opt/hostedtoolcache/Python/3.9.18/x64/lib/python3.9/site-packages/urllib3/connectionpool.py", line 799, in urlopen
    retries = retries.increment(
  File "/opt/hostedtoolcache/Python/3.9.18/x64/lib/python3.9/site-packages/urllib3/util/retry.py", line 550, in increment
    raise six.reraise(type(error), error, _stacktrace)
  File "/opt/hostedtoolcache/Python/3.9.18/x64/lib/python3.9/site-packages/urllib3/packages/six.py", line 770, in reraise
    raise value
  File "/opt/hostedtoolcache/Python/3.9.18/x64/lib/python3.9/site-packages/urllib3/connectionpool.py", line 715, in urlopen
    httplib_response = self._make_request(
  File "/opt/hostedtoolcache/Python/3.9.18/x64/lib/python3.9/site-packages/urllib3/connectionpool.py", line 469, in _make_request
    self._raise_timeout(err=e, url=url, timeout_value=read_timeout)
  File "/opt/hostedtoolcache/Python/3.9.18/x64/lib/python3.9/site-packages/urllib3/connectionpool.py", line 358, in _raise_timeout
    raise ReadTimeoutError(
urllib3.exceptions.ReadTimeoutError: HTTPSConnectionPool(host='api.laligafantasymarca.com', port=443): Read timed out. (read timeout=30)

During handling of the above exception, another exception occurred:

Traceback (most recent call last):
  File "<string>", line 165, in multithread_scrape_player_aux
  File "/opt/hostedtoolcache/Python/3.9.18/x64/lib/python3.9/site-packages/requests/api.py", line 73, in get
    return request("get", url, params=params, **kwargs)
  File "/opt/hostedtoolcache/Python/3.9.18/x64/lib/python3.9/site-packages/requests/api.py", line 59, in request
    return session.request(method=method, url=url, **kwargs)
  File "/opt/hostedtoolcache/Python/3.9.18/x64/lib/python3.9/site-packages/requests/sessions.py", line 587, in request
    resp = self.send(prep, **send_kwargs)
  File "/opt/hostedtoolcache/Python/3.9.18/x64/lib/python3.9/site-packages/requests/sessions.py", line 701, in send
    r = adapter.send(request, **kwargs)
  File "/opt/hostedtoolcache/Python/3.9.18/x64/lib/python3.9/site-packages/requests/adapters.py", line 578, in send
    raise ReadTimeout(e, request=request)
requests.exceptions.ReadTimeout: HTTPSConnectionPool(host='api.laligafantasymarca.com', port=443): Read timed out. (read timeout=30)
[00:30:22.603] ERROR - Jugador 799 [NO ENCONTRADO]
[00:30:22.606] ERROR - Jugador 800 [NO ENCONTRADO]
[00:30:22.693] ERROR - Jugador 803 [NO ENCONTRADO]
[00:30:22.702] ERROR - Jugador 802 [out_of_league]
[00:30:22.898] ERROR - Jugador 806 [out_of_league]
[00:30:22.938] ERROR - Jugador 807 [out_of_league]
[00:30:22.944] ERROR - Jugador 808 [out_of_league]
[00:30:23.044] ERROR - Jugador 810 [out_of_league]
[00:30:23.089] INFO - Escribiendo historial market-value del jugador 801 (239 values)
[00:30:23.094] INFO - Jugador 801 almacenado correctamente
[00:30:23.171] INFO - Escribiendo historial market-value del jugador 804 (253 values)
[00:30:23.175] INFO - Jugador 804 almacenado correctamente
[00:30:23.219] ERROR - Jugador 811 [NO ENCONTRADO]
[00:30:23.314] INFO - Escribiendo historial market-value del jugador 805 (253 values)
[00:30:23.317] INFO - Jugador 805 almacenado correctamente
[00:30:23.371] ERROR - Jugador 814 [out_of_league]
[00:30:23.432] ERROR - Jugador 815 [out_of_league]
[00:30:23.445] INFO - Escribiendo historial market-value del jugador 809 (246 values)
[00:30:23.451] INFO - Jugador 809 almacenado correctamente
[00:30:23.555] ERROR - Jugador 816 [out_of_league]
[00:30:23.680] INFO - Escribiendo historial market-value del jugador 812 (253 values)
[00:30:23.684] INFO - Jugador 812 almacenado correctamente
[00:30:23.689] ERROR - Jugador 818 [out_of_league]
[00:30:23.691] ERROR - Jugador 819 [NO ENCONTRADO]
[00:30:23.695] INFO - Escribiendo historial market-value del jugador 813 (239 values)
[00:30:23.698] INFO - Jugador 813 almacenado correctamente
[00:30:23.739] ERROR - Jugador 820 [NO ENCONTRADO]
[00:30:23.762] ERROR - Jugador 821 [NO ENCONTRADO]
[00:30:23.884] ERROR - Jugador 822 [out_of_league]
[00:30:23.950] INFO - Escribiendo historial market-value del jugador 817 (253 values)
[00:30:23.954] INFO - Jugador 817 almacenado correctamente
[00:30:24.031] ERROR - Jugador 824 [NO ENCONTRADO]
[00:30:24.037] ERROR - Jugador 823 [NO ENCONTRADO]
[00:30:24.043] ERROR - Jugador 826 [NO ENCONTRADO]
[00:30:24.049] ERROR - Jugador 825 [NO ENCONTRADO]
[00:30:24.077] ERROR - Jugador 827 [NO ENCONTRADO]
[00:30:24.090] ERROR - Jugador 828 [NO ENCONTRADO]
[00:30:24.194] ERROR - Jugador 829 [NO ENCONTRADO]
[00:30:24.269] ERROR - Jugador 830 [NO ENCONTRADO]
[00:30:24.374] ERROR - Jugador 831 [NO ENCONTRADO]
[00:30:24.381] ERROR - Jugador 832 [NO ENCONTRADO]
[00:30:24.410] ERROR - Jugador 833 [NO ENCONTRADO]
[00:30:24.411] ERROR - Jugador 834 [NO ENCONTRADO]
[00:30:24.421] ERROR - Jugador 835 [NO ENCONTRADO]
[00:30:24.423] ERROR - Jugador 836 [NO ENCONTRADO]
[00:30:24.516] ERROR - Jugador 837 [NO ENCONTRADO]
[00:30:24.591] ERROR - Jugador 838 [out_of_league]
[00:30:24.700] ERROR - Jugador 839 [NO ENCONTRADO]
[00:30:24.723] ERROR - Jugador 840 [NO ENCONTRADO]
[00:30:24.779] ERROR - Jugador 843 [out_of_league]
[00:30:24.783] ERROR - Jugador 842 [out_of_league]
[00:30:24.783] ERROR - Jugador 841 [out_of_league]
[00:30:24.788] ERROR - Jugador 844 [out_of_league]
[00:30:24.857] ERROR - Jugador 845 [out_of_league]
[00:30:24.929] ERROR - Jugador 846 [out_of_league]
[00:30:25.014] ERROR - Jugador 847 [NO ENCONTRADO]
[00:30:25.038] ERROR - Jugador 848 [NO ENCONTRADO]
[00:30:25.136] ERROR - Jugador 852 [NO ENCONTRADO]
[00:30:25.148] ERROR - Jugador 849 [NO ENCONTRADO]
[00:30:25.156] ERROR - Jugador 851 [out_of_league]
[00:30:25.246] ERROR - Jugador 854 [NO ENCONTRADO]
[00:30:25.473] ERROR - Jugador 857 [out_of_league]
[00:30:25.502] ERROR - Jugador 858 [out_of_league]
[00:30:25.570] ERROR - Jugador 860 [NO ENCONTRADO]
[00:30:25.574] INFO - Escribiendo historial market-value del jugador 853 (253 values)
[00:30:25.579] INFO - Jugador 853 almacenado correctamente
[00:30:25.583] INFO - Escribiendo historial market-value del jugador 850 (253 values)
[00:30:25.592] INFO - Jugador 850 almacenado correctamente
[00:30:25.669] INFO - Escribiendo historial market-value del jugador 855 (253 values)
[00:30:25.670] INFO - Jugador 855 almacenado correctamente
[00:30:25.779] INFO - Escribiendo historial market-value del jugador 856 (253 values)
[00:30:25.785] INFO - Jugador 856 almacenado correctamente
[00:30:25.802] ERROR - Jugador 861 [NO ENCONTRADO]
[00:30:25.818] ERROR - Jugador 862 [NO ENCONTRADO]
[00:30:25.939] ERROR - Jugador 865 [NO ENCONTRADO]
[00:30:25.945] INFO - Escribiendo historial market-value del jugador 859 (242 values)
[00:30:25.950] INFO - Jugador 859 almacenado correctamente
[00:30:25.950] ERROR - Jugador 864 [out_of_league]
[00:30:25.987] ERROR - Jugador 866 [NO ENCONTRADO]
[00:30:26.017] ERROR - Jugador 863 [out_of_league]
[00:30:26.102] ERROR - Jugador 867 [NO ENCONTRADO]
[00:30:26.140] ERROR - Jugador 868 [out_of_league]
[00:30:26.143] ERROR - Jugador 869 [NO ENCONTRADO]
[00:30:26.283] ERROR - Jugador 872 [NO ENCONTRADO]
[00:30:26.299] ERROR - Jugador 870 [out_of_league]
[00:30:26.299] ERROR - Jugador 871 [NO ENCONTRADO]
[00:30:26.431] ERROR - Jugador 875 [out_of_league]
[00:30:26.472] ERROR - Jugador 877 [out_of_league]
[00:30:26.608] ERROR - Jugador 878 [NO ENCONTRADO]
[00:30:26.621] ERROR - Jugador 879 [NO ENCONTRADO]
[00:30:26.642] ERROR - Jugador 880 [out_of_league]
[00:30:26.751] INFO - Escribiendo historial market-value del jugador 874 (201 values)
[00:30:26.756] INFO - Jugador 874 almacenado correctamente
[00:30:26.773] INFO - Escribiendo historial market-value del jugador 873 (253 values)
[00:30:26.777] INFO - Jugador 873 almacenado correctamente
[00:30:26.783] ERROR - Jugador 881 [out_of_league]
[00:30:26.891] INFO - Escribiendo historial market-value del jugador 876 (253 values)
[00:30:26.894] INFO - Jugador 876 almacenado correctamente
[00:30:26.933] ERROR - Jugador 883 [out_of_league]
[00:30:26.956] ERROR - Jugador 884 [out_of_league]
[00:30:26.991] ERROR - Jugador 885 [out_of_league]
[00:30:27.123] ERROR - Jugador 887 [out_of_league]
[00:30:27.127] ERROR - Jugador 888 [out_of_league]
[00:30:27.196] INFO - Escribiendo historial market-value del jugador 882 (253 values)
[00:30:27.199] INFO - Jugador 882 almacenado correctamente
[00:30:27.251] ERROR - Jugador 890 [NO ENCONTRADO]
[00:30:27.278] ERROR - Jugador 891 [NO ENCONTRADO]
[00:30:27.303] ERROR - Jugador 892 [NO ENCONTRADO]
[00:30:27.453] ERROR - Jugador 893 [NO ENCONTRADO]
[00:30:27.508] INFO - Escribiendo historial market-value del jugador 886 (213 values)
[00:30:27.511] INFO - Jugador 886 almacenado correctamente
[00:30:27.525] ERROR - Jugador 895 [out_of_league]
[00:30:27.580] ERROR - Jugador 896 [out_of_league]
[00:30:27.646] ERROR - Jugador 897 [out_of_league]
[00:30:27.655] INFO - Escribiendo historial market-value del jugador 889 (253 values)
[00:30:27.659] INFO - Jugador 889 almacenado correctamente
[00:30:27.764] ERROR - Jugador 899 [NO ENCONTRADO]
[00:30:27.844] ERROR - Jugador 900 [NO ENCONTRADO]
[00:30:27.885] INFO - Escribiendo historial market-value del jugador 894 (214 values)
[00:30:27.888] INFO - Jugador 894 almacenado correctamente
[00:30:27.903] ERROR - Jugador 902 [out_of_league]
[00:30:27.969] ERROR - Jugador 903 [NO ENCONTRADO]
[00:30:27.997] ERROR - Jugador 904 [out_of_league]
[00:30:28.054] INFO - Escribiendo historial market-value del jugador 898 (253 values)
[00:30:28.057] INFO - Jugador 898 almacenado correctamente
[00:30:28.155] ERROR - Jugador 906 [NO ENCONTRADO]
[00:30:28.206] ERROR - Jugador 907 [NO ENCONTRADO]
[00:30:28.249] INFO - Escribiendo historial market-value del jugador 901 (253 values)
[00:30:28.251] INFO - Jugador 901 almacenado correctamente
[00:30:28.286] ERROR - Jugador 909 [NO ENCONTRADO]
[00:30:28.323] ERROR - Jugador 910 [out_of_league]
[00:30:28.374] ERROR - Jugador 911 [NO ENCONTRADO]
[00:30:28.459] INFO - Escribiendo historial market-value del jugador 905 (253 values)
[00:30:28.461] INFO - Jugador 905 almacenado correctamente
[00:30:28.539] ERROR - Jugador 913 [out_of_league]
[00:30:28.563] ERROR - Jugador 914 [NO ENCONTRADO]
[00:30:28.597] ERROR - Jugador 915 [NO ENCONTRADO]
[00:30:28.647] ERROR - Jugador 916 [NO ENCONTRADO]
[00:30:28.660] INFO - Escribiendo historial market-value del jugador 908 (253 values)
[00:30:28.668] INFO - Jugador 908 almacenado correctamente
[00:30:28.702] ERROR - Jugador 917 [NO ENCONTRADO]
[00:30:28.876] INFO - Escribiendo historial market-value del jugador 912 (253 values)
[00:30:28.878] ERROR - Jugador 919 [out_of_league]
[00:30:28.882] INFO - Jugador 912 almacenado correctamente
[00:30:28.887] ERROR - Jugador 920 [NO ENCONTRADO]
[00:30:28.912] ERROR - Jugador 921 [NO ENCONTRADO]
[00:30:28.973] ERROR - Jugador 922 [out_of_league]
[00:30:28.991] ERROR - Jugador 923 [out_of_league]
[00:30:29.150] INFO - Escribiendo historial market-value del jugador 918 (253 values)
[00:30:29.152] INFO - Jugador 918 almacenado correctamente
[00:30:29.225] ERROR - Jugador 926 [NO ENCONTRADO]
[00:30:29.237] ERROR - Jugador 925 [out_of_league]
[00:30:29.258] ERROR - Jugador 928 [out_of_league]
[00:30:29.285] ERROR - Jugador 929 [NO ENCONTRADO]
[00:30:29.311] ERROR - Jugador 930 [NO ENCONTRADO]
[00:30:29.414] INFO - Escribiendo historial market-value del jugador 924 (193 values)
[00:30:29.417] INFO - Jugador 924 almacenado correctamente
[00:30:29.465] ERROR - Jugador 931 [NO ENCONTRADO]
[00:30:29.540] ERROR - Jugador 932 [NO ENCONTRADO]
[00:30:29.554] ERROR - Jugador 933 [NO ENCONTRADO]
[00:30:29.574] ERROR - Jugador 934 [NO ENCONTRADO]
[00:30:29.599] ERROR - Jugador 935 [NO ENCONTRADO]
[00:30:29.638] ERROR - Jugador 936 [NO ENCONTRADO]
[00:30:29.665] INFO - Escribiendo historial market-value del jugador 927 (253 values)
[00:30:29.671] INFO - Jugador 927 almacenado correctamente
[00:30:29.728] ERROR - Jugador 937 [NO ENCONTRADO]
[00:30:29.792] ERROR - Jugador 938 [out_of_league]
[00:30:29.879] ERROR - Jugador 940 [NO ENCONTRADO]
[00:30:29.900] ERROR - Jugador 941 [NO ENCONTRADO]
[00:30:29.964] ERROR - Jugador 943 [out_of_league]
[00:30:30.044] ERROR - Jugador 945 [NO ENCONTRADO]
[00:30:30.104] ERROR - Jugador 946 [NO ENCONTRADO]
[00:30:30.231] ERROR - Jugador 948 [out_of_league]
[00:30:30.264] INFO - Escribiendo historial market-value del jugador 939 (223 values)
[00:30:30.268] INFO - Jugador 939 almacenado correctamente
[00:30:30.276] ERROR - Jugador 949 [NO ENCONTRADO]
[00:30:30.340] INFO - Escribiendo historial market-value del jugador 942 (253 values)
[00:30:30.346] INFO - Jugador 942 almacenado correctamente
[00:30:30.371] INFO - Escribiendo historial market-value del jugador 944 (253 values)
[00:30:30.375] INFO - Jugador 944 almacenado correctamente
[00:30:30.386] ERROR - Jugador 950 [out_of_league]
[00:30:30.422] ERROR - Jugador 951 [out_of_league]
[00:30:30.557] ERROR - Jugador 952 [out_of_league]
[00:30:30.620] ERROR - Jugador 954 [out_of_league]
[00:30:30.621] INFO - Escribiendo historial market-value del jugador 947 (253 values)
[00:30:30.625] ERROR - Jugador 953 [out_of_league]
[00:30:30.630] INFO - Jugador 947 almacenado correctamente
[00:30:30.673] ERROR - Jugador 955 [out_of_league]
[00:30:30.712] ERROR - Jugador 956 [NO ENCONTRADO]
[00:30:30.715] ERROR - Jugador 957 [NO ENCONTRADO]
[00:30:30.756] ERROR - Jugador 958 [out_of_league]
[00:30:30.885] ERROR - Jugador 959 [out_of_league]
[00:30:30.958] ERROR - Jugador 962 [NO ENCONTRADO]
[00:30:30.971] ERROR - Jugador 960 [NO ENCONTRADO]
[00:30:30.987] ERROR - Jugador 961 [out_of_league]
[00:30:31.000] ERROR - Jugador 963 [out_of_league]
[00:30:31.034] ERROR - Jugador 964 [NO ENCONTRADO]
[00:30:31.049] ERROR - Jugador 965 [out_of_league]
[00:30:31.074] ERROR - Jugador 966 [NO ENCONTRADO]
[00:30:31.197] ERROR - Jugador 967 [NO ENCONTRADO]
[00:30:31.308] ERROR - Jugador 968 [out_of_league]
[00:30:31.320] ERROR - Jugador 969 [out_of_league]
[00:30:31.325] ERROR - Jugador 970 [NO ENCONTRADO]
[00:30:31.337] ERROR - Jugador 971 [NO ENCONTRADO]
[00:30:31.365] ERROR - Jugador 972 [NO ENCONTRADO]
[00:30:31.413] ERROR - Jugador 974 [out_of_league]
[00:30:31.526] ERROR - Jugador 975 [out_of_league]
[00:30:31.661] ERROR - Jugador 976 [out_of_league]
[00:30:31.675] ERROR - Jugador 977 [out_of_league]
[00:30:31.678] ERROR - Jugador 979 [NO ENCONTRADO]
[00:30:31.722] ERROR - Jugador 981 [NO ENCONTRADO]
[00:30:31.785] INFO - Escribiendo historial market-value del jugador 973 (207 values)
[00:30:31.789] INFO - Jugador 973 almacenado correctamente
[00:30:31.849] ERROR - Jugador 982 [out_of_league]
[00:30:31.979] ERROR - Jugador 983 [NO ENCONTRADO]
[00:30:32.007] ERROR - Jugador 985 [NO ENCONTRADO]
[00:30:32.025] ERROR - Jugador 984 [out_of_league]
[00:30:32.050] ERROR - Jugador 986 [out_of_league]
[00:30:32.080] INFO - Escribiendo historial market-value del jugador 978 (225 values)
[00:30:32.083] INFO - Jugador 978 almacenado correctamente
[00:30:32.131] ERROR - Jugador 987 [out_of_league]
[00:30:32.131] INFO - Escribiendo historial market-value del jugador 980 (207 values)
[00:30:32.139] INFO - Jugador 980 almacenado correctamente
[00:30:32.304] ERROR - Jugador 989 [out_of_league]
[00:30:32.322] ERROR - Jugador 990 [NO ENCONTRADO]
[00:30:32.364] ERROR - Jugador 992 [NO ENCONTRADO]
[00:30:32.450] ERROR - Jugador 994 [NO ENCONTRADO]
[00:30:32.460] ERROR - Jugador 993 [out_of_league]
[00:30:32.584] INFO - Escribiendo historial market-value del jugador 988 (253 values)
[00:30:32.590] INFO - Jugador 988 almacenado correctamente
[00:30:32.633] ERROR - Jugador 997 [NO ENCONTRADO]
[00:30:32.675] ERROR - Jugador 998 [NO ENCONTRADO]
[00:30:32.781] ERROR - Jugador 999 [NO ENCONTRADO]
[00:30:32.807] INFO - Escribiendo historial market-value del jugador 991 (253 values)
[00:30:32.811] INFO - Jugador 991 almacenado correctamente
[00:30:32.826] ERROR - Jugador 1000 [out_of_league]
[00:30:32.834] INFO - Escribiendo historial market-value del jugador 995 (253 values)
[00:30:32.837] INFO - Jugador 995 almacenado correctamente
[00:30:32.928] ERROR - Jugador 1001 [out_of_league]
[00:30:32.943] ERROR - Jugador 1002 [NO ENCONTRADO]
[00:30:32.992] ERROR - Jugador 1003 [NO ENCONTRADO]
[00:30:33.044] INFO - Escribiendo historial market-value del jugador 996 (253 values)
[00:30:33.050] INFO - Jugador 996 almacenado correctamente
[00:30:33.152] ERROR - Jugador 1005 [out_of_league]
[00:30:33.165] ERROR - Jugador 1007 [NO ENCONTRADO]
[00:30:33.177] ERROR - Jugador 1006 [out_of_league]
[00:30:33.268] ERROR - Jugador 1008 [out_of_league]
[00:30:33.278] ERROR - Jugador 1009 [out_of_league]
[00:30:33.370] ERROR - Jugador 1011 [NO ENCONTRADO]
[00:30:33.468] ERROR - Jugador 1012 [NO ENCONTRADO]
[00:30:33.510] ERROR - Jugador 1013 [NO ENCONTRADO]
[00:30:33.516] ERROR - Jugador 1014 [NO ENCONTRADO]
[00:30:33.528] INFO - Escribiendo historial market-value del jugador 1004 (235 values)
[00:30:33.531] INFO - Jugador 1004 almacenado correctamente
[00:30:33.607] ERROR - Jugador 1015 [out_of_league]
[00:30:33.615] ERROR - Jugador 1016 [out_of_league]
[00:30:33.700] ERROR - Jugador 1017 [out_of_league]
[00:30:33.712] INFO - Escribiendo historial market-value del jugador 1010 (199 values)
[00:30:33.716] INFO - Jugador 1010 almacenado correctamente
[00:30:33.777] ERROR - Jugador 1018 [NO ENCONTRADO]
[00:30:33.845] ERROR - Jugador 1019 [NO ENCONTRADO]
[00:30:33.848] ERROR - Jugador 1020 [NO ENCONTRADO]
[00:30:33.866] ERROR - Jugador 1021 [out_of_league]
[00:30:33.951] ERROR - Jugador 1023 [out_of_league]
[00:30:34.106] ERROR - Jugador 1026 [out_of_league]
[00:30:34.185] ERROR - Jugador 1028 [NO ENCONTRADO]
[00:30:34.185] ERROR - Jugador 1027 [NO ENCONTRADO]
[00:30:34.279] ERROR - Jugador 1030 [out_of_league]
[00:30:34.353] INFO - Escribiendo historial market-value del jugador 1022 (253 values)
[00:30:34.357] INFO - Jugador 1022 almacenado correctamente
[00:30:34.373] INFO - Escribiendo historial market-value del jugador 1025 (63 values)
[00:30:34.374] INFO - Jugador 1025 almacenado correctamente
[00:30:34.441] INFO - Escribiendo historial market-value del jugador 1024 (213 values)
[00:30:34.445] INFO - Jugador 1024 almacenado correctamente
[00:30:34.602] ERROR - Jugador 1034 [NO ENCONTRADO]
[00:30:34.606] INFO - Escribiendo historial market-value del jugador 1029 (253 values)
[00:30:34.612] INFO - Jugador 1029 almacenado correctamente
[00:30:34.674] ERROR - Jugador 1035 [NO ENCONTRADO]
[00:30:34.698] ERROR - Jugador 1036 [out_of_league]
[00:30:34.768] ERROR - Jugador 1037 [out_of_league]
[00:30:34.849] INFO - Escribiendo historial market-value del jugador 1031 (232 values)
[00:30:34.853] INFO - Jugador 1031 almacenado correctamente
[00:30:34.937] ERROR - Jugador 1038 [NO ENCONTRADO]
[00:30:34.968] INFO - Escribiendo historial market-value del jugador 1033 (225 values)
[00:30:34.971] INFO - Escribiendo historial market-value del jugador 1032 (253 values)
[00:30:34.977] INFO - Jugador 1033 almacenado correctamente
[00:30:34.981] INFO - Jugador 1032 almacenado correctamente
[00:30:34.997] ERROR - Jugador 1040 [out_of_league]
[00:30:35.005] ERROR - Jugador 1041 [NO ENCONTRADO]
[00:30:35.168] ERROR - Jugador 1043 [NO ENCONTRADO]
[00:30:35.268] ERROR - Jugador 1044 [out_of_league]
[00:30:35.310] ERROR - Jugador 1045 [NO ENCONTRADO]
[00:30:35.353] ERROR - Jugador 1047 [out_of_league]
[00:30:35.364] ERROR - Jugador 1048 [out_of_league]
[00:30:35.384] INFO - Escribiendo historial market-value del jugador 1039 (253 values)
[00:30:35.387] INFO - Jugador 1039 almacenado correctamente
[00:30:35.493] INFO - Escribiendo historial market-value del jugador 1042 (231 values)
[00:30:35.496] INFO - Jugador 1042 almacenado correctamente
[00:30:35.682] ERROR - Jugador 1052 [out_of_league]
[00:30:35.701] ERROR - Jugador 1053 [out_of_league]
[00:30:35.720] ERROR - Jugador 1054 [out_of_league]
[00:30:35.755] INFO - Escribiendo historial market-value del jugador 1046 (253 values)
[00:30:35.759] INFO - Jugador 1046 almacenado correctamente
[00:30:35.824] ERROR - Jugador 1055 [out_of_league]
[00:30:35.877] INFO - Escribiendo historial market-value del jugador 1049 (253 values)
[00:30:35.880] INFO - Jugador 1049 almacenado correctamente
[00:30:36.020] INFO - Escribiendo historial market-value del jugador 1050 (213 values)
[00:30:36.024] INFO - Jugador 1050 almacenado correctamente
[00:30:36.053] ERROR - Jugador 1057 [out_of_league]
[00:30:36.063] ERROR - Jugador 1058 [out_of_league]
[00:30:36.083] INFO - Escribiendo historial market-value del jugador 1051 (253 values)
[00:30:36.086] INFO - Jugador 1051 almacenado correctamente
[00:30:36.093] ERROR - Jugador 1059 [out_of_league]
[00:30:36.156] ERROR - Jugador 1060 [out_of_league]
[00:30:36.205] ERROR - Jugador 1061 [out_of_league]
[00:30:36.347] ERROR - Jugador 1062 [out_of_league]
[00:30:36.439] ERROR - Jugador 1065 [out_of_league]
[00:30:36.443] ERROR - Jugador 1066 [out_of_league]
[00:30:36.454] INFO - Escribiendo historial market-value del jugador 1056 (224 values)
[00:30:36.460] INFO - Jugador 1056 almacenado correctamente
[00:30:36.485] ERROR - Jugador 1067 [out_of_league]
[00:30:36.530] ERROR - Jugador 1068 [out_of_league]
[00:30:36.798] ERROR - Jugador 1071 [out_of_league]
[00:30:36.842] INFO - Escribiendo historial market-value del jugador 1063 (253 values)
[00:30:36.846] INFO - Jugador 1063 almacenado correctamente
[00:30:36.852] INFO - Escribiendo historial market-value del jugador 1064 (253 values)
[00:30:36.856] INFO - Jugador 1064 almacenado correctamente
[00:30:36.874] ERROR - Jugador 1074 [out_of_league]
[00:30:37.110] INFO - Escribiendo historial market-value del jugador 1069 (253 values)
[00:30:37.114] INFO - Jugador 1069 almacenado correctamente
[00:30:37.139] ERROR - Jugador 1075 [out_of_league]
[00:30:37.194] ERROR - Jugador 1076 [out_of_league]
[00:30:37.210] ERROR - Jugador 1077 [out_of_league]
[00:30:37.221] INFO - Escribiendo historial market-value del jugador 1070 (246 values)
[00:30:37.224] INFO - Jugador 1070 almacenado correctamente
[00:30:37.228] ERROR - Jugador 1078 [out_of_league]
[00:30:37.259] INFO - Escribiendo historial market-value del jugador 1073 (253 values)
[00:30:37.264] INFO - Jugador 1073 almacenado correctamente
[00:30:37.269] INFO - Escribiendo historial market-value del jugador 1072 (253 values)
[00:30:37.273] INFO - Jugador 1072 almacenado correctamente
[00:30:37.429] ERROR - Jugador 1079 [NO ENCONTRADO]
[00:30:37.470] ERROR - Jugador 1080 [out_of_league]
[00:30:37.544] ERROR - Jugador 1082 [NO ENCONTRADO]
[00:30:37.585] ERROR - Jugador 1083 [out_of_league]
[00:30:37.588] ERROR - Jugador 1084 [out_of_league]
[00:30:37.595] ERROR - Jugador 1085 [NO ENCONTRADO]
[00:30:37.602] ERROR - Jugador 1086 [NO ENCONTRADO]
[00:30:37.756] ERROR - Jugador 1087 [out_of_league]
[00:30:37.872] ERROR - Jugador 1089 [out_of_league]
[00:30:37.972] ERROR - Jugador 1092 [out_of_league]
[00:30:37.972] INFO - Escribiendo historial market-value del jugador 1081 (253 values)
[00:30:37.985] INFO - Jugador 1081 almacenado correctamente
[00:30:38.027] ERROR - Jugador 1093 [out_of_league]
[00:30:38.091] ERROR - Jugador 1094 [out_of_league]
[00:30:38.216] INFO - Escribiendo historial market-value del jugador 1088 (253 values)
[00:30:38.219] ERROR - Jugador 1095 [out_of_league]
[00:30:38.222] INFO - Jugador 1088 almacenado correctamente
[00:30:38.333] INFO - Escribiendo historial market-value del jugador 1091 (253 values)
[00:30:38.336] INFO - Jugador 1091 almacenado correctamente
[00:30:38.349] INFO - Escribiendo historial market-value del jugador 1090 (253 values)
[00:30:38.352] INFO - Jugador 1090 almacenado correctamente
[00:30:38.380] ERROR - Jugador 1098 [out_of_league]
[00:30:38.559] ERROR - Jugador 1101 [out_of_league]
[00:30:38.669] ERROR - Jugador 1102 [out_of_league]
[00:30:38.720] ERROR - Jugador 1104 [out_of_league]
[00:30:38.735] INFO - Escribiendo historial market-value del jugador 1097 (253 values)
[00:30:38.740] INFO - Jugador 1097 almacenado correctamente
[00:30:38.745] INFO - Escribiendo historial market-value del jugador 1096 (231 values)
[00:30:38.749] INFO - Jugador 1096 almacenado correctamente
[00:30:38.791] INFO - Escribiendo historial market-value del jugador 1099 (213 values)
[00:30:38.794] INFO - Jugador 1099 almacenado correctamente
[00:30:38.877] ERROR - Jugador 1105 [NO ENCONTRADO]
[00:30:38.964] INFO - Escribiendo historial market-value del jugador 1100 (253 values)
[00:30:38.967] INFO - Jugador 1100 almacenado correctamente
[00:30:39.086] ERROR - Jugador 1109 [NO ENCONTRADO]
[00:30:39.098] ERROR - Jugador 1108 [out_of_league]
[00:30:39.128] INFO - Escribiendo historial market-value del jugador 1103 (253 values)
[00:30:39.132] INFO - Jugador 1103 almacenado correctamente
[00:30:39.137] ERROR - Jugador 1110 [out_of_league]
[00:30:39.196] ERROR - Jugador 1111 [NO ENCONTRADO]
[00:30:39.276] ERROR - Jugador 1112 [NO ENCONTRADO]
[00:30:39.442] ERROR - Jugador 1113 [NO ENCONTRADO]
[00:30:39.450] ERROR - Jugador 1114 [out_of_league]
[00:30:39.459] INFO - Escribiendo historial market-value del jugador 1106 (239 values)
[00:30:39.463] INFO - Jugador 1106 almacenado correctamente
[00:30:39.487] ERROR - Jugador 1115 [out_of_league]
[00:30:39.493] INFO - Escribiendo historial market-value del jugador 1107 (253 values)
[00:30:39.496] INFO - Jugador 1107 almacenado correctamente
[00:30:39.500] ERROR - Jugador 1116 [out_of_league]
[00:30:39.522] ERROR - Jugador 1117 [out_of_league]
[00:30:39.590] ERROR - Jugador 1118 [NO ENCONTRADO]
[00:30:39.782] ERROR - Jugador 1119 [out_of_league]
[00:30:39.785] ERROR - Jugador 1120 [out_of_league]
[00:30:39.850] ERROR - Jugador 1122 [out_of_league]
[00:30:39.868] ERROR - Jugador 1124 [out_of_league]
[00:30:39.874] ERROR - Jugador 1125 [out_of_league]
[00:30:39.916] ERROR - Jugador 1126 [NO ENCONTRADO]
[00:30:40.112] ERROR - Jugador 1128 [NO ENCONTRADO]
[00:30:40.130] ERROR - Jugador 1127 [out_of_league]
[00:30:40.181] ERROR - Jugador 1129 [out_of_league]
[00:30:40.254] INFO - Escribiendo historial market-value del jugador 1121 (253 values)
[00:30:40.258] INFO - Jugador 1121 almacenado correctamente
[00:30:40.276] INFO - Escribiendo historial market-value del jugador 1123 (253 values)
[00:30:40.279] INFO - Jugador 1123 almacenado correctamente
[00:30:40.503] ERROR - Jugador 1135 [out_of_league]
[00:30:40.583] ERROR - Jugador 1136 [out_of_league]
[00:30:40.622] ERROR - Jugador 1137 [NO ENCONTRADO]
[00:30:40.637] INFO - Escribiendo historial market-value del jugador 1131 (253 values)
[00:30:40.640] INFO - Jugador 1131 almacenado correctamente
[00:30:40.644] INFO - Escribiendo historial market-value del jugador 1130 (253 values)
[00:30:40.648] INFO - Jugador 1130 almacenado correctamente
[00:30:40.672] INFO - Escribiendo historial market-value del jugador 1132 (253 values)
[00:30:40.676] INFO - Jugador 1132 almacenado correctamente
[00:30:40.795] INFO - Escribiendo historial market-value del jugador 1133 (253 values)
[00:30:40.797] INFO - Jugador 1133 almacenado correctamente
[00:30:40.832] ERROR - Jugador 1138 [out_of_league]
[00:30:40.855] INFO - Escribiendo historial market-value del jugador 1134 (253 values)
[00:30:40.858] INFO - Jugador 1134 almacenado correctamente
[00:30:40.910] ERROR - Jugador 1139 [out_of_league]
[00:30:40.947] ERROR - Jugador 1140 [out_of_league]
[00:30:40.967] ERROR - Jugador 1142 [NO ENCONTRADO]
[00:30:40.970] ERROR - Jugador 1141 [NO ENCONTRADO]
[00:30:41.007] ERROR - Jugador 1143 [out_of_league]
[00:30:41.128] ERROR - Jugador 1144 [out_of_league]
[00:30:41.167] ERROR - Jugador 1145 [out_of_league]
[00:30:41.289] ERROR - Jugador 1149 [NO ENCONTRADO]
[00:30:41.293] ERROR - Jugador 1150 [NO ENCONTRADO]
[00:30:41.327] ERROR - Jugador 1151 [out_of_league]
[00:30:41.337] ERROR - Jugador 1148 [out_of_league]
[00:30:41.455] ERROR - Jugador 1152 [out_of_league]
[00:30:41.475] ERROR - Jugador 1153 [NO ENCONTRADO]
[00:30:41.595] INFO - Escribiendo historial market-value del jugador 1146 (253 values)
[00:30:41.601] INFO - Jugador 1146 almacenado correctamente
[00:30:41.626] ERROR - Jugador 1154 [out_of_league]
[00:30:41.666] INFO - Escribiendo historial market-value del jugador 1147 (253 values)
[00:30:41.669] ERROR - Jugador 1156 [NO ENCONTRADO]
[00:30:41.673] INFO - Jugador 1147 almacenado correctamente
[00:30:41.790] ERROR - Jugador 1158 [out_of_league]
[00:30:41.932] ERROR - Jugador 1160 [out_of_league]
[00:30:41.953] ERROR - Jugador 1161 [out_of_league]
[00:30:42.005] ERROR - Jugador 1162 [out_of_league]
[00:30:42.044] INFO - Escribiendo historial market-value del jugador 1155 (253 values)
[00:30:42.048] INFO - Jugador 1155 almacenado correctamente
[00:30:42.058] INFO - Escribiendo historial market-value del jugador 1157 (253 values)
[00:30:42.060] INFO - Jugador 1157 almacenado correctamente
[00:30:42.103] ERROR - Jugador 1164 [NO ENCONTRADO]
[00:30:42.157] INFO - Escribiendo historial market-value del jugador 1159 (253 values)
[00:30:42.160] INFO - Jugador 1159 almacenado correctamente
[00:30:42.328] ERROR - Jugador 1167 [out_of_league]
[00:30:42.422] INFO - Escribiendo historial market-value del jugador 1163 (253 values)
[00:30:42.423] ERROR - Jugador 1170 [NO ENCONTRADO]
[00:30:42.430] INFO - Jugador 1163 almacenado correctamente
[00:30:42.487] ERROR - Jugador 1171 [out_of_league]
[00:30:42.646] ERROR - Jugador 1172 [NO ENCONTRADO]
[00:30:42.670] INFO - Escribiendo historial market-value del jugador 1165 (214 values)
[00:30:42.673] INFO - Jugador 1165 almacenado correctamente
[00:30:42.696] INFO - Escribiendo historial market-value del jugador 1166 (232 values)
[00:30:42.699] INFO - Jugador 1166 almacenado correctamente
[00:30:42.738] ERROR - Jugador 1173 [NO ENCONTRADO]
[00:30:42.759] ERROR - Jugador 1174 [out_of_league]
[00:30:42.806] INFO - Escribiendo historial market-value del jugador 1168 (225 values)
[00:30:42.812] INFO - Jugador 1168 almacenado correctamente
[00:30:42.821] ERROR - Jugador 1175 [out_of_league]
[00:30:42.832] INFO - Escribiendo historial market-value del jugador 1169 (253 values)
[00:30:42.836] INFO - Jugador 1169 almacenado correctamente
[00:30:43.014] ERROR - Jugador 1178 [NO ENCONTRADO]
[00:30:43.088] ERROR - Jugador 1180 [out_of_league]
[00:30:43.152] ERROR - Jugador 1181 [out_of_league]
[00:30:43.172] ERROR - Jugador 1182 [out_of_league]
[00:30:43.382] INFO - Escribiendo historial market-value del jugador 1176 (253 values)
[00:30:43.385] INFO - Jugador 1176 almacenado correctamente
[00:30:43.415] INFO - Escribiendo historial market-value del jugador 1177 (253 values)
[00:30:43.419] INFO - Jugador 1177 almacenado correctamente
[00:30:43.422] ERROR - Jugador 1185 [out_of_league]
[00:30:43.455] INFO - Escribiendo historial market-value del jugador 1179 (246 values)
[00:30:43.459] INFO - Jugador 1179 almacenado correctamente
[00:30:43.565] INFO - Escribiendo historial market-value del jugador 1183 (228 values)
[00:30:43.570] INFO - Jugador 1183 almacenado correctamente
[00:30:43.706] ERROR - Jugador 1188 [out_of_league]
[00:30:43.758] ERROR - Jugador 1189 [out_of_league]
[00:30:43.785] INFO - Escribiendo historial market-value del jugador 1184 (253 values)
[00:30:43.789] INFO - Jugador 1184 almacenado correctamente
[00:30:43.891] INFO - Escribiendo historial market-value del jugador 1187 (253 values)
[00:30:43.893] INFO - Jugador 1187 almacenado correctamente
[00:30:43.909] INFO - Escribiendo historial market-value del jugador 1186 (253 values)
[00:30:43.913] INFO - Jugador 1186 almacenado correctamente
[00:30:43.917] ERROR - Jugador 1192 [out_of_league]
[00:30:44.081] ERROR - Jugador 1194 [out_of_league]
[00:30:44.114] ERROR - Jugador 1195 [out_of_league]
[00:30:44.208] INFO - Escribiendo historial market-value del jugador 1190 (253 values)
[00:30:44.212] INFO - Jugador 1190 almacenado correctamente
[00:30:44.239] INFO - Escribiendo historial market-value del jugador 1191 (253 values)
[00:30:44.244] INFO - Jugador 1191 almacenado correctamente
[00:30:44.250] ERROR - Jugador 1196 [out_of_league]
[00:30:44.269] ERROR - Jugador 1198 [out_of_league]
[00:30:44.405] ERROR - Jugador 1199 [out_of_league]
[00:30:44.464] INFO - Escribiendo historial market-value del jugador 1193 (253 values)
[00:30:44.468] INFO - Jugador 1193 almacenado correctamente
[00:30:44.590] ERROR - Jugador 1203 [out_of_league]
[00:30:44.593] ERROR - Jugador 1202 [out_of_league]
[00:30:44.664] INFO - Escribiendo historial market-value del jugador 1197 (253 values)
[00:30:44.668] INFO - Jugador 1197 almacenado correctamente
[00:30:44.728] ERROR - Jugador 1205 [out_of_league]
[00:30:44.793] ERROR - Jugador 1206 [out_of_league]
[00:30:44.867] INFO - Escribiendo historial market-value del jugador 1200 (246 values)
[00:30:44.870] INFO - Jugador 1200 almacenado correctamente
[00:30:44.955] INFO - Escribiendo historial market-value del jugador 1201 (225 values)
[00:30:44.960] INFO - Jugador 1201 almacenado correctamente
[00:30:45.018] INFO - Escribiendo historial market-value del jugador 1204 (253 values)
[00:30:45.021] INFO - Jugador 1204 almacenado correctamente
[00:30:45.115] ERROR - Jugador 1211 [out_of_league]
[00:30:45.204] ERROR - Jugador 1212 [out_of_league]
[00:30:45.305] INFO - Escribiendo historial market-value del jugador 1207 (45 values)
[00:30:45.306] INFO - Jugador 1207 almacenado correctamente
[00:30:45.311] ERROR - Jugador 1213 [out_of_league]
[00:30:45.369] INFO - Escribiendo historial market-value del jugador 1208 (225 values)
[00:30:45.372] INFO - Jugador 1208 almacenado correctamente
[00:30:45.390] INFO - Escribiendo historial market-value del jugador 1209 (231 values)
[00:30:45.393] INFO - Jugador 1209 almacenado correctamente
[00:30:45.401] INFO - Escribiendo historial market-value del jugador 1210 (85 values)
[00:30:45.402] INFO - Jugador 1210 almacenado correctamente
[00:30:45.659] ERROR - Jugador 1217 [out_of_league]
[00:30:45.730] ERROR - Jugador 1220 [out_of_league]
[00:30:45.754] INFO - Escribiendo historial market-value del jugador 1214 (238 values)
[00:30:45.757] INFO - Jugador 1214 almacenado correctamente
[00:30:45.853] INFO - Escribiendo historial market-value del jugador 1215 (253 values)
[00:30:45.857] INFO - Jugador 1215 almacenado correctamente
[00:30:45.936] INFO - Escribiendo historial market-value del jugador 1216 (253 values)
[00:30:45.939] INFO - Jugador 1216 almacenado correctamente
[00:30:46.040] INFO - Escribiendo historial market-value del jugador 1218 (222 values)
[00:30:46.044] INFO - Jugador 1218 almacenado correctamente
[00:30:46.056] ERROR - Jugador 1223 [out_of_league]
[00:30:46.100] ERROR - Jugador 1224 [out_of_league]
[00:30:46.115] INFO - Escribiendo historial market-value del jugador 1221 (253 values)
[00:30:46.117] INFO - Jugador 1221 almacenado correctamente
[00:30:46.125] INFO - Escribiendo historial market-value del jugador 1219 (253 values)
[00:30:46.129] INFO - Jugador 1219 almacenado correctamente
[00:30:46.185] ERROR - Jugador 1225 [out_of_league]
[00:30:46.267] ERROR - Jugador 1226 [out_of_league]
[00:30:46.389] ERROR - Jugador 1228 [out_of_league]
[00:30:46.401] INFO - Escribiendo historial market-value del jugador 1222 (253 values)
[00:30:46.404] INFO - Jugador 1222 almacenado correctamente
[00:30:46.426] ERROR - Jugador 1229 [out_of_league]
[00:30:46.435] ERROR - Jugador 1230 [NO ENCONTRADO]
[00:30:46.468] ERROR - Jugador 1231 [out_of_league]
[00:30:46.511] ERROR - Jugador 1232 [out_of_league]
[00:30:46.594] ERROR - Jugador 1233 [out_of_league]
[00:30:46.720] ERROR - Jugador 1234 [out_of_league]
[00:30:46.757] ERROR - Jugador 1235 [out_of_league]
[00:30:46.771] ERROR - Jugador 1236 [out_of_league]
[00:30:46.775] ERROR - Jugador 1237 [out_of_league]
[00:30:46.799] INFO - Escribiendo historial market-value del jugador 1227 (207 values)
[00:30:46.803] INFO - Jugador 1227 almacenado correctamente
[00:30:46.808] ERROR - Jugador 1238 [out_of_league]
[00:30:46.838] ERROR - Jugador 1239 [out_of_league]
[00:30:46.906] ERROR - Jugador 1240 [NO ENCONTRADO]
[00:30:47.049] ERROR - Jugador 1241 [out_of_league]
[00:30:47.087] ERROR - Jugador 1242 [out_of_league]
[00:30:47.129] ERROR - Jugador 1243 [out_of_league]
[00:30:47.173] ERROR - Jugador 1247 [out_of_league]
[00:30:47.231] ERROR - Jugador 1248 [out_of_league]
[00:30:47.374] ERROR - Jugador 1249 [out_of_league]
[00:30:47.417] ERROR - Jugador 1250 [out_of_league]
[00:30:47.494] ERROR - Jugador 1252 [out_of_league]
[00:30:47.548] INFO - Escribiendo historial market-value del jugador 1244 (221 values)
[00:30:47.552] INFO - Jugador 1244 almacenado correctamente
[00:30:47.589] INFO - Escribiendo historial market-value del jugador 1245 (253 values)
[00:30:47.593] INFO - Jugador 1245 almacenado correctamente
[00:30:47.597] INFO - Escribiendo historial market-value del jugador 1246 (225 values)
[00:30:47.603] INFO - Jugador 1246 almacenado correctamente
[00:30:47.699] ERROR - Jugador 1254 [out_of_league]
[00:30:47.854] INFO - Escribiendo historial market-value del jugador 1251 (224 values)
[00:30:47.858] INFO - Jugador 1251 almacenado correctamente
[00:30:47.880] ERROR - Jugador 1257 [out_of_league]
[00:30:47.926] ERROR - Jugador 1258 [out_of_league]
[00:30:47.936] ERROR - Jugador 1259 [out_of_league]
[00:30:48.005] INFO - Escribiendo historial market-value del jugador 1253 (253 values)
[00:30:48.010] INFO - Jugador 1253 almacenado correctamente
[00:30:48.150] INFO - Escribiendo historial market-value del jugador 1255 (253 values)
[00:30:48.154] INFO - Jugador 1255 almacenado correctamente
[00:30:48.219] ERROR - Jugador 1262 [out_of_league]
[00:30:48.222] INFO - Escribiendo historial market-value del jugador 1256 (253 values)
[00:30:48.226] INFO - Jugador 1256 almacenado correctamente
[00:30:48.287] ERROR - Jugador 1264 [out_of_league]
[00:30:48.431] INFO - Escribiendo historial market-value del jugador 1260 (224 values)
[00:30:48.435] INFO - Jugador 1260 almacenado correctamente
[00:30:48.492] ERROR - Jugador 1266 [out_of_league]
[00:30:48.553] ERROR - Jugador 1267 [out_of_league]
[00:30:48.567] ERROR - Jugador 1268 [out_of_league]
[00:30:48.584] INFO - Escribiendo historial market-value del jugador 1261 (253 values)
[00:30:48.588] INFO - Jugador 1261 almacenado correctamente
[00:30:48.640] INFO - Escribiendo historial market-value del jugador 1263 (225 values)
[00:30:48.643] INFO - Jugador 1263 almacenado correctamente
[00:30:48.719] INFO - Escribiendo historial market-value del jugador 1265 (253 values)
[00:30:48.722] INFO - Jugador 1265 almacenado correctamente
[00:30:48.758] ERROR - Jugador 1270 [out_of_league]
[00:30:48.825] ERROR - Jugador 1271 [out_of_league]
[00:30:48.890] ERROR - Jugador 1272 [out_of_league]
[00:30:48.911] ERROR - Jugador 1273 [out_of_league]
[00:30:48.920] ERROR - Jugador 1274 [out_of_league]
[00:30:49.025] INFO - Escribiendo historial market-value del jugador 1269 (249 values)
[00:30:49.031] INFO - Jugador 1269 almacenado correctamente
[00:30:49.047] ERROR - Jugador 1276 [out_of_league]
[00:30:49.154] ERROR - Jugador 1278 [out_of_league]
[00:30:49.219] ERROR - Jugador 1279 [out_of_league]
[00:30:49.249] ERROR - Jugador 1281 [NO ENCONTRADO]
[00:30:49.263] ERROR - Jugador 1280 [out_of_league]
[00:30:49.380] ERROR - Jugador 1282 [out_of_league]
[00:30:49.398] INFO - Escribiendo historial market-value del jugador 1275 (253 values)
[00:30:49.399] ERROR - Jugador 1283 [out_of_league]
[00:30:49.404] INFO - Jugador 1275 almacenado correctamente
[00:30:49.484] ERROR - Jugador 1284 [out_of_league]
[00:30:49.500] INFO - Escribiendo historial market-value del jugador 1277 (213 values)
[00:30:49.506] INFO - Jugador 1277 almacenado correctamente
[00:30:49.548] ERROR - Jugador 1285 [out_of_league]
[00:30:49.584] ERROR - Jugador 1286 [out_of_league]
[00:30:49.597] ERROR - Jugador 1287 [out_of_league]
[00:30:49.720] ERROR - Jugador 1288 [out_of_league]
[00:30:49.739] ERROR - Jugador 1290 [out_of_league]
[00:30:49.836] ERROR - Jugador 1292 [out_of_league]
[00:30:49.877] ERROR - Jugador 1293 [out_of_league]
[00:30:49.918] ERROR - Jugador 1294 [out_of_league]
[00:30:50.054] ERROR - Jugador 1296 [out_of_league]
[00:30:50.075] ERROR - Jugador 1297 [out_of_league]
[00:30:50.158] INFO - Escribiendo historial market-value del jugador 1289 (235 values)
[00:30:50.161] ERROR - Jugador 1298 [out_of_league]
[00:30:50.167] INFO - Jugador 1289 almacenado correctamente
[00:30:50.213] ERROR - Jugador 1299 [out_of_league]
[00:30:50.216] INFO - Escribiendo historial market-value del jugador 1291 (238 values)
[00:30:50.220] INFO - Jugador 1291 almacenado correctamente
[00:30:50.344] INFO - Escribiendo historial market-value del jugador 1295 (253 values)
[00:30:50.347] INFO - Jugador 1295 almacenado correctamente
[00:30:50.482] ERROR - Jugador 1303 [NO ENCONTRADO]
[00:30:50.500] ERROR - Jugador 1304 [out_of_league]
[00:30:50.629] INFO - Escribiendo historial market-value del jugador 1300 (253 values)
[00:30:50.633] INFO - Jugador 1300 almacenado correctamente
[00:30:50.666] ERROR - Jugador 1307 [out_of_league]
[00:30:50.767] INFO - Escribiendo historial market-value del jugador 1301 (233 values)
[00:30:50.772] INFO - Jugador 1301 almacenado correctamente
[00:30:50.812] INFO - Escribiendo historial market-value del jugador 1302 (224 values)
[00:30:50.815] INFO - Jugador 1302 almacenado correctamente
[00:30:50.830] ERROR - Jugador 1309 [out_of_league]
[00:30:50.951] INFO - Escribiendo historial market-value del jugador 1306 (201 values)
[00:30:50.954] INFO - Jugador 1306 almacenado correctamente
[00:30:50.958] INFO - Escribiendo historial market-value del jugador 1305 (205 values)
[00:30:50.961] INFO - Jugador 1305 almacenado correctamente
[00:30:50.977] ERROR - Jugador 1310 [out_of_league]
[00:30:50.994] ERROR - Jugador 1311 [out_of_league]
[00:30:51.149] ERROR - Jugador 1313 [out_of_league]
[00:30:51.166] ERROR - Jugador 1314 [out_of_league]
[00:30:51.224] INFO - Escribiendo historial market-value del jugador 1308 (238 values)
[00:30:51.228] INFO - Jugador 1308 almacenado correctamente
[00:30:51.292] ERROR - Jugador 1315 [NO ENCONTRADO]
[00:30:51.320] ERROR - Jugador 1317 [out_of_league]
[00:30:51.323] ERROR - Jugador 1316 [out_of_league]
[00:30:51.512] INFO - Escribiendo historial market-value del jugador 1312 (253 values)
[00:30:51.516] INFO - Jugador 1312 almacenado correctamente
[00:30:51.609] ERROR - Jugador 1321 [out_of_league]
[00:30:51.657] ERROR - Jugador 1324 [out_of_league]
[00:30:51.657] ERROR - Jugador 1323 [out_of_league]
[00:30:51.725] INFO - Escribiendo historial market-value del jugador 1318 (253 values)
[00:30:51.728] INFO - Jugador 1318 almacenado correctamente
[00:30:51.871] INFO - Escribiendo historial market-value del jugador 1319 (223 values)
[00:30:51.874] INFO - Jugador 1319 almacenado correctamente
[00:30:51.895] INFO - Escribiendo historial market-value del jugador 1320 (239 values)
[00:30:51.898] INFO - Jugador 1320 almacenado correctamente
[00:30:51.925] ERROR - Jugador 1326 [NO ENCONTRADO]
[00:30:52.011] ERROR - Jugador 1328 [out_of_league]
[00:30:52.020] INFO - Escribiendo historial market-value del jugador 1322 (176 values)
[00:30:52.024] INFO - Jugador 1322 almacenado correctamente
[00:30:52.206] ERROR - Jugador 1330 [NO ENCONTRADO]
[00:30:52.212] INFO - Escribiendo historial market-value del jugador 1325 (253 values)
[00:30:52.214] INFO - Jugador 1325 almacenado correctamente
[00:30:52.239] ERROR - Jugador 1331 [out_of_league]
[00:30:52.338] ERROR - Jugador 1333 [out_of_league]
[00:30:52.355] ERROR - Jugador 1334 [out_of_league]
[00:30:52.404] INFO - Escribiendo historial market-value del jugador 1327 (253 values)
[00:30:52.407] INFO - Jugador 1327 almacenado correctamente
[00:30:52.462] INFO - Escribiendo historial market-value del jugador 1329 (253 values)
[00:30:52.468] INFO - Jugador 1329 almacenado correctamente
[00:30:52.550] ERROR - Jugador 1336 [out_of_league]
[00:30:52.555] ERROR - Jugador 1335 [out_of_league]
[00:30:52.688] ERROR - Jugador 1338 [out_of_league]
[00:30:52.695] INFO - Escribiendo historial market-value del jugador 1332 (253 values)
[00:30:52.696] ERROR - Jugador 1339 [out_of_league]
[00:30:52.701] INFO - Jugador 1332 almacenado correctamente
[00:30:52.735] ERROR - Jugador 1340 [out_of_league]
[00:30:52.801] ERROR - Jugador 1341 [out_of_league]
[00:30:52.875] ERROR - Jugador 1342 [NO ENCONTRADO]
[00:30:52.977] INFO - Escribiendo historial market-value del jugador 1337 (221 values)
[00:30:52.983] INFO - Jugador 1337 almacenado correctamente
[00:30:53.046] ERROR - Jugador 1346 [out_of_league]
[00:30:53.062] ERROR - Jugador 1347 [out_of_league]
[00:30:53.193] ERROR - Jugador 1348 [out_of_league]
[00:30:53.303] INFO - Escribiendo historial market-value del jugador 1343 (224 values)
[00:30:53.306] INFO - Jugador 1343 almacenado correctamente
[00:30:53.399] INFO - Escribiendo historial market-value del jugador 1344 (253 values)
[00:30:53.402] INFO - Jugador 1344 almacenado correctamente
[00:30:53.446] INFO - Escribiendo historial market-value del jugador 1345 (219 values)
[00:30:53.450] INFO - Jugador 1345 almacenado correctamente
[00:30:53.610] INFO - Escribiendo historial market-value del jugador 1349 (253 values)
[00:30:53.614] INFO - Jugador 1349 almacenado correctamente
[00:30:53.634] ERROR - Jugador 1354 [out_of_league]
[00:30:53.667] INFO - Escribiendo historial market-value del jugador 1350 (74 values)
[00:30:53.668] INFO - Jugador 1350 almacenado correctamente
[00:30:53.731] ERROR - Jugador 1355 [out_of_league]
[00:30:53.812] INFO - Escribiendo historial market-value del jugador 1352 (253 values)
[00:30:53.817] INFO - Jugador 1352 almacenado correctamente
[00:30:53.829] INFO - Escribiendo historial market-value del jugador 1351 (253 values)
[00:30:53.833] INFO - Jugador 1351 almacenado correctamente
[00:30:53.894] INFO - Escribiendo historial market-value del jugador 1353 (253 values)
[00:30:53.896] INFO - Jugador 1353 almacenado correctamente
[00:30:54.059] ERROR - Jugador 1359 [out_of_league]
[00:30:54.062] ERROR - Jugador 1360 [out_of_league]
[00:30:54.164] INFO - Escribiendo historial market-value del jugador 1356 (101 values)
[00:30:54.165] INFO - Jugador 1356 almacenado correctamente
[00:30:54.239] ERROR - Jugador 1363 [out_of_league]
[00:30:54.344] INFO - Escribiendo historial market-value del jugador 1357 (253 values)
[00:30:54.346] INFO - Jugador 1357 almacenado correctamente
[00:30:54.380] INFO - Escribiendo historial market-value del jugador 1358 (253 values)
[00:30:54.383] INFO - Jugador 1358 almacenado correctamente
[00:30:54.409] ERROR - Jugador 1365 [out_of_league]
[00:30:54.409] ERROR - Jugador 1364 [out_of_league]
[00:30:54.519] INFO - Escribiendo historial market-value del jugador 1362 (73 values)
[00:30:54.520] INFO - Jugador 1362 almacenado correctamente
[00:30:54.591] INFO - Escribiendo historial market-value del jugador 1361 (253 values)
[00:30:54.593] INFO - Jugador 1361 almacenado correctamente
[00:30:54.747] ERROR - Jugador 1371 [out_of_league]
[00:30:54.751] ERROR - Jugador 1370 [out_of_league]
[00:30:54.851] ERROR - Jugador 1372 [out_of_league]
[00:30:54.911] INFO - Escribiendo historial market-value del jugador 1366 (253 values)
[00:30:54.913] INFO - Jugador 1366 almacenado correctamente
[00:30:54.952] ERROR - Jugador 1373 [out_of_league]
[00:30:54.983] INFO - Escribiendo historial market-value del jugador 1367 (253 values)
[00:30:54.986] INFO - Jugador 1367 almacenado correctamente
[00:30:55.090] ERROR - Jugador 1374 [out_of_league]
[00:30:55.105] ERROR - Jugador 1375 [out_of_league]
[00:30:55.116] INFO - Escribiendo historial market-value del jugador 1368 (253 values)
[00:30:55.119] INFO - Jugador 1368 almacenado correctamente
[00:30:55.127] INFO - Escribiendo historial market-value del jugador 1369 (253 values)
[00:30:55.129] INFO - Jugador 1369 almacenado correctamente
[00:30:55.176] ERROR - Jugador 1376 [out_of_league]
[00:30:55.240] ERROR - Jugador 1377 [out_of_league]
[00:30:55.276] ERROR - Jugador 1378 [out_of_league]
[00:30:55.345] ERROR - Jugador 1379 [out_of_league]
[00:30:55.412] ERROR - Jugador 1380 [out_of_league]
[00:30:55.450] ERROR - Jugador 1381 [out_of_league]
[00:30:55.464] ERROR - Jugador 1382 [out_of_league]
[00:30:55.469] ERROR - Jugador 1383 [out_of_league]
[00:30:55.499] ERROR - Jugador 1384 [out_of_league]
[00:30:55.567] ERROR - Jugador 1385 [out_of_league]
[00:30:55.601] ERROR - Jugador 1386 [out_of_league]
[00:30:55.663] ERROR - Jugador 1387 [out_of_league]
[00:30:55.781] ERROR - Jugador 1389 [out_of_league]
[00:30:55.811] ERROR - Jugador 1390 [out_of_league]
[00:30:55.816] ERROR - Jugador 1391 [out_of_league]
[00:30:55.830] ERROR - Jugador 1392 [out_of_league]
[00:30:55.890] ERROR - Jugador 1393 [out_of_league]
[00:30:55.925] ERROR - Jugador 1394 [out_of_league]
[00:30:55.995] ERROR - Jugador 1395 [out_of_league]
[00:30:56.064] INFO - Escribiendo historial market-value del jugador 1388 (253 values)
[00:30:56.065] INFO - Jugador 1388 almacenado correctamente
[00:30:56.100] ERROR - Jugador 1396 [out_of_league]
[00:30:56.153] ERROR - Jugador 1397 [out_of_league]
[00:30:56.156] ERROR - Jugador 1398 [out_of_league]
[00:30:56.170] ERROR - Jugador 1399 [out_of_league]
[00:30:56.223] ERROR - Jugador 1400 [out_of_league]
[00:30:56.249] ERROR - Jugador 1401 [out_of_league]
[00:30:56.318] ERROR - Jugador 1402 [out_of_league]
[00:30:56.396] ERROR - Jugador 1403 [out_of_league]
[00:30:56.423] ERROR - Jugador 1404 [out_of_league]
[00:30:56.495] ERROR - Jugador 1405 [out_of_league]
[00:30:56.516] ERROR - Jugador 1406 [out_of_league]
[00:30:56.522] ERROR - Jugador 1407 [out_of_league]
[00:30:56.547] ERROR - Jugador 1408 [out_of_league]
[00:30:56.583] ERROR - Jugador 1409 [out_of_league]
[00:30:56.653] ERROR - Jugador 1410 [out_of_league]
[00:30:56.733] ERROR - Jugador 1411 [out_of_league]
[00:30:56.751] ERROR - Jugador 1412 [out_of_league]
[00:30:56.826] ERROR - Jugador 1413 [out_of_league]
[00:30:56.865] ERROR - Jugador 1415 [out_of_league]
[00:30:56.885] ERROR - Jugador 1416 [out_of_league]
[00:30:56.911] ERROR - Jugador 1417 [out_of_league]
[00:30:57.066] ERROR - Jugador 1419 [out_of_league]
[00:30:57.080] ERROR - Jugador 1420 [out_of_league]
[00:30:57.155] ERROR - Jugador 1421 [out_of_league]
[00:30:57.224] ERROR - Jugador 1423 [out_of_league]
[00:30:57.253] INFO - Escribiendo historial market-value del jugador 1414 (253 values)
[00:30:57.257] INFO - Jugador 1414 almacenado correctamente
[00:30:57.329] ERROR - Jugador 1424 [out_of_league]
[00:30:57.410] ERROR - Jugador 1425 [out_of_league]
[00:30:57.427] INFO - Escribiendo historial market-value del jugador 1418 (253 values)
[00:30:57.432] INFO - Jugador 1418 almacenado correctamente
[00:30:57.558] ERROR - Jugador 1428 [out_of_league]
[00:30:57.578] ERROR - Jugador 1429 [out_of_league]
[00:30:57.618] INFO - Escribiendo historial market-value del jugador 1422 (253 values)
[00:30:57.622] INFO - Jugador 1422 almacenado correctamente
[00:30:57.652] ERROR - Jugador 1430 [out_of_league]
[00:30:57.759] ERROR - Jugador 1432 [out_of_league]
[00:30:57.796] ERROR - Jugador 1431 [out_of_league]
[00:30:57.841] INFO - Escribiendo historial market-value del jugador 1426 (253 values)
[00:30:57.845] INFO - Jugador 1426 almacenado correctamente
[00:30:57.898] ERROR - Jugador 1433 [out_of_league]
[00:30:57.902] INFO - Escribiendo historial market-value del jugador 1427 (253 values)
[00:30:57.905] INFO - Jugador 1427 almacenado correctamente
[00:30:57.947] ERROR - Jugador 1435 [out_of_league]
[00:30:58.091] ERROR - Jugador 1437 [out_of_league]
[00:30:58.134] ERROR - Jugador 1438 [out_of_league]
[00:30:58.185] ERROR - Jugador 1439 [out_of_league]
[00:30:58.243] ERROR - Jugador 1440 [out_of_league]
[00:30:58.252] ERROR - Jugador 1441 [out_of_league]
[00:30:58.314] INFO - Escribiendo historial market-value del jugador 1434 (253 values)
[00:30:58.317] INFO - Jugador 1434 almacenado correctamente
[00:30:58.387] INFO - Escribiendo historial market-value del jugador 1436 (253 values)
[00:30:58.392] INFO - Jugador 1436 almacenado correctamente
[00:30:58.503] ERROR - Jugador 1444 [out_of_league]
[00:30:58.512] ERROR - Jugador 1445 [out_of_league]
[00:30:58.632] ERROR - Jugador 1446 [out_of_league]
[00:30:58.644] ERROR - Jugador 1448 [out_of_league]
[00:30:58.686] INFO - Escribiendo historial market-value del jugador 1442 (253 values)
[00:30:58.688] INFO - Jugador 1442 almacenado correctamente
[00:30:58.719] ERROR - Jugador 1449 [out_of_league]
[00:30:58.815] INFO - Escribiendo historial market-value del jugador 1443 (246 values)
[00:30:58.818] INFO - Jugador 1443 almacenado correctamente
[00:30:58.857] ERROR - Jugador 1451 [out_of_league]
[00:30:59.000] INFO - Escribiendo historial market-value del jugador 1447 (253 values)
[00:30:59.004] INFO - Jugador 1447 almacenado correctamente
[00:30:59.017] ERROR - Jugador 1454 [out_of_league]
[00:30:59.047] ERROR - Jugador 1455 [out_of_league]
[00:30:59.142] ERROR - Jugador 1456 [out_of_league]
[00:30:59.173] ERROR - Jugador 1457 [NO ENCONTRADO]
[00:30:59.260] INFO - Escribiendo historial market-value del jugador 1450 (253 values)
[00:30:59.264] INFO - Jugador 1450 almacenado correctamente
[00:30:59.342] ERROR - Jugador 1458 [out_of_league]
[00:30:59.393] INFO - Escribiendo historial market-value del jugador 1452 (246 values)
[00:30:59.395] ERROR - Jugador 1460 [out_of_league]
[00:30:59.399] INFO - Jugador 1452 almacenado correctamente
[00:30:59.408] INFO - Escribiendo historial market-value del jugador 1453 (246 values)
[00:30:59.411] INFO - Jugador 1453 almacenado correctamente
[00:30:59.469] ERROR - Jugador 1461 [out_of_league]
[00:30:59.510] ERROR - Jugador 1462 [out_of_league]
[00:30:59.593] ERROR - Jugador 1463 [out_of_league]
[00:30:59.668] ERROR - Jugador 1464 [out_of_league]
[00:30:59.727] INFO - Escribiendo historial market-value del jugador 1459 (221 values)
[00:30:59.729] INFO - Jugador 1459 almacenado correctamente
[00:30:59.750] ERROR - Jugador 1465 [out_of_league]
[00:30:59.762] ERROR - Jugador 1466 [out_of_league]
[00:30:59.781] ERROR - Jugador 1467 [out_of_league]
[00:30:59.834] ERROR - Jugador 1469 [out_of_league]
[00:30:59.912] ERROR - Jugador 1470 [out_of_league]
[00:30:59.993] ERROR - Jugador 1471 [out_of_league]
[00:31:00.080] ERROR - Jugador 1472 [out_of_league]
[00:31:00.100] ERROR - Jugador 1473 [out_of_league]
[00:31:00.133] ERROR - Jugador 1475 [out_of_league]
[00:31:00.194] INFO - Escribiendo historial market-value del jugador 1468 (253 values)
[00:31:00.196] ERROR - Jugador 1476 [out_of_league]
[00:31:00.206] INFO - Jugador 1468 almacenado correctamente
[00:31:00.514] INFO - Escribiendo historial market-value del jugador 1474 (253 values)
[00:31:00.517] INFO - Jugador 1474 almacenado correctamente
[00:31:00.587] ERROR - Jugador 1483 [out_of_league]
[00:31:00.642] INFO - Escribiendo historial market-value del jugador 1477 (253 values)
[00:31:00.646] INFO - Jugador 1477 almacenado correctamente
[00:31:00.684] INFO - Escribiendo historial market-value del jugador 1478 (253 values)
[00:31:00.686] INFO - Jugador 1478 almacenado correctamente
[00:31:00.822] INFO - Escribiendo historial market-value del jugador 1479 (253 values)
[00:31:00.825] INFO - Jugador 1479 almacenado correctamente
[00:31:00.850] INFO - Escribiendo historial market-value del jugador 1480 (253 values)
[00:31:00.854] INFO - Jugador 1480 almacenado correctamente
[00:31:00.880] INFO - Escribiendo historial market-value del jugador 1481 (253 values)
[00:31:00.881] INFO - Jugador 1481 almacenado correctamente
[00:31:00.912] ERROR - Jugador 1485 [out_of_league]
[00:31:00.952] INFO - Escribiendo historial market-value del jugador 1482 (253 values)
[00:31:00.956] INFO - Jugador 1482 almacenado correctamente
[00:31:01.271] INFO - Escribiendo historial market-value del jugador 1484 (253 values)
[00:31:01.275] INFO - Jugador 1484 almacenado correctamente
[00:31:01.288] ERROR - Jugador 1492 [out_of_league]
[00:31:01.373] INFO - Escribiendo historial market-value del jugador 1486 (253 values)
[00:31:01.379] INFO - Jugador 1486 almacenado correctamente
[00:31:01.413] INFO - Escribiendo historial market-value del jugador 1487 (253 values)
[00:31:01.418] INFO - Jugador 1487 almacenado correctamente
[00:31:01.566] INFO - Escribiendo historial market-value del jugador 1488 (253 values)
[00:31:01.569] INFO - Jugador 1488 almacenado correctamente
[00:31:01.587] INFO - Escribiendo historial market-value del jugador 1489 (253 values)
[00:31:01.590] INFO - Jugador 1489 almacenado correctamente
[00:31:01.643] ERROR - Jugador 1494 [out_of_league]
[00:31:01.643] INFO - Escribiendo historial market-value del jugador 1490 (253 values)
[00:31:01.650] INFO - Jugador 1490 almacenado correctamente
[00:31:01.654] INFO - Escribiendo historial market-value del jugador 1491 (253 values)
[00:31:01.658] INFO - Jugador 1491 almacenado correctamente
[00:31:01.694] ERROR - Jugador 1493 [out_of_league]
[00:31:01.922] ERROR - Jugador 1498 [out_of_league]
[00:31:01.995] ERROR - Jugador 1499 [out_of_league]
[00:31:02.008] ERROR - Jugador 1500 [out_of_league]
[00:31:02.011] ERROR - Jugador 1501 [out_of_league]
[00:31:02.026] ERROR - Jugador 1502 [out_of_league]
[00:31:02.125] INFO - Escribiendo historial market-value del jugador 1495 (253 values)
[00:31:02.131] INFO - Jugador 1495 almacenado correctamente
[00:31:02.156] INFO - Escribiendo historial market-value del jugador 1496 (225 values)
[00:31:02.160] INFO - Jugador 1496 almacenado correctamente
[00:31:02.235] ERROR - Jugador 1503 [NO ENCONTRADO]
[00:31:02.322] INFO - Escribiendo historial market-value del jugador 1497 (246 values)
[00:31:02.326] INFO - Jugador 1497 almacenado correctamente
[00:31:02.377] ERROR - Jugador 1506 [out_of_league]
[00:31:02.534] ERROR - Jugador 1508 [out_of_league]
[00:31:02.565] ERROR - Jugador 1510 [out_of_league]
[00:31:02.646] ERROR - Jugador 1511 [out_of_league]
[00:31:02.708] ERROR - Jugador 1512 [out_of_league]
[00:31:02.732] INFO - Escribiendo historial market-value del jugador 1504 (253 values)
[00:31:02.736] INFO - Jugador 1504 almacenado correctamente
[00:31:02.776] INFO - Escribiendo historial market-value del jugador 1505 (253 values)
[00:31:02.779] INFO - Jugador 1505 almacenado correctamente
[00:31:02.784] INFO - Escribiendo historial market-value del jugador 1507 (253 values)
[00:31:02.788] INFO - Jugador 1507 almacenado correctamente
[00:31:02.894] INFO - Escribiendo historial market-value del jugador 1509 (225 values)
[00:31:02.899] INFO - Jugador 1509 almacenado correctamente
[00:31:03.027] ERROR - Jugador 1516 [out_of_league]
[00:31:03.111] ERROR - Jugador 1518 [out_of_league]
[00:31:03.146] ERROR - Jugador 1519 [out_of_league]
[00:31:03.268] INFO - Escribiendo historial market-value del jugador 1513 (253 values)
[00:31:03.271] INFO - Jugador 1513 almacenado correctamente
[00:31:03.295] INFO - Escribiendo historial market-value del jugador 1514 (253 values)
[00:31:03.298] INFO - Jugador 1514 almacenado correctamente
[00:31:03.359] INFO - Escribiendo historial market-value del jugador 1515 (253 values)
[00:31:03.363] INFO - Jugador 1515 almacenado correctamente
[00:31:03.367] ERROR - Jugador 1521 [out_of_league]
[00:31:03.472] INFO - Escribiendo historial market-value del jugador 1517 (253 values)
[00:31:03.478] INFO - Jugador 1517 almacenado correctamente
[00:31:03.485] ERROR - Jugador 1523 [out_of_league]
[00:31:03.636] INFO - Escribiendo historial market-value del jugador 1520 (232 values)
[00:31:03.639] INFO - Jugador 1520 almacenado correctamente
[00:31:03.666] ERROR - Jugador 1524 [out_of_league]
[00:31:03.689] ERROR - Jugador 1526 [NO ENCONTRADO]
[00:31:03.704] ERROR - Jugador 1527 [out_of_league]
[00:31:03.845] INFO - Escribiendo historial market-value del jugador 1522 (253 values)
[00:31:03.849] INFO - Jugador 1522 almacenado correctamente
[00:31:03.890] ERROR - Jugador 1528 [out_of_league]
[00:31:04.032] ERROR - Jugador 1532 [out_of_league]
[00:31:04.050] ERROR - Jugador 1533 [out_of_league]
[00:31:04.062] INFO - Escribiendo historial market-value del jugador 1525 (242 values)
[00:31:04.065] INFO - Jugador 1525 almacenado correctamente
[00:31:04.191] ERROR - Jugador 1534 [out_of_league]
[00:31:04.198] INFO - Escribiendo historial market-value del jugador 1529 (253 values)
[00:31:04.201] INFO - Jugador 1529 almacenado correctamente
[00:31:04.390] INFO - Escribiendo historial market-value del jugador 1530 (225 values)
[00:31:04.394] INFO - Jugador 1530 almacenado correctamente
[00:31:04.422] INFO - Escribiendo historial market-value del jugador 1531 (246 values)
[00:31:04.425] INFO - Jugador 1531 almacenado correctamente
[00:31:04.429] ERROR - Jugador 1538 [out_of_league]
[00:31:04.529] ERROR - Jugador 1539 [out_of_league]
[00:31:04.538] ERROR - Jugador 1540 [out_of_league]
[00:31:04.625] INFO - Escribiendo historial market-value del jugador 1535 (253 values)
[00:31:04.629] INFO - Jugador 1535 almacenado correctamente
[00:31:04.766] INFO - Escribiendo historial market-value del jugador 1536 (253 values)
[00:31:04.769] INFO - Jugador 1536 almacenado correctamente
[00:31:04.774] ERROR - Jugador 1543 [out_of_league]
[00:31:04.820] INFO - Escribiendo historial market-value del jugador 1537 (253 values)
[00:31:04.824] INFO - Jugador 1537 almacenado correctamente
[00:31:04.881] ERROR - Jugador 1545 [out_of_league]
[00:31:05.134] ERROR - Jugador 1547 [out_of_league]
[00:31:05.144] INFO - Escribiendo historial market-value del jugador 1541 (253 values)
[00:31:05.149] INFO - Jugador 1541 almacenado correctamente
[00:31:05.157] ERROR - Jugador 1549 [out_of_league]
[00:31:05.200] ERROR - Jugador 1548 [out_of_league]
[00:31:05.204] INFO - Escribiendo historial market-value del jugador 1542 (253 values)
[00:31:05.208] INFO - Jugador 1542 almacenado correctamente
[00:31:05.218] ERROR - Jugador 1550 [out_of_league]
[00:31:05.282] INFO - Escribiendo historial market-value del jugador 1544 (225 values)
[00:31:05.285] INFO - Jugador 1544 almacenado correctamente
[00:31:05.362] INFO - Escribiendo historial market-value del jugador 1546 (201 values)
[00:31:05.365] INFO - Jugador 1546 almacenado correctamente
[00:31:05.469] ERROR - Jugador 1551 [out_of_league]
[00:31:05.488] ERROR - Jugador 1553 [out_of_league]
[00:31:05.536] ERROR - Jugador 1554 [out_of_league]
[00:31:05.563] ERROR - Jugador 1556 [out_of_league]
[00:31:05.609] ERROR - Jugador 1557 [out_of_league]
[00:31:05.615] ERROR - Jugador 1555 [out_of_league]
[00:31:05.702] ERROR - Jugador 1558 [out_of_league]
[00:31:05.806] ERROR - Jugador 1559 [out_of_league]
[00:31:05.854] INFO - Escribiendo historial market-value del jugador 1552 (217 values)
[00:31:05.856] INFO - Jugador 1552 almacenado correctamente
[00:31:05.872] ERROR - Jugador 1560 [out_of_league]
[00:31:05.875] ERROR - Jugador 1561 [out_of_league]
[00:31:05.896] ERROR - Jugador 1562 [out_of_league]
[00:31:05.951] ERROR - Jugador 1563 [out_of_league]
[00:31:05.956] ERROR - Jugador 1564 [out_of_league]
[00:31:06.141] ERROR - Jugador 1566 [out_of_league]
[00:31:06.190] ERROR - Jugador 1567 [out_of_league]
[00:31:06.300] ERROR - Jugador 1572 [out_of_league]
[00:31:06.406] INFO - Escribiendo historial market-value del jugador 1565 (253 values)
[00:31:06.410] INFO - Jugador 1565 almacenado correctamente
[00:31:06.511] ERROR - Jugador 1574 [out_of_league]
[00:31:06.604] INFO - Escribiendo historial market-value del jugador 1568 (228 values)
[00:31:06.608] INFO - Jugador 1568 almacenado correctamente
[00:31:06.638] INFO - Escribiendo historial market-value del jugador 1569 (193 values)
[00:31:06.641] INFO - Jugador 1569 almacenado correctamente
[00:31:06.647] INFO - Escribiendo historial market-value del jugador 1570 (228 values)
[00:31:06.650] INFO - Jugador 1570 almacenado correctamente
[00:31:06.685] INFO - Escribiendo historial market-value del jugador 1571 (188 values)
[00:31:06.688] INFO - Jugador 1571 almacenado correctamente
[00:31:06.890] INFO - Escribiendo historial market-value del jugador 1573 (229 values)
[00:31:06.893] INFO - Jugador 1573 almacenado correctamente
[00:31:06.942] ERROR - Jugador 1578 [out_of_league]
[00:31:06.970] ERROR - Jugador 1579 [out_of_league]
[00:31:07.051] INFO - Escribiendo historial market-value del jugador 1575 (224 values)
[00:31:07.055] INFO - Jugador 1575 almacenado correctamente
[00:31:07.144] INFO - Escribiendo historial market-value del jugador 1576 (253 values)
[00:31:07.149] INFO - Jugador 1576 almacenado correctamente
[00:31:07.223] ERROR - Jugador 1582 [out_of_league]
[00:31:07.237] INFO - Escribiendo historial market-value del jugador 1577 (253 values)
[00:31:07.240] INFO - Jugador 1577 almacenado correctamente
[00:31:07.285] ERROR - Jugador 1584 [NO ENCONTRADO]
[00:31:07.392] ERROR - Jugador 1585 [out_of_league]
[00:31:07.406] INFO - Escribiendo historial market-value del jugador 1580 (224 values)
[00:31:07.410] INFO - Jugador 1580 almacenado correctamente
[00:31:07.422] INFO - Escribiendo historial market-value del jugador 1581 (225 values)
[00:31:07.425] INFO - Jugador 1581 almacenado correctamente
[00:31:07.571] ERROR - Jugador 1588 [out_of_league]
[00:31:07.609] ERROR - Jugador 1589 [out_of_league]
[00:31:07.669] INFO - Escribiendo historial market-value del jugador 1583 (224 values)
[00:31:07.672] INFO - Jugador 1583 almacenado correctamente
[00:31:07.757] ERROR - Jugador 1591 [out_of_league]
[00:31:07.768] ERROR - Jugador 1592 [out_of_league]
[00:31:07.851] INFO - Escribiendo historial market-value del jugador 1586 (193 values)
[00:31:07.854] INFO - Jugador 1586 almacenado correctamente
[00:31:07.965] INFO - Escribiendo historial market-value del jugador 1587 (253 values)
[00:31:07.969] INFO - Jugador 1587 almacenado correctamente
[00:31:08.091] INFO - Escribiendo historial market-value del jugador 1590 (65 values)
[00:31:08.093] INFO - Jugador 1590 almacenado correctamente
[00:31:08.106] ERROR - Jugador 1596 [out_of_league]
[00:31:08.182] ERROR - Jugador 1598 [out_of_league]
[00:31:08.298] INFO - Escribiendo historial market-value del jugador 1593 (223 values)
[00:31:08.303] INFO - Jugador 1593 almacenado correctamente
[00:31:08.314] ERROR - Jugador 1599 [out_of_league]
[00:31:08.335] INFO - Escribiendo historial market-value del jugador 1594 (219 values)
[00:31:08.338] INFO - Jugador 1594 almacenado correctamente
[00:31:08.357] INFO - Escribiendo historial market-value del jugador 1595 (210 values)
[00:31:08.359] INFO - Jugador 1595 almacenado correctamente
[00:31:08.448] ERROR - Jugador 1601 [out_of_league]
[00:31:08.516] ERROR - Jugador 1602 [out_of_league]
[00:31:08.525] INFO - Escribiendo historial market-value del jugador 1597 (253 values)
[00:31:08.528] INFO - Jugador 1597 almacenado correctamente
[00:31:08.662] ERROR - Jugador 1604 [out_of_league]
[00:31:08.676] ERROR - Jugador 1605 [out_of_league]
[00:31:08.730] ERROR - Jugador 1606 [out_of_league]
[00:31:08.776] ERROR - Jugador 1607 [out_of_league]
[00:31:08.839] INFO - Escribiendo historial market-value del jugador 1600 (253 values)
[00:31:08.842] INFO - Jugador 1600 almacenado correctamente
[00:31:08.866] ERROR - Jugador 1608 [out_of_league]
[00:31:09.031] INFO - Escribiendo historial market-value del jugador 1603 (242 values)
[00:31:09.034] INFO - Jugador 1603 almacenado correctamente
[00:31:09.062] ERROR - Jugador 1612 [out_of_league]
[00:31:09.290] INFO - Escribiendo historial market-value del jugador 1609 (224 values)
[00:31:09.293] INFO - Jugador 1609 almacenado correctamente
[00:31:09.363] ERROR - Jugador 1616 [out_of_league]
[00:31:09.421] INFO - Escribiendo historial market-value del jugador 1610 (224 values)
[00:31:09.425] INFO - Jugador 1610 almacenado correctamente
[00:31:09.432] INFO - Escribiendo historial market-value del jugador 1611 (253 values)
[00:31:09.434] INFO - Jugador 1611 almacenado correctamente
[00:31:09.500] INFO - Escribiendo historial market-value del jugador 1613 (210 values)
[00:31:09.503] INFO - Jugador 1613 almacenado correctamente
[00:31:09.580] INFO - Escribiendo historial market-value del jugador 1614 (253 values)
[00:31:09.583] INFO - Jugador 1614 almacenado correctamente
[00:31:09.616] INFO - Escribiendo historial market-value del jugador 1615 (253 values)
[00:31:09.620] INFO - Jugador 1615 almacenado correctamente
[00:31:09.779] INFO - Escribiendo historial market-value del jugador 1617 (253 values)
[00:31:09.781] INFO - Jugador 1617 almacenado correctamente
[00:31:09.911] ERROR - Jugador 1623 [out_of_league]
[00:31:09.969] INFO - Escribiendo historial market-value del jugador 1618 (112 values)
[00:31:09.971] INFO - Jugador 1618 almacenado correctamente
[00:31:10.078] INFO - Escribiendo historial market-value del jugador 1619 (253 values)
[00:31:10.081] INFO - Jugador 1619 almacenado correctamente
[00:31:10.203] INFO - Escribiendo historial market-value del jugador 1621 (253 values)
[00:31:10.207] INFO - Jugador 1621 almacenado correctamente
[00:31:10.221] INFO - Escribiendo historial market-value del jugador 1620 (253 values)
[00:31:10.224] INFO - Escribiendo historial market-value del jugador 1622 (253 values)
[00:31:10.227] INFO - Jugador 1620 almacenado correctamente
[00:31:10.231] INFO - Jugador 1622 almacenado correctamente
[00:31:10.355] INFO - Escribiendo historial market-value del jugador 1624 (228 values)
[00:31:10.361] INFO - Jugador 1624 almacenado correctamente
[00:31:10.477] INFO - Escribiendo historial market-value del jugador 1625 (204 values)
[00:31:10.481] INFO - Jugador 1625 almacenado correctamente
[00:31:10.538] ERROR - Jugador 1629 [out_of_league]
[00:31:10.569] ERROR - Jugador 1631 [out_of_league]
[00:31:10.572] ERROR - Jugador 1630 [out_of_league]
[00:31:10.617] INFO - Escribiendo historial market-value del jugador 1626 (253 values)
[00:31:10.619] INFO - Jugador 1626 almacenado correctamente
[00:31:10.702] ERROR - Jugador 1632 [out_of_league]
[00:31:10.710] INFO - Escribiendo historial market-value del jugador 1627 (253 values)
[00:31:10.714] INFO - Jugador 1627 almacenado correctamente
[00:31:10.819] INFO - Escribiendo historial market-value del jugador 1628 (253 values)
[00:31:10.825] INFO - Jugador 1628 almacenado correctamente
[00:31:10.831] ERROR - Jugador 1633 [out_of_league]
[00:31:10.866] ERROR - Jugador 1634 [out_of_league]
[00:31:10.903] ERROR - Jugador 1635 [out_of_league]
[00:31:10.907] ERROR - Jugador 1636 [out_of_league]
[00:31:10.945] ERROR - Jugador 1637 [out_of_league]
[00:31:11.177] ERROR - Jugador 1641 [out_of_league]
[00:31:11.238] ERROR - Jugador 1642 [out_of_league]
[00:31:11.243] ERROR - Jugador 1644 [out_of_league]
[00:31:11.337] ERROR - Jugador 1645 [out_of_league]
[00:31:11.410] INFO - Escribiendo historial market-value del jugador 1639 (228 values)
[00:31:11.412] INFO - Jugador 1639 almacenado correctamente
[00:31:11.458] INFO - Escribiendo historial market-value del jugador 1638 (253 values)
[00:31:11.460] INFO - Jugador 1638 almacenado correctamente
[00:31:11.587] INFO - Escribiendo historial market-value del jugador 1640 (253 values)
[00:31:11.591] INFO - Jugador 1640 almacenado correctamente
[00:31:11.598] ERROR - Jugador 1648 [out_of_league]
[00:31:11.660] ERROR - Jugador 1647 [out_of_league]
[00:31:11.664] INFO - Escribiendo historial market-value del jugador 1643 (225 values)
[00:31:11.669] INFO - Jugador 1643 almacenado correctamente
[00:31:11.675] ERROR - Jugador 1649 [out_of_league]
[00:31:11.936] INFO - Escribiendo historial market-value del jugador 1646 (253 values)
[00:31:11.938] ERROR - Jugador 1653 [out_of_league]
[00:31:11.945] INFO - Jugador 1646 almacenado correctamente
[00:31:12.011] ERROR - Jugador 1654 [out_of_league]
[00:31:12.015] ERROR - Jugador 1655 [out_of_league]
[00:31:12.070] ERROR - Jugador 1656 [out_of_league]
[00:31:12.144] INFO - Escribiendo historial market-value del jugador 1650 (225 values)
[00:31:12.148] INFO - Jugador 1650 almacenado correctamente
[00:31:12.163] INFO - Escribiendo historial market-value del jugador 1651 (207 values)
[00:31:12.166] INFO - Jugador 1651 almacenado correctamente
[00:31:12.275] ERROR - Jugador 1657 [out_of_league]
[00:31:12.370] INFO - Escribiendo historial market-value del jugador 1652 (214 values)
[00:31:12.373] INFO - Jugador 1652 almacenado correctamente
[00:31:12.483] ERROR - Jugador 1662 [out_of_league]
[00:31:12.521] ERROR - Jugador 1663 [out_of_league]
[00:31:12.630] ERROR - Jugador 1664 [out_of_league]
[00:31:12.692] INFO - Escribiendo historial market-value del jugador 1658 (253 values)
[00:31:12.696] INFO - Jugador 1658 almacenado correctamente
[00:31:12.738] INFO - Escribiendo historial market-value del jugador 1661 (207 values)
[00:31:12.740] INFO - Jugador 1661 almacenado correctamente
[00:31:12.770] INFO - Escribiendo historial market-value del jugador 1659 (253 values)
[00:31:12.773] INFO - Jugador 1659 almacenado correctamente
[00:31:12.785] INFO - Escribiendo historial market-value del jugador 1660 (253 values)
[00:31:12.789] INFO - Jugador 1660 almacenado correctamente
[00:31:12.812] ERROR - Jugador 1666 [out_of_league]
[00:31:12.964] ERROR - Jugador 1668 [out_of_league]
[00:31:13.029] ERROR - Jugador 1669 [out_of_league]
[00:31:13.070] ERROR - Jugador 1670 [out_of_league]
[00:31:13.116] INFO - Escribiendo historial market-value del jugador 1665 (214 values)
[00:31:13.119] INFO - Jugador 1665 almacenado correctamente
[00:31:13.128] ERROR - Jugador 1671 [out_of_league]
[00:31:13.211] INFO - Escribiendo historial market-value del jugador 1667 (204 values)
[00:31:13.213] INFO - Jugador 1667 almacenado correctamente
[00:31:13.397] ERROR - Jugador 1676 [out_of_league]
[00:31:13.578] INFO - Escribiendo historial market-value del jugador 1672 (253 values)
[00:31:13.580] INFO - Jugador 1672 almacenado correctamente
[00:31:13.584] INFO - Escribiendo historial market-value del jugador 1673 (238 values)
[00:31:13.588] INFO - Jugador 1673 almacenado correctamente
[00:31:13.656] INFO - Escribiendo historial market-value del jugador 1674 (238 values)
[00:31:13.660] INFO - Jugador 1674 almacenado correctamente
[00:31:13.748] INFO - Escribiendo historial market-value del jugador 1675 (235 values)
[00:31:13.750] INFO - Jugador 1675 almacenado correctamente
[00:31:13.872] INFO - Escribiendo historial market-value del jugador 1678 (235 values)
[00:31:13.875] INFO - Jugador 1678 almacenado correctamente
[00:31:13.881] INFO - Escribiendo historial market-value del jugador 1677 (235 values)
[00:31:13.884] INFO - Jugador 1677 almacenado correctamente
[00:31:13.949] INFO - Escribiendo historial market-value del jugador 1679 (224 values)
[00:31:13.953] INFO - Jugador 1679 almacenado correctamente
[00:31:14.131] INFO - Escribiendo historial market-value del jugador 1680 (224 values)
[00:31:14.134] INFO - Jugador 1680 almacenado correctamente
[00:31:14.277] ERROR - Jugador 1685 [out_of_league]
[00:31:14.277] ERROR - Jugador 1686 [out_of_league]
[00:31:14.316] INFO - Escribiendo historial market-value del jugador 1681 (224 values)
[00:31:14.320] INFO - Jugador 1681 almacenado correctamente
[00:31:14.325] INFO - Escribiendo historial market-value del jugador 1682 (224 values)
[00:31:14.328] INFO - Jugador 1682 almacenado correctamente
[00:31:14.386] INFO - Escribiendo historial market-value del jugador 1683 (224 values)
[00:31:14.391] INFO - Jugador 1683 almacenado correctamente
[00:31:14.494] INFO - Escribiendo historial market-value del jugador 1684 (224 values)
[00:31:14.499] INFO - Jugador 1684 almacenado correctamente
[00:31:14.685] INFO - Escribiendo historial market-value del jugador 1687 (224 values)
[00:31:14.689] INFO - Jugador 1687 almacenado correctamente
[00:31:14.770] ERROR - Jugador 1693 [out_of_league]
[00:31:14.867] INFO - Escribiendo historial market-value del jugador 1688 (224 values)
[00:31:14.871] INFO - Jugador 1688 almacenado correctamente
[00:31:15.014] INFO - Escribiendo historial market-value del jugador 1689 (224 values)
[00:31:15.017] INFO - Jugador 1689 almacenado correctamente
[00:31:15.045] INFO - Escribiendo historial market-value del jugador 1690 (224 values)
[00:31:15.048] INFO - Jugador 1690 almacenado correctamente
[00:31:15.071] INFO - Escribiendo historial market-value del jugador 1691 (224 values)
[00:31:15.074] INFO - Jugador 1691 almacenado correctamente
[00:31:15.087] INFO - Escribiendo historial market-value del jugador 1692 (224 values)
[00:31:15.090] INFO - Jugador 1692 almacenado correctamente
[00:31:15.217] INFO - Escribiendo historial market-value del jugador 1694 (224 values)
[00:31:15.223] INFO - Jugador 1694 almacenado correctamente
[00:31:15.438] INFO - Escribiendo historial market-value del jugador 1695 (218 values)
[00:31:15.442] INFO - Jugador 1695 almacenado correctamente
[00:31:15.505] INFO - Escribiendo historial market-value del jugador 1696 (218 values)
[00:31:15.508] INFO - Jugador 1696 almacenado correctamente
[00:31:15.600] INFO - Escribiendo historial market-value del jugador 1697 (218 values)
[00:31:15.606] INFO - Jugador 1697 almacenado correctamente
[00:31:15.723] INFO - Escribiendo historial market-value del jugador 1698 (218 values)
[00:31:15.727] INFO - Jugador 1698 almacenado correctamente
[00:31:15.784] ERROR - Jugador 1703 [out_of_league]
[00:31:15.784] INFO - Escribiendo historial market-value del jugador 1699 (218 values)
[00:31:15.790] INFO - Jugador 1699 almacenado correctamente
[00:31:15.810] INFO - Escribiendo historial market-value del jugador 1700 (218 values)
[00:31:15.815] INFO - Jugador 1700 almacenado correctamente
[00:31:15.849] INFO - Escribiendo historial market-value del jugador 1701 (218 values)
[00:31:15.853] INFO - Jugador 1701 almacenado correctamente
[00:31:15.889] ERROR - Jugador 1704 [out_of_league]
[00:31:15.932] INFO - Escribiendo historial market-value del jugador 1702 (218 values)
[00:31:15.936] INFO - Jugador 1702 almacenado correctamente
[00:31:16.000] ERROR - Jugador 1705 [out_of_league]
[00:31:16.465] INFO - Escribiendo historial market-value del jugador 1706 (218 values)
[00:31:16.469] INFO - Jugador 1706 almacenado correctamente
[00:31:16.526] INFO - Escribiendo historial market-value del jugador 1708 (218 values)
[00:31:16.530] INFO - Jugador 1708 almacenado correctamente
[00:31:16.543] INFO - Escribiendo historial market-value del jugador 1707 (218 values)
[00:31:16.546] INFO - Jugador 1707 almacenado correctamente
[00:31:16.574] INFO - Escribiendo historial market-value del jugador 1709 (218 values)
[00:31:16.580] INFO - Jugador 1709 almacenado correctamente
[00:31:16.601] INFO - Escribiendo historial market-value del jugador 1710 (218 values)
[00:31:16.604] INFO - Jugador 1710 almacenado correctamente
[00:31:16.619] INFO - Escribiendo historial market-value del jugador 1711 (213 values)
[00:31:16.622] INFO - Jugador 1711 almacenado correctamente
[00:31:16.673] INFO - Escribiendo historial market-value del jugador 1712 (213 values)
[00:31:16.676] INFO - Escribiendo historial market-value del jugador 1713 (213 values)
[00:31:16.677] INFO - Jugador 1712 almacenado correctamente
[00:31:16.682] INFO - Jugador 1713 almacenado correctamente
[00:31:16.972] ERROR - Jugador 1717 [out_of_league]
[00:31:17.053] ERROR - Jugador 1720 [out_of_league]
[00:31:17.211] INFO - Escribiendo historial market-value del jugador 1714 (211 values)
[00:31:17.215] INFO - Jugador 1714 almacenado correctamente
[00:31:17.244] INFO - Escribiendo historial market-value del jugador 1716 (211 values)
[00:31:17.246] INFO - Jugador 1716 almacenado correctamente
[00:31:17.270] INFO - Escribiendo historial market-value del jugador 1715 (211 values)
[00:31:17.273] INFO - Jugador 1715 almacenado correctamente
[00:31:17.336] INFO - Escribiendo historial market-value del jugador 1718 (206 values)
[00:31:17.338] INFO - Jugador 1718 almacenado correctamente
[00:31:17.348] INFO - Escribiendo historial market-value del jugador 1719 (206 values)
[00:31:17.353] INFO - Jugador 1719 almacenado correctamente
[00:31:17.424] INFO - Escribiendo historial market-value del jugador 1721 (204 values)
[00:31:17.427] INFO - Jugador 1721 almacenado correctamente
[00:31:17.704] INFO - Escribiendo historial market-value del jugador 1722 (200 values)
[00:31:17.706] INFO - Jugador 1722 almacenado correctamente
[00:31:17.766] INFO - Escribiendo historial market-value del jugador 1723 (200 values)
[00:31:17.769] INFO - Jugador 1723 almacenado correctamente
[00:31:17.873] INFO - Escribiendo historial market-value del jugador 1724 (200 values)
[00:31:17.875] INFO - Jugador 1724 almacenado correctamente
[00:31:17.992] INFO - Escribiendo historial market-value del jugador 1725 (200 values)
[00:31:17.997] INFO - Jugador 1725 almacenado correctamente
[00:31:18.030] INFO - Escribiendo historial market-value del jugador 1726 (200 values)
[00:31:18.033] INFO - Jugador 1726 almacenado correctamente
[00:31:18.037] INFO - Escribiendo historial market-value del jugador 1727 (200 values)
[00:31:18.038] INFO - Jugador 1727 almacenado correctamente
[00:31:18.081] INFO - Escribiendo historial market-value del jugador 1728 (200 values)
[00:31:18.083] INFO - Jugador 1728 almacenado correctamente
[00:31:18.169] INFO - Escribiendo historial market-value del jugador 1729 (200 values)
[00:31:18.172] INFO - Jugador 1729 almacenado correctamente
[00:31:18.206] ERROR - Jugador 1732 [out_of_league]
[00:31:18.446] INFO - Escribiendo historial market-value del jugador 1730 (200 values)
[00:31:18.451] INFO - Jugador 1730 almacenado correctamente
[00:31:18.513] INFO - Escribiendo historial market-value del jugador 1731 (200 values)
[00:31:18.516] INFO - Jugador 1731 almacenado correctamente
[00:31:18.665] INFO - Escribiendo historial market-value del jugador 1733 (200 values)
[00:31:18.667] INFO - Jugador 1733 almacenado correctamente
[00:31:18.699] INFO - Escribiendo historial market-value del jugador 1735 (200 values)
[00:31:18.700] INFO - Jugador 1735 almacenado correctamente
[00:31:18.710] INFO - Escribiendo historial market-value del jugador 1734 (200 values)
[00:31:18.712] INFO - Jugador 1734 almacenado correctamente
[00:31:18.804] INFO - Escribiendo historial market-value del jugador 1736 (200 values)
[00:31:18.807] INFO - Jugador 1736 almacenado correctamente
[00:31:18.866] INFO - Escribiendo historial market-value del jugador 1737 (200 values)
[00:31:18.868] INFO - Jugador 1737 almacenado correctamente
[00:31:18.903] INFO - Escribiendo historial market-value del jugador 1738 (200 values)
[00:31:18.906] INFO - Jugador 1738 almacenado correctamente
[00:31:19.120] INFO - Escribiendo historial market-value del jugador 1739 (200 values)
[00:31:19.121] INFO - Jugador 1739 almacenado correctamente
[00:31:19.158] INFO - Escribiendo historial market-value del jugador 1740 (200 values)
[00:31:19.159] INFO - Jugador 1740 almacenado correctamente
[00:31:19.317] INFO - Escribiendo historial market-value del jugador 1741 (200 values)
[00:31:19.318] INFO - Jugador 1741 almacenado correctamente
[00:31:19.379] INFO - Escribiendo historial market-value del jugador 1742 (200 values)
[00:31:19.381] INFO - Jugador 1742 almacenado correctamente
[00:31:19.403] INFO - Escribiendo historial market-value del jugador 1743 (200 values)
[00:31:19.405] INFO - Jugador 1743 almacenado correctamente
[00:31:19.502] INFO - Escribiendo historial market-value del jugador 1744 (200 values)
[00:31:19.505] INFO - Jugador 1744 almacenado correctamente
[00:31:19.572] INFO - Escribiendo historial market-value del jugador 1746 (200 values)
[00:31:19.574] INFO - Jugador 1746 almacenado correctamente
[00:31:19.591] INFO - Escribiendo historial market-value del jugador 1745 (200 values)
[00:31:19.594] INFO - Jugador 1745 almacenado correctamente
[00:31:19.838] INFO - Escribiendo historial market-value del jugador 1747 (200 values)
[00:31:19.841] INFO - Jugador 1747 almacenado correctamente
[00:31:19.871] INFO - Escribiendo historial market-value del jugador 1748 (200 values)
[00:31:19.875] INFO - Jugador 1748 almacenado correctamente
[00:31:19.991] INFO - Escribiendo historial market-value del jugador 1749 (200 values)
[00:31:19.992] INFO - Jugador 1749 almacenado correctamente
[00:31:20.086] INFO - Escribiendo historial market-value del jugador 1751 (200 values)
[00:31:20.089] INFO - Jugador 1751 almacenado correctamente
[00:31:20.118] INFO - Escribiendo historial market-value del jugador 1750 (200 values)
[00:31:20.123] INFO - Jugador 1750 almacenado correctamente
[00:31:20.229] INFO - Escribiendo historial market-value del jugador 1752 (200 values)
[00:31:20.233] INFO - Jugador 1752 almacenado correctamente
[00:31:20.252] INFO - Escribiendo historial market-value del jugador 1753 (200 values)
[00:31:20.254] INFO - Jugador 1753 almacenado correctamente
[00:31:20.337] INFO - Escribiendo historial market-value del jugador 1754 (200 values)
[00:31:20.344] INFO - Jugador 1754 almacenado correctamente
[00:31:20.515] INFO - Escribiendo historial market-value del jugador 1755 (200 values)
[00:31:20.517] INFO - Jugador 1755 almacenado correctamente
[00:31:20.546] INFO - Escribiendo historial market-value del jugador 1756 (200 values)
[00:31:20.547] INFO - Jugador 1756 almacenado correctamente
[00:31:20.721] INFO - Escribiendo historial market-value del jugador 1757 (200 values)
[00:31:20.723] INFO - Jugador 1757 almacenado correctamente
[00:31:20.793] INFO - Escribiendo historial market-value del jugador 1758 (200 values)
[00:31:20.796] INFO - Jugador 1758 almacenado correctamente
[00:31:20.843] INFO - Escribiendo historial market-value del jugador 1759 (200 values)
[00:31:20.846] INFO - Jugador 1759 almacenado correctamente
[00:31:20.878] ERROR - Jugador 1763 [out_of_league]
[00:31:20.958] INFO - Escribiendo historial market-value del jugador 1760 (200 values)
[00:31:20.960] INFO - Jugador 1760 almacenado correctamente
[00:31:20.968] INFO - Escribiendo historial market-value del jugador 1761 (200 values)
[00:31:20.970] INFO - Jugador 1761 almacenado correctamente
[00:31:21.012] INFO - Escribiendo historial market-value del jugador 1762 (200 values)
[00:31:21.014] INFO - Jugador 1762 almacenado correctamente
[00:31:21.234] INFO - Escribiendo historial market-value del jugador 1764 (200 values)
[00:31:21.236] INFO - Jugador 1764 almacenado correctamente
[00:31:21.432] INFO - Escribiendo historial market-value del jugador 1765 (200 values)
[00:31:21.436] INFO - Jugador 1765 almacenado correctamente
[00:31:21.501] INFO - Escribiendo historial market-value del jugador 1767 (200 values)
[00:31:21.502] INFO - Jugador 1767 almacenado correctamente
[00:31:21.507] INFO - Escribiendo historial market-value del jugador 1766 (200 values)
[00:31:21.509] INFO - Jugador 1766 almacenado correctamente
[00:31:21.588] INFO - Escribiendo historial market-value del jugador 1768 (200 values)
[00:31:21.591] INFO - Jugador 1768 almacenado correctamente
[00:31:21.644] INFO - Escribiendo historial market-value del jugador 1770 (199 values)
[00:31:21.646] INFO - Jugador 1770 almacenado correctamente
[00:31:21.696] INFO - Escribiendo historial market-value del jugador 1769 (200 values)
[00:31:21.701] INFO - Jugador 1769 almacenado correctamente
[00:31:21.714] INFO - Escribiendo historial market-value del jugador 1771 (199 values)
[00:31:21.716] INFO - Jugador 1771 almacenado correctamente
[00:31:21.899] INFO - Escribiendo historial market-value del jugador 1772 (199 values)
[00:31:21.901] INFO - Jugador 1772 almacenado correctamente
[00:31:22.090] INFO - Escribiendo historial market-value del jugador 1773 (199 values)
[00:31:22.091] INFO - Jugador 1773 almacenado correctamente
[00:31:22.214] INFO - Escribiendo historial market-value del jugador 1774 (199 values)
[00:31:22.217] INFO - Jugador 1774 almacenado correctamente
[00:31:22.225] INFO - Escribiendo historial market-value del jugador 1775 (199 values)
[00:31:22.227] INFO - Jugador 1775 almacenado correctamente
[00:31:22.263] INFO - Escribiendo historial market-value del jugador 1776 (199 values)
[00:31:22.264] INFO - Jugador 1776 almacenado correctamente
[00:31:22.302] INFO - Escribiendo historial market-value del jugador 1777 (199 values)
[00:31:22.303] INFO - Jugador 1777 almacenado correctamente
[00:31:22.363] INFO - Escribiendo historial market-value del jugador 1778 (199 values)
[00:31:22.364] INFO - Jugador 1778 almacenado correctamente
[00:31:22.440] INFO - Escribiendo historial market-value del jugador 1779 (199 values)
[00:31:22.442] INFO - Jugador 1779 almacenado correctamente
[00:31:22.645] INFO - Escribiendo historial market-value del jugador 1780 (199 values)
[00:31:22.648] INFO - Jugador 1780 almacenado correctamente
[00:31:22.799] INFO - Escribiendo historial market-value del jugador 1781 (199 values)
[00:31:22.802] INFO - Jugador 1781 almacenado correctamente
[00:31:22.946] INFO - Escribiendo historial market-value del jugador 1783 (199 values)
[00:31:22.949] INFO - Jugador 1783 almacenado correctamente
[00:31:22.972] INFO - Escribiendo historial market-value del jugador 1782 (199 values)
[00:31:22.976] INFO - Jugador 1782 almacenado correctamente
[00:31:22.993] INFO - Escribiendo historial market-value del jugador 1784 (199 values)
[00:31:22.997] INFO - Jugador 1784 almacenado correctamente
[00:31:23.046] INFO - Escribiendo historial market-value del jugador 1785 (199 values)
[00:31:23.049] INFO - Jugador 1785 almacenado correctamente
[00:31:23.077] INFO - Escribiendo historial market-value del jugador 1786 (199 values)
[00:31:23.080] INFO - Jugador 1786 almacenado correctamente
[00:31:23.193] INFO - Escribiendo historial market-value del jugador 1787 (199 values)
[00:31:23.196] INFO - Jugador 1787 almacenado correctamente
[00:31:23.356] INFO - Escribiendo historial market-value del jugador 1788 (199 values)
[00:31:23.358] INFO - Jugador 1788 almacenado correctamente
[00:31:23.531] INFO - Escribiendo historial market-value del jugador 1789 (199 values)
[00:31:23.535] INFO - Jugador 1789 almacenado correctamente
[00:31:23.695] INFO - Escribiendo historial market-value del jugador 1790 (193 values)
[00:31:23.698] INFO - Jugador 1790 almacenado correctamente
[00:31:23.713] INFO - Escribiendo historial market-value del jugador 1791 (193 values)
[00:31:23.716] INFO - Jugador 1791 almacenado correctamente
[00:31:23.731] INFO - Escribiendo historial market-value del jugador 1792 (193 values)
[00:31:23.734] INFO - Jugador 1792 almacenado correctamente
[00:31:23.749] ERROR - Jugador 1796 [out_of_league]
[00:31:23.793] INFO - Escribiendo historial market-value del jugador 1794 (193 values)
[00:31:23.797] INFO - Jugador 1794 almacenado correctamente
[00:31:23.803] INFO - Escribiendo historial market-value del jugador 1793 (193 values)
[00:31:23.807] INFO - Jugador 1793 almacenado correctamente
[00:31:23.915] INFO - Escribiendo historial market-value del jugador 1795 (193 values)
[00:31:23.919] INFO - Jugador 1795 almacenado correctamente
[00:31:24.181] ERROR - Jugador 1803 [out_of_league]
[00:31:24.265] INFO - Escribiendo historial market-value del jugador 1797 (186 values)
[00:31:24.269] INFO - Jugador 1797 almacenado correctamente
[00:31:24.457] INFO - Escribiendo historial market-value del jugador 1798 (177 values)
[00:31:24.460] INFO - Jugador 1798 almacenado correctamente
[00:31:24.467] INFO - Escribiendo historial market-value del jugador 1799 (177 values)
[00:31:24.470] INFO - Jugador 1799 almacenado correctamente
[00:31:24.500] INFO - Escribiendo historial market-value del jugador 1800 (177 values)
[00:31:24.502] INFO - Jugador 1800 almacenado correctamente
[00:31:24.507] INFO - Escribiendo historial market-value del jugador 1801 (177 values)
[00:31:24.509] INFO - Jugador 1801 almacenado correctamente
[00:31:24.523] INFO - Escribiendo historial market-value del jugador 1802 (172 values)
[00:31:24.525] INFO - Jugador 1802 almacenado correctamente
[00:31:24.546] ERROR - Jugador 1805 [out_of_league]
[00:31:24.607] ERROR - Jugador 1806 [out_of_league]
[00:31:24.617] INFO - Escribiendo historial market-value del jugador 1804 (151 values)
[00:31:24.620] INFO - Jugador 1804 almacenado correctamente
[00:31:24.878] ERROR - Jugador 1811 [out_of_league]
[00:31:25.159] INFO - Escribiendo historial market-value del jugador 1807 (114 values)
[00:31:25.160] INFO - Jugador 1807 almacenado correctamente
[00:31:25.175] INFO - Escribiendo historial market-value del jugador 1808 (101 values)
[00:31:25.176] INFO - Jugador 1808 almacenado correctamente
[00:31:25.229] INFO - Escribiendo historial market-value del jugador 1809 (85 values)
[00:31:25.230] INFO - Jugador 1809 almacenado correctamente
[00:31:25.248] INFO - Escribiendo historial market-value del jugador 1810 (85 values)
[00:31:25.250] INFO - Jugador 1810 almacenado correctamente
[00:31:25.262] INFO - Escribiendo historial market-value del jugador 1812 (74 values)
[00:31:25.263] INFO - Jugador 1812 almacenado correctamente
[00:31:25.300] INFO - Escribiendo historial market-value del jugador 1813 (74 values)
[00:31:25.302] INFO - Jugador 1813 almacenado correctamente
[00:31:25.314] INFO - Escribiendo historial market-value del jugador 1814 (74 values)
[00:31:25.315] INFO - Jugador 1814 almacenado correctamente
[00:31:25.577] INFO - Escribiendo historial market-value del jugador 1815 (74 values)
[00:31:25.579] INFO - Jugador 1815 almacenado correctamente
[00:31:25.857] INFO - Escribiendo historial market-value del jugador 1816 (74 values)
[00:31:25.858] INFO - Jugador 1816 almacenado correctamente
[00:31:25.868] INFO - Escribiendo historial market-value del jugador 1817 (74 values)
[00:31:25.869] INFO - Jugador 1817 almacenado correctamente
[00:31:25.915] INFO - Escribiendo historial market-value del jugador 1818 (74 values)
[00:31:25.916] INFO - Jugador 1818 almacenado correctamente
[00:31:25.962] INFO - Escribiendo historial market-value del jugador 1820 (65 values)
[00:31:25.964] INFO - Jugador 1820 almacenado correctamente
[00:31:25.967] INFO - Escribiendo historial market-value del jugador 1819 (65 values)
[00:31:25.969] INFO - Jugador 1819 almacenado correctamente
[00:31:26.008] INFO - Escribiendo historial market-value del jugador 1821 (65 values)
[00:31:26.010] INFO - Jugador 1821 almacenado correctamente
[00:31:26.010] INFO - Escribiendo historial market-value del jugador 1822 (59 values)
[00:31:26.015] INFO - Jugador 1822 almacenado correctamente
[00:31:26.247] INFO - Escribiendo historial market-value del jugador 1823 (59 values)
[00:31:26.249] INFO - Jugador 1823 almacenado correctamente
[00:31:26.525] INFO - Escribiendo historial market-value del jugador 1824 (59 values)
[00:31:26.526] INFO - Jugador 1824 almacenado correctamente
[00:31:26.551] INFO - Escribiendo historial market-value del jugador 1825 (59 values)
[00:31:26.552] INFO - Jugador 1825 almacenado correctamente
[00:31:26.603] INFO - Escribiendo historial market-value del jugador 1826 (59 values)
[00:31:26.604] INFO - Jugador 1826 almacenado correctamente
[00:31:26.646] INFO - Escribiendo historial market-value del jugador 1828 (52 values)
[00:31:26.647] INFO - Jugador 1828 almacenado correctamente
[00:31:26.651] INFO - Escribiendo historial market-value del jugador 1827 (52 values)
[00:31:26.652] INFO - Jugador 1827 almacenado correctamente
[00:31:26.698] INFO - Escribiendo historial market-value del jugador 1829 (52 values)
[00:31:26.700] INFO - Jugador 1829 almacenado correctamente
[00:31:26.700] INFO - Escribiendo historial market-value del jugador 1830 (52 values)
[00:31:26.706] INFO - Jugador 1830 almacenado correctamente
[00:31:26.944] INFO - Escribiendo historial market-value del jugador 1831 (52 values)
[00:31:26.945] INFO - Jugador 1831 almacenado correctamente
[00:31:27.181] INFO - Escribiendo historial market-value del jugador 1832 (52 values)
[00:31:27.183] INFO - Jugador 1832 almacenado correctamente
[00:31:27.235] INFO - Escribiendo historial market-value del jugador 1833 (50 values)
[00:31:27.236] INFO - Jugador 1833 almacenado correctamente
[00:31:27.290] INFO - Escribiendo historial market-value del jugador 1834 (50 values)
[00:31:27.291] INFO - Jugador 1834 almacenado correctamente
[00:31:27.327] INFO - Escribiendo historial market-value del jugador 1835 (50 values)
[00:31:27.328] INFO - Jugador 1835 almacenado correctamente
[00:31:27.336] INFO - Escribiendo historial market-value del jugador 1836 (50 values)
[00:31:27.337] INFO - Jugador 1836 almacenado correctamente
[00:31:27.382] INFO - Escribiendo historial market-value del jugador 1837 (50 values)
[00:31:27.383] INFO - Jugador 1837 almacenado correctamente
[00:31:27.389] INFO - Escribiendo historial market-value del jugador 1838 (45 values)
[00:31:27.390] INFO - Jugador 1838 almacenado correctamente
[00:31:27.623] INFO - Escribiendo historial market-value del jugador 1839 (45 values)
[00:31:27.624] INFO - Jugador 1839 almacenado correctamente
[00:31:27.849] INFO - Escribiendo historial market-value del jugador 1840 (45 values)
[00:31:27.850] INFO - Jugador 1840 almacenado correctamente
[00:31:27.892] INFO - Escribiendo historial market-value del jugador 1841 (45 values)
[00:31:27.892] INFO - Jugador 1841 almacenado correctamente
[00:31:27.971] INFO - Escribiendo historial market-value del jugador 1842 (45 values)
[00:31:27.972] INFO - Jugador 1842 almacenado correctamente
[00:31:28.023] INFO - Escribiendo historial market-value del jugador 1844 (45 values)
[00:31:28.023] INFO - Jugador 1844 almacenado correctamente
[00:31:28.031] INFO - Escribiendo historial market-value del jugador 1843 (45 values)
[00:31:28.032] INFO - Jugador 1843 almacenado correctamente
[00:31:28.059] INFO - Escribiendo historial market-value del jugador 1845 (45 values)
[00:31:28.060] INFO - Jugador 1845 almacenado correctamente
[00:31:28.065] INFO - Escribiendo historial market-value del jugador 1846 (45 values)
[00:31:28.066] INFO - Jugador 1846 almacenado correctamente
[00:31:28.290] INFO - Escribiendo historial market-value del jugador 1847 (38 values)
[00:31:28.290] ERROR - Jugador 1850 [NO ENCONTRADO]
[00:31:28.293] INFO - Jugador 1847 almacenado correctamente
[00:31:28.341] ERROR - Jugador 1851 [NO ENCONTRADO]
[00:31:28.350] ERROR - Jugador 1852 [NO ENCONTRADO]
[00:31:28.384] ERROR - Jugador 1853 [NO ENCONTRADO]
[00:31:28.389] ERROR - Jugador 1854 [NO ENCONTRADO]
[00:31:28.506] INFO - Escribiendo historial market-value del jugador 1848 (38 values)
[00:31:28.508] INFO - Jugador 1848 almacenado correctamente
[00:31:28.534] INFO - Escribiendo historial market-value del jugador 1849 (16 values)
[00:31:28.534] INFO - Jugador 1849 almacenado correctamente
[00:31:28.619] ERROR - Jugador 1856 [NO ENCONTRADO]
[00:31:28.623] ERROR - Jugador 1855 [NO ENCONTRADO]
[00:31:28.666] ERROR - Jugador 1857 [NO ENCONTRADO]
[00:31:28.669] ERROR - Jugador 1858 [NO ENCONTRADO]
[00:31:28.708] ERROR - Jugador 1859 [NO ENCONTRADO]
[00:31:28.711] ERROR - Jugador 1860 [NO ENCONTRADO]
[00:31:28.824] ERROR - Jugador 1861 [NO ENCONTRADO]
[00:31:28.842] ERROR - Jugador 1862 [NO ENCONTRADO]
[00:31:28.944] ERROR - Jugador 1863 [NO ENCONTRADO]
[00:31:28.948] ERROR - Jugador 1864 [NO ENCONTRADO]
[00:31:28.987] ERROR - Jugador 1866 [NO ENCONTRADO]
[00:31:28.991] ERROR - Jugador 1865 [NO ENCONTRADO]
[00:31:29.028] ERROR - Jugador 1868 [NO ENCONTRADO]
[00:31:29.034] ERROR - Jugador 1867 [NO ENCONTRADO]
[00:31:29.146] ERROR - Jugador 1869 [NO ENCONTRADO]
[00:31:29.156] ERROR - Jugador 1870 [NO ENCONTRADO]
[00:31:29.271] ERROR - Jugador 1871 [NO ENCONTRADO]
[00:31:29.271] ERROR - Jugador 1872 [NO ENCONTRADO]
[00:31:29.314] ERROR - Jugador 1873 [NO ENCONTRADO]
[00:31:29.328] ERROR - Jugador 1874 [NO ENCONTRADO]
[00:31:29.361] ERROR - Jugador 1875 [NO ENCONTRADO]
[00:31:29.364] ERROR - Jugador 1876 [NO ENCONTRADO]
[00:31:29.470] ERROR - Jugador 1877 [NO ENCONTRADO]
[00:31:29.475] ERROR - Jugador 1878 [NO ENCONTRADO]
[00:31:29.613] ERROR - Jugador 1879 [NO ENCONTRADO]
[00:31:29.616] ERROR - Jugador 1880 [NO ENCONTRADO]
[00:31:29.632] ERROR - Jugador 1881 [NO ENCONTRADO]
[00:31:29.663] ERROR - Jugador 1882 [NO ENCONTRADO]
[00:31:29.695] ERROR - Jugador 1883 [NO ENCONTRADO]
[00:31:29.698] ERROR - Jugador 1884 [NO ENCONTRADO]
[00:31:29.791] ERROR - Jugador 1885 [NO ENCONTRADO]
[00:31:29.796] ERROR - Jugador 1886 [NO ENCONTRADO]
[00:31:29.939] ERROR - Jugador 1887 [NO ENCONTRADO]
[00:31:29.946] ERROR - Jugador 1888 [NO ENCONTRADO]
[00:31:29.969] ERROR - Jugador 1889 [NO ENCONTRADO]
[00:31:29.991] ERROR - Jugador 1890 [NO ENCONTRADO]
[00:31:30.025] ERROR - Jugador 1891 [NO ENCONTRADO]
[00:31:30.028] ERROR - Jugador 1892 [NO ENCONTRADO]
[00:31:30.118] ERROR - Jugador 1894 [NO ENCONTRADO]
[00:31:30.130] ERROR - Jugador 1893 [NO ENCONTRADO]
[00:31:30.266] ERROR - Jugador 1895 [NO ENCONTRADO]
[00:31:30.275] ERROR - Jugador 1896 [NO ENCONTRADO]
[00:31:30.300] ERROR - Jugador 1897 [NO ENCONTRADO]
[00:31:30.317] ERROR - Jugador 1898 [NO ENCONTRADO]
[00:31:30.337] ERROR - Jugador 1899 [NO ENCONTRADO]
[00:31:30.338] INFO - Escribiendo jugadores en data/2_ATM.json
[00:31:30.347] INFO - Escribiendo jugadores en data/3_ATH.json
[00:31:30.354] INFO - Escribiendo jugadores en data/4_BAR.json
[00:31:30.362] INFO - Escribiendo jugadores en data/6_CEL.json
[00:31:30.370] INFO - Escribiendo jugadores en data/14_RAY.json
[00:31:30.377] INFO - Escribiendo jugadores en data/20_VIL.json
[00:31:30.385] INFO - Escribiendo jugadores en data/5_BET.json
[00:31:30.392] INFO - Escribiendo jugadores en data/162_CAD.json
[00:31:30.400] INFO - Escribiendo jugadores en data/16_RSO.json
[00:31:30.408] INFO - Escribiendo jugadores en data/9_GET.json
[00:31:30.415] INFO - Escribiendo jugadores en data/13_OSA.json
[00:31:30.422] INFO - Escribiendo jugadores en data/31_LPA.json
[00:31:30.429] INFO - Escribiendo jugadores en data/1_ALM.json
[00:31:30.437] INFO - Escribiendo jugadores en data/15_RMA.json
[00:31:30.445] INFO - Escribiendo jugadores en data/17_SEV.json
[00:31:30.452] INFO - Escribiendo jugadores en data/21_ALA.json
[00:31:30.460] INFO - Escribiendo jugadores en data/28_GIR.json
[00:31:30.468] INFO - Escribiendo jugadores en data/18_VAL.json
[00:31:30.476] INFO - Escribiendo jugadores en data/33_MLL.json
[00:31:30.483] INFO - Escribiendo jugadores en data/10_GRA.json
[00:31:30.489] INFO - Tiempo de ejecucion total (MM:SS) 01:56
