[12:14:25.592] INFO - Eliminando anteriores archivos (data/, players/)
[12:14:25.602] INFO - API endpoint https://api.laligafantasymarca.com/api/v3/player
[12:14:25.602] INFO - API endpoint market-values https://api.laligafantasymarca.com/api/v3/player/ID_JUGADOR/market-value
[12:14:26.270] ERROR - Jugador 57 [NO ENCONTRADO]
[12:14:26.318] ERROR - Jugador 52 [NO ENCONTRADO]
[12:14:26.435] ERROR - Jugador 56 [out_of_league]
[12:14:26.463] ERROR - Jugador 54 [NO ENCONTRADO]
[12:14:26.853] ERROR - Jugador 60 [NO ENCONTRADO]
[12:14:26.905] ERROR - Jugador 61 [NO ENCONTRADO]
[12:14:26.943] ERROR - Jugador 63 [NO ENCONTRADO]
[12:14:27.002] INFO - Escribiendo historial market-value del jugador 55 (94 values)
[12:14:27.003] INFO - Jugador 55 almacenado correctamente
[12:14:27.079] INFO - Escribiendo historial market-value del jugador 58 (94 values)
[12:14:27.081] INFO - Jugador 58 almacenado correctamente
[12:14:27.130] INFO - Escribiendo historial market-value del jugador 53 (94 values)
[12:14:27.132] INFO - Jugador 53 almacenado correctamente
[12:14:27.140] INFO - Escribiendo historial market-value del jugador 59 (94 values)
[12:14:27.143] INFO - Jugador 59 almacenado correctamente
[12:14:27.355] ERROR - Jugador 66 [NO ENCONTRADO]
[12:14:27.422] ERROR - Jugador 64 [NO ENCONTRADO]
[12:14:27.619] INFO - Escribiendo historial market-value del jugador 62 (94 values)
[12:14:27.620] INFO - Jugador 62 almacenado correctamente
[12:14:27.732] ERROR - Jugador 70 [NO ENCONTRADO]
[12:14:27.771] ERROR - Jugador 71 [NO ENCONTRADO]
[12:14:27.878] ERROR - Jugador 69 [NO ENCONTRADO]
[12:14:28.041] INFO - Escribiendo historial market-value del jugador 65 (94 values)
[12:14:28.042] INFO - Jugador 65 almacenado correctamente
[12:14:28.202] INFO - Escribiendo historial market-value del jugador 67 (94 values)
[12:14:28.203] INFO - Jugador 67 almacenado correctamente
[12:14:28.239] INFO - Escribiendo historial market-value del jugador 68 (96 values)
[12:14:28.240] INFO - Jugador 68 almacenado correctamente
[12:14:28.334] ERROR - Jugador 76 [NO ENCONTRADO]
[12:14:28.626] INFO - Escribiendo historial market-value del jugador 72 (65 values)
[12:14:28.628] INFO - Jugador 72 almacenado correctamente
[12:14:28.759] ERROR - Jugador 80 [out_of_league]
[12:14:28.833] INFO - Escribiendo historial market-value del jugador 75 (49 values)
[12:14:28.835] ERROR - Jugador 79 [NO ENCONTRADO]
[12:14:28.835] INFO - Jugador 75 almacenado correctamente
[12:14:28.844] INFO - Escribiendo historial market-value del jugador 74 (65 values)
[12:14:28.845] INFO - Jugador 74 almacenado correctamente
[12:14:28.913] INFO - Escribiendo historial market-value del jugador 73 (96 values)
[12:14:28.915] INFO - Jugador 73 almacenado correctamente
[12:14:29.043] ERROR - Jugador 81 [out_of_league]
[12:14:29.299] ERROR - Jugador 85 [NO ENCONTRADO]
[12:14:29.300] INFO - Escribiendo historial market-value del jugador 78 (51 values)
[12:14:29.304] INFO - Jugador 78 almacenado correctamente
[12:14:29.310] INFO - Escribiendo historial market-value del jugador 77 (96 values)
[12:14:29.311] INFO - Jugador 77 almacenado correctamente
[12:14:29.454] ERROR - Jugador 83 [NO ENCONTRADO]
[12:14:29.478] ERROR - Jugador 87 [NO ENCONTRADO]
[12:14:29.493] ERROR - Jugador 86 [out_of_league]
[12:14:29.626] ERROR - Jugador 84 [NO ENCONTRADO]
[12:14:29.806] ERROR - Jugador 88 [NO ENCONTRADO]
[12:14:29.931] ERROR - Jugador 89 [NO ENCONTRADO]
[12:14:29.939] INFO - Escribiendo historial market-value del jugador 82 (53 values)
[12:14:29.941] INFO - Jugador 82 almacenado correctamente
[12:14:30.218] ERROR - Jugador 94 [NO ENCONTRADO]
[12:14:30.376] ERROR - Jugador 95 [NO ENCONTRADO]
[12:14:30.380] ERROR - Jugador 97 [out_of_league]
[12:14:30.496] INFO - Escribiendo historial market-value del jugador 90 (82 values)
[12:14:30.498] INFO - Jugador 90 almacenado correctamente
[12:14:30.552] INFO - Escribiendo historial market-value del jugador 91 (96 values)
[12:14:30.553] INFO - Jugador 91 almacenado correctamente
[12:14:30.581] INFO - Escribiendo historial market-value del jugador 93 (94 values)
[12:14:30.583] INFO - Jugador 93 almacenado correctamente
[12:14:30.822] ERROR - Jugador 99 [NO ENCONTRADO]
[12:14:30.838] ERROR - Jugador 100 [NO ENCONTRADO]
[12:14:30.899] ERROR - Jugador 101 [NO ENCONTRADO]
[12:14:30.905] ERROR - Jugador 96 [NO ENCONTRADO]
[12:14:30.918] INFO - Escribiendo historial market-value del jugador 92 (65 values)
[12:14:30.920] INFO - Jugador 92 almacenado correctamente
[12:14:31.042] ERROR - Jugador 103 [NO ENCONTRADO]
[12:14:31.146] ERROR - Jugador 102 [NO ENCONTRADO]
[12:14:31.236] ERROR - Jugador 98 [NO ENCONTRADO]
[12:14:31.270] ERROR - Jugador 105 [NO ENCONTRADO]
[12:14:31.315] ERROR - Jugador 106 [NO ENCONTRADO]
[12:14:31.368] ERROR - Jugador 104 [NO ENCONTRADO]
[12:14:31.472] ERROR - Jugador 107 [NO ENCONTRADO]
[12:14:31.565] ERROR - Jugador 108 [NO ENCONTRADO]
[12:14:31.619] ERROR - Jugador 109 [NO ENCONTRADO]
[12:14:31.759] ERROR - Jugador 110 [NO ENCONTRADO]
[12:14:31.763] ERROR - Jugador 113 [NO ENCONTRADO]
[12:14:31.763] ERROR - Jugador 114 [NO ENCONTRADO]
[12:14:31.771] ERROR - Jugador 111 [NO ENCONTRADO]
[12:14:31.804] ERROR - Jugador 112 [NO ENCONTRADO]
[12:14:31.871] ERROR - Jugador 115 [NO ENCONTRADO]
[12:14:32.126] ERROR - Jugador 116 [NO ENCONTRADO]
[12:14:32.208] ERROR - Jugador 117 [NO ENCONTRADO]
[12:14:32.274] ERROR - Jugador 122 [NO ENCONTRADO]
[12:14:32.342] ERROR - Jugador 123 [NO ENCONTRADO]
[12:14:32.353] ERROR - Jugador 119 [NO ENCONTRADO]
[12:14:32.405] ERROR - Jugador 120 [NO ENCONTRADO]
[12:14:32.568] ERROR - Jugador 118 [out_of_league]
[12:14:32.615] ERROR - Jugador 125 [NO ENCONTRADO]
[12:14:32.616] ERROR - Jugador 124 [NO ENCONTRADO]
[12:14:32.672] ERROR - Jugador 126 [NO ENCONTRADO]
[12:14:32.836] ERROR - Jugador 129 [NO ENCONTRADO]
[12:14:32.941] ERROR - Jugador 128 [NO ENCONTRADO]
[12:14:32.985] ERROR - Jugador 130 [NO ENCONTRADO]
[12:14:33.059] ERROR - Jugador 132 [NO ENCONTRADO]
[12:14:33.070] ERROR - Jugador 131 [NO ENCONTRADO]
[12:14:33.156] ERROR - Jugador 133 [NO ENCONTRADO]
[12:14:33.336] ERROR - Jugador 134 [NO ENCONTRADO]
[12:14:33.363] ERROR - Jugador 135 [NO ENCONTRADO]
[12:14:33.408] INFO - Escribiendo historial market-value del jugador 127 (96 values)
[12:14:33.409] INFO - Jugador 127 almacenado correctamente
[12:14:33.478] INFO - Escribiendo historial market-value del jugador 121 (53 values)
[12:14:33.478] INFO - Jugador 121 almacenado correctamente
[12:14:33.490] ERROR - Jugador 137 [NO ENCONTRADO]
[12:14:33.505] ERROR - Jugador 138 [NO ENCONTRADO]
[12:14:33.525] ERROR - Jugador 136 [NO ENCONTRADO]
[12:14:33.640] ERROR - Jugador 139 [NO ENCONTRADO]
[12:14:33.811] ERROR - Jugador 141 [NO ENCONTRADO]
[12:14:33.831] ERROR - Jugador 142 [NO ENCONTRADO]
[12:14:33.918] ERROR - Jugador 144 [NO ENCONTRADO]
[12:14:34.081] ERROR - Jugador 143 [NO ENCONTRADO]
[12:14:34.141] ERROR - Jugador 146 [out_of_league]
[12:14:34.275] ERROR - Jugador 149 [NO ENCONTRADO]
[12:14:34.329] ERROR - Jugador 145 [NO ENCONTRADO]
[12:14:34.381] INFO - Escribiendo historial market-value del jugador 140 (96 values)
[12:14:34.383] INFO - Jugador 140 almacenado correctamente
[12:14:34.588] ERROR - Jugador 147 [NO ENCONTRADO]
[12:14:34.689] ERROR - Jugador 152 [NO ENCONTRADO]
[12:14:34.848] ERROR - Jugador 155 [NO ENCONTRADO]
[12:14:34.870] ERROR - Jugador 154 [NO ENCONTRADO]
[12:14:35.001] INFO - Escribiendo historial market-value del jugador 150 (96 values)
[12:14:35.002] INFO - Jugador 150 almacenado correctamente
[12:14:35.048] ERROR - Jugador 151 [NO ENCONTRADO]
[12:14:35.104] ERROR - Jugador 157 [NO ENCONTRADO]
[12:14:35.135] ERROR - Jugador 156 [NO ENCONTRADO]
[12:14:35.267] ERROR - Jugador 158 [NO ENCONTRADO]
[12:14:35.519] INFO - Escribiendo historial market-value del jugador 148 (96 values)
[12:14:35.520] INFO - Jugador 148 almacenado correctamente
[12:14:35.555] ERROR - Jugador 160 [NO ENCONTRADO]
[12:14:35.677] ERROR - Jugador 163 [NO ENCONTRADO]
[12:14:35.718] ERROR - Jugador 162 [NO ENCONTRADO]
[12:14:35.734] ERROR - Jugador 161 [NO ENCONTRADO]
[12:14:35.825] ERROR - Jugador 153 [NO ENCONTRADO]
[12:14:35.967] ERROR - Jugador 164 [NO ENCONTRADO]
[12:14:36.031] ERROR - Jugador 165 [NO ENCONTRADO]
[12:14:36.038] ERROR - Jugador 166 [out_of_league]
[12:14:36.086] ERROR - Jugador 167 [NO ENCONTRADO]
[12:14:36.144] ERROR - Jugador 168 [NO ENCONTRADO]
[12:14:36.163] INFO - Escribiendo historial market-value del jugador 159 (96 values)
[12:14:36.164] INFO - Jugador 159 almacenado correctamente
[12:14:36.220] ERROR - Jugador 169 [NO ENCONTRADO]
[12:14:36.366] ERROR - Jugador 171 [NO ENCONTRADO]
[12:14:36.432] ERROR - Jugador 170 [NO ENCONTRADO]
[12:14:36.479] ERROR - Jugador 174 [NO ENCONTRADO]
[12:14:36.569] ERROR - Jugador 172 [NO ENCONTRADO]
[12:14:36.573] ERROR - Jugador 176 [NO ENCONTRADO]
[12:14:36.593] ERROR - Jugador 173 [NO ENCONTRADO]
[12:14:36.709] ERROR - Jugador 175 [NO ENCONTRADO]
[12:14:36.792] ERROR - Jugador 177 [NO ENCONTRADO]
[12:14:36.830] ERROR - Jugador 179 [NO ENCONTRADO]
[12:14:36.904] ERROR - Jugador 178 [NO ENCONTRADO]
[12:14:37.011] ERROR - Jugador 180 [NO ENCONTRADO]
[12:14:37.030] ERROR - Jugador 183 [NO ENCONTRADO]
[12:14:37.127] ERROR - Jugador 181 [NO ENCONTRADO]
[12:14:37.133] ERROR - Jugador 182 [NO ENCONTRADO]
[12:14:37.239] ERROR - Jugador 185 [NO ENCONTRADO]
[12:14:37.289] ERROR - Jugador 187 [NO ENCONTRADO]
[12:14:37.319] ERROR - Jugador 186 [NO ENCONTRADO]
[12:14:37.452] ERROR - Jugador 189 [NO ENCONTRADO]
[12:14:37.568] ERROR - Jugador 191 [NO ENCONTRADO]
[12:14:37.698] ERROR - Jugador 190 [NO ENCONTRADO]
[12:14:37.711] ERROR - Jugador 188 [NO ENCONTRADO]
[12:14:37.724] INFO - Escribiendo historial market-value del jugador 184 (96 values)
[12:14:37.727] INFO - Jugador 184 almacenado correctamente
[12:14:37.737] ERROR - Jugador 194 [NO ENCONTRADO]
[12:14:38.129] ERROR - Jugador 198 [NO ENCONTRADO]
[12:14:38.174] INFO - Escribiendo historial market-value del jugador 192 (96 values)
[12:14:38.176] INFO - Jugador 192 almacenado correctamente
[12:14:38.184] ERROR - Jugador 197 [out_of_league]
[12:14:38.190] ERROR - Jugador 199 [NO ENCONTRADO]
[12:14:38.226] ERROR - Jugador 195 [NO ENCONTRADO]
[12:14:38.326] INFO - Escribiendo historial market-value del jugador 193 (96 values)
[12:14:38.328] INFO - Jugador 193 almacenado correctamente
[12:14:38.440] ERROR - Jugador 196 [NO ENCONTRADO]
[12:14:38.614] ERROR - Jugador 202 [NO ENCONTRADO]
[12:14:38.638] ERROR - Jugador 203 [NO ENCONTRADO]
[12:14:38.715] ERROR - Jugador 206 [NO ENCONTRADO]
[12:14:38.789] INFO - Escribiendo historial market-value del jugador 200 (56 values)
[12:14:38.790] INFO - Jugador 200 almacenado correctamente
[12:14:38.807] ERROR - Jugador 205 [NO ENCONTRADO]
[12:14:38.866] ERROR - Jugador 207 [NO ENCONTRADO]
[12:14:39.060] ERROR - Jugador 208 [NO ENCONTRADO]
[12:14:39.080] ERROR - Jugador 209 [NO ENCONTRADO]
[12:14:39.088] ERROR - Jugador 201 [NO ENCONTRADO]
[12:14:39.158] ERROR - Jugador 210 [NO ENCONTRADO]
[12:14:39.309] ERROR - Jugador 213 [NO ENCONTRADO]
[12:14:39.400] ERROR - Jugador 212 [NO ENCONTRADO]
[12:14:39.411] INFO - Escribiendo historial market-value del jugador 204 (96 values)
[12:14:39.413] INFO - Jugador 204 almacenado correctamente
[12:14:39.564] ERROR - Jugador 217 [out_of_league]
[12:14:39.653] ERROR - Jugador 214 [NO ENCONTRADO]
[12:14:39.703] ERROR - Jugador 216 [NO ENCONTRADO]
[12:14:39.713] ERROR - Jugador 218 [NO ENCONTRADO]
[12:14:39.800] ERROR - Jugador 219 [NO ENCONTRADO]
[12:14:39.971] ERROR - Jugador 221 [NO ENCONTRADO]
[12:14:39.984] ERROR - Jugador 220 [NO ENCONTRADO]
[12:14:40.038] ERROR - Jugador 222 [NO ENCONTRADO]
[12:14:40.125] INFO - Escribiendo historial market-value del jugador 215 (96 values)
[12:14:40.126] INFO - Jugador 215 almacenado correctamente
[12:14:40.135] ERROR - Jugador 223 [NO ENCONTRADO]
[12:14:40.199] ERROR - Jugador 225 [NO ENCONTRADO]
[12:14:40.243] ERROR - Jugador 224 [NO ENCONTRADO]
[12:14:40.440] ERROR - Jugador 228 [NO ENCONTRADO]
[12:14:40.516] ERROR - Jugador 226 [NO ENCONTRADO]
[12:14:40.603] ERROR - Jugador 227 [NO ENCONTRADO]
[12:14:40.625] ERROR - Jugador 232 [NO ENCONTRADO]
[12:14:40.681] ERROR - Jugador 229 [NO ENCONTRADO]
[12:14:40.997] ERROR - Jugador 233 [NO ENCONTRADO]
[12:14:41.086] ERROR - Jugador 234 [NO ENCONTRADO]
[12:14:41.187] ERROR - Jugador 235 [NO ENCONTRADO]
[12:14:41.203] ERROR - Jugador 236 [out_of_league]
[12:14:41.226] ERROR - Jugador 237 [NO ENCONTRADO]
[12:14:41.256] INFO - Escribiendo historial market-value del jugador 230 (96 values)
[12:14:41.258] INFO - Jugador 230 almacenado correctamente
[12:14:41.283] INFO - Escribiendo historial market-value del jugador 231 (96 values)
[12:14:41.285] INFO - Jugador 231 almacenado correctamente
[12:14:41.623] ERROR - Jugador 242 [NO ENCONTRADO]
[12:14:41.627] ERROR - Jugador 239 [NO ENCONTRADO]
[12:14:41.680] ERROR - Jugador 244 [NO ENCONTRADO]
[12:14:41.783] ERROR - Jugador 241 [NO ENCONTRADO]
[12:14:42.104] ERROR - Jugador 246 [out_of_league]
[12:14:42.170] INFO - Escribiendo historial market-value del jugador 238 (53 values)
[12:14:42.171] INFO - Jugador 238 almacenado correctamente
[12:14:42.213] INFO - Escribiendo historial market-value del jugador 240 (96 values)
[12:14:42.215] INFO - Jugador 240 almacenado correctamente
[12:14:42.414] ERROR - Jugador 248 [out_of_league]
[12:14:42.447] INFO - Escribiendo historial market-value del jugador 243 (96 values)
[12:14:42.449] INFO - Jugador 243 almacenado correctamente
[12:14:42.568] ERROR - Jugador 250 [NO ENCONTRADO]
[12:14:42.584] ERROR - Jugador 249 [NO ENCONTRADO]
[12:14:42.690] INFO - Escribiendo historial market-value del jugador 247 (96 values)
[12:14:42.691] INFO - Jugador 247 almacenado correctamente
[12:14:42.710] INFO - Escribiendo historial market-value del jugador 245 (67 values)
[12:14:42.712] INFO - Jugador 245 almacenado correctamente
[12:14:42.780] ERROR - Jugador 251 [NO ENCONTRADO]
[12:14:42.849] ERROR - Jugador 252 [NO ENCONTRADO]
[12:14:42.977] ERROR - Jugador 253 [NO ENCONTRADO]
[12:14:43.092] ERROR - Jugador 256 [NO ENCONTRADO]
[12:14:43.095] ERROR - Jugador 254 [NO ENCONTRADO]
[12:14:43.165] ERROR - Jugador 258 [NO ENCONTRADO]
[12:14:43.538] ERROR - Jugador 262 [NO ENCONTRADO]
[12:14:43.554] ERROR - Jugador 263 [NO ENCONTRADO]
[12:14:43.557] INFO - Escribiendo historial market-value del jugador 255 (96 values)
[12:14:43.559] INFO - Jugador 255 almacenado correctamente
[12:14:43.652] ERROR - Jugador 261 [NO ENCONTRADO]
[12:14:43.710] INFO - Escribiendo historial market-value del jugador 257 (68 values)
[12:14:43.711] INFO - Jugador 257 almacenado correctamente
[12:14:43.817] INFO - Escribiendo historial market-value del jugador 259 (96 values)
[12:14:43.818] INFO - Jugador 259 almacenado correctamente
[12:14:43.954] INFO - Escribiendo historial market-value del jugador 260 (96 values)
[12:14:43.955] INFO - Jugador 260 almacenado correctamente
[12:14:44.062] ERROR - Jugador 267 [NO ENCONTRADO]
[12:14:44.143] ERROR - Jugador 266 [NO ENCONTRADO]
[12:14:44.371] ERROR - Jugador 269 [NO ENCONTRADO]
[12:14:44.543] INFO - Escribiendo historial market-value del jugador 265 (96 values)
[12:14:44.544] INFO - Jugador 265 almacenado correctamente
[12:14:44.550] ERROR - Jugador 272 [NO ENCONTRADO]
[12:14:44.691] INFO - Escribiendo historial market-value del jugador 264 (96 values)
[12:14:44.693] INFO - Jugador 264 almacenado correctamente
[12:14:44.756] INFO - Escribiendo historial market-value del jugador 268 (63 values)
[12:14:44.757] INFO - Jugador 268 almacenado correctamente
[12:14:44.947] INFO - Escribiendo historial market-value del jugador 270 (96 values)
[12:14:44.949] INFO - Jugador 270 almacenado correctamente
[12:14:45.073] ERROR - Jugador 276 [NO ENCONTRADO]
[12:14:45.295] ERROR - Jugador 277 [NO ENCONTRADO]
[12:14:45.451] ERROR - Jugador 279 [NO ENCONTRADO]
[12:14:45.556] ERROR - Jugador 271 [out_of_league]
[12:14:45.646] ERROR - Jugador 278 [NO ENCONTRADO]
[12:14:45.677] INFO - Escribiendo historial market-value del jugador 274 (96 values)
[12:14:45.678] INFO - Jugador 274 almacenado correctamente
[12:14:45.691] INFO - Escribiendo historial market-value del jugador 275 (96 values)
[12:14:45.693] INFO - Jugador 275 almacenado correctamente
[12:14:45.701] ERROR - Jugador 280 [NO ENCONTRADO]
[12:14:45.823] ERROR - Jugador 281 [NO ENCONTRADO]
[12:14:45.953] ERROR - Jugador 282 [NO ENCONTRADO]
[12:14:46.104] ERROR - Jugador 286 [NO ENCONTRADO]
[12:14:46.107] ERROR - Jugador 285 [NO ENCONTRADO]
[12:14:46.161] ERROR - Jugador 283 [NO ENCONTRADO]
[12:14:46.356] ERROR - Jugador 288 [NO ENCONTRADO]
[12:14:46.386] ERROR - Jugador 287 [NO ENCONTRADO]
[12:14:46.510] ERROR - Jugador 289 [NO ENCONTRADO]
[12:14:46.578] ERROR - Jugador 291 [NO ENCONTRADO]
[12:14:46.716] ERROR - Jugador 290 [NO ENCONTRADO]
[12:14:46.727] INFO - Escribiendo historial market-value del jugador 284 (86 values)
[12:14:46.728] INFO - Jugador 284 almacenado correctamente
[12:14:46.778] ERROR - Jugador 292 [NO ENCONTRADO]
[12:14:46.793] ERROR - Jugador 293 [NO ENCONTRADO]
[12:14:46.997] ERROR - Jugador 295 [NO ENCONTRADO]
[12:14:47.229] ERROR - Jugador 273 [NO ENCONTRADO]
[12:14:47.267] INFO - Escribiendo historial market-value del jugador 294 (41 values)
[12:14:47.269] INFO - Jugador 294 almacenado correctamente
[12:14:47.281] ERROR - Jugador 297 [NO ENCONTRADO]
[12:14:47.328] ERROR - Jugador 299 [NO ENCONTRADO]
[12:14:47.657] ERROR - Jugador 301 [out_of_league]
[12:14:47.713] ERROR - Jugador 303 [NO ENCONTRADO]
[12:14:47.760] INFO - Escribiendo historial market-value del jugador 298 (96 values)
[12:14:47.761] INFO - Jugador 298 almacenado correctamente
[12:14:47.823] INFO - Escribiendo historial market-value del jugador 296 (96 values)
[12:14:47.824] INFO - Jugador 296 almacenado correctamente
[12:14:47.914] ERROR - Jugador 304 [NO ENCONTRADO]
[12:14:48.028] INFO - Escribiendo historial market-value del jugador 300 (96 values)
[12:14:48.029] INFO - Jugador 300 almacenado correctamente
[12:14:48.054] ERROR - Jugador 305 [NO ENCONTRADO]
[12:14:48.121] ERROR - Jugador 306 [out_of_league]
[12:14:48.204] ERROR - Jugador 307 [out_of_league]
[12:14:48.293] ERROR - Jugador 308 [NO ENCONTRADO]
[12:14:48.313] INFO - Escribiendo historial market-value del jugador 302 (96 values)
[12:14:48.314] INFO - Jugador 302 almacenado correctamente
[12:14:48.464] ERROR - Jugador 309 [NO ENCONTRADO]
[12:14:48.469] ERROR - Jugador 311 [NO ENCONTRADO]
[12:14:48.714] ERROR - Jugador 313 [NO ENCONTRADO]
[12:14:48.720] ERROR - Jugador 315 [NO ENCONTRADO]
[12:14:48.835] ERROR - Jugador 312 [NO ENCONTRADO]
[12:14:48.894] ERROR - Jugador 316 [NO ENCONTRADO]
[12:14:48.898] ERROR - Jugador 314 [NO ENCONTRADO]
[12:14:49.016] ERROR - Jugador 317 [NO ENCONTRADO]
[12:14:49.122] INFO - Escribiendo historial market-value del jugador 310 (96 values)
[12:14:49.123] INFO - Jugador 310 almacenado correctamente
[12:14:49.129] ERROR - Jugador 318 [NO ENCONTRADO]
[12:14:49.222] ERROR - Jugador 320 [NO ENCONTRADO]
[12:14:49.285] ERROR - Jugador 319 [NO ENCONTRADO]
[12:14:49.415] ERROR - Jugador 323 [NO ENCONTRADO]
[12:14:49.478] ERROR - Jugador 321 [NO ENCONTRADO]
[12:14:49.535] ERROR - Jugador 325 [NO ENCONTRADO]
[12:14:49.539] ERROR - Jugador 324 [NO ENCONTRADO]
[12:14:49.614] ERROR - Jugador 326 [NO ENCONTRADO]
[12:14:49.826] ERROR - Jugador 327 [NO ENCONTRADO]
[12:14:49.845] ERROR - Jugador 329 [NO ENCONTRADO]
[12:14:49.865] ERROR - Jugador 322 [NO ENCONTRADO]
[12:14:49.938] ERROR - Jugador 328 [NO ENCONTRADO]
[12:14:49.943] ERROR - Jugador 331 [NO ENCONTRADO]
[12:14:49.989] ERROR - Jugador 332 [NO ENCONTRADO]
[12:14:50.069] ERROR - Jugador 330 [NO ENCONTRADO]
[12:14:50.220] ERROR - Jugador 333 [NO ENCONTRADO]
[12:14:50.258] ERROR - Jugador 334 [NO ENCONTRADO]
[12:14:50.285] ERROR - Jugador 335 [NO ENCONTRADO]
[12:14:50.330] ERROR - Jugador 336 [NO ENCONTRADO]
[12:14:50.341] ERROR - Jugador 337 [NO ENCONTRADO]
[12:14:50.387] ERROR - Jugador 338 [NO ENCONTRADO]
[12:14:50.593] ERROR - Jugador 340 [NO ENCONTRADO]
[12:14:50.681] ERROR - Jugador 342 [NO ENCONTRADO]
[12:14:50.726] ERROR - Jugador 343 [NO ENCONTRADO]
[12:14:50.796] ERROR - Jugador 345 [NO ENCONTRADO]
[12:14:50.821] ERROR - Jugador 341 [out_of_league]
[12:14:50.983] ERROR - Jugador 346 [NO ENCONTRADO]
[12:14:51.168] INFO - Escribiendo historial market-value del jugador 344 (96 values)
[12:14:51.169] INFO - Jugador 344 almacenado correctamente
[12:14:51.205] ERROR - Jugador 349 [NO ENCONTRADO]
[12:14:51.224] ERROR - Jugador 350 [NO ENCONTRADO]
[12:14:51.231] ERROR - Jugador 347 [NO ENCONTRADO]
[12:14:51.255] ERROR - Jugador 339 [NO ENCONTRADO]
[12:14:51.260] ERROR - Jugador 348 [out_of_league]
[12:14:51.376] ERROR - Jugador 351 [NO ENCONTRADO]
[12:14:51.584] ERROR - Jugador 352 [NO ENCONTRADO]
[12:14:51.655] ERROR - Jugador 355 [NO ENCONTRADO]
[12:14:51.671] ERROR - Jugador 354 [NO ENCONTRADO]
[12:14:51.725] ERROR - Jugador 353 [NO ENCONTRADO]
[12:14:51.768] ERROR - Jugador 358 [NO ENCONTRADO]
[12:14:51.831] ERROR - Jugador 357 [NO ENCONTRADO]
[12:14:52.081] ERROR - Jugador 361 [NO ENCONTRADO]
[12:14:52.108] ERROR - Jugador 359 [NO ENCONTRADO]
[12:14:52.151] ERROR - Jugador 363 [NO ENCONTRADO]
[12:14:52.211] ERROR - Jugador 364 [NO ENCONTRADO]
[12:14:52.258] ERROR - Jugador 362 [NO ENCONTRADO]
[12:14:52.272] INFO - Escribiendo historial market-value del jugador 356 (96 values)
[12:14:52.273] INFO - Jugador 356 almacenado correctamente
[12:14:52.522] ERROR - Jugador 365 [out_of_league]
[12:14:52.530] ERROR - Jugador 367 [NO ENCONTRADO]
[12:14:52.663] ERROR - Jugador 369 [NO ENCONTRADO]
[12:14:52.682] ERROR - Jugador 370 [NO ENCONTRADO]
[12:14:52.734] ERROR - Jugador 368 [NO ENCONTRADO]
[12:14:52.741] INFO - Escribiendo historial market-value del jugador 360 (96 values)
[12:14:52.742] INFO - Jugador 360 almacenado correctamente
[12:14:52.930] ERROR - Jugador 372 [NO ENCONTRADO]
[12:14:53.052] ERROR - Jugador 373 [NO ENCONTRADO]
[12:14:53.083] ERROR - Jugador 371 [NO ENCONTRADO]
[12:14:53.189] ERROR - Jugador 375 [NO ENCONTRADO]
[12:14:53.207] ERROR - Jugador 374 [NO ENCONTRADO]
[12:14:53.288] ERROR - Jugador 366 [NO ENCONTRADO]
[12:14:53.309] ERROR - Jugador 376 [NO ENCONTRADO]
[12:14:53.450] ERROR - Jugador 378 [NO ENCONTRADO]
[12:14:53.474] ERROR - Jugador 377 [NO ENCONTRADO]
[12:14:53.491] ERROR - Jugador 379 [NO ENCONTRADO]
[12:14:53.609] ERROR - Jugador 381 [NO ENCONTRADO]
[12:14:53.725] ERROR - Jugador 383 [NO ENCONTRADO]
[12:14:53.760] ERROR - Jugador 380 [NO ENCONTRADO]
[12:14:53.840] ERROR - Jugador 384 [NO ENCONTRADO]
[12:14:53.864] ERROR - Jugador 382 [NO ENCONTRADO]
[12:14:53.903] ERROR - Jugador 385 [NO ENCONTRADO]
[12:14:53.906] ERROR - Jugador 386 [NO ENCONTRADO]
[12:14:53.990] ERROR - Jugador 387 [NO ENCONTRADO]
[12:14:54.142] ERROR - Jugador 388 [NO ENCONTRADO]
[12:14:54.159] ERROR - Jugador 389 [NO ENCONTRADO]
[12:14:54.233] ERROR - Jugador 390 [NO ENCONTRADO]
[12:14:54.278] ERROR - Jugador 391 [NO ENCONTRADO]
[12:14:54.376] ERROR - Jugador 392 [NO ENCONTRADO]
[12:14:54.390] ERROR - Jugador 394 [NO ENCONTRADO]
[12:14:54.473] ERROR - Jugador 393 [NO ENCONTRADO]
[12:14:54.535] ERROR - Jugador 395 [NO ENCONTRADO]
[12:14:54.574] ERROR - Jugador 396 [NO ENCONTRADO]
[12:14:54.765] ERROR - Jugador 397 [NO ENCONTRADO]
[12:14:54.789] ERROR - Jugador 399 [NO ENCONTRADO]
[12:14:54.925] ERROR - Jugador 402 [NO ENCONTRADO]
[12:14:54.946] ERROR - Jugador 400 [NO ENCONTRADO]
[12:14:54.984] ERROR - Jugador 401 [NO ENCONTRADO]
[12:14:54.994] ERROR - Jugador 403 [NO ENCONTRADO]
[12:14:55.170] ERROR - Jugador 404 [NO ENCONTRADO]
[12:14:55.230] ERROR - Jugador 405 [NO ENCONTRADO]
[12:14:55.241] ERROR - Jugador 398 [NO ENCONTRADO]
[12:14:55.302] ERROR - Jugador 406 [NO ENCONTRADO]
[12:14:55.416] ERROR - Jugador 408 [NO ENCONTRADO]
[12:14:55.494] ERROR - Jugador 407 [NO ENCONTRADO]
[12:14:55.556] ERROR - Jugador 409 [NO ENCONTRADO]
[12:14:55.672] ERROR - Jugador 412 [NO ENCONTRADO]
[12:14:55.693] ERROR - Jugador 413 [NO ENCONTRADO]
[12:14:55.698] ERROR - Jugador 410 [NO ENCONTRADO]
[12:14:55.767] ERROR - Jugador 411 [NO ENCONTRADO]
[12:14:55.832] ERROR - Jugador 414 [NO ENCONTRADO]
[12:14:55.914] ERROR - Jugador 415 [out_of_league]
[12:14:55.959] ERROR - Jugador 416 [NO ENCONTRADO]
[12:14:56.064] ERROR - Jugador 417 [NO ENCONTRADO]
[12:14:56.095] ERROR - Jugador 418 [NO ENCONTRADO]
[12:14:56.145] ERROR - Jugador 419 [NO ENCONTRADO]
[12:14:56.201] ERROR - Jugador 421 [NO ENCONTRADO]
[12:14:56.307] ERROR - Jugador 420 [NO ENCONTRADO]
[12:14:56.326] ERROR - Jugador 422 [NO ENCONTRADO]
[12:14:56.396] ERROR - Jugador 423 [NO ENCONTRADO]
[12:14:56.477] ERROR - Jugador 425 [NO ENCONTRADO]
[12:14:56.560] ERROR - Jugador 426 [NO ENCONTRADO]
[12:14:56.602] ERROR - Jugador 427 [NO ENCONTRADO]
[12:14:56.714] ERROR - Jugador 428 [NO ENCONTRADO]
[12:14:56.726] ERROR - Jugador 429 [NO ENCONTRADO]
[12:14:56.856] ERROR - Jugador 431 [NO ENCONTRADO]
[12:14:56.898] ERROR - Jugador 424 [NO ENCONTRADO]
[12:14:56.920] ERROR - Jugador 430 [NO ENCONTRADO]
[12:14:56.984] ERROR - Jugador 433 [NO ENCONTRADO]
[12:14:57.111] ERROR - Jugador 432 [NO ENCONTRADO]
[12:14:57.135] ERROR - Jugador 434 [NO ENCONTRADO]
[12:14:57.147] ERROR - Jugador 435 [NO ENCONTRADO]
[12:14:57.224] ERROR - Jugador 436 [NO ENCONTRADO]
[12:14:57.291] ERROR - Jugador 437 [NO ENCONTRADO]
[12:14:57.339] ERROR - Jugador 438 [NO ENCONTRADO]
[12:14:57.403] ERROR - Jugador 439 [NO ENCONTRADO]
[12:14:57.569] ERROR - Jugador 440 [NO ENCONTRADO]
[12:14:57.599] ERROR - Jugador 441 [NO ENCONTRADO]
[12:14:57.603] ERROR - Jugador 442 [NO ENCONTRADO]
[12:14:57.643] ERROR - Jugador 443 [NO ENCONTRADO]
[12:14:57.689] ERROR - Jugador 444 [NO ENCONTRADO]
[12:14:57.748] ERROR - Jugador 445 [NO ENCONTRADO]
[12:14:58.022] ERROR - Jugador 446 [NO ENCONTRADO]
[12:14:58.046] ERROR - Jugador 449 [NO ENCONTRADO]
[12:14:58.127] ERROR - Jugador 450 [NO ENCONTRADO]
[12:14:58.170] ERROR - Jugador 452 [NO ENCONTRADO]
[12:14:58.183] ERROR - Jugador 448 [NO ENCONTRADO]
[12:14:58.324] ERROR - Jugador 451 [NO ENCONTRADO]
[12:14:58.458] ERROR - Jugador 454 [NO ENCONTRADO]
[12:14:58.533] ERROR - Jugador 455 [NO ENCONTRADO]
[12:14:58.606] ERROR - Jugador 457 [NO ENCONTRADO]
[12:14:58.698] ERROR - Jugador 447 [NO ENCONTRADO]
[12:14:58.722] ERROR - Jugador 458 [NO ENCONTRADO]
[12:14:58.875] ERROR - Jugador 459 [NO ENCONTRADO]
[12:14:58.909] ERROR - Jugador 456 [NO ENCONTRADO]
[12:14:58.938] ERROR - Jugador 460 [NO ENCONTRADO]
[12:14:59.082] ERROR - Jugador 453 [NO ENCONTRADO]
[12:14:59.137] ERROR - Jugador 461 [NO ENCONTRADO]
[12:14:59.171] ERROR - Jugador 463 [NO ENCONTRADO]
[12:14:59.177] ERROR - Jugador 462 [NO ENCONTRADO]
[12:14:59.342] ERROR - Jugador 464 [NO ENCONTRADO]
[12:14:59.368] ERROR - Jugador 465 [NO ENCONTRADO]
[12:14:59.478] ERROR - Jugador 467 [NO ENCONTRADO]
[12:14:59.521] ERROR - Jugador 466 [NO ENCONTRADO]
[12:14:59.605] ERROR - Jugador 468 [NO ENCONTRADO]
[12:14:59.635] ERROR - Jugador 469 [NO ENCONTRADO]
[12:14:59.797] ERROR - Jugador 471 [NO ENCONTRADO]
[12:14:59.817] ERROR - Jugador 472 [NO ENCONTRADO]
[12:14:59.842] ERROR - Jugador 470 [NO ENCONTRADO]
[12:14:59.921] ERROR - Jugador 474 [NO ENCONTRADO]
[12:15:00.028] ERROR - Jugador 475 [NO ENCONTRADO]
[12:15:00.070] ERROR - Jugador 476 [NO ENCONTRADO]
[12:15:00.091] ERROR - Jugador 473 [NO ENCONTRADO]
[12:15:00.266] ERROR - Jugador 477 [NO ENCONTRADO]
[12:15:00.292] ERROR - Jugador 479 [NO ENCONTRADO]
[12:15:00.359] ERROR - Jugador 480 [NO ENCONTRADO]
[12:15:00.446] ERROR - Jugador 481 [NO ENCONTRADO]
[12:15:00.535] ERROR - Jugador 482 [NO ENCONTRADO]
[12:15:00.541] ERROR - Jugador 483 [NO ENCONTRADO]
[12:15:00.759] ERROR - Jugador 484 [NO ENCONTRADO]
[12:15:00.816] ERROR - Jugador 486 [NO ENCONTRADO]
[12:15:00.819] ERROR - Jugador 485 [NO ENCONTRADO]
[12:15:00.855] ERROR - Jugador 487 [NO ENCONTRADO]
[12:15:00.945] INFO - Escribiendo historial market-value del jugador 478 (53 values)
[12:15:00.946] INFO - Jugador 478 almacenado correctamente
[12:15:00.999] ERROR - Jugador 489 [NO ENCONTRADO]
[12:15:01.267] ERROR - Jugador 493 [NO ENCONTRADO]
[12:15:01.350] ERROR - Jugador 494 [NO ENCONTRADO]
[12:15:01.398] ERROR - Jugador 491 [NO ENCONTRADO]
[12:15:01.426] ERROR - Jugador 495 [NO ENCONTRADO]
[12:15:01.659] ERROR - Jugador 490 [NO ENCONTRADO]
[12:15:01.678] ERROR - Jugador 496 [NO ENCONTRADO]
[12:15:01.703] ERROR - Jugador 488 [NO ENCONTRADO]
[12:15:01.789] ERROR - Jugador 498 [NO ENCONTRADO]
[12:15:01.827] ERROR - Jugador 499 [NO ENCONTRADO]
[12:15:01.877] ERROR - Jugador 497 [NO ENCONTRADO]
[12:15:01.901] ERROR - Jugador 492 [NO ENCONTRADO]
[12:15:02.138] ERROR - Jugador 501 [NO ENCONTRADO]
[12:15:02.156] ERROR - Jugador 502 [NO ENCONTRADO]
[12:15:02.198] ERROR - Jugador 503 [NO ENCONTRADO]
[12:15:02.219] ERROR - Jugador 500 [NO ENCONTRADO]
[12:15:02.246] ERROR - Jugador 504 [NO ENCONTRADO]
[12:15:02.338] ERROR - Jugador 505 [NO ENCONTRADO]
[12:15:02.371] ERROR - Jugador 506 [NO ENCONTRADO]
[12:15:02.574] ERROR - Jugador 508 [NO ENCONTRADO]
[12:15:02.628] ERROR - Jugador 509 [NO ENCONTRADO]
[12:15:02.690] ERROR - Jugador 507 [NO ENCONTRADO]
[12:15:02.758] ERROR - Jugador 512 [NO ENCONTRADO]
[12:15:02.839] ERROR - Jugador 511 [NO ENCONTRADO]
[12:15:02.860] ERROR - Jugador 510 [NO ENCONTRADO]
[12:15:02.946] ERROR - Jugador 513 [NO ENCONTRADO]
[12:15:03.010] ERROR - Jugador 514 [NO ENCONTRADO]
[12:15:03.024] ERROR - Jugador 515 [NO ENCONTRADO]
[12:15:03.117] ERROR - Jugador 516 [NO ENCONTRADO]
[12:15:03.185] ERROR - Jugador 517 [NO ENCONTRADO]
[12:15:03.271] ERROR - Jugador 518 [NO ENCONTRADO]
[12:15:03.368] ERROR - Jugador 520 [NO ENCONTRADO]
[12:15:03.437] ERROR - Jugador 521 [NO ENCONTRADO]
[12:15:03.445] ERROR - Jugador 522 [NO ENCONTRADO]
[12:15:03.467] ERROR - Jugador 519 [NO ENCONTRADO]
[12:15:03.538] ERROR - Jugador 523 [NO ENCONTRADO]
[12:15:03.659] ERROR - Jugador 524 [NO ENCONTRADO]
[12:15:03.726] ERROR - Jugador 525 [NO ENCONTRADO]
[12:15:03.803] ERROR - Jugador 526 [NO ENCONTRADO]
[12:15:03.913] ERROR - Jugador 527 [NO ENCONTRADO]
[12:15:03.914] ERROR - Jugador 528 [NO ENCONTRADO]
[12:15:03.969] ERROR - Jugador 529 [NO ENCONTRADO]
[12:15:04.082] ERROR - Jugador 531 [NO ENCONTRADO]
[12:15:04.099] ERROR - Jugador 530 [NO ENCONTRADO]
[12:15:04.143] ERROR - Jugador 532 [NO ENCONTRADO]
[12:15:04.355] ERROR - Jugador 533 [NO ENCONTRADO]
[12:15:04.388] ERROR - Jugador 534 [NO ENCONTRADO]
[12:15:04.472] ERROR - Jugador 536 [NO ENCONTRADO]
[12:15:04.485] ERROR - Jugador 537 [NO ENCONTRADO]
[12:15:04.507] ERROR - Jugador 535 [NO ENCONTRADO]
[12:15:04.540] ERROR - Jugador 538 [NO ENCONTRADO]
[12:15:04.583] ERROR - Jugador 539 [NO ENCONTRADO]
[12:15:04.819] ERROR - Jugador 541 [out_of_league]
[12:15:04.886] ERROR - Jugador 542 [NO ENCONTRADO]
[12:15:04.913] ERROR - Jugador 543 [NO ENCONTRADO]
[12:15:04.968] ERROR - Jugador 545 [NO ENCONTRADO]
[12:15:04.969] ERROR - Jugador 540 [NO ENCONTRADO]
[12:15:05.007] ERROR - Jugador 546 [NO ENCONTRADO]
[12:15:05.320] ERROR - Jugador 549 [NO ENCONTRADO]
[12:15:05.325] ERROR - Jugador 548 [NO ENCONTRADO]
[12:15:05.425] ERROR - Jugador 550 [NO ENCONTRADO]
[12:15:05.430] ERROR - Jugador 551 [NO ENCONTRADO]
[12:15:05.465] INFO - Escribiendo historial market-value del jugador 544 (94 values)
[12:15:05.465] INFO - Jugador 544 almacenado correctamente
[12:15:05.745] ERROR - Jugador 553 [NO ENCONTRADO]
[12:15:05.861] ERROR - Jugador 555 [NO ENCONTRADO]
[12:15:05.869] ERROR - Jugador 556 [NO ENCONTRADO]
[12:15:05.880] ERROR - Jugador 552 [NO ENCONTRADO]
[12:15:05.923] INFO - Escribiendo historial market-value del jugador 547 (96 values)
[12:15:05.924] INFO - Jugador 547 almacenado correctamente
[12:15:05.931] ERROR - Jugador 554 [NO ENCONTRADO]
[12:15:06.317] ERROR - Jugador 560 [NO ENCONTRADO]
[12:15:06.326] ERROR - Jugador 561 [NO ENCONTRADO]
[12:15:06.361] ERROR - Jugador 563 [NO ENCONTRADO]
[12:15:06.470] INFO - Escribiendo historial market-value del jugador 557 (96 values)
[12:15:06.472] INFO - Jugador 557 almacenado correctamente
[12:15:06.527] ERROR - Jugador 562 [NO ENCONTRADO]
[12:15:06.784] ERROR - Jugador 564 [NO ENCONTRADO]
[12:15:06.841] INFO - Escribiendo historial market-value del jugador 558 (96 values)
[12:15:06.843] INFO - Jugador 558 almacenado correctamente
[12:15:06.846] ERROR - Jugador 565 [NO ENCONTRADO]
[12:15:06.921] INFO - Escribiendo historial market-value del jugador 559 (96 values)
[12:15:06.922] INFO - Jugador 559 almacenado correctamente
[12:15:06.957] ERROR - Jugador 568 [NO ENCONTRADO]
[12:15:07.196] ERROR - Jugador 569 [NO ENCONTRADO]
[12:15:07.266] ERROR - Jugador 571 [NO ENCONTRADO]
[12:15:07.320] ERROR - Jugador 572 [NO ENCONTRADO]
[12:15:07.420] ERROR - Jugador 570 [NO ENCONTRADO]
[12:15:07.451] ERROR - Jugador 573 [NO ENCONTRADO]
[12:15:07.565] ERROR - Jugador 567 [out_of_league]
[12:15:07.824] INFO - Escribiendo historial market-value del jugador 566 (94 values)
[12:15:07.825] INFO - Jugador 566 almacenado correctamente
[12:15:07.860] ERROR - Jugador 576 [NO ENCONTRADO]
[12:15:07.879] ERROR - Jugador 578 [NO ENCONTRADO]
[12:15:07.977] ERROR - Jugador 579 [NO ENCONTRADO]
[12:15:08.220] ERROR - Jugador 580 [NO ENCONTRADO]
[12:15:08.238] INFO - Escribiendo historial market-value del jugador 574 (96 values)
[12:15:08.240] INFO - Jugador 574 almacenado correctamente
[12:15:08.339] ERROR - Jugador 582 [NO ENCONTRADO]
[12:15:08.505] ERROR - Jugador 577 [NO ENCONTRADO]
[12:15:08.602] ERROR - Jugador 583 [NO ENCONTRADO]
[12:15:08.640] ERROR - Jugador 585 [NO ENCONTRADO]
[12:15:08.663] ERROR - Jugador 584 [NO ENCONTRADO]
[12:15:08.745] INFO - Escribiendo historial market-value del jugador 581 (96 values)
[12:15:08.747] INFO - Jugador 581 almacenado correctamente
[12:15:08.760] ERROR - Jugador 586 [NO ENCONTRADO]
[12:15:08.948] ERROR - Jugador 575 [NO ENCONTRADO]
[12:15:08.953] ERROR - Jugador 587 [NO ENCONTRADO]
[12:15:09.073] ERROR - Jugador 590 [NO ENCONTRADO]
[12:15:09.078] ERROR - Jugador 589 [NO ENCONTRADO]
[12:15:09.150] ERROR - Jugador 588 [NO ENCONTRADO]
[12:15:09.175] ERROR - Jugador 591 [NO ENCONTRADO]
[12:15:09.350] ERROR - Jugador 592 [NO ENCONTRADO]
[12:15:09.390] ERROR - Jugador 594 [NO ENCONTRADO]
[12:15:09.418] ERROR - Jugador 593 [NO ENCONTRADO]
[12:15:09.531] ERROR - Jugador 597 [NO ENCONTRADO]
[12:15:09.533] ERROR - Jugador 596 [NO ENCONTRADO]
[12:15:09.683] ERROR - Jugador 595 [NO ENCONTRADO]
[12:15:09.685] CRITICAL - HTTPSConnectionPool(host='api-fantasy.llt-services.com', port=443): Max retries exceeded with url: /api/v3/player/211 (Caused by NewConnectionError('<urllib3.connection.HTTPSConnection object at 0x7f552bb0b850>: Failed to establish a new connection: [Errno 101] Network is unreachable'))
Traceback (most recent call last):
  File "/opt/hostedtoolcache/Python/3.9.20/x64/lib/python3.9/site-packages/urllib3/connection.py", line 174, in _new_conn
    conn = connection.create_connection(
  File "/opt/hostedtoolcache/Python/3.9.20/x64/lib/python3.9/site-packages/urllib3/util/connection.py", line 95, in create_connection
    raise err
  File "/opt/hostedtoolcache/Python/3.9.20/x64/lib/python3.9/site-packages/urllib3/util/connection.py", line 85, in create_connection
    sock.connect(sa)
OSError: [Errno 101] Network is unreachable

During handling of the above exception, another exception occurred:

Traceback (most recent call last):
  File "/opt/hostedtoolcache/Python/3.9.20/x64/lib/python3.9/site-packages/urllib3/connectionpool.py", line 716, in urlopen
    httplib_response = self._make_request(
  File "/opt/hostedtoolcache/Python/3.9.20/x64/lib/python3.9/site-packages/urllib3/connectionpool.py", line 404, in _make_request
    self._validate_conn(conn)
  File "/opt/hostedtoolcache/Python/3.9.20/x64/lib/python3.9/site-packages/urllib3/connectionpool.py", line 1061, in _validate_conn
    conn.connect()
  File "/opt/hostedtoolcache/Python/3.9.20/x64/lib/python3.9/site-packages/urllib3/connection.py", line 363, in connect
    self.sock = conn = self._new_conn()
  File "/opt/hostedtoolcache/Python/3.9.20/x64/lib/python3.9/site-packages/urllib3/connection.py", line 186, in _new_conn
    raise NewConnectionError(
urllib3.exceptions.NewConnectionError: <urllib3.connection.HTTPSConnection object at 0x7f552bb0b850>: Failed to establish a new connection: [Errno 101] Network is unreachable

During handling of the above exception, another exception occurred:

Traceback (most recent call last):
  File "/opt/hostedtoolcache/Python/3.9.20/x64/lib/python3.9/site-packages/requests/adapters.py", line 489, in send
    resp = conn.urlopen(
  File "/opt/hostedtoolcache/Python/3.9.20/x64/lib/python3.9/site-packages/urllib3/connectionpool.py", line 802, in urlopen
    retries = retries.increment(
  File "/opt/hostedtoolcache/Python/3.9.20/x64/lib/python3.9/site-packages/urllib3/util/retry.py", line 594, in increment
    raise MaxRetryError(_pool, url, error or ResponseError(cause))
urllib3.exceptions.MaxRetryError: HTTPSConnectionPool(host='api-fantasy.llt-services.com', port=443): Max retries exceeded with url: /api/v3/player/211 (Caused by NewConnectionError('<urllib3.connection.HTTPSConnection object at 0x7f552bb0b850>: Failed to establish a new connection: [Errno 101] Network is unreachable'))

During handling of the above exception, another exception occurred:

Traceback (most recent call last):
  File "<string>", line 215, in main
  File "/opt/hostedtoolcache/Python/3.9.20/x64/lib/python3.9/concurrent/futures/_base.py", line 609, in result_iterator
    yield fs.pop().result()
  File "/opt/hostedtoolcache/Python/3.9.20/x64/lib/python3.9/concurrent/futures/_base.py", line 446, in result
    return self.__get_result()
  File "/opt/hostedtoolcache/Python/3.9.20/x64/lib/python3.9/concurrent/futures/_base.py", line 391, in __get_result
    raise self._exception
  File "/opt/hostedtoolcache/Python/3.9.20/x64/lib/python3.9/concurrent/futures/thread.py", line 58, in run
    result = self.fn(*self.args, **self.kwargs)
  File "<string>", line 165, in multithread_scrape_player_aux
  File "/opt/hostedtoolcache/Python/3.9.20/x64/lib/python3.9/site-packages/requests/api.py", line 73, in get
    return request("get", url, params=params, **kwargs)
  File "/opt/hostedtoolcache/Python/3.9.20/x64/lib/python3.9/site-packages/requests/api.py", line 59, in request
    return session.request(method=method, url=url, **kwargs)
  File "/opt/hostedtoolcache/Python/3.9.20/x64/lib/python3.9/site-packages/requests/sessions.py", line 587, in request
    resp = self.send(prep, **send_kwargs)
  File "/opt/hostedtoolcache/Python/3.9.20/x64/lib/python3.9/site-packages/requests/sessions.py", line 723, in send
    history = [resp for resp in gen]
  File "/opt/hostedtoolcache/Python/3.9.20/x64/lib/python3.9/site-packages/requests/sessions.py", line 723, in <listcomp>
    history = [resp for resp in gen]
  File "/opt/hostedtoolcache/Python/3.9.20/x64/lib/python3.9/site-packages/requests/sessions.py", line 266, in resolve_redirects
    resp = self.send(
  File "/opt/hostedtoolcache/Python/3.9.20/x64/lib/python3.9/site-packages/requests/sessions.py", line 701, in send
    r = adapter.send(request, **kwargs)
  File "/opt/hostedtoolcache/Python/3.9.20/x64/lib/python3.9/site-packages/requests/adapters.py", line 565, in send
    raise ConnectionError(e, request=request)
requests.exceptions.ConnectionError: HTTPSConnectionPool(host='api-fantasy.llt-services.com', port=443): Max retries exceeded with url: /api/v3/player/211 (Caused by NewConnectionError('<urllib3.connection.HTTPSConnection object at 0x7f552bb0b850>: Failed to establish a new connection: [Errno 101] Network is unreachable'))
