[00:40:51.046] INFO - Eliminando anteriores archivos (data/, players/)
[00:40:51.057] INFO - API endpoint https://api.laligafantasymarca.com/api/v3/player
[00:40:51.057] INFO - API endpoint market-values https://api.laligafantasymarca.com/api/v3/player/ID_JUGADOR/market-value
[00:40:52.020] ERROR - Jugador 52 [NO ENCONTRADO]
[00:40:52.034] ERROR - Jugador 54 [NO ENCONTRADO]
[00:40:52.214] ERROR - Jugador 56 [out_of_league]
[00:40:52.595] ERROR - Jugador 57 [NO ENCONTRADO]
[00:40:52.713] INFO - Escribiendo historial market-value del jugador 55 (170 values)
[00:40:52.716] INFO - Jugador 55 almacenado correctamente
[00:40:52.724] ERROR - Jugador 60 [NO ENCONTRADO]
[00:40:52.787] INFO - Escribiendo historial market-value del jugador 59 (170 values)
[00:40:52.788] INFO - Jugador 59 almacenado correctamente
[00:40:52.794] INFO - Escribiendo historial market-value del jugador 58 (170 values)
[00:40:52.796] INFO - Jugador 58 almacenado correctamente
[00:40:52.807] INFO - Escribiendo historial market-value del jugador 53 (170 values)
[00:40:52.809] INFO - Jugador 53 almacenado correctamente
[00:40:52.843] ERROR - Jugador 61 [NO ENCONTRADO]
[00:40:53.217] ERROR - Jugador 64 [NO ENCONTRADO]
[00:40:53.304] ERROR - Jugador 63 [NO ENCONTRADO]
[00:40:53.538] ERROR - Jugador 66 [NO ENCONTRADO]
[00:40:53.557] ERROR - Jugador 69 [NO ENCONTRADO]
[00:40:53.836] INFO - Escribiendo historial market-value del jugador 62 (170 values)
[00:40:53.838] INFO - Jugador 62 almacenado correctamente
[00:40:53.928] ERROR - Jugador 70 [NO ENCONTRADO]
[00:40:53.996] ERROR - Jugador 71 [NO ENCONTRADO]
[00:40:54.083] INFO - Escribiendo historial market-value del jugador 65 (170 values)
[00:40:54.085] INFO - Jugador 65 almacenado correctamente
[00:40:54.269] INFO - Escribiendo historial market-value del jugador 68 (172 values)
[00:40:54.271] INFO - Jugador 68 almacenado correctamente
[00:40:54.283] INFO - Escribiendo historial market-value del jugador 67 (170 values)
[00:40:54.285] INFO - Jugador 67 almacenado correctamente
[00:40:54.704] ERROR - Jugador 76 [NO ENCONTRADO]
[00:40:54.975] ERROR - Jugador 79 [NO ENCONTRADO]
[00:40:55.001] INFO - Escribiendo historial market-value del jugador 72 (141 values)
[00:40:55.003] INFO - Jugador 72 almacenado correctamente
[00:40:55.010] INFO - Escribiendo historial market-value del jugador 73 (172 values)
[00:40:55.013] INFO - Jugador 73 almacenado correctamente
[00:40:55.236] INFO - Escribiendo historial market-value del jugador 74 (141 values)
[00:40:55.238] INFO - Jugador 74 almacenado correctamente
[00:40:55.267] INFO - Escribiendo historial market-value del jugador 75 (125 values)
[00:40:55.270] INFO - Jugador 75 almacenado correctamente
[00:40:55.407] ERROR - Jugador 80 [out_of_league]
[00:40:55.452] INFO - Escribiendo historial market-value del jugador 77 (172 values)
[00:40:55.454] INFO - Jugador 77 almacenado correctamente
[00:40:55.588] INFO - Escribiendo historial market-value del jugador 78 (127 values)
[00:40:55.591] INFO - Jugador 78 almacenado correctamente
[00:40:55.655] ERROR - Jugador 81 [out_of_league]
[00:40:55.709] ERROR - Jugador 83 [NO ENCONTRADO]
[00:40:55.974] ERROR - Jugador 84 [NO ENCONTRADO]
[00:40:56.005] ERROR - Jugador 85 [NO ENCONTRADO]
[00:40:56.087] ERROR - Jugador 86 [out_of_league]
[00:40:56.181] ERROR - Jugador 87 [NO ENCONTRADO]
[00:40:56.261] ERROR - Jugador 88 [NO ENCONTRADO]
[00:40:56.304] ERROR - Jugador 89 [NO ENCONTRADO]
[00:40:56.386] INFO - Escribiendo historial market-value del jugador 82 (129 values)
[00:40:56.390] INFO - Jugador 82 almacenado correctamente
[00:40:56.922] ERROR - Jugador 95 [NO ENCONTRADO]
[00:40:56.931] ERROR - Jugador 94 [NO ENCONTRADO]
[00:40:56.971] ERROR - Jugador 96 [NO ENCONTRADO]
[00:40:57.048] INFO - Escribiendo historial market-value del jugador 90 (158 values)
[00:40:57.052] INFO - Jugador 90 almacenado correctamente
[00:40:57.095] ERROR - Jugador 97 [out_of_league]
[00:40:57.304] INFO - Escribiendo historial market-value del jugador 91 (172 values)
[00:40:57.307] INFO - Jugador 91 almacenado correctamente
[00:40:57.469] INFO - Escribiendo historial market-value del jugador 93 (170 values)
[00:40:57.470] INFO - Jugador 93 almacenado correctamente
[00:40:57.626] ERROR - Jugador 99 [NO ENCONTRADO]
[00:40:57.630] ERROR - Jugador 98 [NO ENCONTRADO]
[00:40:57.661] ERROR - Jugador 100 [NO ENCONTRADO]
[00:40:57.687] INFO - Escribiendo historial market-value del jugador 92 (141 values)
[00:40:57.689] INFO - Jugador 92 almacenado correctamente
[00:40:57.738] ERROR - Jugador 101 [NO ENCONTRADO]
[00:40:57.801] ERROR - Jugador 102 [NO ENCONTRADO]
[00:40:58.010] ERROR - Jugador 103 [NO ENCONTRADO]
[00:40:58.160] ERROR - Jugador 104 [NO ENCONTRADO]
[00:40:58.285] ERROR - Jugador 105 [NO ENCONTRADO]
[00:40:58.365] ERROR - Jugador 107 [NO ENCONTRADO]
[00:40:58.413] ERROR - Jugador 108 [NO ENCONTRADO]
[00:40:58.420] ERROR - Jugador 109 [NO ENCONTRADO]
[00:40:58.528] ERROR - Jugador 110 [NO ENCONTRADO]
[00:40:58.813] ERROR - Jugador 113 [NO ENCONTRADO]
[00:40:58.829] ERROR - Jugador 106 [NO ENCONTRADO]
[00:40:58.835] ERROR - Jugador 112 [NO ENCONTRADO]
[00:40:59.089] ERROR - Jugador 115 [NO ENCONTRADO]
[00:40:59.098] ERROR - Jugador 114 [NO ENCONTRADO]
[00:40:59.107] ERROR - Jugador 116 [NO ENCONTRADO]
[00:40:59.188] ERROR - Jugador 111 [NO ENCONTRADO]
[00:40:59.216] ERROR - Jugador 117 [NO ENCONTRADO]
[00:40:59.348] ERROR - Jugador 120 [NO ENCONTRADO]
[00:40:59.502] ERROR - Jugador 119 [NO ENCONTRADO]
[00:40:59.824] ERROR - Jugador 122 [NO ENCONTRADO]
[00:40:59.849] ERROR - Jugador 123 [NO ENCONTRADO]
[00:40:59.877] ERROR - Jugador 124 [NO ENCONTRADO]
[00:40:59.884] ERROR - Jugador 118 [out_of_league]
[00:40:59.888] ERROR - Jugador 125 [NO ENCONTRADO]
[00:41:00.040] ERROR - Jugador 126 [NO ENCONTRADO]
[00:41:00.396] ERROR - Jugador 131 [NO ENCONTRADO]
[00:41:00.455] INFO - Escribiendo historial market-value del jugador 121 (129 values)
[00:41:00.457] INFO - Jugador 121 almacenado correctamente
[00:41:00.548] ERROR - Jugador 129 [NO ENCONTRADO]
[00:41:00.552] ERROR - Jugador 133 [NO ENCONTRADO]
[00:41:00.558] ERROR - Jugador 128 [NO ENCONTRADO]
[00:41:00.641] ERROR - Jugador 130 [NO ENCONTRADO]
[00:41:00.826] INFO - Escribiendo historial market-value del jugador 127 (172 values)
[00:41:00.827] INFO - Jugador 127 almacenado correctamente
[00:41:01.074] ERROR - Jugador 134 [NO ENCONTRADO]
[00:41:01.134] ERROR - Jugador 135 [NO ENCONTRADO]
[00:41:01.276] ERROR - Jugador 136 [NO ENCONTRADO]
[00:41:01.293] ERROR - Jugador 137 [NO ENCONTRADO]
[00:41:01.297] ERROR - Jugador 138 [NO ENCONTRADO]
[00:41:01.329] ERROR - Jugador 139 [NO ENCONTRADO]
[00:41:01.621] ERROR - Jugador 132 [NO ENCONTRADO]
[00:41:01.804] ERROR - Jugador 141 [NO ENCONTRADO]
[00:41:01.840] ERROR - Jugador 142 [NO ENCONTRADO]
[00:41:01.943] ERROR - Jugador 143 [NO ENCONTRADO]
[00:41:02.025] ERROR - Jugador 145 [NO ENCONTRADO]
[00:41:02.060] INFO - Escribiendo historial market-value del jugador 140 (172 values)
[00:41:02.063] INFO - Jugador 140 almacenado correctamente
[00:41:02.073] ERROR - Jugador 144 [NO ENCONTRADO]
[00:41:02.328] ERROR - Jugador 147 [NO ENCONTRADO]
[00:41:02.546] ERROR - Jugador 149 [NO ENCONTRADO]
[00:41:02.720] ERROR - Jugador 151 [NO ENCONTRADO]
[00:41:02.787] ERROR - Jugador 153 [NO ENCONTRADO]
[00:41:03.057] ERROR - Jugador 154 [NO ENCONTRADO]
[00:41:03.198] ERROR - Jugador 152 [NO ENCONTRADO]
[00:41:03.235] INFO - Escribiendo historial market-value del jugador 148 (172 values)
[00:41:03.237] INFO - Jugador 148 almacenado correctamente
[00:41:03.246] INFO - Escribiendo historial market-value del jugador 150 (172 values)
[00:41:03.247] ERROR - Jugador 155 [NO ENCONTRADO]
[00:41:03.252] INFO - Jugador 150 almacenado correctamente
[00:41:03.397] ERROR - Jugador 156 [NO ENCONTRADO]
[00:41:03.504] ERROR - Jugador 157 [NO ENCONTRADO]
[00:41:03.536] ERROR - Jugador 146 [out_of_league]
[00:41:03.734] ERROR - Jugador 158 [NO ENCONTRADO]
[00:41:03.784] ERROR - Jugador 162 [NO ENCONTRADO]
[00:41:03.874] ERROR - Jugador 163 [NO ENCONTRADO]
[00:41:04.000] ERROR - Jugador 161 [NO ENCONTRADO]
[00:41:04.209] ERROR - Jugador 164 [NO ENCONTRADO]
[00:41:04.213] ERROR - Jugador 160 [NO ENCONTRADO]
[00:41:04.225] ERROR - Jugador 165 [NO ENCONTRADO]
[00:41:04.280] ERROR - Jugador 167 [NO ENCONTRADO]
[00:41:04.467] ERROR - Jugador 166 [out_of_league]
[00:41:04.529] ERROR - Jugador 168 [NO ENCONTRADO]
[00:41:04.720] ERROR - Jugador 169 [NO ENCONTRADO]
[00:41:04.924] ERROR - Jugador 170 [NO ENCONTRADO]
[00:41:04.969] ERROR - Jugador 171 [NO ENCONTRADO]
[00:41:04.978] ERROR - Jugador 173 [NO ENCONTRADO]
[00:41:04.985] ERROR - Jugador 172 [NO ENCONTRADO]
[00:41:04.989] INFO - Escribiendo historial market-value del jugador 159 (172 values)
[00:41:04.991] INFO - Jugador 159 almacenado correctamente
[00:41:05.214] ERROR - Jugador 174 [NO ENCONTRADO]
[00:41:05.224] ERROR - Jugador 175 [NO ENCONTRADO]
[00:41:05.481] ERROR - Jugador 176 [NO ENCONTRADO]
[00:41:05.607] ERROR - Jugador 177 [NO ENCONTRADO]
[00:41:05.736] ERROR - Jugador 178 [NO ENCONTRADO]
[00:41:05.745] ERROR - Jugador 179 [NO ENCONTRADO]
[00:41:05.762] ERROR - Jugador 181 [NO ENCONTRADO]
[00:41:05.811] ERROR - Jugador 180 [NO ENCONTRADO]
[00:41:05.928] ERROR - Jugador 182 [NO ENCONTRADO]
[00:41:05.964] ERROR - Jugador 183 [NO ENCONTRADO]
[00:41:06.086] ERROR - Jugador 185 [NO ENCONTRADO]
[00:41:06.446] ERROR - Jugador 186 [NO ENCONTRADO]
[00:41:06.472] ERROR - Jugador 187 [NO ENCONTRADO]
[00:41:06.509] ERROR - Jugador 188 [NO ENCONTRADO]
[00:41:06.524] ERROR - Jugador 189 [NO ENCONTRADO]
[00:41:06.597] ERROR - Jugador 190 [NO ENCONTRADO]
[00:41:06.663] INFO - Escribiendo historial market-value del jugador 184 (172 values)
[00:41:06.667] INFO - Jugador 184 almacenado correctamente
[00:41:06.675] ERROR - Jugador 191 [NO ENCONTRADO]
[00:41:07.029] INFO - Escribiendo historial market-value del jugador 192 (172 values)
[00:41:07.033] INFO - Jugador 192 almacenado correctamente
[00:41:07.200] ERROR - Jugador 199 [NO ENCONTRADO]
[00:41:07.206] ERROR - Jugador 195 [NO ENCONTRADO]
[00:41:07.215] ERROR - Jugador 194 [NO ENCONTRADO]
[00:41:07.237] ERROR - Jugador 196 [NO ENCONTRADO]
[00:41:07.272] ERROR - Jugador 197 [out_of_league]
[00:41:07.365] ERROR - Jugador 198 [NO ENCONTRADO]
[00:41:07.771] INFO - Escribiendo historial market-value del jugador 193 (172 values)
[00:41:07.773] INFO - Jugador 193 almacenado correctamente
[00:41:07.795] ERROR - Jugador 205 [NO ENCONTRADO]
[00:41:07.852] ERROR - Jugador 206 [NO ENCONTRADO]
[00:41:07.931] ERROR - Jugador 203 [NO ENCONTRADO]
[00:41:07.976] ERROR - Jugador 202 [NO ENCONTRADO]
[00:41:08.041] ERROR - Jugador 201 [NO ENCONTRADO]
[00:41:08.197] INFO - Escribiendo historial market-value del jugador 200 (132 values)
[00:41:08.199] INFO - Jugador 200 almacenado correctamente
[00:41:08.355] ERROR - Jugador 209 [NO ENCONTRADO]
[00:41:08.415] ERROR - Jugador 210 [NO ENCONTRADO]
[00:41:08.489] ERROR - Jugador 208 [NO ENCONTRADO]
[00:41:08.674] ERROR - Jugador 207 [NO ENCONTRADO]
[00:41:08.691] ERROR - Jugador 213 [NO ENCONTRADO]
[00:41:08.702] ERROR - Jugador 211 [NO ENCONTRADO]
[00:41:08.715] INFO - Escribiendo historial market-value del jugador 204 (172 values)
[00:41:08.718] INFO - Jugador 204 almacenado correctamente
[00:41:08.765] ERROR - Jugador 212 [NO ENCONTRADO]
[00:41:08.998] ERROR - Jugador 216 [NO ENCONTRADO]
[00:41:09.070] ERROR - Jugador 214 [NO ENCONTRADO]
[00:41:09.237] ERROR - Jugador 219 [NO ENCONTRADO]
[00:41:09.353] ERROR - Jugador 217 [out_of_league]
[00:41:09.383] ERROR - Jugador 218 [NO ENCONTRADO]
[00:41:09.457] ERROR - Jugador 220 [NO ENCONTRADO]
[00:41:09.482] ERROR - Jugador 221 [NO ENCONTRADO]
[00:41:09.705] ERROR - Jugador 222 [NO ENCONTRADO]
[00:41:09.775] ERROR - Jugador 223 [NO ENCONTRADO]
[00:41:09.912] ERROR - Jugador 224 [NO ENCONTRADO]
[00:41:10.011] ERROR - Jugador 225 [NO ENCONTRADO]
[00:41:10.045] ERROR - Jugador 226 [NO ENCONTRADO]
[00:41:10.168] ERROR - Jugador 227 [NO ENCONTRADO]
[00:41:10.169] ERROR - Jugador 228 [NO ENCONTRADO]
[00:41:10.404] ERROR - Jugador 229 [NO ENCONTRADO]
[00:41:10.662] ERROR - Jugador 235 [NO ENCONTRADO]
[00:41:10.697] ERROR - Jugador 232 [NO ENCONTRADO]
[00:41:10.706] ERROR - Jugador 233 [NO ENCONTRADO]
[00:41:10.762] INFO - Escribiendo historial market-value del jugador 230 (172 values)
[00:41:10.764] INFO - Jugador 230 almacenado correctamente
[00:41:10.874] ERROR - Jugador 234 [NO ENCONTRADO]
[00:41:11.069] INFO - Escribiendo historial market-value del jugador 231 (172 values)
[00:41:11.071] INFO - Jugador 231 almacenado correctamente
[00:41:11.089] ERROR - Jugador 236 [out_of_league]
[00:41:11.142] ERROR - Jugador 237 [NO ENCONTRADO]
[00:41:11.502] ERROR - Jugador 239 [NO ENCONTRADO]
[00:41:11.765] ERROR - Jugador 242 [NO ENCONTRADO]
[00:41:11.823] ERROR - Jugador 244 [NO ENCONTRADO]
[00:41:11.844] INFO - Escribiendo historial market-value del jugador 238 (129 values)
[00:41:11.845] INFO - Jugador 238 almacenado correctamente
[00:41:12.238] INFO - Escribiendo historial market-value del jugador 243 (172 values)
[00:41:12.240] INFO - Jugador 243 almacenado correctamente
[00:41:12.257] INFO - Escribiendo historial market-value del jugador 215 (172 values)
[00:41:12.260] INFO - Jugador 215 almacenado correctamente
[00:41:12.319] ERROR - Jugador 248 [out_of_league]
[00:41:12.341] INFO - Escribiendo historial market-value del jugador 240 (172 values)
[00:41:12.344] INFO - Jugador 240 almacenado correctamente
[00:41:12.350] ERROR - Jugador 246 [out_of_league]
[00:41:12.558] ERROR - Jugador 241 [NO ENCONTRADO]
[00:41:12.650] INFO - Escribiendo historial market-value del jugador 245 (143 values)
[00:41:12.654] INFO - Jugador 245 almacenado correctamente
[00:41:12.705] ERROR - Jugador 249 [NO ENCONTRADO]
[00:41:12.744] ERROR - Jugador 250 [NO ENCONTRADO]
[00:41:12.803] ERROR - Jugador 251 [NO ENCONTRADO]
[00:41:13.048] ERROR - Jugador 252 [NO ENCONTRADO]
[00:41:13.097] ERROR - Jugador 253 [NO ENCONTRADO]
[00:41:13.272] INFO - Escribiendo historial market-value del jugador 247 (172 values)
[00:41:13.274] INFO - Jugador 247 almacenado correctamente
[00:41:13.316] ERROR - Jugador 254 [NO ENCONTRADO]
[00:41:13.319] ERROR - Jugador 258 [NO ENCONTRADO]
[00:41:13.379] ERROR - Jugador 256 [NO ENCONTRADO]
[00:41:13.663] INFO - Escribiendo historial market-value del jugador 257 (144 values)
[00:41:13.667] INFO - Jugador 257 almacenado correctamente
[00:41:13.752] ERROR - Jugador 261 [NO ENCONTRADO]
[00:41:14.005] INFO - Escribiendo historial market-value del jugador 255 (172 values)
[00:41:14.006] INFO - Jugador 255 almacenado correctamente
[00:41:14.016] ERROR - Jugador 263 [NO ENCONTRADO]
[00:41:14.037] ERROR - Jugador 262 [NO ENCONTRADO]
[00:41:14.381] INFO - Escribiendo historial market-value del jugador 259 (172 values)
[00:41:14.384] INFO - Jugador 259 almacenado correctamente
[00:41:14.461] INFO - Escribiendo historial market-value del jugador 260 (172 values)
[00:41:14.462] ERROR - Jugador 266 [NO ENCONTRADO]
[00:41:14.469] INFO - Jugador 260 almacenado correctamente
[00:41:14.745] ERROR - Jugador 267 [NO ENCONTRADO]
[00:41:14.758] ERROR - Jugador 269 [NO ENCONTRADO]
[00:41:14.774] INFO - Escribiendo historial market-value del jugador 265 (172 values)
[00:41:14.780] INFO - Jugador 265 almacenado correctamente
[00:41:14.826] INFO - Escribiendo historial market-value del jugador 264 (172 values)
[00:41:14.828] INFO - Jugador 264 almacenado correctamente
[00:41:15.168] ERROR - Jugador 272 [NO ENCONTRADO]
[00:41:15.183] ERROR - Jugador 271 [out_of_league]
[00:41:15.195] INFO - Escribiendo historial market-value del jugador 268 (139 values)
[00:41:15.197] INFO - Jugador 268 almacenado correctamente
[00:41:15.320] INFO - Escribiendo historial market-value del jugador 270 (172 values)
[00:41:15.323] INFO - Jugador 270 almacenado correctamente
[00:41:15.429] ERROR - Jugador 273 [NO ENCONTRADO]
[00:41:15.512] ERROR - Jugador 276 [NO ENCONTRADO]
[00:41:15.651] ERROR - Jugador 277 [NO ENCONTRADO]
[00:41:15.889] ERROR - Jugador 278 [NO ENCONTRADO]
[00:41:15.914] ERROR - Jugador 279 [NO ENCONTRADO]
[00:41:15.937] ERROR - Jugador 281 [NO ENCONTRADO]
[00:41:15.996] ERROR - Jugador 280 [NO ENCONTRADO]
[00:41:16.017] ERROR - Jugador 282 [NO ENCONTRADO]
[00:41:16.173] INFO - Escribiendo historial market-value del jugador 275 (172 values)
[00:41:16.175] INFO - Jugador 275 almacenado correctamente
[00:41:16.321] INFO - Escribiendo historial market-value del jugador 274 (172 values)
[00:41:16.324] INFO - Jugador 274 almacenado correctamente
[00:41:16.361] ERROR - Jugador 283 [NO ENCONTRADO]
[00:41:16.423] ERROR - Jugador 285 [NO ENCONTRADO]
[00:41:16.428] ERROR - Jugador 286 [NO ENCONTRADO]
[00:41:16.703] ERROR - Jugador 288 [NO ENCONTRADO]
[00:41:16.710] ERROR - Jugador 287 [NO ENCONTRADO]
[00:41:16.781] ERROR - Jugador 290 [NO ENCONTRADO]
[00:41:16.928] ERROR - Jugador 292 [NO ENCONTRADO]
[00:41:16.947] ERROR - Jugador 289 [NO ENCONTRADO]
[00:41:17.084] INFO - Escribiendo historial market-value del jugador 284 (162 values)
[00:41:17.087] INFO - Jugador 284 almacenado correctamente
[00:41:17.144] ERROR - Jugador 293 [NO ENCONTRADO]
[00:41:17.197] ERROR - Jugador 295 [NO ENCONTRADO]
[00:41:17.435] ERROR - Jugador 297 [NO ENCONTRADO]
[00:41:17.776] ERROR - Jugador 299 [NO ENCONTRADO]
[00:41:17.895] ERROR - Jugador 301 [out_of_league]
[00:41:17.989] INFO - Escribiendo historial market-value del jugador 296 (172 values)
[00:41:17.991] INFO - Jugador 296 almacenado correctamente
[00:41:18.331] INFO - Escribiendo historial market-value del jugador 298 (172 values)
[00:41:18.333] INFO - Jugador 298 almacenado correctamente
[00:41:18.444] INFO - Escribiendo historial market-value del jugador 300 (172 values)
[00:41:18.446] INFO - Jugador 300 almacenado correctamente
[00:41:18.495] ERROR - Jugador 305 [NO ENCONTRADO]
[00:41:18.581] ERROR - Jugador 304 [NO ENCONTRADO]
[00:41:18.759] INFO - Escribiendo historial market-value del jugador 302 (172 values)
[00:41:18.761] INFO - Jugador 302 almacenado correctamente
[00:41:18.922] ERROR - Jugador 307 [out_of_league]
[00:41:19.054] INFO - Escribiendo historial market-value del jugador 294 (117 values)
[00:41:19.056] INFO - Jugador 294 almacenado correctamente
[00:41:19.164] ERROR - Jugador 308 [NO ENCONTRADO]
[00:41:19.270] ERROR - Jugador 309 [NO ENCONTRADO]
[00:41:19.388] ERROR - Jugador 311 [NO ENCONTRADO]
[00:41:19.578] ERROR - Jugador 306 [out_of_league]
[00:41:19.828] ERROR - Jugador 313 [NO ENCONTRADO]
[00:41:19.867] ERROR - Jugador 315 [NO ENCONTRADO]
[00:41:19.918] ERROR - Jugador 312 [NO ENCONTRADO]
[00:41:19.951] ERROR - Jugador 314 [NO ENCONTRADO]
[00:41:20.251] ERROR - Jugador 316 [NO ENCONTRADO]
[00:41:20.391] INFO - Escribiendo historial market-value del jugador 310 (172 values)
[00:41:20.393] INFO - Jugador 310 almacenado correctamente
[00:41:20.425] ERROR - Jugador 291 [NO ENCONTRADO]
[00:41:20.544] ERROR - Jugador 317 [NO ENCONTRADO]
[00:41:20.580] ERROR - Jugador 318 [NO ENCONTRADO]
[00:41:20.602] ERROR - Jugador 319 [NO ENCONTRADO]
[00:41:20.747] ERROR - Jugador 320 [NO ENCONTRADO]
[00:41:20.884] ERROR - Jugador 322 [NO ENCONTRADO]
[00:41:20.908] ERROR - Jugador 321 [NO ENCONTRADO]
[00:41:20.915] ERROR - Jugador 323 [NO ENCONTRADO]
[00:41:21.132] ERROR - Jugador 303 [NO ENCONTRADO]
[00:41:21.254] ERROR - Jugador 325 [NO ENCONTRADO]
[00:41:21.268] ERROR - Jugador 324 [NO ENCONTRADO]
[00:41:21.430] ERROR - Jugador 327 [NO ENCONTRADO]
[00:41:21.437] ERROR - Jugador 328 [NO ENCONTRADO]
[00:41:21.440] ERROR - Jugador 329 [NO ENCONTRADO]
[00:41:21.643] ERROR - Jugador 330 [NO ENCONTRADO]
[00:41:21.801] ERROR - Jugador 331 [NO ENCONTRADO]
[00:41:21.967] ERROR - Jugador 334 [NO ENCONTRADO]
[00:41:21.993] ERROR - Jugador 332 [NO ENCONTRADO]
[00:41:21.999] ERROR - Jugador 333 [NO ENCONTRADO]
[00:41:22.083] ERROR - Jugador 326 [NO ENCONTRADO]
[00:41:22.159] ERROR - Jugador 336 [NO ENCONTRADO]
[00:41:22.163] ERROR - Jugador 335 [NO ENCONTRADO]
[00:41:22.359] ERROR - Jugador 337 [NO ENCONTRADO]
[00:41:22.493] ERROR - Jugador 340 [NO ENCONTRADO]
[00:41:22.515] ERROR - Jugador 341 [out_of_league]
[00:41:22.645] ERROR - Jugador 339 [NO ENCONTRADO]
[00:41:22.724] ERROR - Jugador 342 [NO ENCONTRADO]
[00:41:23.002] ERROR - Jugador 345 [NO ENCONTRADO]
[00:41:23.158] ERROR - Jugador 346 [NO ENCONTRADO]
[00:41:23.189] ERROR - Jugador 343 [NO ENCONTRADO]
[00:41:23.194] ERROR - Jugador 347 [NO ENCONTRADO]
[00:41:23.198] ERROR - Jugador 349 [NO ENCONTRADO]
[00:41:23.317] ERROR - Jugador 348 [out_of_league]
[00:41:23.588] INFO - Escribiendo historial market-value del jugador 344 (172 values)
[00:41:23.589] INFO - Jugador 344 almacenado correctamente
[00:41:23.705] ERROR - Jugador 350 [NO ENCONTRADO]
[00:41:23.710] ERROR - Jugador 354 [NO ENCONTRADO]
[00:41:23.825] ERROR - Jugador 351 [NO ENCONTRADO]
[00:41:23.882] ERROR - Jugador 352 [NO ENCONTRADO]
[00:41:24.051] ERROR - Jugador 353 [NO ENCONTRADO]
[00:41:24.173] ERROR - Jugador 355 [NO ENCONTRADO]
[00:41:24.185] ERROR - Jugador 357 [NO ENCONTRADO]
[00:41:24.288] ERROR - Jugador 359 [NO ENCONTRADO]
[00:41:24.397] ERROR - Jugador 358 [NO ENCONTRADO]
[00:41:24.577] ERROR - Jugador 361 [NO ENCONTRADO]
[00:41:24.745] INFO - Escribiendo historial market-value del jugador 356 (172 values)
[00:41:24.747] INFO - Jugador 356 almacenado correctamente
[00:41:24.847] ERROR - Jugador 362 [NO ENCONTRADO]
[00:41:24.878] ERROR - Jugador 363 [NO ENCONTRADO]
[00:41:24.991] ERROR - Jugador 364 [NO ENCONTRADO]
[00:41:25.048] INFO - Escribiendo historial market-value del jugador 360 (172 values)
[00:41:25.051] INFO - Jugador 360 almacenado correctamente
[00:41:25.110] ERROR - Jugador 365 [out_of_league]
[00:41:25.273] ERROR - Jugador 366 [NO ENCONTRADO]
[00:41:25.416] ERROR - Jugador 367 [NO ENCONTRADO]
[00:41:25.523] ERROR - Jugador 371 [NO ENCONTRADO]
[00:41:25.587] ERROR - Jugador 372 [NO ENCONTRADO]
[00:41:25.650] ERROR - Jugador 368 [NO ENCONTRADO]
[00:41:25.654] ERROR - Jugador 370 [NO ENCONTRADO]
[00:41:25.738] ERROR - Jugador 373 [NO ENCONTRADO]
[00:41:25.829] ERROR - Jugador 369 [NO ENCONTRADO]
[00:41:25.996] ERROR - Jugador 375 [NO ENCONTRADO]
[00:41:26.080] ERROR - Jugador 374 [NO ENCONTRADO]
[00:41:26.124] ERROR - Jugador 377 [NO ENCONTRADO]
[00:41:26.137] ERROR - Jugador 378 [NO ENCONTRADO]
[00:41:26.273] ERROR - Jugador 376 [NO ENCONTRADO]
[00:41:26.425] ERROR - Jugador 379 [NO ENCONTRADO]
[00:41:26.498] ERROR - Jugador 380 [NO ENCONTRADO]
[00:41:26.641] ERROR - Jugador 384 [NO ENCONTRADO]
[00:41:26.665] ERROR - Jugador 381 [NO ENCONTRADO]
[00:41:26.713] ERROR - Jugador 382 [NO ENCONTRADO]
[00:41:26.806] ERROR - Jugador 383 [NO ENCONTRADO]
[00:41:26.984] ERROR - Jugador 385 [NO ENCONTRADO]
[00:41:26.989] ERROR - Jugador 387 [NO ENCONTRADO]
[00:41:27.106] ERROR - Jugador 386 [NO ENCONTRADO]
[00:41:27.158] ERROR - Jugador 388 [NO ENCONTRADO]
[00:41:27.359] ERROR - Jugador 389 [NO ENCONTRADO]
[00:41:27.380] ERROR - Jugador 390 [NO ENCONTRADO]
[00:41:27.487] ERROR - Jugador 391 [NO ENCONTRADO]
[00:41:27.701] ERROR - Jugador 393 [NO ENCONTRADO]
[00:41:27.703] ERROR - Jugador 392 [NO ENCONTRADO]
[00:41:27.763] ERROR - Jugador 394 [NO ENCONTRADO]
[00:41:27.825] ERROR - Jugador 395 [NO ENCONTRADO]
[00:41:27.904] ERROR - Jugador 396 [NO ENCONTRADO]
[00:41:27.906] CRITICAL - ('Connection aborted.', ConnectionResetError(104, 'Connection reset by peer'))
Traceback (most recent call last):
  File "/opt/hostedtoolcache/Python/3.9.20/x64/lib/python3.9/site-packages/urllib3/connectionpool.py", line 716, in urlopen
    httplib_response = self._make_request(
  File "/opt/hostedtoolcache/Python/3.9.20/x64/lib/python3.9/site-packages/urllib3/connectionpool.py", line 468, in _make_request
    six.raise_from(e, None)
  File "<string>", line 3, in raise_from
  File "/opt/hostedtoolcache/Python/3.9.20/x64/lib/python3.9/site-packages/urllib3/connectionpool.py", line 463, in _make_request
    httplib_response = conn.getresponse()
  File "/opt/hostedtoolcache/Python/3.9.20/x64/lib/python3.9/http/client.py", line 1377, in getresponse
    response.begin()
  File "/opt/hostedtoolcache/Python/3.9.20/x64/lib/python3.9/http/client.py", line 320, in begin
    version, status, reason = self._read_status()
  File "/opt/hostedtoolcache/Python/3.9.20/x64/lib/python3.9/http/client.py", line 281, in _read_status
    line = str(self.fp.readline(_MAXLINE + 1), "iso-8859-1")
  File "/opt/hostedtoolcache/Python/3.9.20/x64/lib/python3.9/socket.py", line 716, in readinto
    return self._sock.recv_into(b)
  File "/opt/hostedtoolcache/Python/3.9.20/x64/lib/python3.9/ssl.py", line 1275, in recv_into
    return self.read(nbytes, buffer)
  File "/opt/hostedtoolcache/Python/3.9.20/x64/lib/python3.9/ssl.py", line 1133, in read
    return self._sslobj.read(len, buffer)
ConnectionResetError: [Errno 104] Connection reset by peer

During handling of the above exception, another exception occurred:

Traceback (most recent call last):
  File "/opt/hostedtoolcache/Python/3.9.20/x64/lib/python3.9/site-packages/requests/adapters.py", line 489, in send
    resp = conn.urlopen(
  File "/opt/hostedtoolcache/Python/3.9.20/x64/lib/python3.9/site-packages/urllib3/connectionpool.py", line 802, in urlopen
    retries = retries.increment(
  File "/opt/hostedtoolcache/Python/3.9.20/x64/lib/python3.9/site-packages/urllib3/util/retry.py", line 552, in increment
    raise six.reraise(type(error), error, _stacktrace)
  File "/opt/hostedtoolcache/Python/3.9.20/x64/lib/python3.9/site-packages/urllib3/packages/six.py", line 769, in reraise
    raise value.with_traceback(tb)
  File "/opt/hostedtoolcache/Python/3.9.20/x64/lib/python3.9/site-packages/urllib3/connectionpool.py", line 716, in urlopen
    httplib_response = self._make_request(
  File "/opt/hostedtoolcache/Python/3.9.20/x64/lib/python3.9/site-packages/urllib3/connectionpool.py", line 468, in _make_request
    six.raise_from(e, None)
  File "<string>", line 3, in raise_from
  File "/opt/hostedtoolcache/Python/3.9.20/x64/lib/python3.9/site-packages/urllib3/connectionpool.py", line 463, in _make_request
    httplib_response = conn.getresponse()
  File "/opt/hostedtoolcache/Python/3.9.20/x64/lib/python3.9/http/client.py", line 1377, in getresponse
    response.begin()
  File "/opt/hostedtoolcache/Python/3.9.20/x64/lib/python3.9/http/client.py", line 320, in begin
    version, status, reason = self._read_status()
  File "/opt/hostedtoolcache/Python/3.9.20/x64/lib/python3.9/http/client.py", line 281, in _read_status
    line = str(self.fp.readline(_MAXLINE + 1), "iso-8859-1")
  File "/opt/hostedtoolcache/Python/3.9.20/x64/lib/python3.9/socket.py", line 716, in readinto
    return self._sock.recv_into(b)
  File "/opt/hostedtoolcache/Python/3.9.20/x64/lib/python3.9/ssl.py", line 1275, in recv_into
    return self.read(nbytes, buffer)
  File "/opt/hostedtoolcache/Python/3.9.20/x64/lib/python3.9/ssl.py", line 1133, in read
    return self._sslobj.read(len, buffer)
urllib3.exceptions.ProtocolError: ('Connection aborted.', ConnectionResetError(104, 'Connection reset by peer'))

During handling of the above exception, another exception occurred:

Traceback (most recent call last):
  File "<string>", line 215, in main
  File "/opt/hostedtoolcache/Python/3.9.20/x64/lib/python3.9/concurrent/futures/_base.py", line 609, in result_iterator
    yield fs.pop().result()
  File "/opt/hostedtoolcache/Python/3.9.20/x64/lib/python3.9/concurrent/futures/_base.py", line 446, in result
    return self.__get_result()
  File "/opt/hostedtoolcache/Python/3.9.20/x64/lib/python3.9/concurrent/futures/_base.py", line 391, in __get_result
    raise self._exception
  File "/opt/hostedtoolcache/Python/3.9.20/x64/lib/python3.9/concurrent/futures/thread.py", line 58, in run
    result = self.fn(*self.args, **self.kwargs)
  File "<string>", line 165, in multithread_scrape_player_aux
  File "/opt/hostedtoolcache/Python/3.9.20/x64/lib/python3.9/site-packages/requests/api.py", line 73, in get
    return request("get", url, params=params, **kwargs)
  File "/opt/hostedtoolcache/Python/3.9.20/x64/lib/python3.9/site-packages/requests/api.py", line 59, in request
    return session.request(method=method, url=url, **kwargs)
  File "/opt/hostedtoolcache/Python/3.9.20/x64/lib/python3.9/site-packages/requests/sessions.py", line 587, in request
    resp = self.send(prep, **send_kwargs)
  File "/opt/hostedtoolcache/Python/3.9.20/x64/lib/python3.9/site-packages/requests/sessions.py", line 723, in send
    history = [resp for resp in gen]
  File "/opt/hostedtoolcache/Python/3.9.20/x64/lib/python3.9/site-packages/requests/sessions.py", line 723, in <listcomp>
    history = [resp for resp in gen]
  File "/opt/hostedtoolcache/Python/3.9.20/x64/lib/python3.9/site-packages/requests/sessions.py", line 266, in resolve_redirects
    resp = self.send(
  File "/opt/hostedtoolcache/Python/3.9.20/x64/lib/python3.9/site-packages/requests/sessions.py", line 701, in send
    r = adapter.send(request, **kwargs)
  File "/opt/hostedtoolcache/Python/3.9.20/x64/lib/python3.9/site-packages/requests/adapters.py", line 547, in send
    raise ConnectionError(err, request=request)
requests.exceptions.ConnectionError: ('Connection aborted.', ConnectionResetError(104, 'Connection reset by peer'))
